amr-109
My Task ID: 8
Lemunyon
Declaring output paths and running EDTA

########################################################
##### Extensive de-novo TE Annotator (EDTA) v2.0.0  ####
##### Shujun Ou (shujun.ou.1@gmail.com)             ####
########################################################



Mon May  2 00:26:21 EDT 2022	Dependency checking:
				All passed!

	A custom library /mnt/research/edgerpat_lab/Scotty/Blueberry_Pangenome_TE_Analysis/results/Cranberry/Cranberry_pan_lib/liblist_Cranberry.txt.panTE.fa is provided via --curatedlib. Please make sure this is a manually curated library but not machine generated.

	A CDS file /mnt/research/edgerpat_lab/Scotty/Blueberry_Pangenome_TE_Analysis/results/Cranberry/Lemunyon/Lemunyon_CDS_NewNames.fasta is provided via --cds. Please make sure this is the DNA sequence of coding regions only.

Mon May  2 00:26:44 EDT 2022	Obtain raw TE libraries using various structure-based programs: 
Mon May  2 00:26:44 EDT 2022	EDTA_raw: Check dependencies, prepare working directories.

Mon May  2 00:26:50 EDT 2022	Start to find LTR candidates.

Mon May  2 00:26:50 EDT 2022	Identify LTR retrotransposon candidates from scratch.

Mon May  2 01:00:52 EDT 2022	Finish finding LTR candidates.

Mon May  2 01:00:52 EDT 2022	Start to find TIR candidates.

Mon May  2 01:00:52 EDT 2022	Identify TIR candidates from scratch.

Species: others
Mon May  2 06:02:42 EDT 2022	Finish finding TIR candidates.

Mon May  2 06:02:42 EDT 2022	Start to find Helitron candidates.

Mon May  2 06:02:42 EDT 2022	Identify Helitron candidates from scratch.

Mon May  2 09:46:41 EDT 2022	Finish finding Helitron candidates.

Mon May  2 09:46:41 EDT 2022	Execution of EDTA_raw.pl is finished!

Mon May  2 09:46:41 EDT 2022	Obtain raw TE libraries finished.
				All intact TEs found by EDTA: 
					Lemunyon_NewNames.fasta.mod.EDTA.intact.fa
					Lemunyon_NewNames.fasta.mod.EDTA.intact.gff3

Mon May  2 09:46:41 EDT 2022	Perform EDTA advance filtering for raw TE candidates and generate the stage 1 library: 

Mon May  2 10:18:16 EDT 2022	EDTA advance filtering finished.

Mon May  2 10:18:16 EDT 2022	Perform EDTA final steps to generate a non-redundant comprehensive TE library:

				Use RepeatModeler to identify any remaining TEs that are missed by structure-based methods.

2022-05-04 01:53:34,811 -WARNING- Grid computing is not available because DRMAA not configured properly: Could not find drmaa library.  Please specify its full path using the environment variable DRMAA_LIBRARY_PATH
2022-05-04 01:53:34,926 -INFO- VARS: {'sequence': 'Lemunyon_NewNames.fasta.mod.RM.consensi.fa', 'hmm_database': 'rexdb', 'seq_type': 'nucl', 'prefix': 'Lemunyon_NewNames.fasta.mod.RM.consensi.fa.rexdb', 'force_write_hmmscan': False, 'processors': 16, 'tmp_dir': './tmp', 'min_coverage': 20, 'max_evalue': 0.001, 'disable_pass2': False, 'pass2_rule': '80-80-80', 'no_library': False, 'no_reverse': False, 'no_cleanup': False, 'p2_identity': 80.0, 'p2_coverage': 80.0, 'p2_length': 80.0}
2022-05-04 01:53:34,926 -INFO- checking dependencies:
2022-05-04 01:53:35,009 -INFO- hmmer	3.3.1	OK
2022-05-04 01:53:35,059 -INFO- blastn	2.10.0+	OK
2022-05-04 01:53:35,061 -INFO- check database rexdb
2022-05-04 01:53:35,061 -INFO- db path: /mnt/ufs18/home-115/teresisc/anaconda3/envs/EDTA/lib/python3.6/site-packages/TEsorter/database
2022-05-04 01:53:35,061 -INFO- db file: REXdb_protein_database_viridiplantae_v3.0_plus_metazoa_v3.hmm
2022-05-04 01:53:35,062 -INFO- REXdb_protein_database_viridiplantae_v3.0_plus_metazoa_v3.hmm	OK
2022-05-04 01:53:35,062 -INFO- Start classifying pipeline
2022-05-04 01:53:35,309 -INFO- total 1945 sequences
2022-05-04 01:53:35,310 -INFO- translating `Lemunyon_NewNames.fasta.mod.RM.consensi.fa` in six frames
/mnt/home/teresisc/anaconda3/envs/EDTA/lib/python3.6/site-packages/Bio/Seq.py:2338: BiopythonWarning: Partial codon, len(sequence) not a multiple of three. Explicitly trim the sequence or add trailing N before translation. This may become an error in future.
  BiopythonWarning,
2022-05-04 01:53:37,280 -INFO- HMM scanning against `/mnt/ufs18/home-115/teresisc/anaconda3/envs/EDTA/lib/python3.6/site-packages/TEsorter/database/REXdb_protein_database_viridiplantae_v3.0_plus_metazoa_v3.hmm`
2022-05-04 01:53:37,384 -INFO- Creating server instance (pp-1.6.4.4)
2022-05-04 01:53:37,385 -INFO- Running on Python 3.6.12 linux
2022-05-04 01:53:38,486 -INFO- pp local server started with 16 workers
2022-05-04 01:53:38,575 -INFO- Task 0 started
2022-05-04 01:53:38,576 -INFO- Task 1 started
2022-05-04 01:53:38,576 -INFO- Task 2 started
2022-05-04 01:53:38,576 -INFO- Task 3 started
2022-05-04 01:53:38,576 -INFO- Task 4 started
2022-05-04 01:53:38,577 -INFO- Task 5 started
2022-05-04 01:53:38,577 -INFO- Task 6 started
2022-05-04 01:53:38,577 -INFO- Task 7 started
2022-05-04 01:53:38,577 -INFO- Task 8 started
2022-05-04 01:53:38,578 -INFO- Task 9 started
2022-05-04 01:53:38,578 -INFO- Task 10 started
2022-05-04 01:53:38,578 -INFO- Task 11 started
2022-05-04 01:53:38,578 -INFO- Task 12 started
2022-05-04 01:53:38,579 -INFO- Task 13 started
2022-05-04 01:53:38,579 -INFO- Task 14 started
2022-05-04 01:53:38,579 -INFO- Task 15 started
2022-05-04 01:54:45,324 -INFO- generating gene anntations
2022-05-04 01:54:45,431 -INFO- 85 sequences classified by HMM
2022-05-04 01:54:45,431 -INFO- see protein domain sequences in `Lemunyon_NewNames.fasta.mod.RM.consensi.fa.rexdb.dom.faa` and annotation gff3 file in `Lemunyon_NewNames.fasta.mod.RM.consensi.fa.rexdb.dom.gff3`
2022-05-04 01:54:45,431 -INFO- classifying the unclassified sequences by searching against the classified ones
2022-05-04 01:54:45,488 -INFO- using the 80-80-80 rule
2022-05-04 01:54:45,488 -INFO- run CMD: `makeblastdb -in ./tmp/pass1_classified.fa -dbtype nucl`
2022-05-04 01:54:45,644 -INFO- run CMD: `blastn -query ./tmp/pass1_unclassified.fa -db ./tmp/pass1_classified.fa -out ./tmp/pass1_unclassified.fa.blastout -outfmt '6 qseqid sseqid pident length mismatch gapopen qstart qend sstart send evalue bitscore qlen slen qcovs qcovhsp sstrand' -num_threads 16`
2022-05-04 01:54:46,073 -INFO- 2 sequences classified in pass 2
2022-05-04 01:54:46,073 -INFO- total 87 sequences classified.
2022-05-04 01:54:46,073 -INFO- see classified sequences in `Lemunyon_NewNames.fasta.mod.RM.consensi.fa.rexdb.cls.tsv`
2022-05-04 01:54:46,074 -INFO- writing library for RepeatMasker in `Lemunyon_NewNames.fasta.mod.RM.consensi.fa.rexdb.cls.lib`
2022-05-04 01:54:46,116 -INFO- writing classified protein domains in `Lemunyon_NewNames.fasta.mod.RM.consensi.fa.rexdb.cls.pep`
2022-05-04 01:54:46,119 -INFO- Summary of classifications:
Order           Superfamily      # of Sequences# of Clade Sequences    # of Clades# of full Domains
LTR             Copia                         3              2              1              0
LTR             Gypsy                        15             15              5              0
pararetrovirus  unknown                       4              0              0              0
LINE            unknown                      38              0              0              0
TIR             EnSpm_CACTA                   1              0              0              0
TIR             MuDR_Mutator                 11              0              0              0
TIR             PIF_Harbinger                 6              0              0              0
TIR             hAT                           5              0              0              0
Helitron        unknown                       3              0              0              0
Maverick        unknown                       1              0              0              0
2022-05-04 01:54:46,119 -INFO- Pipeline done.
2022-05-04 01:54:46,119 -INFO- cleaning the temporary directory ./tmp
Wed May  4 02:06:15 EDT 2022	Clean up TE-related sequences in the CDS file with TEsorter:

2022-05-04 02:06:16,499 -WARNING- Grid computing is not available because DRMAA not configured properly: Could not find drmaa library.  Please specify its full path using the environment variable DRMAA_LIBRARY_PATH
2022-05-04 02:06:16,503 -INFO- VARS: {'sequence': 'Lemunyon_CDS_NewNames.fasta.code', 'hmm_database': 'rexdb', 'seq_type': 'nucl', 'prefix': 'Lemunyon_CDS_NewNames.fasta.code.rexdb', 'force_write_hmmscan': False, 'processors': 16, 'tmp_dir': './tmp', 'min_coverage': 20, 'max_evalue': 0.001, 'disable_pass2': False, 'pass2_rule': '80-80-80', 'no_library': False, 'no_reverse': False, 'no_cleanup': False, 'p2_identity': 80.0, 'p2_coverage': 80.0, 'p2_length': 80.0}
2022-05-04 02:06:16,504 -INFO- checking dependencies:
2022-05-04 02:06:16,517 -INFO- hmmer	3.3.1	OK
2022-05-04 02:06:16,566 -INFO- blastn	2.10.0+	OK
2022-05-04 02:06:16,569 -INFO- check database rexdb
2022-05-04 02:06:16,569 -INFO- db path: /mnt/ufs18/home-115/teresisc/anaconda3/envs/EDTA/lib/python3.6/site-packages/TEsorter/database
2022-05-04 02:06:16,569 -INFO- db file: REXdb_protein_database_viridiplantae_v3.0_plus_metazoa_v3.hmm
2022-05-04 02:06:16,569 -INFO- REXdb_protein_database_viridiplantae_v3.0_plus_metazoa_v3.hmm	OK
2022-05-04 02:06:16,569 -INFO- Start classifying pipeline
2022-05-04 02:06:16,782 -INFO- total 29684 sequences
2022-05-04 02:06:16,783 -INFO- translating `Lemunyon_CDS_NewNames.fasta.code` in six frames
/mnt/home/teresisc/anaconda3/envs/EDTA/lib/python3.6/site-packages/Bio/Seq.py:2338: BiopythonWarning: Partial codon, len(sequence) not a multiple of three. Explicitly trim the sequence or add trailing N before translation. This may become an error in future.
  BiopythonWarning,
2022-05-04 02:06:53,383 -INFO- HMM scanning against `/mnt/ufs18/home-115/teresisc/anaconda3/envs/EDTA/lib/python3.6/site-packages/TEsorter/database/REXdb_protein_database_viridiplantae_v3.0_plus_metazoa_v3.hmm`
2022-05-04 02:06:54,913 -INFO- Creating server instance (pp-1.6.4.4)
2022-05-04 02:06:54,914 -INFO- Running on Python 3.6.12 linux
2022-05-04 02:06:55,923 -INFO- pp local server started with 16 workers
2022-05-04 02:06:55,942 -INFO- Task 0 started
2022-05-04 02:06:55,942 -INFO- Task 1 started
2022-05-04 02:06:55,943 -INFO- Task 2 started
2022-05-04 02:06:55,943 -INFO- Task 3 started
2022-05-04 02:06:55,943 -INFO- Task 4 started
2022-05-04 02:06:55,943 -INFO- Task 5 started
2022-05-04 02:06:55,944 -INFO- Task 6 started
2022-05-04 02:06:55,944 -INFO- Task 7 started
2022-05-04 02:06:55,944 -INFO- Task 8 started
2022-05-04 02:06:55,945 -INFO- Task 9 started
2022-05-04 02:06:55,945 -INFO- Task 10 started
2022-05-04 02:06:55,945 -INFO- Task 11 started
2022-05-04 02:06:55,945 -INFO- Task 12 started
2022-05-04 02:06:55,945 -INFO- Task 13 started
2022-05-04 02:06:55,946 -INFO- Task 14 started
2022-05-04 02:06:55,946 -INFO- Task 15 started
2022-05-04 02:23:49,081 -INFO- generating gene anntations
2022-05-04 02:23:50,826 -INFO- 331 sequences classified by HMM
2022-05-04 02:23:50,826 -INFO- see protein domain sequences in `Lemunyon_CDS_NewNames.fasta.code.rexdb.dom.faa` and annotation gff3 file in `Lemunyon_CDS_NewNames.fasta.code.rexdb.dom.gff3`
2022-05-04 02:23:50,827 -INFO- classifying the unclassified sequences by searching against the classified ones
2022-05-04 02:23:51,676 -INFO- using the 80-80-80 rule
2022-05-04 02:23:51,676 -INFO- run CMD: `makeblastdb -in ./tmp/pass1_classified.fa -dbtype nucl`
2022-05-04 02:23:51,924 -INFO- run CMD: `blastn -query ./tmp/pass1_unclassified.fa -db ./tmp/pass1_classified.fa -out ./tmp/pass1_unclassified.fa.blastout -outfmt '6 qseqid sseqid pident length mismatch gapopen qstart qend sstart send evalue bitscore qlen slen qcovs qcovhsp sstrand' -num_threads 16`
2022-05-04 02:23:58,060 -INFO- 86 sequences classified in pass 2
2022-05-04 02:23:58,061 -INFO- total 417 sequences classified.
2022-05-04 02:23:58,061 -INFO- see classified sequences in `Lemunyon_CDS_NewNames.fasta.code.rexdb.cls.tsv`
2022-05-04 02:23:58,061 -INFO- writing library for RepeatMasker in `Lemunyon_CDS_NewNames.fasta.code.rexdb.cls.lib`
2022-05-04 02:23:58,698 -INFO- writing classified protein domains in `Lemunyon_CDS_NewNames.fasta.code.rexdb.cls.pep`
2022-05-04 02:23:58,706 -INFO- Summary of classifications:
Order           Superfamily      # of Sequences# of Clade Sequences    # of Clades# of full Domains
LTR             Bel-Pao                      11              0              0              0
LTR             Copia                        43             31             13              0
LTR             Gypsy                        60             43             15              0
LTR             Retrovirus                    6              0              0              0
pararetrovirus  unknown                       6              0              0              0
DIRS            unknown                       2              0              0              0
LINE            unknown                      22              0              0              0
TIR             Merlin                        1              0              0              0
TIR             MuDR_Mutator                 43              0              0              0
TIR             PIF_Harbinger                54              0              0              0
TIR             hAT                          20              0              0              0
Helitron        unknown                      16              0              0              0
Maverick        unknown                     132              0              0              0
mixture         mixture                       1              0              0              0
2022-05-04 02:23:58,707 -INFO- Pipeline done.
2022-05-04 02:23:58,707 -INFO- cleaning the temporary directory ./tmp
				Remove CDS-related sequences in the EDTA library:

Wed May  4 02:45:46 EDT 2022	Combine the high-quality TE library liblist_Cranberry.txt.panTE.fa with the EDTA library:

Wed May  4 02:58:19 EDT 2022	EDTA final stage finished! You may check out:
				The final EDTA TE library: Lemunyon_NewNames.fasta.mod.EDTA.TElib.fa
				Family names of intact TEs have been updated by liblist_Cranberry.txt.panTE.fa: Lemunyon_NewNames.fasta.mod.EDTA.intact.gff3
				Comparing to the provided library, EDTA found these novel TEs: Lemunyon_NewNames.fasta.mod.EDTA.TElib.novel.fa
				The provided library has been incorporated into the final library: Lemunyon_NewNames.fasta.mod.EDTA.TElib.fa

Wed May  4 02:58:19 EDT 2022	Perform post-EDTA analysis for whole-genome annotation:

Wed May  4 02:58:19 EDT 2022	Homology-based annotation of TEs using Lemunyon_NewNames.fasta.mod.EDTA.TElib.fa from scratch.

Wed May  4 06:08:07 EDT 2022	TE annotation using the EDTA library has finished! Check out:
				Whole-genome TE annotation (total TE: 49.04%): Lemunyon_NewNames.fasta.mod.EDTA.TEanno.gff3
				Whole-genome TE annotation summary: Lemunyon_NewNames.fasta.mod.EDTA.TEanno.sum
				Low-threshold TE masking for MAKER gene annotation (masked: 17.53%): Lemunyon_NewNames.fasta.mod.MAKER.masked

tar gz-ing the annotation folder
tar: Removing leading `/' from member names
Time taken: 195062
