amr-109
My Task ID: 4
Cumberland
Declaring output paths and running EDTA

########################################################
##### Extensive de-novo TE Annotator (EDTA) v2.0.0  ####
##### Shujun Ou (shujun.ou.1@gmail.com)             ####
########################################################



Fri Apr 29 13:15:51 EDT 2022	Dependency checking:
				All passed!

	A custom library /mnt/research/edgerpat_lab/Scotty/Blueberry_Pangenome_TE_Analysis/results/Cranberry/Cranberry_pan_lib/liblist_Cranberry.txt.panTE.fa is provided via --curatedlib. Please make sure this is a manually curated library but not machine generated.

	A CDS file /mnt/research/edgerpat_lab/Scotty/Blueberry_Pangenome_TE_Analysis/results/Cranberry/Cumberland/Cumberland_CDS_NewNames.fasta is provided via --cds. Please make sure this is the DNA sequence of coding regions only.

Fri Apr 29 13:16:14 EDT 2022	Obtain raw TE libraries using various structure-based programs: 
Fri Apr 29 13:16:14 EDT 2022	EDTA_raw: Check dependencies, prepare working directories.

Fri Apr 29 13:16:20 EDT 2022	Start to find LTR candidates.

Fri Apr 29 13:16:20 EDT 2022	Identify LTR retrotransposon candidates from scratch.

Use of uninitialized value $chr_pre in hash element at /mnt/home/teresisc/anaconda3/envs/EDTA/share/LTR_retriever/bin/call_seq_by_list.pl line 87.
Fri Apr 29 13:55:27 EDT 2022	Finish finding LTR candidates.

Fri Apr 29 13:55:27 EDT 2022	Start to find TIR candidates.

Fri Apr 29 13:55:27 EDT 2022	Identify TIR candidates from scratch.

Species: others
Fri Apr 29 19:06:09 EDT 2022	Finish finding TIR candidates.

Fri Apr 29 19:06:09 EDT 2022	Start to find Helitron candidates.

Fri Apr 29 19:06:09 EDT 2022	Identify Helitron candidates from scratch.

Fri Apr 29 22:37:26 EDT 2022	Finish finding Helitron candidates.

Fri Apr 29 22:37:26 EDT 2022	Execution of EDTA_raw.pl is finished!

Fri Apr 29 22:37:27 EDT 2022	Obtain raw TE libraries finished.
				All intact TEs found by EDTA: 
					Cumberland_NewNames.fasta.mod.EDTA.intact.fa
					Cumberland_NewNames.fasta.mod.EDTA.intact.gff3

Fri Apr 29 22:37:27 EDT 2022	Perform EDTA advance filtering for raw TE candidates and generate the stage 1 library: 

Fri Apr 29 23:06:20 EDT 2022	EDTA advance filtering finished.

Fri Apr 29 23:06:20 EDT 2022	Perform EDTA final steps to generate a non-redundant comprehensive TE library:

				Use RepeatModeler to identify any remaining TEs that are missed by structure-based methods.

2022-05-01 19:41:59,170 -WARNING- Grid computing is not available because DRMAA not configured properly: Could not find drmaa library.  Please specify its full path using the environment variable DRMAA_LIBRARY_PATH
2022-05-01 19:41:59,267 -INFO- VARS: {'sequence': 'Cumberland_NewNames.fasta.mod.RM.consensi.fa', 'hmm_database': 'rexdb', 'seq_type': 'nucl', 'prefix': 'Cumberland_NewNames.fasta.mod.RM.consensi.fa.rexdb', 'force_write_hmmscan': False, 'processors': 16, 'tmp_dir': './tmp', 'min_coverage': 20, 'max_evalue': 0.001, 'disable_pass2': False, 'pass2_rule': '80-80-80', 'no_library': False, 'no_reverse': False, 'no_cleanup': False, 'p2_identity': 80.0, 'p2_coverage': 80.0, 'p2_length': 80.0}
2022-05-01 19:41:59,268 -INFO- checking dependencies:
2022-05-01 19:41:59,342 -INFO- hmmer	3.3.1	OK
2022-05-01 19:41:59,410 -INFO- blastn	2.10.0+	OK
2022-05-01 19:41:59,414 -INFO- check database rexdb
2022-05-01 19:41:59,414 -INFO- db path: /mnt/ufs18/home-115/teresisc/anaconda3/envs/EDTA/lib/python3.6/site-packages/TEsorter/database
2022-05-01 19:41:59,414 -INFO- db file: REXdb_protein_database_viridiplantae_v3.0_plus_metazoa_v3.hmm
2022-05-01 19:41:59,415 -INFO- REXdb_protein_database_viridiplantae_v3.0_plus_metazoa_v3.hmm	OK
2022-05-01 19:41:59,415 -INFO- Start classifying pipeline
2022-05-01 19:41:59,628 -INFO- total 2074 sequences
2022-05-01 19:41:59,629 -INFO- translating `Cumberland_NewNames.fasta.mod.RM.consensi.fa` in six frames
/mnt/home/teresisc/anaconda3/envs/EDTA/lib/python3.6/site-packages/Bio/Seq.py:2338: BiopythonWarning: Partial codon, len(sequence) not a multiple of three. Explicitly trim the sequence or add trailing N before translation. This may become an error in future.
  BiopythonWarning,
2022-05-01 19:42:01,724 -INFO- HMM scanning against `/mnt/ufs18/home-115/teresisc/anaconda3/envs/EDTA/lib/python3.6/site-packages/TEsorter/database/REXdb_protein_database_viridiplantae_v3.0_plus_metazoa_v3.hmm`
2022-05-01 19:42:01,847 -INFO- Creating server instance (pp-1.6.4.4)
2022-05-01 19:42:01,847 -INFO- Running on Python 3.6.12 linux
2022-05-01 19:42:02,871 -INFO- pp local server started with 16 workers
2022-05-01 19:42:02,968 -INFO- Task 0 started
2022-05-01 19:42:02,969 -INFO- Task 1 started
2022-05-01 19:42:02,969 -INFO- Task 2 started
2022-05-01 19:42:02,969 -INFO- Task 3 started
2022-05-01 19:42:02,969 -INFO- Task 4 started
2022-05-01 19:42:02,969 -INFO- Task 5 started
2022-05-01 19:42:02,970 -INFO- Task 6 started
2022-05-01 19:42:02,970 -INFO- Task 7 started
2022-05-01 19:42:02,970 -INFO- Task 8 started
2022-05-01 19:42:02,971 -INFO- Task 9 started
2022-05-01 19:42:02,971 -INFO- Task 10 started
2022-05-01 19:42:02,971 -INFO- Task 11 started
2022-05-01 19:42:02,971 -INFO- Task 12 started
2022-05-01 19:42:02,971 -INFO- Task 13 started
2022-05-01 19:42:02,971 -INFO- Task 14 started
2022-05-01 19:42:02,972 -INFO- Task 15 started
2022-05-01 19:43:14,847 -INFO- generating gene anntations
2022-05-01 19:43:14,963 -INFO- 82 sequences classified by HMM
2022-05-01 19:43:14,964 -INFO- see protein domain sequences in `Cumberland_NewNames.fasta.mod.RM.consensi.fa.rexdb.dom.faa` and annotation gff3 file in `Cumberland_NewNames.fasta.mod.RM.consensi.fa.rexdb.dom.gff3`
2022-05-01 19:43:14,964 -INFO- classifying the unclassified sequences by searching against the classified ones
2022-05-01 19:43:15,027 -INFO- using the 80-80-80 rule
2022-05-01 19:43:15,027 -INFO- run CMD: `makeblastdb -in ./tmp/pass1_classified.fa -dbtype nucl`
2022-05-01 19:43:15,169 -INFO- run CMD: `blastn -query ./tmp/pass1_unclassified.fa -db ./tmp/pass1_classified.fa -out ./tmp/pass1_unclassified.fa.blastout -outfmt '6 qseqid sseqid pident length mismatch gapopen qstart qend sstart send evalue bitscore qlen slen qcovs qcovhsp sstrand' -num_threads 16`
2022-05-01 19:43:15,618 -INFO- 2 sequences classified in pass 2
2022-05-01 19:43:15,618 -INFO- total 84 sequences classified.
2022-05-01 19:43:15,619 -INFO- see classified sequences in `Cumberland_NewNames.fasta.mod.RM.consensi.fa.rexdb.cls.tsv`
2022-05-01 19:43:15,619 -INFO- writing library for RepeatMasker in `Cumberland_NewNames.fasta.mod.RM.consensi.fa.rexdb.cls.lib`
2022-05-01 19:43:15,665 -INFO- writing classified protein domains in `Cumberland_NewNames.fasta.mod.RM.consensi.fa.rexdb.cls.pep`
2022-05-01 19:43:15,670 -INFO- Summary of classifications:
Order           Superfamily      # of Sequences# of Clade Sequences    # of Clades# of full Domains
LTR             Copia                         1              1              1              0
LTR             Gypsy                        13             10              5              0
LTR             Retrovirus                    1              0              0              0
pararetrovirus  unknown                       2              0              0              0
LINE            unknown                      26              0              0              0
TIR             EnSpm_CACTA                   3              0              0              0
TIR             MuDR_Mutator                 15              0              0              0
TIR             PIF_Harbinger                 6              0              0              0
TIR             hAT                           7              0              0              0
Helitron        unknown                      10              0              0              0
2022-05-01 19:43:15,671 -INFO- Pipeline done.
2022-05-01 19:43:15,671 -INFO- cleaning the temporary directory ./tmp
Sun May  1 19:54:41 EDT 2022	Clean up TE-related sequences in the CDS file with TEsorter:

2022-05-01 19:54:42,852 -WARNING- Grid computing is not available because DRMAA not configured properly: Could not find drmaa library.  Please specify its full path using the environment variable DRMAA_LIBRARY_PATH
2022-05-01 19:54:42,858 -INFO- VARS: {'sequence': 'Cumberland_CDS_NewNames.fasta.code', 'hmm_database': 'rexdb', 'seq_type': 'nucl', 'prefix': 'Cumberland_CDS_NewNames.fasta.code.rexdb', 'force_write_hmmscan': False, 'processors': 16, 'tmp_dir': './tmp', 'min_coverage': 20, 'max_evalue': 0.001, 'disable_pass2': False, 'pass2_rule': '80-80-80', 'no_library': False, 'no_reverse': False, 'no_cleanup': False, 'p2_identity': 80.0, 'p2_coverage': 80.0, 'p2_length': 80.0}
2022-05-01 19:54:42,858 -INFO- checking dependencies:
2022-05-01 19:54:42,869 -INFO- hmmer	3.3.1	OK
2022-05-01 19:54:42,924 -INFO- blastn	2.10.0+	OK
2022-05-01 19:54:42,926 -INFO- check database rexdb
2022-05-01 19:54:42,926 -INFO- db path: /mnt/ufs18/home-115/teresisc/anaconda3/envs/EDTA/lib/python3.6/site-packages/TEsorter/database
2022-05-01 19:54:42,926 -INFO- db file: REXdb_protein_database_viridiplantae_v3.0_plus_metazoa_v3.hmm
2022-05-01 19:54:42,927 -INFO- REXdb_protein_database_viridiplantae_v3.0_plus_metazoa_v3.hmm	OK
2022-05-01 19:54:42,927 -INFO- Start classifying pipeline
2022-05-01 19:54:43,106 -INFO- total 24907 sequences
2022-05-01 19:54:43,106 -INFO- translating `Cumberland_CDS_NewNames.fasta.code` in six frames
/mnt/home/teresisc/anaconda3/envs/EDTA/lib/python3.6/site-packages/Bio/Seq.py:2338: BiopythonWarning: Partial codon, len(sequence) not a multiple of three. Explicitly trim the sequence or add trailing N before translation. This may become an error in future.
  BiopythonWarning,
2022-05-01 19:55:14,161 -INFO- HMM scanning against `/mnt/ufs18/home-115/teresisc/anaconda3/envs/EDTA/lib/python3.6/site-packages/TEsorter/database/REXdb_protein_database_viridiplantae_v3.0_plus_metazoa_v3.hmm`
2022-05-01 19:55:15,452 -INFO- Creating server instance (pp-1.6.4.4)
2022-05-01 19:55:15,453 -INFO- Running on Python 3.6.12 linux
2022-05-01 19:55:16,522 -INFO- pp local server started with 16 workers
2022-05-01 19:55:16,541 -INFO- Task 0 started
2022-05-01 19:55:16,542 -INFO- Task 1 started
2022-05-01 19:55:16,542 -INFO- Task 2 started
2022-05-01 19:55:16,542 -INFO- Task 3 started
2022-05-01 19:55:16,543 -INFO- Task 4 started
2022-05-01 19:55:16,543 -INFO- Task 5 started
2022-05-01 19:55:16,543 -INFO- Task 6 started
2022-05-01 19:55:16,545 -INFO- Task 14 started
2022-05-01 19:55:16,543 -INFO- Task 8 started
2022-05-01 19:55:16,544 -INFO- Task 9 started
2022-05-01 19:55:16,544 -INFO- Task 10 started
2022-05-01 19:55:16,544 -INFO- Task 11 started
2022-05-01 19:55:16,544 -INFO- Task 12 started
2022-05-01 19:55:16,544 -INFO- Task 13 started
2022-05-01 19:55:16,545 -INFO- Task 15 started
2022-05-01 19:55:16,543 -INFO- Task 7 started
2022-05-01 20:09:24,784 -INFO- generating gene anntations
2022-05-01 20:09:26,250 -INFO- 293 sequences classified by HMM
2022-05-01 20:09:26,250 -INFO- see protein domain sequences in `Cumberland_CDS_NewNames.fasta.code.rexdb.dom.faa` and annotation gff3 file in `Cumberland_CDS_NewNames.fasta.code.rexdb.dom.gff3`
2022-05-01 20:09:26,250 -INFO- classifying the unclassified sequences by searching against the classified ones
2022-05-01 20:09:26,973 -INFO- using the 80-80-80 rule
2022-05-01 20:09:26,973 -INFO- run CMD: `makeblastdb -in ./tmp/pass1_classified.fa -dbtype nucl`
2022-05-01 20:09:27,143 -INFO- run CMD: `blastn -query ./tmp/pass1_unclassified.fa -db ./tmp/pass1_classified.fa -out ./tmp/pass1_unclassified.fa.blastout -outfmt '6 qseqid sseqid pident length mismatch gapopen qstart qend sstart send evalue bitscore qlen slen qcovs qcovhsp sstrand' -num_threads 16`
2022-05-01 20:09:32,319 -INFO- 73 sequences classified in pass 2
2022-05-01 20:09:32,319 -INFO- total 366 sequences classified.
2022-05-01 20:09:32,319 -INFO- see classified sequences in `Cumberland_CDS_NewNames.fasta.code.rexdb.cls.tsv`
2022-05-01 20:09:32,319 -INFO- writing library for RepeatMasker in `Cumberland_CDS_NewNames.fasta.code.rexdb.cls.lib`
2022-05-01 20:09:32,873 -INFO- writing classified protein domains in `Cumberland_CDS_NewNames.fasta.code.rexdb.cls.pep`
2022-05-01 20:09:32,883 -INFO- Summary of classifications:
Order           Superfamily      # of Sequences# of Clade Sequences    # of Clades# of full Domains
LTR             Bel-Pao                       6              0              0              0
LTR             Copia                        33             28             12              0
LTR             Gypsy                        61             40             14              0
LTR             Retrovirus                    5              0              0              0
pararetrovirus  unknown                       6              0              0              0
LINE            unknown                      29              0              0              0
TIR             Merlin                        1              0              0              0
TIR             MuDR_Mutator                 42              0              0              0
TIR             PIF_Harbinger                48              0              0              0
TIR             hAT                          18              0              0              0
Helitron        unknown                      10              0              0              0
Maverick        unknown                     106              0              0              0
mixture         mixture                       1              0              0              0
2022-05-01 20:09:32,884 -INFO- Pipeline done.
2022-05-01 20:09:32,884 -INFO- cleaning the temporary directory ./tmp
				Remove CDS-related sequences in the EDTA library:

Sun May  1 20:31:12 EDT 2022	Combine the high-quality TE library liblist_Cranberry.txt.panTE.fa with the EDTA library:

polinton/NA not found in the TE_SO database, it will not be used to rename sequences in the final annotation.
Sun May  1 20:43:23 EDT 2022	EDTA final stage finished! You may check out:
				The final EDTA TE library: Cumberland_NewNames.fasta.mod.EDTA.TElib.fa
				Family names of intact TEs have been updated by liblist_Cranberry.txt.panTE.fa: Cumberland_NewNames.fasta.mod.EDTA.intact.gff3
				Comparing to the provided library, EDTA found these novel TEs: Cumberland_NewNames.fasta.mod.EDTA.TElib.novel.fa
				The provided library has been incorporated into the final library: Cumberland_NewNames.fasta.mod.EDTA.TElib.fa

Sun May  1 20:43:23 EDT 2022	Perform post-EDTA analysis for whole-genome annotation:

Sun May  1 20:43:23 EDT 2022	Homology-based annotation of TEs using Cumberland_NewNames.fasta.mod.EDTA.TElib.fa from scratch.

Sun May  1 23:55:26 EDT 2022	TE annotation using the EDTA library has finished! Check out:
				Whole-genome TE annotation (total TE: 48.08%): Cumberland_NewNames.fasta.mod.EDTA.TEanno.gff3
				Whole-genome TE annotation summary: Cumberland_NewNames.fasta.mod.EDTA.TEanno.sum
				Low-threshold TE masking for MAKER gene annotation (masked: 17.26%): Cumberland_NewNames.fasta.mod.MAKER.masked

tar gz-ing the annotation folder
tar: Removing leading `/' from member names
Time taken: 212967
