amr-108
My Task ID: 7
Garwood_Bell
Declaring output paths and running EDTA

########################################################
##### Extensive de-novo TE Annotator (EDTA) v2.0.0  ####
##### Shujun Ou (shujun.ou.1@gmail.com)             ####
########################################################



Sun May  1 21:48:20 EDT 2022	Dependency checking:
				All passed!

	A custom library /mnt/research/edgerpat_lab/Scotty/Blueberry_Pangenome_TE_Analysis/results/Cranberry/Cranberry_pan_lib/liblist_Cranberry.txt.panTE.fa is provided via --curatedlib. Please make sure this is a manually curated library but not machine generated.

	A CDS file /mnt/research/edgerpat_lab/Scotty/Blueberry_Pangenome_TE_Analysis/results/Cranberry/Garwood_Bell/Garwood_Bell_CDS_NewNames.fasta is provided via --cds. Please make sure this is the DNA sequence of coding regions only.

Sun May  1 21:48:41 EDT 2022	Obtain raw TE libraries using various structure-based programs: 
Sun May  1 21:48:41 EDT 2022	EDTA_raw: Check dependencies, prepare working directories.

Sun May  1 21:48:47 EDT 2022	Start to find LTR candidates.

Sun May  1 21:48:47 EDT 2022	Identify LTR retrotransposon candidates from scratch.

Sun May  1 22:16:21 EDT 2022	Finish finding LTR candidates.

Sun May  1 22:16:21 EDT 2022	Start to find TIR candidates.

Sun May  1 22:16:21 EDT 2022	Identify TIR candidates from scratch.

Species: others
Mon May  2 02:25:49 EDT 2022	Finish finding TIR candidates.

Mon May  2 02:25:49 EDT 2022	Start to find Helitron candidates.

Mon May  2 02:25:49 EDT 2022	Identify Helitron candidates from scratch.

Mon May  2 05:33:24 EDT 2022	Finish finding Helitron candidates.

Mon May  2 05:33:24 EDT 2022	Execution of EDTA_raw.pl is finished!

Mon May  2 05:33:24 EDT 2022	Obtain raw TE libraries finished.
				All intact TEs found by EDTA: 
					Garwood_Bell_NewNames.fasta.mod.EDTA.intact.fa
					Garwood_Bell_NewNames.fasta.mod.EDTA.intact.gff3

Mon May  2 05:33:24 EDT 2022	Perform EDTA advance filtering for raw TE candidates and generate the stage 1 library: 

Mon May  2 06:03:08 EDT 2022	EDTA advance filtering finished.

Mon May  2 06:03:08 EDT 2022	Perform EDTA final steps to generate a non-redundant comprehensive TE library:

				Use RepeatModeler to identify any remaining TEs that are missed by structure-based methods.

2022-05-03 11:08:58,823 -WARNING- Grid computing is not available because DRMAA not configured properly: Could not find drmaa library.  Please specify its full path using the environment variable DRMAA_LIBRARY_PATH
2022-05-03 11:08:58,900 -INFO- VARS: {'sequence': 'Garwood_Bell_NewNames.fasta.mod.RM.consensi.fa', 'hmm_database': 'rexdb', 'seq_type': 'nucl', 'prefix': 'Garwood_Bell_NewNames.fasta.mod.RM.consensi.fa.rexdb', 'force_write_hmmscan': False, 'processors': 16, 'tmp_dir': './tmp', 'min_coverage': 20, 'max_evalue': 0.001, 'disable_pass2': False, 'pass2_rule': '80-80-80', 'no_library': False, 'no_reverse': False, 'no_cleanup': False, 'p2_identity': 80.0, 'p2_coverage': 80.0, 'p2_length': 80.0}
2022-05-03 11:08:58,900 -INFO- checking dependencies:
2022-05-03 11:08:58,976 -INFO- hmmer	3.3.1	OK
2022-05-03 11:08:59,055 -INFO- blastn	2.10.0+	OK
2022-05-03 11:08:59,057 -INFO- check database rexdb
2022-05-03 11:08:59,057 -INFO- db path: /mnt/ufs18/home-115/teresisc/anaconda3/envs/EDTA/lib/python3.6/site-packages/TEsorter/database
2022-05-03 11:08:59,058 -INFO- db file: REXdb_protein_database_viridiplantae_v3.0_plus_metazoa_v3.hmm
2022-05-03 11:08:59,058 -INFO- REXdb_protein_database_viridiplantae_v3.0_plus_metazoa_v3.hmm	OK
2022-05-03 11:08:59,058 -INFO- Start classifying pipeline
2022-05-03 11:08:59,329 -INFO- total 1741 sequences
2022-05-03 11:08:59,329 -INFO- translating `Garwood_Bell_NewNames.fasta.mod.RM.consensi.fa` in six frames
/mnt/home/teresisc/anaconda3/envs/EDTA/lib/python3.6/site-packages/Bio/Seq.py:2338: BiopythonWarning: Partial codon, len(sequence) not a multiple of three. Explicitly trim the sequence or add trailing N before translation. This may become an error in future.
  BiopythonWarning,
2022-05-03 11:09:00,951 -INFO- HMM scanning against `/mnt/ufs18/home-115/teresisc/anaconda3/envs/EDTA/lib/python3.6/site-packages/TEsorter/database/REXdb_protein_database_viridiplantae_v3.0_plus_metazoa_v3.hmm`
2022-05-03 11:09:01,046 -INFO- Creating server instance (pp-1.6.4.4)
2022-05-03 11:09:01,046 -INFO- Running on Python 3.6.12 linux
2022-05-03 11:09:02,122 -INFO- pp local server started with 16 workers
2022-05-03 11:09:02,177 -INFO- Task 0 started
2022-05-03 11:09:02,178 -INFO- Task 1 started
2022-05-03 11:09:02,178 -INFO- Task 2 started
2022-05-03 11:09:02,178 -INFO- Task 3 started
2022-05-03 11:09:02,178 -INFO- Task 4 started
2022-05-03 11:09:02,178 -INFO- Task 5 started
2022-05-03 11:09:02,179 -INFO- Task 6 started
2022-05-03 11:09:02,179 -INFO- Task 7 started
2022-05-03 11:09:02,179 -INFO- Task 8 started
2022-05-03 11:09:02,179 -INFO- Task 9 started
2022-05-03 11:09:02,180 -INFO- Task 10 started
2022-05-03 11:09:02,181 -INFO- Task 11 started
2022-05-03 11:09:02,181 -INFO- Task 12 started
2022-05-03 11:09:02,181 -INFO- Task 13 started
2022-05-03 11:09:02,181 -INFO- Task 14 started
2022-05-03 11:09:02,182 -INFO- Task 15 started
2022-05-03 11:10:03,615 -INFO- generating gene anntations
2022-05-03 11:10:03,720 -INFO- 73 sequences classified by HMM
2022-05-03 11:10:03,721 -INFO- see protein domain sequences in `Garwood_Bell_NewNames.fasta.mod.RM.consensi.fa.rexdb.dom.faa` and annotation gff3 file in `Garwood_Bell_NewNames.fasta.mod.RM.consensi.fa.rexdb.dom.gff3`
2022-05-03 11:10:03,721 -INFO- classifying the unclassified sequences by searching against the classified ones
2022-05-03 11:10:03,772 -INFO- using the 80-80-80 rule
2022-05-03 11:10:03,772 -INFO- run CMD: `makeblastdb -in ./tmp/pass1_classified.fa -dbtype nucl`
2022-05-03 11:10:03,974 -INFO- run CMD: `blastn -query ./tmp/pass1_unclassified.fa -db ./tmp/pass1_classified.fa -out ./tmp/pass1_unclassified.fa.blastout -outfmt '6 qseqid sseqid pident length mismatch gapopen qstart qend sstart send evalue bitscore qlen slen qcovs qcovhsp sstrand' -num_threads 16`
2022-05-03 11:10:04,351 -INFO- 3 sequences classified in pass 2
2022-05-03 11:10:04,352 -INFO- total 76 sequences classified.
2022-05-03 11:10:04,352 -INFO- see classified sequences in `Garwood_Bell_NewNames.fasta.mod.RM.consensi.fa.rexdb.cls.tsv`
2022-05-03 11:10:04,352 -INFO- writing library for RepeatMasker in `Garwood_Bell_NewNames.fasta.mod.RM.consensi.fa.rexdb.cls.lib`
2022-05-03 11:10:04,391 -INFO- writing classified protein domains in `Garwood_Bell_NewNames.fasta.mod.RM.consensi.fa.rexdb.cls.pep`
2022-05-03 11:10:04,394 -INFO- Summary of classifications:
Order           Superfamily      # of Sequences# of Clade Sequences    # of Clades# of full Domains
LTR             Copia                         1              1              1              0
LTR             Gypsy                        13             10              3              0
pararetrovirus  unknown                       1              0              0              0
LINE            unknown                      39              0              0              0
TIR             EnSpm_CACTA                   1              0              0              0
TIR             MuDR_Mutator                 13              0              0              0
TIR             PIF_Harbinger                 4              0              0              0
TIR             hAT                           2              0              0              0
Helitron        unknown                       2              0              0              0
2022-05-03 11:10:04,395 -INFO- Pipeline done.
2022-05-03 11:10:04,395 -INFO- cleaning the temporary directory ./tmp
Tue May  3 11:20:54 EDT 2022	Clean up TE-related sequences in the CDS file with TEsorter:

2022-05-03 11:20:55,773 -WARNING- Grid computing is not available because DRMAA not configured properly: Could not find drmaa library.  Please specify its full path using the environment variable DRMAA_LIBRARY_PATH
2022-05-03 11:20:55,782 -INFO- VARS: {'sequence': 'Garwood_Bell_CDS_NewNames.fasta.code', 'hmm_database': 'rexdb', 'seq_type': 'nucl', 'prefix': 'Garwood_Bell_CDS_NewNames.fasta.code.rexdb', 'force_write_hmmscan': False, 'processors': 16, 'tmp_dir': './tmp', 'min_coverage': 20, 'max_evalue': 0.001, 'disable_pass2': False, 'pass2_rule': '80-80-80', 'no_library': False, 'no_reverse': False, 'no_cleanup': False, 'p2_identity': 80.0, 'p2_coverage': 80.0, 'p2_length': 80.0}
2022-05-03 11:20:55,782 -INFO- checking dependencies:
2022-05-03 11:20:55,793 -INFO- hmmer	3.3.1	OK
2022-05-03 11:20:55,845 -INFO- blastn	2.10.0+	OK
2022-05-03 11:20:55,847 -INFO- check database rexdb
2022-05-03 11:20:55,847 -INFO- db path: /mnt/ufs18/home-115/teresisc/anaconda3/envs/EDTA/lib/python3.6/site-packages/TEsorter/database
2022-05-03 11:20:55,847 -INFO- db file: REXdb_protein_database_viridiplantae_v3.0_plus_metazoa_v3.hmm
2022-05-03 11:20:55,848 -INFO- REXdb_protein_database_viridiplantae_v3.0_plus_metazoa_v3.hmm	OK
2022-05-03 11:20:55,848 -INFO- Start classifying pipeline
2022-05-03 11:20:56,045 -INFO- total 27000 sequences
2022-05-03 11:20:56,045 -INFO- translating `Garwood_Bell_CDS_NewNames.fasta.code` in six frames
/mnt/home/teresisc/anaconda3/envs/EDTA/lib/python3.6/site-packages/Bio/Seq.py:2338: BiopythonWarning: Partial codon, len(sequence) not a multiple of three. Explicitly trim the sequence or add trailing N before translation. This may become an error in future.
  BiopythonWarning,
2022-05-03 11:21:29,628 -INFO- HMM scanning against `/mnt/ufs18/home-115/teresisc/anaconda3/envs/EDTA/lib/python3.6/site-packages/TEsorter/database/REXdb_protein_database_viridiplantae_v3.0_plus_metazoa_v3.hmm`
2022-05-03 11:21:30,991 -INFO- Creating server instance (pp-1.6.4.4)
2022-05-03 11:21:30,993 -INFO- Running on Python 3.6.12 linux
2022-05-03 11:21:32,027 -INFO- pp local server started with 16 workers
2022-05-03 11:21:32,046 -INFO- Task 0 started
2022-05-03 11:21:32,046 -INFO- Task 1 started
2022-05-03 11:21:32,046 -INFO- Task 2 started
2022-05-03 11:21:32,047 -INFO- Task 3 started
2022-05-03 11:21:32,047 -INFO- Task 4 started
2022-05-03 11:21:32,047 -INFO- Task 5 started
2022-05-03 11:21:32,047 -INFO- Task 6 started
2022-05-03 11:21:32,048 -INFO- Task 7 started
2022-05-03 11:21:32,048 -INFO- Task 8 started
2022-05-03 11:21:32,048 -INFO- Task 9 started
2022-05-03 11:21:32,048 -INFO- Task 10 started
2022-05-03 11:21:32,049 -INFO- Task 11 started
2022-05-03 11:21:32,049 -INFO- Task 12 started
2022-05-03 11:21:32,049 -INFO- Task 13 started
2022-05-03 11:21:32,049 -INFO- Task 14 started
2022-05-03 11:21:32,050 -INFO- Task 15 started
2022-05-03 11:36:53,110 -INFO- generating gene anntations
2022-05-03 11:36:54,772 -INFO- 314 sequences classified by HMM
2022-05-03 11:36:54,772 -INFO- see protein domain sequences in `Garwood_Bell_CDS_NewNames.fasta.code.rexdb.dom.faa` and annotation gff3 file in `Garwood_Bell_CDS_NewNames.fasta.code.rexdb.dom.gff3`
2022-05-03 11:36:54,772 -INFO- classifying the unclassified sequences by searching against the classified ones
2022-05-03 11:36:55,586 -INFO- using the 80-80-80 rule
2022-05-03 11:36:55,586 -INFO- run CMD: `makeblastdb -in ./tmp/pass1_classified.fa -dbtype nucl`
2022-05-03 11:36:55,765 -INFO- run CMD: `blastn -query ./tmp/pass1_unclassified.fa -db ./tmp/pass1_classified.fa -out ./tmp/pass1_unclassified.fa.blastout -outfmt '6 qseqid sseqid pident length mismatch gapopen qstart qend sstart send evalue bitscore qlen slen qcovs qcovhsp sstrand' -num_threads 16`
2022-05-03 11:37:01,255 -INFO- 70 sequences classified in pass 2
2022-05-03 11:37:01,255 -INFO- total 384 sequences classified.
2022-05-03 11:37:01,255 -INFO- see classified sequences in `Garwood_Bell_CDS_NewNames.fasta.code.rexdb.cls.tsv`
2022-05-03 11:37:01,255 -INFO- writing library for RepeatMasker in `Garwood_Bell_CDS_NewNames.fasta.code.rexdb.cls.lib`
2022-05-03 11:37:01,847 -INFO- writing classified protein domains in `Garwood_Bell_CDS_NewNames.fasta.code.rexdb.cls.pep`
2022-05-03 11:37:01,855 -INFO- Summary of classifications:
Order           Superfamily      # of Sequences# of Clade Sequences    # of Clades# of full Domains
LTR             Bel-Pao                      10              0              0              0
LTR             Copia                        35             28             13              0
LTR             Gypsy                        64             46             13              0
LTR             Retrovirus                    6              0              0              0
pararetrovirus  unknown                       2              0              0              0
LINE            unknown                      29              0              0              0
TIR             Merlin                        1              0              0              0
TIR             MuDR_Mutator                 35              0              0              0
TIR             PIF_Harbinger                58              0              0              0
TIR             hAT                          21              0              0              0
Helitron        unknown                      10              0              0              0
Maverick        unknown                     113              0              0              0
2022-05-03 11:37:01,856 -INFO- Pipeline done.
2022-05-03 11:37:01,856 -INFO- cleaning the temporary directory ./tmp
				Remove CDS-related sequences in the EDTA library:

Tue May  3 12:00:57 EDT 2022	Combine the high-quality TE library liblist_Cranberry.txt.panTE.fa with the EDTA library:

pararetrovirus/NA not found in the TE_SO database, it will not be used to rename sequences in the final annotation.
pararetrovirus/NA not found in the TE_SO database, it will not be used to rename sequences in the final annotation.
Tue May  3 12:12:47 EDT 2022	EDTA final stage finished! You may check out:
				The final EDTA TE library: Garwood_Bell_NewNames.fasta.mod.EDTA.TElib.fa
				Family names of intact TEs have been updated by liblist_Cranberry.txt.panTE.fa: Garwood_Bell_NewNames.fasta.mod.EDTA.intact.gff3
				Comparing to the provided library, EDTA found these novel TEs: Garwood_Bell_NewNames.fasta.mod.EDTA.TElib.novel.fa
				The provided library has been incorporated into the final library: Garwood_Bell_NewNames.fasta.mod.EDTA.TElib.fa

Tue May  3 12:12:47 EDT 2022	Perform post-EDTA analysis for whole-genome annotation:

Tue May  3 12:12:47 EDT 2022	Homology-based annotation of TEs using Garwood_Bell_NewNames.fasta.mod.EDTA.TElib.fa from scratch.

Tue May  3 15:16:20 EDT 2022	TE annotation using the EDTA library has finished! Check out:
				Whole-genome TE annotation (total TE: 54.06%): Garwood_Bell_NewNames.fasta.mod.EDTA.TEanno.gff3
				Whole-genome TE annotation summary: Garwood_Bell_NewNames.fasta.mod.EDTA.TEanno.sum
				Low-threshold TE masking for MAKER gene annotation (masked: 19.57%): Garwood_Bell_NewNames.fasta.mod.MAKER.masked

tar gz-ing the annotation folder
tar: Removing leading `/' from member names
Time taken: 150910
