amr-108
My Task ID: 5
Early_Black
Declaring output paths and running EDTA

########################################################
##### Extensive de-novo TE Annotator (EDTA) v2.0.0  ####
##### Shujun Ou (shujun.ou.1@gmail.com)             ####
########################################################



Sun May  1 08:45:22 EDT 2022	Dependency checking:
				All passed!

	A custom library /mnt/research/edgerpat_lab/Scotty/Blueberry_Pangenome_TE_Analysis/results/Cranberry/Cranberry_pan_lib/liblist_Cranberry.txt.panTE.fa is provided via --curatedlib. Please make sure this is a manually curated library but not machine generated.

	A CDS file /mnt/research/edgerpat_lab/Scotty/Blueberry_Pangenome_TE_Analysis/results/Cranberry/Early_Black/Early_Black_CDS_NewNames.fasta is provided via --cds. Please make sure this is the DNA sequence of coding regions only.

Sun May  1 08:45:44 EDT 2022	Obtain raw TE libraries using various structure-based programs: 
Sun May  1 08:45:44 EDT 2022	EDTA_raw: Check dependencies, prepare working directories.

Sun May  1 08:45:49 EDT 2022	Start to find LTR candidates.

Sun May  1 08:45:49 EDT 2022	Identify LTR retrotransposon candidates from scratch.

Sun May  1 09:18:20 EDT 2022	Finish finding LTR candidates.

Sun May  1 09:18:20 EDT 2022	Start to find TIR candidates.

Sun May  1 09:18:20 EDT 2022	Identify TIR candidates from scratch.

Species: others
Sun May  1 14:05:09 EDT 2022	Finish finding TIR candidates.

Sun May  1 14:05:09 EDT 2022	Start to find Helitron candidates.

Sun May  1 14:05:09 EDT 2022	Identify Helitron candidates from scratch.

Sun May  1 17:45:56 EDT 2022	Finish finding Helitron candidates.

Sun May  1 17:45:56 EDT 2022	Execution of EDTA_raw.pl is finished!

Sun May  1 17:45:56 EDT 2022	Obtain raw TE libraries finished.
				All intact TEs found by EDTA: 
					Early_Black_NewNames.fasta.mod.EDTA.intact.fa
					Early_Black_NewNames.fasta.mod.EDTA.intact.gff3

Sun May  1 17:45:56 EDT 2022	Perform EDTA advance filtering for raw TE candidates and generate the stage 1 library: 

Sun May  1 18:20:36 EDT 2022	EDTA advance filtering finished.

Sun May  1 18:20:36 EDT 2022	Perform EDTA final steps to generate a non-redundant comprehensive TE library:

				Use RepeatModeler to identify any remaining TEs that are missed by structure-based methods.

2022-05-03 07:36:55,439 -WARNING- Grid computing is not available because DRMAA not configured properly: Could not find drmaa library.  Please specify its full path using the environment variable DRMAA_LIBRARY_PATH
2022-05-03 07:36:55,448 -INFO- VARS: {'sequence': 'Early_Black_NewNames.fasta.mod.RM.consensi.fa', 'hmm_database': 'rexdb', 'seq_type': 'nucl', 'prefix': 'Early_Black_NewNames.fasta.mod.RM.consensi.fa.rexdb', 'force_write_hmmscan': False, 'processors': 16, 'tmp_dir': './tmp', 'min_coverage': 20, 'max_evalue': 0.001, 'disable_pass2': False, 'pass2_rule': '80-80-80', 'no_library': False, 'no_reverse': False, 'no_cleanup': False, 'p2_identity': 80.0, 'p2_coverage': 80.0, 'p2_length': 80.0}
2022-05-03 07:36:55,448 -INFO- checking dependencies:
2022-05-03 07:36:55,466 -INFO- hmmer	3.3.1	OK
2022-05-03 07:36:55,520 -INFO- blastn	2.10.0+	OK
2022-05-03 07:36:55,522 -INFO- check database rexdb
2022-05-03 07:36:55,522 -INFO- db path: /mnt/ufs18/home-115/teresisc/anaconda3/envs/EDTA/lib/python3.6/site-packages/TEsorter/database
2022-05-03 07:36:55,522 -INFO- db file: REXdb_protein_database_viridiplantae_v3.0_plus_metazoa_v3.hmm
2022-05-03 07:36:55,523 -INFO- REXdb_protein_database_viridiplantae_v3.0_plus_metazoa_v3.hmm	OK
2022-05-03 07:36:55,523 -INFO- Start classifying pipeline
2022-05-03 07:36:55,557 -INFO- total 1895 sequences
2022-05-03 07:36:55,557 -INFO- translating `Early_Black_NewNames.fasta.mod.RM.consensi.fa` in six frames
/mnt/home/teresisc/anaconda3/envs/EDTA/lib/python3.6/site-packages/Bio/Seq.py:2338: BiopythonWarning: Partial codon, len(sequence) not a multiple of three. Explicitly trim the sequence or add trailing N before translation. This may become an error in future.
  BiopythonWarning,
2022-05-03 07:36:57,582 -INFO- HMM scanning against `/mnt/ufs18/home-115/teresisc/anaconda3/envs/EDTA/lib/python3.6/site-packages/TEsorter/database/REXdb_protein_database_viridiplantae_v3.0_plus_metazoa_v3.hmm`
2022-05-03 07:36:57,686 -INFO- Creating server instance (pp-1.6.4.4)
2022-05-03 07:36:57,686 -INFO- Running on Python 3.6.12 linux
2022-05-03 07:36:58,660 -INFO- pp local server started with 16 workers
2022-05-03 07:36:58,681 -INFO- Task 0 started
2022-05-03 07:36:58,681 -INFO- Task 1 started
2022-05-03 07:36:58,681 -INFO- Task 2 started
2022-05-03 07:36:58,682 -INFO- Task 3 started
2022-05-03 07:36:58,682 -INFO- Task 4 started
2022-05-03 07:36:58,682 -INFO- Task 5 started
2022-05-03 07:36:58,682 -INFO- Task 6 started
2022-05-03 07:36:58,683 -INFO- Task 7 started
2022-05-03 07:36:58,683 -INFO- Task 8 started
2022-05-03 07:36:58,683 -INFO- Task 9 started
2022-05-03 07:36:58,683 -INFO- Task 10 started
2022-05-03 07:36:58,684 -INFO- Task 11 started
2022-05-03 07:36:58,684 -INFO- Task 12 started
2022-05-03 07:36:58,684 -INFO- Task 13 started
2022-05-03 07:36:58,684 -INFO- Task 14 started
2022-05-03 07:36:58,685 -INFO- Task 15 started
2022-05-03 07:37:58,009 -INFO- generating gene anntations
2022-05-03 07:37:58,113 -INFO- 71 sequences classified by HMM
2022-05-03 07:37:58,114 -INFO- see protein domain sequences in `Early_Black_NewNames.fasta.mod.RM.consensi.fa.rexdb.dom.faa` and annotation gff3 file in `Early_Black_NewNames.fasta.mod.RM.consensi.fa.rexdb.dom.gff3`
2022-05-03 07:37:58,114 -INFO- classifying the unclassified sequences by searching against the classified ones
2022-05-03 07:37:58,170 -INFO- using the 80-80-80 rule
2022-05-03 07:37:58,170 -INFO- run CMD: `makeblastdb -in ./tmp/pass1_classified.fa -dbtype nucl`
2022-05-03 07:37:58,341 -INFO- run CMD: `blastn -query ./tmp/pass1_unclassified.fa -db ./tmp/pass1_classified.fa -out ./tmp/pass1_unclassified.fa.blastout -outfmt '6 qseqid sseqid pident length mismatch gapopen qstart qend sstart send evalue bitscore qlen slen qcovs qcovhsp sstrand' -num_threads 16`
2022-05-03 07:37:58,771 -INFO- 0 sequences classified in pass 2
2022-05-03 07:37:58,772 -INFO- total 71 sequences classified.
2022-05-03 07:37:58,772 -INFO- see classified sequences in `Early_Black_NewNames.fasta.mod.RM.consensi.fa.rexdb.cls.tsv`
2022-05-03 07:37:58,772 -INFO- writing library for RepeatMasker in `Early_Black_NewNames.fasta.mod.RM.consensi.fa.rexdb.cls.lib`
2022-05-03 07:37:58,814 -INFO- writing classified protein domains in `Early_Black_NewNames.fasta.mod.RM.consensi.fa.rexdb.cls.pep`
2022-05-03 07:37:58,817 -INFO- Summary of classifications:
Order           Superfamily      # of Sequences# of Clade Sequences    # of Clades# of full Domains
LTR             Copia                         1              1              1              0
LTR             Gypsy                        11              9              4              0
pararetrovirus  unknown                       2              0              0              0
LINE            unknown                      34              0              0              0
TIR             EnSpm_CACTA                   1              0              0              0
TIR             MuDR_Mutator                 10              0              0              0
TIR             PIF_Harbinger                 5              0              0              0
TIR             hAT                           4              0              0              0
Helitron        unknown                       3              0              0              0
2022-05-03 07:37:58,817 -INFO- Pipeline done.
2022-05-03 07:37:58,817 -INFO- cleaning the temporary directory ./tmp
Tue May  3 07:49:25 EDT 2022	Clean up TE-related sequences in the CDS file with TEsorter:

2022-05-03 07:49:27,296 -WARNING- Grid computing is not available because DRMAA not configured properly: Could not find drmaa library.  Please specify its full path using the environment variable DRMAA_LIBRARY_PATH
2022-05-03 07:49:27,304 -INFO- VARS: {'sequence': 'Early_Black_CDS_NewNames.fasta.code', 'hmm_database': 'rexdb', 'seq_type': 'nucl', 'prefix': 'Early_Black_CDS_NewNames.fasta.code.rexdb', 'force_write_hmmscan': False, 'processors': 16, 'tmp_dir': './tmp', 'min_coverage': 20, 'max_evalue': 0.001, 'disable_pass2': False, 'pass2_rule': '80-80-80', 'no_library': False, 'no_reverse': False, 'no_cleanup': False, 'p2_identity': 80.0, 'p2_coverage': 80.0, 'p2_length': 80.0}
2022-05-03 07:49:27,305 -INFO- checking dependencies:
2022-05-03 07:49:27,315 -INFO- hmmer	3.3.1	OK
2022-05-03 07:49:27,365 -INFO- blastn	2.10.0+	OK
2022-05-03 07:49:27,367 -INFO- check database rexdb
2022-05-03 07:49:27,367 -INFO- db path: /mnt/ufs18/home-115/teresisc/anaconda3/envs/EDTA/lib/python3.6/site-packages/TEsorter/database
2022-05-03 07:49:27,367 -INFO- db file: REXdb_protein_database_viridiplantae_v3.0_plus_metazoa_v3.hmm
2022-05-03 07:49:27,368 -INFO- REXdb_protein_database_viridiplantae_v3.0_plus_metazoa_v3.hmm	OK
2022-05-03 07:49:27,368 -INFO- Start classifying pipeline
2022-05-03 07:49:27,587 -INFO- total 29021 sequences
2022-05-03 07:49:27,587 -INFO- translating `Early_Black_CDS_NewNames.fasta.code` in six frames
/mnt/home/teresisc/anaconda3/envs/EDTA/lib/python3.6/site-packages/Bio/Seq.py:2338: BiopythonWarning: Partial codon, len(sequence) not a multiple of three. Explicitly trim the sequence or add trailing N before translation. This may become an error in future.
  BiopythonWarning,
2022-05-03 07:50:03,116 -INFO- HMM scanning against `/mnt/ufs18/home-115/teresisc/anaconda3/envs/EDTA/lib/python3.6/site-packages/TEsorter/database/REXdb_protein_database_viridiplantae_v3.0_plus_metazoa_v3.hmm`
2022-05-03 07:50:04,583 -INFO- Creating server instance (pp-1.6.4.4)
2022-05-03 07:50:04,584 -INFO- Running on Python 3.6.12 linux
2022-05-03 07:50:05,594 -INFO- pp local server started with 16 workers
2022-05-03 07:50:05,616 -INFO- Task 0 started
2022-05-03 07:50:05,616 -INFO- Task 1 started
2022-05-03 07:50:05,616 -INFO- Task 2 started
2022-05-03 07:50:05,616 -INFO- Task 3 started
2022-05-03 07:50:05,617 -INFO- Task 4 started
2022-05-03 07:50:05,617 -INFO- Task 5 started
2022-05-03 07:50:05,617 -INFO- Task 6 started
2022-05-03 07:50:05,617 -INFO- Task 7 started
2022-05-03 07:50:05,618 -INFO- Task 8 started
2022-05-03 07:50:05,618 -INFO- Task 9 started
2022-05-03 07:50:05,618 -INFO- Task 10 started
2022-05-03 07:50:05,618 -INFO- Task 11 started
2022-05-03 07:50:05,618 -INFO- Task 12 started
2022-05-03 07:50:05,618 -INFO- Task 13 started
2022-05-03 07:50:05,619 -INFO- Task 14 started
2022-05-03 07:50:05,619 -INFO- Task 15 started
2022-05-03 08:06:21,180 -INFO- generating gene anntations
2022-05-03 08:06:22,938 -INFO- 347 sequences classified by HMM
2022-05-03 08:06:22,938 -INFO- see protein domain sequences in `Early_Black_CDS_NewNames.fasta.code.rexdb.dom.faa` and annotation gff3 file in `Early_Black_CDS_NewNames.fasta.code.rexdb.dom.gff3`
2022-05-03 08:06:22,939 -INFO- classifying the unclassified sequences by searching against the classified ones
2022-05-03 08:06:23,789 -INFO- using the 80-80-80 rule
2022-05-03 08:06:23,789 -INFO- run CMD: `makeblastdb -in ./tmp/pass1_classified.fa -dbtype nucl`
2022-05-03 08:06:24,005 -INFO- run CMD: `blastn -query ./tmp/pass1_unclassified.fa -db ./tmp/pass1_classified.fa -out ./tmp/pass1_unclassified.fa.blastout -outfmt '6 qseqid sseqid pident length mismatch gapopen qstart qend sstart send evalue bitscore qlen slen qcovs qcovhsp sstrand' -num_threads 16`
2022-05-03 08:06:29,933 -INFO- 78 sequences classified in pass 2
2022-05-03 08:06:29,933 -INFO- total 425 sequences classified.
2022-05-03 08:06:29,933 -INFO- see classified sequences in `Early_Black_CDS_NewNames.fasta.code.rexdb.cls.tsv`
2022-05-03 08:06:29,933 -INFO- writing library for RepeatMasker in `Early_Black_CDS_NewNames.fasta.code.rexdb.cls.lib`
2022-05-03 08:06:30,572 -INFO- writing classified protein domains in `Early_Black_CDS_NewNames.fasta.code.rexdb.cls.pep`
2022-05-03 08:06:30,581 -INFO- Summary of classifications:
Order           Superfamily      # of Sequences# of Clade Sequences    # of Clades# of full Domains
LTR             Bel-Pao                       9              0              0              0
LTR             Copia                        47             37             14              0
LTR             Gypsy                        65             44             15              0
LTR             Retrovirus                    5              0              0              0
pararetrovirus  unknown                       7              0              0              0
LINE            unknown                      35              0              0              0
TIR             EnSpm_CACTA                   4              0              0              0
TIR             MuDR_Mutator                 32              0              0              0
TIR             PIF_Harbinger                55              0              0              0
TIR             hAT                          17              0              0              0
Helitron        unknown                       9              0              0              0
Maverick        unknown                     140              0              0              0
2022-05-03 08:06:30,581 -INFO- Pipeline done.
2022-05-03 08:06:30,581 -INFO- cleaning the temporary directory ./tmp
				Remove CDS-related sequences in the EDTA library:

Tue May  3 08:27:59 EDT 2022	Combine the high-quality TE library liblist_Cranberry.txt.panTE.fa with the EDTA library:

Tue May  3 08:39:57 EDT 2022	EDTA final stage finished! You may check out:
				The final EDTA TE library: Early_Black_NewNames.fasta.mod.EDTA.TElib.fa
				Family names of intact TEs have been updated by liblist_Cranberry.txt.panTE.fa: Early_Black_NewNames.fasta.mod.EDTA.intact.gff3
				Comparing to the provided library, EDTA found these novel TEs: Early_Black_NewNames.fasta.mod.EDTA.TElib.novel.fa
				The provided library has been incorporated into the final library: Early_Black_NewNames.fasta.mod.EDTA.TElib.fa

Tue May  3 08:39:57 EDT 2022	Perform post-EDTA analysis for whole-genome annotation:

Tue May  3 08:39:57 EDT 2022	Homology-based annotation of TEs using Early_Black_NewNames.fasta.mod.EDTA.TElib.fa from scratch.

Tue May  3 11:46:50 EDT 2022	TE annotation using the EDTA library has finished! Check out:
				Whole-genome TE annotation (total TE: 50.36%): Early_Black_NewNames.fasta.mod.EDTA.TEanno.gff3
				Whole-genome TE annotation summary: Early_Black_NewNames.fasta.mod.EDTA.TEanno.sum
				Low-threshold TE masking for MAKER gene annotation (masked: 18.05%): Early_Black_NewNames.fasta.mod.MAKER.masked

tar gz-ing the annotation folder
tar: Removing leading `/' from member names
Time taken: 185417
