amr-108
My Task ID: 2
Budds_Blues
Declaring output paths and running EDTA

########################################################
##### Extensive de-novo TE Annotator (EDTA) v2.0.0  ####
##### Shujun Ou (shujun.ou.1@gmail.com)             ####
########################################################



Fri Apr 29 13:15:52 EDT 2022	Dependency checking:
				All passed!

	A custom library /mnt/research/edgerpat_lab/Scotty/Blueberry_Pangenome_TE_Analysis/results/Cranberry/Cranberry_pan_lib/liblist_Cranberry.txt.panTE.fa is provided via --curatedlib. Please make sure this is a manually curated library but not machine generated.

	A CDS file /mnt/research/edgerpat_lab/Scotty/Blueberry_Pangenome_TE_Analysis/results/Cranberry/Budds_Blues/Budds_Blues_CDS_NewNames.fasta is provided via --cds. Please make sure this is the DNA sequence of coding regions only.

Fri Apr 29 13:16:12 EDT 2022	Obtain raw TE libraries using various structure-based programs: 
Fri Apr 29 13:16:13 EDT 2022	EDTA_raw: Check dependencies, prepare working directories.

Fri Apr 29 13:16:18 EDT 2022	Start to find LTR candidates.

Fri Apr 29 13:16:18 EDT 2022	Identify LTR retrotransposon candidates from scratch.

Fri Apr 29 13:43:19 EDT 2022	Finish finding LTR candidates.

Fri Apr 29 13:43:19 EDT 2022	Start to find TIR candidates.

Fri Apr 29 13:43:19 EDT 2022	Identify TIR candidates from scratch.

Species: others
Fri Apr 29 17:58:39 EDT 2022	Finish finding TIR candidates.

Fri Apr 29 17:58:39 EDT 2022	Start to find Helitron candidates.

Fri Apr 29 17:58:39 EDT 2022	Identify Helitron candidates from scratch.

Fri Apr 29 21:03:37 EDT 2022	Finish finding Helitron candidates.

Fri Apr 29 21:03:37 EDT 2022	Execution of EDTA_raw.pl is finished!

Fri Apr 29 21:03:37 EDT 2022	Obtain raw TE libraries finished.
				All intact TEs found by EDTA: 
					Budds_Blues_NewNames.fasta.mod.EDTA.intact.fa
					Budds_Blues_NewNames.fasta.mod.EDTA.intact.gff3

Fri Apr 29 21:03:37 EDT 2022	Perform EDTA advance filtering for raw TE candidates and generate the stage 1 library: 

Fri Apr 29 21:35:38 EDT 2022	EDTA advance filtering finished.

Fri Apr 29 21:35:38 EDT 2022	Perform EDTA final steps to generate a non-redundant comprehensive TE library:

				Use RepeatModeler to identify any remaining TEs that are missed by structure-based methods.

2022-05-01 04:05:28,642 -WARNING- Grid computing is not available because DRMAA not configured properly: Could not find drmaa library.  Please specify its full path using the environment variable DRMAA_LIBRARY_PATH
2022-05-01 04:05:28,762 -INFO- VARS: {'sequence': 'Budds_Blues_NewNames.fasta.mod.RM.consensi.fa', 'hmm_database': 'rexdb', 'seq_type': 'nucl', 'prefix': 'Budds_Blues_NewNames.fasta.mod.RM.consensi.fa.rexdb', 'force_write_hmmscan': False, 'processors': 16, 'tmp_dir': './tmp', 'min_coverage': 20, 'max_evalue': 0.001, 'disable_pass2': False, 'pass2_rule': '80-80-80', 'no_library': False, 'no_reverse': False, 'no_cleanup': False, 'p2_identity': 80.0, 'p2_coverage': 80.0, 'p2_length': 80.0}
2022-05-01 04:05:28,762 -INFO- checking dependencies:
2022-05-01 04:05:28,826 -INFO- hmmer	3.3.1	OK
2022-05-01 04:05:28,910 -INFO- blastn	2.10.0+	OK
2022-05-01 04:05:28,914 -INFO- check database rexdb
2022-05-01 04:05:28,915 -INFO- db path: /mnt/ufs18/home-115/teresisc/anaconda3/envs/EDTA/lib/python3.6/site-packages/TEsorter/database
2022-05-01 04:05:28,915 -INFO- db file: REXdb_protein_database_viridiplantae_v3.0_plus_metazoa_v3.hmm
2022-05-01 04:05:28,916 -INFO- REXdb_protein_database_viridiplantae_v3.0_plus_metazoa_v3.hmm	OK
2022-05-01 04:05:28,917 -INFO- Start classifying pipeline
2022-05-01 04:05:29,129 -INFO- total 1772 sequences
2022-05-01 04:05:29,129 -INFO- translating `Budds_Blues_NewNames.fasta.mod.RM.consensi.fa` in six frames
/mnt/home/teresisc/anaconda3/envs/EDTA/lib/python3.6/site-packages/Bio/Seq.py:2338: BiopythonWarning: Partial codon, len(sequence) not a multiple of three. Explicitly trim the sequence or add trailing N before translation. This may become an error in future.
  BiopythonWarning,
2022-05-01 04:05:30,827 -INFO- HMM scanning against `/mnt/ufs18/home-115/teresisc/anaconda3/envs/EDTA/lib/python3.6/site-packages/TEsorter/database/REXdb_protein_database_viridiplantae_v3.0_plus_metazoa_v3.hmm`
2022-05-01 04:05:30,933 -INFO- Creating server instance (pp-1.6.4.4)
2022-05-01 04:05:30,933 -INFO- Running on Python 3.6.12 linux
2022-05-01 04:05:32,003 -INFO- pp local server started with 16 workers
2022-05-01 04:05:32,104 -INFO- Task 0 started
2022-05-01 04:05:32,104 -INFO- Task 1 started
2022-05-01 04:05:32,105 -INFO- Task 2 started
2022-05-01 04:05:32,105 -INFO- Task 3 started
2022-05-01 04:05:32,105 -INFO- Task 4 started
2022-05-01 04:05:32,106 -INFO- Task 5 started
2022-05-01 04:05:32,106 -INFO- Task 6 started
2022-05-01 04:05:32,106 -INFO- Task 7 started
2022-05-01 04:05:32,107 -INFO- Task 8 started
2022-05-01 04:05:32,107 -INFO- Task 9 started
2022-05-01 04:05:32,107 -INFO- Task 10 started
2022-05-01 04:05:32,107 -INFO- Task 11 started
2022-05-01 04:05:32,108 -INFO- Task 12 started
2022-05-01 04:05:32,108 -INFO- Task 13 started
2022-05-01 04:05:32,109 -INFO- Task 14 started
2022-05-01 04:05:32,109 -INFO- Task 15 started
2022-05-01 04:06:37,822 -INFO- generating gene anntations
2022-05-01 04:06:37,911 -INFO- 78 sequences classified by HMM
2022-05-01 04:06:37,912 -INFO- see protein domain sequences in `Budds_Blues_NewNames.fasta.mod.RM.consensi.fa.rexdb.dom.faa` and annotation gff3 file in `Budds_Blues_NewNames.fasta.mod.RM.consensi.fa.rexdb.dom.gff3`
2022-05-01 04:06:37,912 -INFO- classifying the unclassified sequences by searching against the classified ones
2022-05-01 04:06:37,964 -INFO- using the 80-80-80 rule
2022-05-01 04:06:37,964 -INFO- run CMD: `makeblastdb -in ./tmp/pass1_classified.fa -dbtype nucl`
2022-05-01 04:06:38,153 -INFO- run CMD: `blastn -query ./tmp/pass1_unclassified.fa -db ./tmp/pass1_classified.fa -out ./tmp/pass1_unclassified.fa.blastout -outfmt '6 qseqid sseqid pident length mismatch gapopen qstart qend sstart send evalue bitscore qlen slen qcovs qcovhsp sstrand' -num_threads 16`
2022-05-01 04:06:38,546 -INFO- 3 sequences classified in pass 2
2022-05-01 04:06:38,547 -INFO- total 81 sequences classified.
2022-05-01 04:06:38,547 -INFO- see classified sequences in `Budds_Blues_NewNames.fasta.mod.RM.consensi.fa.rexdb.cls.tsv`
2022-05-01 04:06:38,547 -INFO- writing library for RepeatMasker in `Budds_Blues_NewNames.fasta.mod.RM.consensi.fa.rexdb.cls.lib`
2022-05-01 04:06:38,588 -INFO- writing classified protein domains in `Budds_Blues_NewNames.fasta.mod.RM.consensi.fa.rexdb.cls.pep`
2022-05-01 04:06:38,595 -INFO- Summary of classifications:
Order           Superfamily      # of Sequences# of Clade Sequences    # of Clades# of full Domains
LTR             Copia                         3              3              2              0
LTR             Gypsy                        11             10              5              0
pararetrovirus  unknown                       2              0              0              0
LINE            unknown                      37              0              0              0
TIR             EnSpm_CACTA                   3              0              0              0
TIR             MuDR_Mutator                 12              0              0              0
TIR             PIF_Harbinger                 5              0              0              0
TIR             hAT                           5              0              0              0
Helitron        unknown                       2              0              0              0
Maverick        unknown                       1              0              0              0
2022-05-01 04:06:38,596 -INFO- Pipeline done.
2022-05-01 04:06:38,597 -INFO- cleaning the temporary directory ./tmp
Sun May  1 04:18:17 EDT 2022	Clean up TE-related sequences in the CDS file with TEsorter:

2022-05-01 04:18:19,010 -WARNING- Grid computing is not available because DRMAA not configured properly: Could not find drmaa library.  Please specify its full path using the environment variable DRMAA_LIBRARY_PATH
2022-05-01 04:18:19,016 -INFO- VARS: {'sequence': 'Budds_Blues_CDS_NewNames.fasta.code', 'hmm_database': 'rexdb', 'seq_type': 'nucl', 'prefix': 'Budds_Blues_CDS_NewNames.fasta.code.rexdb', 'force_write_hmmscan': False, 'processors': 16, 'tmp_dir': './tmp', 'min_coverage': 20, 'max_evalue': 0.001, 'disable_pass2': False, 'pass2_rule': '80-80-80', 'no_library': False, 'no_reverse': False, 'no_cleanup': False, 'p2_identity': 80.0, 'p2_coverage': 80.0, 'p2_length': 80.0}
2022-05-01 04:18:19,016 -INFO- checking dependencies:
2022-05-01 04:18:19,028 -INFO- hmmer	3.3.1	OK
2022-05-01 04:18:19,082 -INFO- blastn	2.10.0+	OK
2022-05-01 04:18:19,085 -INFO- check database rexdb
2022-05-01 04:18:19,085 -INFO- db path: /mnt/ufs18/home-115/teresisc/anaconda3/envs/EDTA/lib/python3.6/site-packages/TEsorter/database
2022-05-01 04:18:19,085 -INFO- db file: REXdb_protein_database_viridiplantae_v3.0_plus_metazoa_v3.hmm
2022-05-01 04:18:19,086 -INFO- REXdb_protein_database_viridiplantae_v3.0_plus_metazoa_v3.hmm	OK
2022-05-01 04:18:19,086 -INFO- Start classifying pipeline
2022-05-01 04:18:19,286 -INFO- total 27374 sequences
2022-05-01 04:18:19,287 -INFO- translating `Budds_Blues_CDS_NewNames.fasta.code` in six frames
/mnt/home/teresisc/anaconda3/envs/EDTA/lib/python3.6/site-packages/Bio/Seq.py:2338: BiopythonWarning: Partial codon, len(sequence) not a multiple of three. Explicitly trim the sequence or add trailing N before translation. This may become an error in future.
  BiopythonWarning,
2022-05-01 04:18:52,748 -INFO- HMM scanning against `/mnt/ufs18/home-115/teresisc/anaconda3/envs/EDTA/lib/python3.6/site-packages/TEsorter/database/REXdb_protein_database_viridiplantae_v3.0_plus_metazoa_v3.hmm`
2022-05-01 04:18:54,136 -INFO- Creating server instance (pp-1.6.4.4)
2022-05-01 04:18:54,136 -INFO- Running on Python 3.6.12 linux
2022-05-01 04:18:55,115 -INFO- pp local server started with 16 workers
2022-05-01 04:18:55,136 -INFO- Task 0 started
2022-05-01 04:18:55,137 -INFO- Task 1 started
2022-05-01 04:18:55,137 -INFO- Task 2 started
2022-05-01 04:18:55,137 -INFO- Task 3 started
2022-05-01 04:18:55,138 -INFO- Task 4 started
2022-05-01 04:18:55,138 -INFO- Task 5 started
2022-05-01 04:18:55,139 -INFO- Task 6 started
2022-05-01 04:18:55,139 -INFO- Task 7 started
2022-05-01 04:18:55,139 -INFO- Task 8 started
2022-05-01 04:18:55,140 -INFO- Task 9 started
2022-05-01 04:18:55,140 -INFO- Task 10 started
2022-05-01 04:18:55,140 -INFO- Task 11 started
2022-05-01 04:18:55,140 -INFO- Task 12 started
2022-05-01 04:18:55,141 -INFO- Task 13 started
2022-05-01 04:18:55,141 -INFO- Task 14 started
2022-05-01 04:18:55,141 -INFO- Task 15 started
2022-05-01 04:35:35,479 -INFO- generating gene anntations
2022-05-01 04:35:37,142 -INFO- 327 sequences classified by HMM
2022-05-01 04:35:37,143 -INFO- see protein domain sequences in `Budds_Blues_CDS_NewNames.fasta.code.rexdb.dom.faa` and annotation gff3 file in `Budds_Blues_CDS_NewNames.fasta.code.rexdb.dom.gff3`
2022-05-01 04:35:37,143 -INFO- classifying the unclassified sequences by searching against the classified ones
2022-05-01 04:35:37,940 -INFO- using the 80-80-80 rule
2022-05-01 04:35:37,941 -INFO- run CMD: `makeblastdb -in ./tmp/pass1_classified.fa -dbtype nucl`
2022-05-01 04:35:38,097 -INFO- run CMD: `blastn -query ./tmp/pass1_unclassified.fa -db ./tmp/pass1_classified.fa -out ./tmp/pass1_unclassified.fa.blastout -outfmt '6 qseqid sseqid pident length mismatch gapopen qstart qend sstart send evalue bitscore qlen slen qcovs qcovhsp sstrand' -num_threads 16`
2022-05-01 04:35:43,786 -INFO- 77 sequences classified in pass 2
2022-05-01 04:35:43,786 -INFO- total 404 sequences classified.
2022-05-01 04:35:43,786 -INFO- see classified sequences in `Budds_Blues_CDS_NewNames.fasta.code.rexdb.cls.tsv`
2022-05-01 04:35:43,786 -INFO- writing library for RepeatMasker in `Budds_Blues_CDS_NewNames.fasta.code.rexdb.cls.lib`
2022-05-01 04:35:44,395 -INFO- writing classified protein domains in `Budds_Blues_CDS_NewNames.fasta.code.rexdb.cls.pep`
2022-05-01 04:35:44,404 -INFO- Summary of classifications:
Order           Superfamily      # of Sequences# of Clade Sequences    # of Clades# of full Domains
LTR             Bel-Pao                      11              0              0              0
LTR             Copia                        48             39             15              0
LTR             Gypsy                        63             43             14              0
LTR             Retrovirus                    5              0              0              0
LTR             mixture                       1              0              0              0
pararetrovirus  unknown                       4              0              0              0
LINE            unknown                      29              0              0              0
TIR             EnSpm_CACTA                   1              0              0              0
TIR             Merlin                        1              0              0              0
TIR             MuDR_Mutator                 39              0              0              0
TIR             PIF_Harbinger                52              0              0              0
TIR             hAT                          19              0              0              0
Helitron        unknown                      12              0              0              0
Maverick        unknown                     119              0              0              0
2022-05-01 04:35:44,405 -INFO- Pipeline done.
2022-05-01 04:35:44,406 -INFO- cleaning the temporary directory ./tmp
				Remove CDS-related sequences in the EDTA library:

Sun May  1 04:56:59 EDT 2022	Combine the high-quality TE library liblist_Cranberry.txt.panTE.fa with the EDTA library:

pararetrovirus/NA not found in the TE_SO database, it will not be used to rename sequences in the final annotation.
pararetrovirus/NA not found in the TE_SO database, it will not be used to rename sequences in the final annotation.
Sun May  1 05:09:17 EDT 2022	EDTA final stage finished! You may check out:
				The final EDTA TE library: Budds_Blues_NewNames.fasta.mod.EDTA.TElib.fa
				Family names of intact TEs have been updated by liblist_Cranberry.txt.panTE.fa: Budds_Blues_NewNames.fasta.mod.EDTA.intact.gff3
				Comparing to the provided library, EDTA found these novel TEs: Budds_Blues_NewNames.fasta.mod.EDTA.TElib.novel.fa
				The provided library has been incorporated into the final library: Budds_Blues_NewNames.fasta.mod.EDTA.TElib.fa

Sun May  1 05:09:17 EDT 2022	Perform post-EDTA analysis for whole-genome annotation:

Sun May  1 05:09:17 EDT 2022	Homology-based annotation of TEs using Budds_Blues_NewNames.fasta.mod.EDTA.TElib.fa from scratch.

Sun May  1 08:17:03 EDT 2022	TE annotation using the EDTA library has finished! Check out:
				Whole-genome TE annotation (total TE: 53.52%): Budds_Blues_NewNames.fasta.mod.EDTA.TEanno.gff3
				Whole-genome TE annotation summary: Budds_Blues_NewNames.fasta.mod.EDTA.TEanno.sum
				Low-threshold TE masking for MAKER gene annotation (masked: 19.50%): Budds_Blues_NewNames.fasta.mod.MAKER.masked

tar gz-ing the annotation folder
tar: Removing leading `/' from member names
Time taken: 156523
