skl-164
My Task ID: 8
Lemunyon
Declaring output paths and running EDTA
mkdir-ing  /mnt/scratch/teresisc/Blueberry_Pangenome_TE_Analysis/results/Cranberry/Lemunyon/Annotation
cd-ing into  /mnt/scratch/teresisc/Blueberry_Pangenome_TE_Analysis/results/Cranberry/Lemunyon/Annotation
Removing recursively... 

########################################################
##### Extensive de-novo TE Annotator (EDTA) v2.0.0  ####
##### Shujun Ou (shujun.ou.1@gmail.com)             ####
########################################################



Fri Apr  8 10:14:07 EDT 2022	Dependency checking:
				All passed!

	A CDS file /mnt/research/edgerpat_lab/Scotty/Blueberry_Pangenome_TE_Analysis/results/Cranberry/Lemunyon/Lemunyon_CDS_NewNames.fasta is provided via --cds. Please make sure this is the DNA sequence of coding regions only.

Fri Apr  8 10:14:21 EDT 2022	Obtain raw TE libraries using various structure-based programs: 
Fri Apr  8 10:14:22 EDT 2022	EDTA_raw: Check dependencies, prepare working directories.

Fri Apr  8 10:14:29 EDT 2022	Start to find LTR candidates.

Fri Apr  8 10:14:29 EDT 2022	Identify LTR retrotransposon candidates from scratch.

Fri Apr  8 10:59:49 EDT 2022	Finish finding LTR candidates.

Fri Apr  8 10:59:49 EDT 2022	Start to find TIR candidates.

Fri Apr  8 10:59:49 EDT 2022	Identify TIR candidates from scratch.

Species: others
Fri Apr  8 17:14:40 EDT 2022	Finish finding TIR candidates.

Fri Apr  8 17:14:40 EDT 2022	Start to find Helitron candidates.

Fri Apr  8 17:14:40 EDT 2022	Identify Helitron candidates from scratch.

Fri Apr  8 22:08:38 EDT 2022	Finish finding Helitron candidates.

Fri Apr  8 22:08:38 EDT 2022	Execution of EDTA_raw.pl is finished!

Fri Apr  8 22:08:38 EDT 2022	Obtain raw TE libraries finished.
				All intact TEs found by EDTA: 
					Lemunyon_NewNames.fasta.mod.EDTA.intact.fa
					Lemunyon_NewNames.fasta.mod.EDTA.intact.gff3

Fri Apr  8 22:08:38 EDT 2022	Perform EDTA advance filtering for raw TE candidates and generate the stage 1 library: 

Fri Apr  8 23:05:43 EDT 2022	EDTA advance filtering finished.

Fri Apr  8 23:05:43 EDT 2022	Perform EDTA final steps to generate a non-redundant comprehensive TE library:

				Use RepeatModeler to identify any remaining TEs that are missed by structure-based methods.

2022-04-12 06:07:52,939 -WARNING- Grid computing is not available because DRMAA not configured properly: Could not find drmaa library.  Please specify its full path using the environment variable DRMAA_LIBRARY_PATH
2022-04-12 06:07:53,025 -INFO- VARS: {'sequence': 'Lemunyon_NewNames.fasta.mod.RM.consensi.fa', 'hmm_database': 'rexdb', 'seq_type': 'nucl', 'prefix': 'Lemunyon_NewNames.fasta.mod.RM.consensi.fa.rexdb', 'force_write_hmmscan': False, 'processors': 12, 'tmp_dir': './tmp', 'min_coverage': 20, 'max_evalue': 0.001, 'disable_pass2': False, 'pass2_rule': '80-80-80', 'no_library': False, 'no_reverse': False, 'no_cleanup': False, 'p2_identity': 80.0, 'p2_coverage': 80.0, 'p2_length': 80.0}
2022-04-12 06:07:53,025 -INFO- checking dependencies:
2022-04-12 06:07:53,103 -INFO- hmmer	3.3.1	OK
2022-04-12 06:07:53,201 -INFO- blastn	2.10.0+	OK
2022-04-12 06:07:53,202 -INFO- check database rexdb
2022-04-12 06:07:53,203 -INFO- db path: /mnt/ufs18/home-115/teresisc/anaconda3/envs/EDTA/lib/python3.6/site-packages/TEsorter/database
2022-04-12 06:07:53,203 -INFO- db file: REXdb_protein_database_viridiplantae_v3.0_plus_metazoa_v3.hmm
2022-04-12 06:07:53,204 -INFO- REXdb_protein_database_viridiplantae_v3.0_plus_metazoa_v3.hmm	OK
2022-04-12 06:07:53,204 -INFO- Start classifying pipeline
2022-04-12 06:07:53,436 -INFO- total 1947 sequences
2022-04-12 06:07:53,437 -INFO- translating `Lemunyon_NewNames.fasta.mod.RM.consensi.fa` in six frames
/mnt/home/teresisc/anaconda3/envs/EDTA/lib/python3.6/site-packages/Bio/Seq.py:2338: BiopythonWarning: Partial codon, len(sequence) not a multiple of three. Explicitly trim the sequence or add trailing N before translation. This may become an error in future.
  BiopythonWarning,
2022-04-12 06:07:55,558 -INFO- HMM scanning against `/mnt/ufs18/home-115/teresisc/anaconda3/envs/EDTA/lib/python3.6/site-packages/TEsorter/database/REXdb_protein_database_viridiplantae_v3.0_plus_metazoa_v3.hmm`
2022-04-12 06:07:55,916 -INFO- Creating server instance (pp-1.6.4.4)
2022-04-12 06:07:55,916 -INFO- Running on Python 3.6.12 linux
2022-04-12 06:07:57,094 -INFO- pp local server started with 12 workers
2022-04-12 06:07:57,219 -INFO- Task 0 started
2022-04-12 06:07:57,219 -INFO- Task 1 started
2022-04-12 06:07:57,220 -INFO- Task 2 started
2022-04-12 06:07:57,220 -INFO- Task 3 started
2022-04-12 06:07:57,220 -INFO- Task 4 started
2022-04-12 06:07:57,221 -INFO- Task 5 started
2022-04-12 06:07:57,221 -INFO- Task 6 started
2022-04-12 06:07:57,221 -INFO- Task 7 started
2022-04-12 06:07:57,221 -INFO- Task 8 started
2022-04-12 06:07:57,221 -INFO- Task 9 started
2022-04-12 06:07:57,221 -INFO- Task 10 started
2022-04-12 06:07:57,222 -INFO- Task 11 started
2022-04-12 06:09:07,975 -INFO- generating gene anntations
2022-04-12 06:09:08,094 -INFO- 78 sequences classified by HMM
2022-04-12 06:09:08,095 -INFO- see protein domain sequences in `Lemunyon_NewNames.fasta.mod.RM.consensi.fa.rexdb.dom.faa` and annotation gff3 file in `Lemunyon_NewNames.fasta.mod.RM.consensi.fa.rexdb.dom.gff3`
2022-04-12 06:09:08,096 -INFO- classifying the unclassified sequences by searching against the classified ones
2022-04-12 06:09:08,156 -INFO- using the 80-80-80 rule
2022-04-12 06:09:08,156 -INFO- run CMD: `makeblastdb -in ./tmp/pass1_classified.fa -dbtype nucl`
2022-04-12 06:09:08,469 -INFO- run CMD: `blastn -query ./tmp/pass1_unclassified.fa -db ./tmp/pass1_classified.fa -out ./tmp/pass1_unclassified.fa.blastout -outfmt '6 qseqid sseqid pident length mismatch gapopen qstart qend sstart send evalue bitscore qlen slen qcovs qcovhsp sstrand' -num_threads 12`
2022-04-12 06:09:09,008 -INFO- 1 sequences classified in pass 2
2022-04-12 06:09:09,009 -INFO- total 79 sequences classified.
2022-04-12 06:09:09,009 -INFO- see classified sequences in `Lemunyon_NewNames.fasta.mod.RM.consensi.fa.rexdb.cls.tsv`
2022-04-12 06:09:09,010 -INFO- writing library for RepeatMasker in `Lemunyon_NewNames.fasta.mod.RM.consensi.fa.rexdb.cls.lib`
2022-04-12 06:09:09,056 -INFO- writing classified protein domains in `Lemunyon_NewNames.fasta.mod.RM.consensi.fa.rexdb.cls.pep`
2022-04-12 06:09:09,060 -INFO- Summary of classifications:
Order           Superfamily      # of Sequences# of Clade Sequences    # of Clades# of full Domains
LTR             Copia                         2              2              2              0
LTR             Gypsy                         6              6              4              0
pararetrovirus  unknown                       3              0              0              0
LINE            unknown                      37              0              0              0
TIR             EnSpm_CACTA                   1              0              0              0
TIR             MuDR_Mutator                 11              0              0              0
TIR             PIF_Harbinger                 5              0              0              0
TIR             hAT                           4              0              0              0
Helitron        unknown                       8              0              0              0
Maverick        unknown                       2              0              0              0
2022-04-12 06:09:09,060 -INFO- Pipeline done.
2022-04-12 06:09:09,061 -INFO- cleaning the temporary directory ./tmp
Tue Apr 12 06:28:18 EDT 2022	Clean up TE-related sequences in the CDS file with TEsorter:

2022-04-12 06:28:19,969 -WARNING- Grid computing is not available because DRMAA not configured properly: Could not find drmaa library.  Please specify its full path using the environment variable DRMAA_LIBRARY_PATH
2022-04-12 06:28:19,977 -INFO- VARS: {'sequence': 'Lemunyon_CDS_NewNames.fasta.code', 'hmm_database': 'rexdb', 'seq_type': 'nucl', 'prefix': 'Lemunyon_CDS_NewNames.fasta.code.rexdb', 'force_write_hmmscan': False, 'processors': 12, 'tmp_dir': './tmp', 'min_coverage': 20, 'max_evalue': 0.001, 'disable_pass2': False, 'pass2_rule': '80-80-80', 'no_library': False, 'no_reverse': False, 'no_cleanup': False, 'p2_identity': 80.0, 'p2_coverage': 80.0, 'p2_length': 80.0}
2022-04-12 06:28:19,978 -INFO- checking dependencies:
2022-04-12 06:28:19,990 -INFO- hmmer	3.3.1	OK
2022-04-12 06:28:20,065 -INFO- blastn	2.10.0+	OK
2022-04-12 06:28:20,066 -INFO- check database rexdb
2022-04-12 06:28:20,067 -INFO- db path: /mnt/ufs18/home-115/teresisc/anaconda3/envs/EDTA/lib/python3.6/site-packages/TEsorter/database
2022-04-12 06:28:20,067 -INFO- db file: REXdb_protein_database_viridiplantae_v3.0_plus_metazoa_v3.hmm
2022-04-12 06:28:20,067 -INFO- REXdb_protein_database_viridiplantae_v3.0_plus_metazoa_v3.hmm	OK
2022-04-12 06:28:20,067 -INFO- Start classifying pipeline
2022-04-12 06:28:20,327 -INFO- total 29684 sequences
2022-04-12 06:28:20,328 -INFO- translating `Lemunyon_CDS_NewNames.fasta.code` in six frames
/mnt/home/teresisc/anaconda3/envs/EDTA/lib/python3.6/site-packages/Bio/Seq.py:2338: BiopythonWarning: Partial codon, len(sequence) not a multiple of three. Explicitly trim the sequence or add trailing N before translation. This may become an error in future.
  BiopythonWarning,
2022-04-12 06:28:59,617 -INFO- HMM scanning against `/mnt/ufs18/home-115/teresisc/anaconda3/envs/EDTA/lib/python3.6/site-packages/TEsorter/database/REXdb_protein_database_viridiplantae_v3.0_plus_metazoa_v3.hmm`
2022-04-12 06:29:01,250 -INFO- Creating server instance (pp-1.6.4.4)
2022-04-12 06:29:01,251 -INFO- Running on Python 3.6.12 linux
2022-04-12 06:29:02,358 -INFO- pp local server started with 12 workers
2022-04-12 06:29:02,381 -INFO- Task 0 started
2022-04-12 06:29:02,381 -INFO- Task 1 started
2022-04-12 06:29:02,382 -INFO- Task 2 started
2022-04-12 06:29:02,382 -INFO- Task 3 started
2022-04-12 06:29:02,382 -INFO- Task 4 started
2022-04-12 06:29:02,383 -INFO- Task 5 started
2022-04-12 06:29:02,383 -INFO- Task 6 started
2022-04-12 06:29:02,383 -INFO- Task 7 started
2022-04-12 06:29:02,383 -INFO- Task 8 started
2022-04-12 06:29:02,383 -INFO- Task 9 started
2022-04-12 06:29:02,383 -INFO- Task 10 started
2022-04-12 06:29:02,384 -INFO- Task 11 started
2022-04-12 06:46:28,204 -INFO- generating gene anntations
2022-04-12 06:46:30,260 -INFO- 331 sequences classified by HMM
2022-04-12 06:46:30,261 -INFO- see protein domain sequences in `Lemunyon_CDS_NewNames.fasta.code.rexdb.dom.faa` and annotation gff3 file in `Lemunyon_CDS_NewNames.fasta.code.rexdb.dom.gff3`
2022-04-12 06:46:30,261 -INFO- classifying the unclassified sequences by searching against the classified ones
2022-04-12 06:46:31,138 -INFO- using the 80-80-80 rule
2022-04-12 06:46:31,139 -INFO- run CMD: `makeblastdb -in ./tmp/pass1_classified.fa -dbtype nucl`
2022-04-12 06:46:31,343 -INFO- run CMD: `blastn -query ./tmp/pass1_unclassified.fa -db ./tmp/pass1_classified.fa -out ./tmp/pass1_unclassified.fa.blastout -outfmt '6 qseqid sseqid pident length mismatch gapopen qstart qend sstart send evalue bitscore qlen slen qcovs qcovhsp sstrand' -num_threads 12`
2022-04-12 06:46:37,924 -INFO- 86 sequences classified in pass 2
2022-04-12 06:46:37,926 -INFO- total 417 sequences classified.
2022-04-12 06:46:37,926 -INFO- see classified sequences in `Lemunyon_CDS_NewNames.fasta.code.rexdb.cls.tsv`
2022-04-12 06:46:37,926 -INFO- writing library for RepeatMasker in `Lemunyon_CDS_NewNames.fasta.code.rexdb.cls.lib`
2022-04-12 06:46:38,564 -INFO- writing classified protein domains in `Lemunyon_CDS_NewNames.fasta.code.rexdb.cls.pep`
2022-04-12 06:46:38,573 -INFO- Summary of classifications:
Order           Superfamily      # of Sequences# of Clade Sequences    # of Clades# of full Domains
LTR             Bel-Pao                      11              0              0              0
LTR             Copia                        43             31             13              0
LTR             Gypsy                        60             43             15              0
LTR             Retrovirus                    6              0              0              0
pararetrovirus  unknown                       6              0              0              0
DIRS            unknown                       2              0              0              0
LINE            unknown                      22              0              0              0
TIR             Merlin                        1              0              0              0
TIR             MuDR_Mutator                 43              0              0              0
TIR             PIF_Harbinger                54              0              0              0
TIR             hAT                          20              0              0              0
Helitron        unknown                      16              0              0              0
Maverick        unknown                     132              0              0              0
mixture         mixture                       1              0              0              0
2022-04-12 06:46:38,574 -INFO- Pipeline done.
2022-04-12 06:46:38,574 -INFO- cleaning the temporary directory ./tmp
				Remove CDS-related sequences in the EDTA library:

Tue Apr 12 07:39:06 EDT 2022	EDTA final stage finished! You may check out:
				The final EDTA TE library: Lemunyon_NewNames.fasta.mod.EDTA.TElib.fa
Copying the library file and tar gz-ing the annotation folder
tar: Removing leading `/' from member names
Time taken: 338025
