amr-109
My Task ID: 5
Early_Black
Declaring output paths and running EDTA
mkdir-ing  /mnt/scratch/teresisc/Blueberry_Pangenome_TE_Analysis/results/Cranberry/Early_Black/Annotation
cd-ing into  /mnt/scratch/teresisc/Blueberry_Pangenome_TE_Analysis/results/Cranberry/Early_Black/Annotation
Removing recursively... 

########################################################
##### Extensive de-novo TE Annotator (EDTA) v2.0.0  ####
##### Shujun Ou (shujun.ou.1@gmail.com)             ####
########################################################



Wed Apr  6 13:20:59 EDT 2022	Dependency checking:
				All passed!

	A CDS file /mnt/research/edgerpat_lab/Scotty/Blueberry_Pangenome_TE_Analysis/results/Cranberry/Early_Black/Early_Black_CDS_NewNames.fasta is provided via --cds. Please make sure this is the DNA sequence of coding regions only.

Wed Apr  6 13:21:10 EDT 2022	Obtain raw TE libraries using various structure-based programs: 
Wed Apr  6 13:21:10 EDT 2022	EDTA_raw: Check dependencies, prepare working directories.

Wed Apr  6 13:21:16 EDT 2022	Start to find LTR candidates.

Wed Apr  6 13:21:16 EDT 2022	Identify LTR retrotransposon candidates from scratch.

Wed Apr  6 13:53:05 EDT 2022	Finish finding LTR candidates.

Wed Apr  6 13:53:05 EDT 2022	Start to find TIR candidates.

Wed Apr  6 13:53:05 EDT 2022	Identify TIR candidates from scratch.

Species: others
Wed Apr  6 18:32:34 EDT 2022	Finish finding TIR candidates.

Wed Apr  6 18:32:34 EDT 2022	Start to find Helitron candidates.

Wed Apr  6 18:32:34 EDT 2022	Identify Helitron candidates from scratch.

Wed Apr  6 21:55:35 EDT 2022	Finish finding Helitron candidates.

Wed Apr  6 21:55:35 EDT 2022	Execution of EDTA_raw.pl is finished!

Wed Apr  6 21:55:36 EDT 2022	Obtain raw TE libraries finished.
				All intact TEs found by EDTA: 
					Early_Black_NewNames.fasta.mod.EDTA.intact.fa
					Early_Black_NewNames.fasta.mod.EDTA.intact.gff3

Wed Apr  6 21:55:36 EDT 2022	Perform EDTA advance filtering for raw TE candidates and generate the stage 1 library: 

Wed Apr  6 22:35:47 EDT 2022	EDTA advance filtering finished.

Wed Apr  6 22:35:47 EDT 2022	Perform EDTA final steps to generate a non-redundant comprehensive TE library:

				Use RepeatModeler to identify any remaining TEs that are missed by structure-based methods.

2022-04-08 22:10:31,081 -WARNING- Grid computing is not available because DRMAA not configured properly: Could not find drmaa library.  Please specify its full path using the environment variable DRMAA_LIBRARY_PATH
2022-04-08 22:10:31,160 -INFO- VARS: {'sequence': 'Early_Black_NewNames.fasta.mod.RM.consensi.fa', 'hmm_database': 'rexdb', 'seq_type': 'nucl', 'prefix': 'Early_Black_NewNames.fasta.mod.RM.consensi.fa.rexdb', 'force_write_hmmscan': False, 'processors': 12, 'tmp_dir': './tmp', 'min_coverage': 20, 'max_evalue': 0.001, 'disable_pass2': False, 'pass2_rule': '80-80-80', 'no_library': False, 'no_reverse': False, 'no_cleanup': False, 'p2_identity': 80.0, 'p2_coverage': 80.0, 'p2_length': 80.0}
2022-04-08 22:10:31,160 -INFO- checking dependencies:
2022-04-08 22:10:31,240 -INFO- hmmer	3.3.1	OK
2022-04-08 22:10:31,304 -INFO- blastn	2.10.0+	OK
2022-04-08 22:10:31,305 -INFO- check database rexdb
2022-04-08 22:10:31,305 -INFO- db path: /mnt/ufs18/home-115/teresisc/anaconda3/envs/EDTA/lib/python3.6/site-packages/TEsorter/database
2022-04-08 22:10:31,305 -INFO- db file: REXdb_protein_database_viridiplantae_v3.0_plus_metazoa_v3.hmm
2022-04-08 22:10:31,306 -INFO- REXdb_protein_database_viridiplantae_v3.0_plus_metazoa_v3.hmm	OK
2022-04-08 22:10:31,306 -INFO- Start classifying pipeline
2022-04-08 22:10:31,504 -INFO- total 1896 sequences
2022-04-08 22:10:31,505 -INFO- translating `Early_Black_NewNames.fasta.mod.RM.consensi.fa` in six frames
/mnt/home/teresisc/anaconda3/envs/EDTA/lib/python3.6/site-packages/Bio/Seq.py:2338: BiopythonWarning: Partial codon, len(sequence) not a multiple of three. Explicitly trim the sequence or add trailing N before translation. This may become an error in future.
  BiopythonWarning,
2022-04-08 22:10:33,284 -INFO- HMM scanning against `/mnt/ufs18/home-115/teresisc/anaconda3/envs/EDTA/lib/python3.6/site-packages/TEsorter/database/REXdb_protein_database_viridiplantae_v3.0_plus_metazoa_v3.hmm`
2022-04-08 22:10:33,383 -INFO- Creating server instance (pp-1.6.4.4)
2022-04-08 22:10:33,384 -INFO- Running on Python 3.6.12 linux
2022-04-08 22:10:34,266 -INFO- pp local server started with 12 workers
2022-04-08 22:10:34,365 -INFO- Task 0 started
2022-04-08 22:10:34,365 -INFO- Task 1 started
2022-04-08 22:10:34,366 -INFO- Task 2 started
2022-04-08 22:10:34,366 -INFO- Task 3 started
2022-04-08 22:10:34,366 -INFO- Task 4 started
2022-04-08 22:10:34,366 -INFO- Task 5 started
2022-04-08 22:10:34,366 -INFO- Task 6 started
2022-04-08 22:10:34,366 -INFO- Task 7 started
2022-04-08 22:10:34,367 -INFO- Task 8 started
2022-04-08 22:10:34,367 -INFO- Task 9 started
2022-04-08 22:10:34,367 -INFO- Task 10 started
2022-04-08 22:10:34,367 -INFO- Task 11 started
2022-04-08 22:11:34,037 -INFO- generating gene anntations
2022-04-08 22:11:34,144 -INFO- 80 sequences classified by HMM
2022-04-08 22:11:34,145 -INFO- see protein domain sequences in `Early_Black_NewNames.fasta.mod.RM.consensi.fa.rexdb.dom.faa` and annotation gff3 file in `Early_Black_NewNames.fasta.mod.RM.consensi.fa.rexdb.dom.gff3`
2022-04-08 22:11:34,145 -INFO- classifying the unclassified sequences by searching against the classified ones
2022-04-08 22:11:34,198 -INFO- using the 80-80-80 rule
2022-04-08 22:11:34,198 -INFO- run CMD: `makeblastdb -in ./tmp/pass1_classified.fa -dbtype nucl`
2022-04-08 22:11:34,402 -INFO- run CMD: `blastn -query ./tmp/pass1_unclassified.fa -db ./tmp/pass1_classified.fa -out ./tmp/pass1_unclassified.fa.blastout -outfmt '6 qseqid sseqid pident length mismatch gapopen qstart qend sstart send evalue bitscore qlen slen qcovs qcovhsp sstrand' -num_threads 12`
2022-04-08 22:11:34,826 -INFO- 1 sequences classified in pass 2
2022-04-08 22:11:34,827 -INFO- total 81 sequences classified.
2022-04-08 22:11:34,827 -INFO- see classified sequences in `Early_Black_NewNames.fasta.mod.RM.consensi.fa.rexdb.cls.tsv`
2022-04-08 22:11:34,827 -INFO- writing library for RepeatMasker in `Early_Black_NewNames.fasta.mod.RM.consensi.fa.rexdb.cls.lib`
2022-04-08 22:11:34,869 -INFO- writing classified protein domains in `Early_Black_NewNames.fasta.mod.RM.consensi.fa.rexdb.cls.pep`
2022-04-08 22:11:34,872 -INFO- Summary of classifications:
Order           Superfamily      # of Sequences# of Clade Sequences    # of Clades# of full Domains
LTR             Copia                         1              1              1              0
LTR             Gypsy                        14             12              5              0
LINE            unknown                      37              0              0              0
TIR             EnSpm_CACTA                   2              0              0              0
TIR             MuDR_Mutator                 14              0              0              0
TIR             PIF_Harbinger                 5              0              0              0
TIR             hAT                           4              0              0              0
Helitron        unknown                       3              0              0              0
mixture         mixture                       1              0              0              0
2022-04-08 22:11:34,873 -INFO- Pipeline done.
2022-04-08 22:11:34,873 -INFO- cleaning the temporary directory ./tmp
Fri Apr  8 22:26:48 EDT 2022	Clean up TE-related sequences in the CDS file with TEsorter:

2022-04-08 22:26:49,677 -WARNING- Grid computing is not available because DRMAA not configured properly: Could not find drmaa library.  Please specify its full path using the environment variable DRMAA_LIBRARY_PATH
2022-04-08 22:26:49,682 -INFO- VARS: {'sequence': 'Early_Black_CDS_NewNames.fasta.code', 'hmm_database': 'rexdb', 'seq_type': 'nucl', 'prefix': 'Early_Black_CDS_NewNames.fasta.code.rexdb', 'force_write_hmmscan': False, 'processors': 12, 'tmp_dir': './tmp', 'min_coverage': 20, 'max_evalue': 0.001, 'disable_pass2': False, 'pass2_rule': '80-80-80', 'no_library': False, 'no_reverse': False, 'no_cleanup': False, 'p2_identity': 80.0, 'p2_coverage': 80.0, 'p2_length': 80.0}
2022-04-08 22:26:49,682 -INFO- checking dependencies:
2022-04-08 22:26:49,696 -INFO- hmmer	3.3.1	OK
2022-04-08 22:26:49,748 -INFO- blastn	2.10.0+	OK
2022-04-08 22:26:49,749 -INFO- check database rexdb
2022-04-08 22:26:49,749 -INFO- db path: /mnt/ufs18/home-115/teresisc/anaconda3/envs/EDTA/lib/python3.6/site-packages/TEsorter/database
2022-04-08 22:26:49,749 -INFO- db file: REXdb_protein_database_viridiplantae_v3.0_plus_metazoa_v3.hmm
2022-04-08 22:26:49,750 -INFO- REXdb_protein_database_viridiplantae_v3.0_plus_metazoa_v3.hmm	OK
2022-04-08 22:26:49,750 -INFO- Start classifying pipeline
2022-04-08 22:26:49,959 -INFO- total 29021 sequences
2022-04-08 22:26:49,959 -INFO- translating `Early_Black_CDS_NewNames.fasta.code` in six frames
/mnt/home/teresisc/anaconda3/envs/EDTA/lib/python3.6/site-packages/Bio/Seq.py:2338: BiopythonWarning: Partial codon, len(sequence) not a multiple of three. Explicitly trim the sequence or add trailing N before translation. This may become an error in future.
  BiopythonWarning,
2022-04-08 22:27:25,959 -INFO- HMM scanning against `/mnt/ufs18/home-115/teresisc/anaconda3/envs/EDTA/lib/python3.6/site-packages/TEsorter/database/REXdb_protein_database_viridiplantae_v3.0_plus_metazoa_v3.hmm`
2022-04-08 22:27:27,393 -INFO- Creating server instance (pp-1.6.4.4)
2022-04-08 22:27:27,394 -INFO- Running on Python 3.6.12 linux
2022-04-08 22:27:28,174 -INFO- pp local server started with 12 workers
2022-04-08 22:27:28,194 -INFO- Task 0 started
2022-04-08 22:27:28,194 -INFO- Task 1 started
2022-04-08 22:27:28,195 -INFO- Task 2 started
2022-04-08 22:27:28,195 -INFO- Task 3 started
2022-04-08 22:27:28,195 -INFO- Task 4 started
2022-04-08 22:27:28,195 -INFO- Task 5 started
2022-04-08 22:27:28,196 -INFO- Task 6 started
2022-04-08 22:27:28,196 -INFO- Task 7 started
2022-04-08 22:27:28,196 -INFO- Task 8 started
2022-04-08 22:27:28,197 -INFO- Task 9 started
2022-04-08 22:27:28,197 -INFO- Task 10 started
2022-04-08 22:27:28,197 -INFO- Task 11 started
2022-04-08 22:42:36,333 -INFO- generating gene anntations
2022-04-08 22:42:38,060 -INFO- 347 sequences classified by HMM
2022-04-08 22:42:38,060 -INFO- see protein domain sequences in `Early_Black_CDS_NewNames.fasta.code.rexdb.dom.faa` and annotation gff3 file in `Early_Black_CDS_NewNames.fasta.code.rexdb.dom.gff3`
2022-04-08 22:42:38,061 -INFO- classifying the unclassified sequences by searching against the classified ones
2022-04-08 22:42:38,903 -INFO- using the 80-80-80 rule
2022-04-08 22:42:38,904 -INFO- run CMD: `makeblastdb -in ./tmp/pass1_classified.fa -dbtype nucl`
2022-04-08 22:42:39,074 -INFO- run CMD: `blastn -query ./tmp/pass1_unclassified.fa -db ./tmp/pass1_classified.fa -out ./tmp/pass1_unclassified.fa.blastout -outfmt '6 qseqid sseqid pident length mismatch gapopen qstart qend sstart send evalue bitscore qlen slen qcovs qcovhsp sstrand' -num_threads 12`
2022-04-08 22:42:44,867 -INFO- 78 sequences classified in pass 2
2022-04-08 22:42:44,868 -INFO- total 425 sequences classified.
2022-04-08 22:42:44,868 -INFO- see classified sequences in `Early_Black_CDS_NewNames.fasta.code.rexdb.cls.tsv`
2022-04-08 22:42:44,868 -INFO- writing library for RepeatMasker in `Early_Black_CDS_NewNames.fasta.code.rexdb.cls.lib`
2022-04-08 22:42:45,502 -INFO- writing classified protein domains in `Early_Black_CDS_NewNames.fasta.code.rexdb.cls.pep`
2022-04-08 22:42:45,511 -INFO- Summary of classifications:
Order           Superfamily      # of Sequences# of Clade Sequences    # of Clades# of full Domains
LTR             Bel-Pao                       9              0              0              0
LTR             Copia                        47             37             14              0
LTR             Gypsy                        65             44             15              0
LTR             Retrovirus                    5              0              0              0
pararetrovirus  unknown                       7              0              0              0
LINE            unknown                      35              0              0              0
TIR             EnSpm_CACTA                   4              0              0              0
TIR             MuDR_Mutator                 32              0              0              0
TIR             PIF_Harbinger                55              0              0              0
TIR             hAT                          17              0              0              0
Helitron        unknown                       9              0              0              0
Maverick        unknown                     140              0              0              0
2022-04-08 22:42:45,511 -INFO- Pipeline done.
2022-04-08 22:42:45,512 -INFO- cleaning the temporary directory ./tmp
				Remove CDS-related sequences in the EDTA library:

Fri Apr  8 23:18:56 EDT 2022	EDTA final stage finished! You may check out:
				The final EDTA TE library: Early_Black_NewNames.fasta.mod.EDTA.TElib.fa
Copying the library file and tar gz-ing the annotation folder
tar: Removing leading `/' from member names
Time taken: 210040
