amr-109
My Task ID: 2
Budds_Blues
Declaring output paths and running EDTA
mkdir-ing  /mnt/scratch/teresisc/Blueberry_Pangenome_TE_Analysis/results/Cranberry/Budds_Blues/Annotation
cd-ing into  /mnt/scratch/teresisc/Blueberry_Pangenome_TE_Analysis/results/Cranberry/Budds_Blues/Annotation
Removing recursively... 

########################################################
##### Extensive de-novo TE Annotator (EDTA) v2.0.0  ####
##### Shujun Ou (shujun.ou.1@gmail.com)             ####
########################################################



Mon Apr  4 12:52:03 EDT 2022	Dependency checking:
				All passed!

	A CDS file /mnt/research/edgerpat_lab/Scotty/Blueberry_Pangenome_TE_Analysis/results/Cranberry/Budds_Blues/Budds_Blues_CDS_NewNames.fasta is provided via --cds. Please make sure this is the DNA sequence of coding regions only.

Mon Apr  4 12:52:12 EDT 2022	Obtain raw TE libraries using various structure-based programs: 
Mon Apr  4 12:52:12 EDT 2022	EDTA_raw: Check dependencies, prepare working directories.

Mon Apr  4 12:52:18 EDT 2022	Start to find LTR candidates.

Mon Apr  4 12:52:18 EDT 2022	Identify LTR retrotransposon candidates from scratch.

Mon Apr  4 13:23:37 EDT 2022	Finish finding LTR candidates.

Mon Apr  4 13:23:37 EDT 2022	Start to find TIR candidates.

Mon Apr  4 13:23:37 EDT 2022	Identify TIR candidates from scratch.

Species: others
Mon Apr  4 17:05:16 EDT 2022	Finish finding TIR candidates.

Mon Apr  4 17:05:16 EDT 2022	Start to find Helitron candidates.

Mon Apr  4 17:05:16 EDT 2022	Identify Helitron candidates from scratch.

Mon Apr  4 20:10:01 EDT 2022	Finish finding Helitron candidates.

Mon Apr  4 20:10:01 EDT 2022	Execution of EDTA_raw.pl is finished!

Mon Apr  4 20:10:02 EDT 2022	Obtain raw TE libraries finished.
				All intact TEs found by EDTA: 
					Budds_Blues_NewNames.fasta.mod.EDTA.intact.fa
					Budds_Blues_NewNames.fasta.mod.EDTA.intact.gff3

Mon Apr  4 20:10:02 EDT 2022	Perform EDTA advance filtering for raw TE candidates and generate the stage 1 library: 

Mon Apr  4 20:49:59 EDT 2022	EDTA advance filtering finished.

Mon Apr  4 20:49:59 EDT 2022	Perform EDTA final steps to generate a non-redundant comprehensive TE library:

				Use RepeatModeler to identify any remaining TEs that are missed by structure-based methods.

2022-04-06 11:54:48,318 -WARNING- Grid computing is not available because DRMAA not configured properly: Could not find drmaa library.  Please specify its full path using the environment variable DRMAA_LIBRARY_PATH
2022-04-06 11:54:48,407 -INFO- VARS: {'sequence': 'Budds_Blues_NewNames.fasta.mod.RM.consensi.fa', 'hmm_database': 'rexdb', 'seq_type': 'nucl', 'prefix': 'Budds_Blues_NewNames.fasta.mod.RM.consensi.fa.rexdb', 'force_write_hmmscan': False, 'processors': 12, 'tmp_dir': './tmp', 'min_coverage': 20, 'max_evalue': 0.001, 'disable_pass2': False, 'pass2_rule': '80-80-80', 'no_library': False, 'no_reverse': False, 'no_cleanup': False, 'p2_identity': 80.0, 'p2_coverage': 80.0, 'p2_length': 80.0}
2022-04-06 11:54:48,407 -INFO- checking dependencies:
2022-04-06 11:54:48,452 -INFO- hmmer	3.3.1	OK
2022-04-06 11:54:48,519 -INFO- blastn	2.10.0+	OK
2022-04-06 11:54:48,520 -INFO- check database rexdb
2022-04-06 11:54:48,520 -INFO- db path: /mnt/ufs18/home-115/teresisc/anaconda3/envs/EDTA/lib/python3.6/site-packages/TEsorter/database
2022-04-06 11:54:48,520 -INFO- db file: REXdb_protein_database_viridiplantae_v3.0_plus_metazoa_v3.hmm
2022-04-06 11:54:48,521 -INFO- REXdb_protein_database_viridiplantae_v3.0_plus_metazoa_v3.hmm	OK
2022-04-06 11:54:48,521 -INFO- Start classifying pipeline
2022-04-06 11:54:48,791 -INFO- total 1800 sequences
2022-04-06 11:54:48,791 -INFO- translating `Budds_Blues_NewNames.fasta.mod.RM.consensi.fa` in six frames
/mnt/home/teresisc/anaconda3/envs/EDTA/lib/python3.6/site-packages/Bio/Seq.py:2338: BiopythonWarning: Partial codon, len(sequence) not a multiple of three. Explicitly trim the sequence or add trailing N before translation. This may become an error in future.
  BiopythonWarning,
2022-04-06 11:54:50,392 -INFO- HMM scanning against `/mnt/ufs18/home-115/teresisc/anaconda3/envs/EDTA/lib/python3.6/site-packages/TEsorter/database/REXdb_protein_database_viridiplantae_v3.0_plus_metazoa_v3.hmm`
2022-04-06 11:54:50,486 -INFO- Creating server instance (pp-1.6.4.4)
2022-04-06 11:54:50,486 -INFO- Running on Python 3.6.12 linux
2022-04-06 11:54:51,408 -INFO- pp local server started with 12 workers
2022-04-06 11:54:51,514 -INFO- Task 0 started
2022-04-06 11:54:51,515 -INFO- Task 1 started
2022-04-06 11:54:51,515 -INFO- Task 2 started
2022-04-06 11:54:51,515 -INFO- Task 3 started
2022-04-06 11:54:51,516 -INFO- Task 4 started
2022-04-06 11:54:51,516 -INFO- Task 5 started
2022-04-06 11:54:51,516 -INFO- Task 6 started
2022-04-06 11:54:51,516 -INFO- Task 7 started
2022-04-06 11:54:51,517 -INFO- Task 8 started
2022-04-06 11:54:51,517 -INFO- Task 9 started
2022-04-06 11:54:51,517 -INFO- Task 10 started
2022-04-06 11:54:51,517 -INFO- Task 11 started
2022-04-06 11:55:49,401 -INFO- generating gene anntations
2022-04-06 11:55:49,499 -INFO- 75 sequences classified by HMM
2022-04-06 11:55:49,499 -INFO- see protein domain sequences in `Budds_Blues_NewNames.fasta.mod.RM.consensi.fa.rexdb.dom.faa` and annotation gff3 file in `Budds_Blues_NewNames.fasta.mod.RM.consensi.fa.rexdb.dom.gff3`
2022-04-06 11:55:49,499 -INFO- classifying the unclassified sequences by searching against the classified ones
2022-04-06 11:55:49,548 -INFO- using the 80-80-80 rule
2022-04-06 11:55:49,549 -INFO- run CMD: `makeblastdb -in ./tmp/pass1_classified.fa -dbtype nucl`
2022-04-06 11:55:49,765 -INFO- run CMD: `blastn -query ./tmp/pass1_unclassified.fa -db ./tmp/pass1_classified.fa -out ./tmp/pass1_unclassified.fa.blastout -outfmt '6 qseqid sseqid pident length mismatch gapopen qstart qend sstart send evalue bitscore qlen slen qcovs qcovhsp sstrand' -num_threads 12`
2022-04-06 11:55:50,176 -INFO- 4 sequences classified in pass 2
2022-04-06 11:55:50,176 -INFO- total 79 sequences classified.
2022-04-06 11:55:50,177 -INFO- see classified sequences in `Budds_Blues_NewNames.fasta.mod.RM.consensi.fa.rexdb.cls.tsv`
2022-04-06 11:55:50,177 -INFO- writing library for RepeatMasker in `Budds_Blues_NewNames.fasta.mod.RM.consensi.fa.rexdb.cls.lib`
2022-04-06 11:55:50,215 -INFO- writing classified protein domains in `Budds_Blues_NewNames.fasta.mod.RM.consensi.fa.rexdb.cls.pep`
2022-04-06 11:55:50,218 -INFO- Summary of classifications:
Order           Superfamily      # of Sequences# of Clade Sequences    # of Clades# of full Domains
LTR             Copia                         1              1              1              0
LTR             Gypsy                        13             10              4              0
pararetrovirus  unknown                       3              0              0              0
LINE            unknown                      33              0              0              0
TIR             EnSpm_CACTA                   1              0              0              0
TIR             MuDR_Mutator                 18              0              0              0
TIR             PIF_Harbinger                 2              0              0              0
TIR             hAT                           3              0              0              0
Helitron        unknown                       4              0              0              0
Maverick        unknown                       1              0              0              0
2022-04-06 11:55:50,218 -INFO- Pipeline done.
2022-04-06 11:55:50,218 -INFO- cleaning the temporary directory ./tmp
Wed Apr  6 12:10:46 EDT 2022	Clean up TE-related sequences in the CDS file with TEsorter:

2022-04-06 12:10:46,797 -WARNING- Grid computing is not available because DRMAA not configured properly: Could not find drmaa library.  Please specify its full path using the environment variable DRMAA_LIBRARY_PATH
2022-04-06 12:10:46,802 -INFO- VARS: {'sequence': 'Budds_Blues_CDS_NewNames.fasta.code', 'hmm_database': 'rexdb', 'seq_type': 'nucl', 'prefix': 'Budds_Blues_CDS_NewNames.fasta.code.rexdb', 'force_write_hmmscan': False, 'processors': 12, 'tmp_dir': './tmp', 'min_coverage': 20, 'max_evalue': 0.001, 'disable_pass2': False, 'pass2_rule': '80-80-80', 'no_library': False, 'no_reverse': False, 'no_cleanup': False, 'p2_identity': 80.0, 'p2_coverage': 80.0, 'p2_length': 80.0}
2022-04-06 12:10:46,802 -INFO- checking dependencies:
2022-04-06 12:10:46,815 -INFO- hmmer	3.3.1	OK
2022-04-06 12:10:46,894 -INFO- blastn	2.10.0+	OK
2022-04-06 12:10:46,894 -INFO- check database rexdb
2022-04-06 12:10:46,895 -INFO- db path: /mnt/ufs18/home-115/teresisc/anaconda3/envs/EDTA/lib/python3.6/site-packages/TEsorter/database
2022-04-06 12:10:46,895 -INFO- db file: REXdb_protein_database_viridiplantae_v3.0_plus_metazoa_v3.hmm
2022-04-06 12:10:46,895 -INFO- REXdb_protein_database_viridiplantae_v3.0_plus_metazoa_v3.hmm	OK
2022-04-06 12:10:46,895 -INFO- Start classifying pipeline
2022-04-06 12:10:47,097 -INFO- total 27374 sequences
2022-04-06 12:10:47,097 -INFO- translating `Budds_Blues_CDS_NewNames.fasta.code` in six frames
/mnt/home/teresisc/anaconda3/envs/EDTA/lib/python3.6/site-packages/Bio/Seq.py:2338: BiopythonWarning: Partial codon, len(sequence) not a multiple of three. Explicitly trim the sequence or add trailing N before translation. This may become an error in future.
  BiopythonWarning,
2022-04-06 12:11:20,189 -INFO- HMM scanning against `/mnt/ufs18/home-115/teresisc/anaconda3/envs/EDTA/lib/python3.6/site-packages/TEsorter/database/REXdb_protein_database_viridiplantae_v3.0_plus_metazoa_v3.hmm`
2022-04-06 12:11:21,546 -INFO- Creating server instance (pp-1.6.4.4)
2022-04-06 12:11:21,546 -INFO- Running on Python 3.6.12 linux
2022-04-06 12:11:22,400 -INFO- pp local server started with 12 workers
2022-04-06 12:11:22,419 -INFO- Task 0 started
2022-04-06 12:11:22,420 -INFO- Task 1 started
2022-04-06 12:11:22,420 -INFO- Task 2 started
2022-04-06 12:11:22,420 -INFO- Task 3 started
2022-04-06 12:11:22,420 -INFO- Task 4 started
2022-04-06 12:11:22,421 -INFO- Task 5 started
2022-04-06 12:11:22,421 -INFO- Task 6 started
2022-04-06 12:11:22,421 -INFO- Task 7 started
2022-04-06 12:11:22,421 -INFO- Task 8 started
2022-04-06 12:11:22,422 -INFO- Task 9 started
2022-04-06 12:11:22,422 -INFO- Task 10 started
2022-04-06 12:11:22,422 -INFO- Task 11 started
2022-04-06 12:26:07,314 -INFO- generating gene anntations
2022-04-06 12:26:09,020 -INFO- 327 sequences classified by HMM
2022-04-06 12:26:09,020 -INFO- see protein domain sequences in `Budds_Blues_CDS_NewNames.fasta.code.rexdb.dom.faa` and annotation gff3 file in `Budds_Blues_CDS_NewNames.fasta.code.rexdb.dom.gff3`
2022-04-06 12:26:09,020 -INFO- classifying the unclassified sequences by searching against the classified ones
2022-04-06 12:26:09,811 -INFO- using the 80-80-80 rule
2022-04-06 12:26:09,811 -INFO- run CMD: `makeblastdb -in ./tmp/pass1_classified.fa -dbtype nucl`
2022-04-06 12:26:10,005 -INFO- run CMD: `blastn -query ./tmp/pass1_unclassified.fa -db ./tmp/pass1_classified.fa -out ./tmp/pass1_unclassified.fa.blastout -outfmt '6 qseqid sseqid pident length mismatch gapopen qstart qend sstart send evalue bitscore qlen slen qcovs qcovhsp sstrand' -num_threads 12`
2022-04-06 12:26:15,404 -INFO- 77 sequences classified in pass 2
2022-04-06 12:26:15,405 -INFO- total 404 sequences classified.
2022-04-06 12:26:15,405 -INFO- see classified sequences in `Budds_Blues_CDS_NewNames.fasta.code.rexdb.cls.tsv`
2022-04-06 12:26:15,405 -INFO- writing library for RepeatMasker in `Budds_Blues_CDS_NewNames.fasta.code.rexdb.cls.lib`
2022-04-06 12:26:16,035 -INFO- writing classified protein domains in `Budds_Blues_CDS_NewNames.fasta.code.rexdb.cls.pep`
2022-04-06 12:26:16,043 -INFO- Summary of classifications:
Order           Superfamily      # of Sequences# of Clade Sequences    # of Clades# of full Domains
LTR             Bel-Pao                      11              0              0              0
LTR             Copia                        48             39             15              0
LTR             Gypsy                        63             43             14              0
LTR             Retrovirus                    5              0              0              0
LTR             mixture                       1              0              0              0
pararetrovirus  unknown                       4              0              0              0
LINE            unknown                      29              0              0              0
TIR             EnSpm_CACTA                   1              0              0              0
TIR             Merlin                        1              0              0              0
TIR             MuDR_Mutator                 39              0              0              0
TIR             PIF_Harbinger                52              0              0              0
TIR             hAT                          19              0              0              0
Helitron        unknown                      12              0              0              0
Maverick        unknown                     119              0              0              0
2022-04-06 12:26:16,044 -INFO- Pipeline done.
2022-04-06 12:26:16,044 -INFO- cleaning the temporary directory ./tmp
				Remove CDS-related sequences in the EDTA library:

pararetrovirus/NA not found in the TE_SO database, it will not be used to rename sequences in the final annotation.
Wed Apr  6 12:59:50 EDT 2022	EDTA final stage finished! You may check out:
				The final EDTA TE library: Budds_Blues_NewNames.fasta.mod.EDTA.TElib.fa
Copying the library file and tar gz-ing the annotation folder
tar: Removing leading `/' from member names
Time taken: 174515
