amr-108
My Task ID: 6
Early_Richard
Declaring output paths and running EDTA
mkdir-ing  /mnt/scratch/teresisc/Blueberry_Pangenome_TE_Analysis/results/Cranberry/Early_Richard/Annotation
cd-ing into  /mnt/scratch/teresisc/Blueberry_Pangenome_TE_Analysis/results/Cranberry/Early_Richard/Annotation
Removing recursively... 

########################################################
##### Extensive de-novo TE Annotator (EDTA) v2.0.0  ####
##### Shujun Ou (shujun.ou.1@gmail.com)             ####
########################################################



Thu Apr  7 08:26:22 EDT 2022	Dependency checking:
				All passed!

	A CDS file /mnt/research/edgerpat_lab/Scotty/Blueberry_Pangenome_TE_Analysis/results/Cranberry/Early_Richard/Early_Richard_CDS_NewNames.fasta is provided via --cds. Please make sure this is the DNA sequence of coding regions only.

Thu Apr  7 08:26:32 EDT 2022	Obtain raw TE libraries using various structure-based programs: 
Thu Apr  7 08:26:32 EDT 2022	EDTA_raw: Check dependencies, prepare working directories.

Thu Apr  7 08:26:37 EDT 2022	Start to find LTR candidates.

Thu Apr  7 08:26:37 EDT 2022	Identify LTR retrotransposon candidates from scratch.

Thu Apr  7 09:13:22 EDT 2022	Finish finding LTR candidates.

Thu Apr  7 09:13:22 EDT 2022	Start to find TIR candidates.

Thu Apr  7 09:13:22 EDT 2022	Identify TIR candidates from scratch.

Species: others
Thu Apr  7 13:23:12 EDT 2022	Finish finding TIR candidates.

Thu Apr  7 13:23:12 EDT 2022	Start to find Helitron candidates.

Thu Apr  7 13:23:12 EDT 2022	Identify Helitron candidates from scratch.

Thu Apr  7 16:40:30 EDT 2022	Finish finding Helitron candidates.

Thu Apr  7 16:40:30 EDT 2022	Execution of EDTA_raw.pl is finished!

Thu Apr  7 16:40:31 EDT 2022	Obtain raw TE libraries finished.
				All intact TEs found by EDTA: 
					Early_Richard_NewNames.fasta.mod.EDTA.intact.fa
					Early_Richard_NewNames.fasta.mod.EDTA.intact.gff3

Thu Apr  7 16:40:31 EDT 2022	Perform EDTA advance filtering for raw TE candidates and generate the stage 1 library: 

Thu Apr  7 17:22:17 EDT 2022	EDTA advance filtering finished.

Thu Apr  7 17:22:17 EDT 2022	Perform EDTA final steps to generate a non-redundant comprehensive TE library:

				Use RepeatModeler to identify any remaining TEs that are missed by structure-based methods.

2022-04-09 17:05:15,619 -WARNING- Grid computing is not available because DRMAA not configured properly: Could not find drmaa library.  Please specify its full path using the environment variable DRMAA_LIBRARY_PATH
2022-04-09 17:05:15,714 -INFO- VARS: {'sequence': 'Early_Richard_NewNames.fasta.mod.RM.consensi.fa', 'hmm_database': 'rexdb', 'seq_type': 'nucl', 'prefix': 'Early_Richard_NewNames.fasta.mod.RM.consensi.fa.rexdb', 'force_write_hmmscan': False, 'processors': 12, 'tmp_dir': './tmp', 'min_coverage': 20, 'max_evalue': 0.001, 'disable_pass2': False, 'pass2_rule': '80-80-80', 'no_library': False, 'no_reverse': False, 'no_cleanup': False, 'p2_identity': 80.0, 'p2_coverage': 80.0, 'p2_length': 80.0}
2022-04-09 17:05:15,714 -INFO- checking dependencies:
2022-04-09 17:05:15,777 -INFO- hmmer	3.3.1	OK
2022-04-09 17:05:15,844 -INFO- blastn	2.10.0+	OK
2022-04-09 17:05:15,845 -INFO- check database rexdb
2022-04-09 17:05:15,845 -INFO- db path: /mnt/ufs18/home-115/teresisc/anaconda3/envs/EDTA/lib/python3.6/site-packages/TEsorter/database
2022-04-09 17:05:15,845 -INFO- db file: REXdb_protein_database_viridiplantae_v3.0_plus_metazoa_v3.hmm
2022-04-09 17:05:15,846 -INFO- REXdb_protein_database_viridiplantae_v3.0_plus_metazoa_v3.hmm	OK
2022-04-09 17:05:15,846 -INFO- Start classifying pipeline
2022-04-09 17:05:16,087 -INFO- total 1808 sequences
2022-04-09 17:05:16,087 -INFO- translating `Early_Richard_NewNames.fasta.mod.RM.consensi.fa` in six frames
/mnt/home/teresisc/anaconda3/envs/EDTA/lib/python3.6/site-packages/Bio/Seq.py:2338: BiopythonWarning: Partial codon, len(sequence) not a multiple of three. Explicitly trim the sequence or add trailing N before translation. This may become an error in future.
  BiopythonWarning,
2022-04-09 17:05:17,912 -INFO- HMM scanning against `/mnt/ufs18/home-115/teresisc/anaconda3/envs/EDTA/lib/python3.6/site-packages/TEsorter/database/REXdb_protein_database_viridiplantae_v3.0_plus_metazoa_v3.hmm`
2022-04-09 17:05:18,005 -INFO- Creating server instance (pp-1.6.4.4)
2022-04-09 17:05:18,005 -INFO- Running on Python 3.6.12 linux
2022-04-09 17:05:18,827 -INFO- pp local server started with 12 workers
2022-04-09 17:05:18,907 -INFO- Task 0 started
2022-04-09 17:05:18,907 -INFO- Task 1 started
2022-04-09 17:05:18,907 -INFO- Task 2 started
2022-04-09 17:05:18,908 -INFO- Task 3 started
2022-04-09 17:05:18,908 -INFO- Task 4 started
2022-04-09 17:05:18,908 -INFO- Task 5 started
2022-04-09 17:05:18,908 -INFO- Task 6 started
2022-04-09 17:05:18,908 -INFO- Task 7 started
2022-04-09 17:05:18,909 -INFO- Task 8 started
2022-04-09 17:05:18,909 -INFO- Task 9 started
2022-04-09 17:05:18,909 -INFO- Task 10 started
2022-04-09 17:05:18,909 -INFO- Task 11 started
2022-04-09 17:06:16,930 -INFO- generating gene anntations
2022-04-09 17:06:17,014 -INFO- 72 sequences classified by HMM
2022-04-09 17:06:17,014 -INFO- see protein domain sequences in `Early_Richard_NewNames.fasta.mod.RM.consensi.fa.rexdb.dom.faa` and annotation gff3 file in `Early_Richard_NewNames.fasta.mod.RM.consensi.fa.rexdb.dom.gff3`
2022-04-09 17:06:17,014 -INFO- classifying the unclassified sequences by searching against the classified ones
2022-04-09 17:06:17,064 -INFO- using the 80-80-80 rule
2022-04-09 17:06:17,064 -INFO- run CMD: `makeblastdb -in ./tmp/pass1_classified.fa -dbtype nucl`
2022-04-09 17:06:17,217 -INFO- run CMD: `blastn -query ./tmp/pass1_unclassified.fa -db ./tmp/pass1_classified.fa -out ./tmp/pass1_unclassified.fa.blastout -outfmt '6 qseqid sseqid pident length mismatch gapopen qstart qend sstart send evalue bitscore qlen slen qcovs qcovhsp sstrand' -num_threads 12`
2022-04-09 17:06:17,605 -INFO- 2 sequences classified in pass 2
2022-04-09 17:06:17,605 -INFO- total 74 sequences classified.
2022-04-09 17:06:17,605 -INFO- see classified sequences in `Early_Richard_NewNames.fasta.mod.RM.consensi.fa.rexdb.cls.tsv`
2022-04-09 17:06:17,605 -INFO- writing library for RepeatMasker in `Early_Richard_NewNames.fasta.mod.RM.consensi.fa.rexdb.cls.lib`
2022-04-09 17:06:17,646 -INFO- writing classified protein domains in `Early_Richard_NewNames.fasta.mod.RM.consensi.fa.rexdb.cls.pep`
2022-04-09 17:06:17,648 -INFO- Summary of classifications:
Order           Superfamily      # of Sequences# of Clade Sequences    # of Clades# of full Domains
LTR             Copia                         1              1              1              0
LTR             Gypsy                        10              9              5              0
pararetrovirus  unknown                       3              0              0              0
LINE            unknown                      33              0              0              0
TIR             EnSpm_CACTA                   2              0              0              0
TIR             MuDR_Mutator                 10              0              0              0
TIR             PIF_Harbinger                 7              0              0              0
TIR             hAT                           3              0              0              0
Helitron        unknown                       4              0              0              0
Maverick        unknown                       1              0              0              0
2022-04-09 17:06:17,649 -INFO- Pipeline done.
2022-04-09 17:06:17,649 -INFO- cleaning the temporary directory ./tmp
Sat Apr  9 17:21:36 EDT 2022	Clean up TE-related sequences in the CDS file with TEsorter:

2022-04-09 17:21:37,455 -WARNING- Grid computing is not available because DRMAA not configured properly: Could not find drmaa library.  Please specify its full path using the environment variable DRMAA_LIBRARY_PATH
2022-04-09 17:21:37,463 -INFO- VARS: {'sequence': 'Early_Richard_CDS_NewNames.fasta.code', 'hmm_database': 'rexdb', 'seq_type': 'nucl', 'prefix': 'Early_Richard_CDS_NewNames.fasta.code.rexdb', 'force_write_hmmscan': False, 'processors': 12, 'tmp_dir': './tmp', 'min_coverage': 20, 'max_evalue': 0.001, 'disable_pass2': False, 'pass2_rule': '80-80-80', 'no_library': False, 'no_reverse': False, 'no_cleanup': False, 'p2_identity': 80.0, 'p2_coverage': 80.0, 'p2_length': 80.0}
2022-04-09 17:21:37,463 -INFO- checking dependencies:
2022-04-09 17:21:37,476 -INFO- hmmer	3.3.1	OK
2022-04-09 17:21:37,530 -INFO- blastn	2.10.0+	OK
2022-04-09 17:21:37,530 -INFO- check database rexdb
2022-04-09 17:21:37,531 -INFO- db path: /mnt/ufs18/home-115/teresisc/anaconda3/envs/EDTA/lib/python3.6/site-packages/TEsorter/database
2022-04-09 17:21:37,531 -INFO- db file: REXdb_protein_database_viridiplantae_v3.0_plus_metazoa_v3.hmm
2022-04-09 17:21:37,531 -INFO- REXdb_protein_database_viridiplantae_v3.0_plus_metazoa_v3.hmm	OK
2022-04-09 17:21:37,531 -INFO- Start classifying pipeline
2022-04-09 17:21:37,743 -INFO- total 28792 sequences
2022-04-09 17:21:37,743 -INFO- translating `Early_Richard_CDS_NewNames.fasta.code` in six frames
/mnt/home/teresisc/anaconda3/envs/EDTA/lib/python3.6/site-packages/Bio/Seq.py:2338: BiopythonWarning: Partial codon, len(sequence) not a multiple of three. Explicitly trim the sequence or add trailing N before translation. This may become an error in future.
  BiopythonWarning,
2022-04-09 17:22:12,753 -INFO- HMM scanning against `/mnt/ufs18/home-115/teresisc/anaconda3/envs/EDTA/lib/python3.6/site-packages/TEsorter/database/REXdb_protein_database_viridiplantae_v3.0_plus_metazoa_v3.hmm`
2022-04-09 17:22:14,179 -INFO- Creating server instance (pp-1.6.4.4)
2022-04-09 17:22:14,179 -INFO- Running on Python 3.6.12 linux
2022-04-09 17:22:14,994 -INFO- pp local server started with 12 workers
2022-04-09 17:22:15,015 -INFO- Task 0 started
2022-04-09 17:22:15,016 -INFO- Task 1 started
2022-04-09 17:22:15,016 -INFO- Task 2 started
2022-04-09 17:22:15,016 -INFO- Task 3 started
2022-04-09 17:22:15,016 -INFO- Task 4 started
2022-04-09 17:22:15,017 -INFO- Task 5 started
2022-04-09 17:22:15,017 -INFO- Task 6 started
2022-04-09 17:22:15,017 -INFO- Task 7 started
2022-04-09 17:22:15,017 -INFO- Task 8 started
2022-04-09 17:22:15,017 -INFO- Task 9 started
2022-04-09 17:22:15,018 -INFO- Task 10 started
2022-04-09 17:22:15,018 -INFO- Task 11 started
2022-04-09 17:37:37,630 -INFO- generating gene anntations
2022-04-09 17:37:39,351 -INFO- 334 sequences classified by HMM
2022-04-09 17:37:39,351 -INFO- see protein domain sequences in `Early_Richard_CDS_NewNames.fasta.code.rexdb.dom.faa` and annotation gff3 file in `Early_Richard_CDS_NewNames.fasta.code.rexdb.dom.gff3`
2022-04-09 17:37:39,351 -INFO- classifying the unclassified sequences by searching against the classified ones
2022-04-09 17:37:40,193 -INFO- using the 80-80-80 rule
2022-04-09 17:37:40,193 -INFO- run CMD: `makeblastdb -in ./tmp/pass1_classified.fa -dbtype nucl`
2022-04-09 17:37:40,598 -INFO- run CMD: `blastn -query ./tmp/pass1_unclassified.fa -db ./tmp/pass1_classified.fa -out ./tmp/pass1_unclassified.fa.blastout -outfmt '6 qseqid sseqid pident length mismatch gapopen qstart qend sstart send evalue bitscore qlen slen qcovs qcovhsp sstrand' -num_threads 12`
2022-04-09 17:37:46,344 -INFO- 80 sequences classified in pass 2
2022-04-09 17:37:46,345 -INFO- total 414 sequences classified.
2022-04-09 17:37:46,345 -INFO- see classified sequences in `Early_Richard_CDS_NewNames.fasta.code.rexdb.cls.tsv`
2022-04-09 17:37:46,345 -INFO- writing library for RepeatMasker in `Early_Richard_CDS_NewNames.fasta.code.rexdb.cls.lib`
2022-04-09 17:37:46,969 -INFO- writing classified protein domains in `Early_Richard_CDS_NewNames.fasta.code.rexdb.cls.pep`
2022-04-09 17:37:46,977 -INFO- Summary of classifications:
Order           Superfamily      # of Sequences# of Clade Sequences    # of Clades# of full Domains
LTR             Bel-Pao                       3              0              0              0
LTR             Copia                        54             33             14              0
LTR             Gypsy                        71             47             15              0
LTR             Retrovirus                    4              0              0              0
LTR             mixture                       1              0              0              0
pararetrovirus  unknown                       1              0              0              0
LINE            unknown                      30              0              0              0
TIR             EnSpm_CACTA                   1              0              0              0
TIR             Merlin                        1              0              0              0
TIR             MuDR_Mutator                 37              0              0              0
TIR             PIF_Harbinger                49              0              0              0
TIR             hAT                          23              0              0              0
Helitron        unknown                      13              0              0              0
Maverick        unknown                     125              0              0              0
mixture         mixture                       1              0              0              0
2022-04-09 17:37:46,978 -INFO- Pipeline done.
2022-04-09 17:37:46,978 -INFO- cleaning the temporary directory ./tmp
				Remove CDS-related sequences in the EDTA library:

Sat Apr  9 18:13:13 EDT 2022	EDTA final stage finished! You may check out:
				The final EDTA TE library: Early_Richard_NewNames.fasta.mod.EDTA.TElib.fa
Copying the library file and tar gz-ing the annotation folder
tar: Removing leading `/' from member names
Time taken: 209463
