amr-205
My Task ID: 8
Legacy
Declaring output paths and running EDTA

########################################################
##### Extensive de-novo TE Annotator (EDTA) v2.0.0  ####
##### Shujun Ou (shujun.ou.1@gmail.com)             ####
########################################################



Sat May 21 08:58:24 EDT 2022	Dependency checking:
				All passed!

	A custom library /mnt/research/edgerpat_lab/Scotty/Blueberry_Pangenome_TE_Analysis/results/Blueberry/Northern_pan_lib/liblist_Northern.txt.panTE.fa is provided via --curatedlib. Please make sure this is a manually curated library but not machine generated.

	A CDS file /mnt/research/edgerpat_lab/Scotty/Blueberry_Pangenome_TE_Analysis/results/Blueberry/Legacy/Legacy_CDS_NewNames.fasta is provided via --cds. Please make sure this is the DNA sequence of coding regions only.

Sat May 21 08:59:34 EDT 2022	Obtain raw TE libraries using various structure-based programs: 
Sat May 21 08:59:34 EDT 2022	EDTA_raw: Check dependencies, prepare working directories.

Sat May 21 08:59:51 EDT 2022	Start to find LTR candidates.

Sat May 21 08:59:51 EDT 2022	Identify LTR retrotransposon candidates from scratch.

Sat May 21 09:49:53 EDT 2022	Finish finding LTR candidates.

Sat May 21 09:49:53 EDT 2022	Start to find TIR candidates.

Sat May 21 09:49:53 EDT 2022	Identify TIR candidates from scratch.

Species: others
Sat May 21 22:37:27 EDT 2022	Finish finding TIR candidates.

Sat May 21 22:37:27 EDT 2022	Start to find Helitron candidates.

Sat May 21 22:37:27 EDT 2022	Identify Helitron candidates from scratch.

Sun May 22 09:25:01 EDT 2022	Finish finding Helitron candidates.

Sun May 22 09:25:01 EDT 2022	Execution of EDTA_raw.pl is finished!

Sun May 22 09:25:02 EDT 2022	Obtain raw TE libraries finished.
				All intact TEs found by EDTA: 
					Legacy_NewNames.fasta.mod.EDTA.intact.fa
					Legacy_NewNames.fasta.mod.EDTA.intact.gff3

Sun May 22 09:25:02 EDT 2022	Perform EDTA advance filtering for raw TE candidates and generate the stage 1 library: 

Sun May 22 10:59:49 EDT 2022	EDTA advance filtering finished.

Sun May 22 10:59:49 EDT 2022	Perform EDTA final steps to generate a non-redundant comprehensive TE library:

				Use RepeatModeler to identify any remaining TEs that are missed by structure-based methods.

2022-05-25 00:13:07,712 -WARNING- Grid computing is not available because DRMAA not configured properly: Could not find drmaa library.  Please specify its full path using the environment variable DRMAA_LIBRARY_PATH
2022-05-25 00:13:07,817 -INFO- VARS: {'sequence': 'Legacy_NewNames.fasta.mod.RM.consensi.fa', 'hmm_database': 'rexdb', 'seq_type': 'nucl', 'prefix': 'Legacy_NewNames.fasta.mod.RM.consensi.fa.rexdb', 'force_write_hmmscan': False, 'processors': 24, 'tmp_dir': './tmp', 'min_coverage': 20, 'max_evalue': 0.001, 'disable_pass2': False, 'pass2_rule': '80-80-80', 'no_library': False, 'no_reverse': False, 'no_cleanup': False, 'p2_identity': 80.0, 'p2_coverage': 80.0, 'p2_length': 80.0}
2022-05-25 00:13:07,817 -INFO- checking dependencies:
2022-05-25 00:13:07,891 -INFO- hmmer	3.3.1	OK
2022-05-25 00:13:08,064 -INFO- blastn	2.10.0+	OK
2022-05-25 00:13:08,066 -INFO- check database rexdb
2022-05-25 00:13:08,066 -INFO- db path: /mnt/ufs18/home-115/teresisc/anaconda3/envs/EDTA/lib/python3.6/site-packages/TEsorter/database
2022-05-25 00:13:08,067 -INFO- db file: REXdb_protein_database_viridiplantae_v3.0_plus_metazoa_v3.hmm
2022-05-25 00:13:08,067 -INFO- REXdb_protein_database_viridiplantae_v3.0_plus_metazoa_v3.hmm	OK
2022-05-25 00:13:08,067 -INFO- Start classifying pipeline
2022-05-25 00:13:08,264 -INFO- total 2149 sequences
2022-05-25 00:13:08,264 -INFO- translating `Legacy_NewNames.fasta.mod.RM.consensi.fa` in six frames
/mnt/home/teresisc/anaconda3/envs/EDTA/lib/python3.6/site-packages/Bio/Seq.py:2338: BiopythonWarning: Partial codon, len(sequence) not a multiple of three. Explicitly trim the sequence or add trailing N before translation. This may become an error in future.
  BiopythonWarning,
2022-05-25 00:13:11,808 -INFO- HMM scanning against `/mnt/ufs18/home-115/teresisc/anaconda3/envs/EDTA/lib/python3.6/site-packages/TEsorter/database/REXdb_protein_database_viridiplantae_v3.0_plus_metazoa_v3.hmm`
2022-05-25 00:13:11,935 -INFO- Creating server instance (pp-1.6.4.4)
2022-05-25 00:13:11,935 -INFO- Running on Python 3.6.12 linux
2022-05-25 00:13:13,491 -INFO- pp local server started with 24 workers
2022-05-25 00:13:13,602 -INFO- Task 0 started
2022-05-25 00:13:13,603 -INFO- Task 1 started
2022-05-25 00:13:13,603 -INFO- Task 2 started
2022-05-25 00:13:13,603 -INFO- Task 3 started
2022-05-25 00:13:13,603 -INFO- Task 4 started
2022-05-25 00:13:13,604 -INFO- Task 5 started
2022-05-25 00:13:13,604 -INFO- Task 6 started
2022-05-25 00:13:13,604 -INFO- Task 7 started
2022-05-25 00:13:13,604 -INFO- Task 8 started
2022-05-25 00:13:13,604 -INFO- Task 9 started
2022-05-25 00:13:13,605 -INFO- Task 10 started
2022-05-25 00:13:13,605 -INFO- Task 11 started
2022-05-25 00:13:13,605 -INFO- Task 12 started
2022-05-25 00:13:13,606 -INFO- Task 13 started
2022-05-25 00:13:13,606 -INFO- Task 14 started
2022-05-25 00:13:13,606 -INFO- Task 15 started
2022-05-25 00:13:13,606 -INFO- Task 16 started
2022-05-25 00:13:13,607 -INFO- Task 17 started
2022-05-25 00:13:13,607 -INFO- Task 18 started
2022-05-25 00:13:13,607 -INFO- Task 19 started
2022-05-25 00:13:13,608 -INFO- Task 20 started
2022-05-25 00:13:13,608 -INFO- Task 21 started
2022-05-25 00:13:13,608 -INFO- Task 22 started
2022-05-25 00:13:13,609 -INFO- Task 23 started
2022-05-25 00:14:35,242 -INFO- generating gene anntations
2022-05-25 00:14:35,370 -INFO- 83 sequences classified by HMM
2022-05-25 00:14:35,370 -INFO- see protein domain sequences in `Legacy_NewNames.fasta.mod.RM.consensi.fa.rexdb.dom.faa` and annotation gff3 file in `Legacy_NewNames.fasta.mod.RM.consensi.fa.rexdb.dom.gff3`
2022-05-25 00:14:35,370 -INFO- classifying the unclassified sequences by searching against the classified ones
2022-05-25 00:14:35,445 -INFO- using the 80-80-80 rule
2022-05-25 00:14:35,445 -INFO- run CMD: `makeblastdb -in ./tmp/pass1_classified.fa -dbtype nucl`
2022-05-25 00:14:35,632 -INFO- run CMD: `blastn -query ./tmp/pass1_unclassified.fa -db ./tmp/pass1_classified.fa -out ./tmp/pass1_unclassified.fa.blastout -outfmt '6 qseqid sseqid pident length mismatch gapopen qstart qend sstart send evalue bitscore qlen slen qcovs qcovhsp sstrand' -num_threads 24`
2022-05-25 00:14:36,267 -INFO- 1 sequences classified in pass 2
2022-05-25 00:14:36,268 -INFO- total 84 sequences classified.
2022-05-25 00:14:36,268 -INFO- see classified sequences in `Legacy_NewNames.fasta.mod.RM.consensi.fa.rexdb.cls.tsv`
2022-05-25 00:14:36,268 -INFO- writing library for RepeatMasker in `Legacy_NewNames.fasta.mod.RM.consensi.fa.rexdb.cls.lib`
2022-05-25 00:14:36,323 -INFO- writing classified protein domains in `Legacy_NewNames.fasta.mod.RM.consensi.fa.rexdb.cls.pep`
2022-05-25 00:14:36,326 -INFO- Summary of classifications:
Order           Superfamily      # of Sequences# of Clade Sequences    # of Clades# of full Domains
LTR             Copia                         3              3              3              0
LTR             Gypsy                        11              8              4              0
pararetrovirus  unknown                       1              0              0              0
LINE            unknown                      41              0              0              0
TIR             EnSpm_CACTA                   4              0              0              0
TIR             MuDR_Mutator                 10              0              0              0
TIR             PIF_Harbinger                 7              0              0              0
TIR             hAT                           3              0              0              0
Helitron        unknown                       2              0              0              0
Maverick        unknown                       2              0              0              0
2022-05-25 00:14:36,327 -INFO- Pipeline done.
2022-05-25 00:14:36,327 -INFO- cleaning the temporary directory ./tmp
Wed May 25 00:34:01 EDT 2022	Clean up TE-related sequences in the CDS file with TEsorter:

2022-05-25 00:34:03,821 -WARNING- Grid computing is not available because DRMAA not configured properly: Could not find drmaa library.  Please specify its full path using the environment variable DRMAA_LIBRARY_PATH
2022-05-25 00:34:03,826 -INFO- VARS: {'sequence': 'Legacy_CDS_NewNames.fasta.code', 'hmm_database': 'rexdb', 'seq_type': 'nucl', 'prefix': 'Legacy_CDS_NewNames.fasta.code.rexdb', 'force_write_hmmscan': False, 'processors': 24, 'tmp_dir': './tmp', 'min_coverage': 20, 'max_evalue': 0.001, 'disable_pass2': False, 'pass2_rule': '80-80-80', 'no_library': False, 'no_reverse': False, 'no_cleanup': False, 'p2_identity': 80.0, 'p2_coverage': 80.0, 'p2_length': 80.0}
2022-05-25 00:34:03,826 -INFO- checking dependencies:
2022-05-25 00:34:03,877 -INFO- hmmer	3.3.1	OK
2022-05-25 00:34:03,932 -INFO- blastn	2.10.0+	OK
2022-05-25 00:34:03,934 -INFO- check database rexdb
2022-05-25 00:34:03,934 -INFO- db path: /mnt/ufs18/home-115/teresisc/anaconda3/envs/EDTA/lib/python3.6/site-packages/TEsorter/database
2022-05-25 00:34:03,934 -INFO- db file: REXdb_protein_database_viridiplantae_v3.0_plus_metazoa_v3.hmm
2022-05-25 00:34:03,935 -INFO- REXdb_protein_database_viridiplantae_v3.0_plus_metazoa_v3.hmm	OK
2022-05-25 00:34:03,935 -INFO- Start classifying pipeline
2022-05-25 00:34:04,637 -INFO- total 105755 sequences
2022-05-25 00:34:04,637 -INFO- translating `Legacy_CDS_NewNames.fasta.code` in six frames
/mnt/home/teresisc/anaconda3/envs/EDTA/lib/python3.6/site-packages/Bio/Seq.py:2338: BiopythonWarning: Partial codon, len(sequence) not a multiple of three. Explicitly trim the sequence or add trailing N before translation. This may become an error in future.
  BiopythonWarning,
2022-05-25 00:36:01,362 -INFO- HMM scanning against `/mnt/ufs18/home-115/teresisc/anaconda3/envs/EDTA/lib/python3.6/site-packages/TEsorter/database/REXdb_protein_database_viridiplantae_v3.0_plus_metazoa_v3.hmm`
2022-05-25 00:36:06,599 -INFO- Creating server instance (pp-1.6.4.4)
2022-05-25 00:36:06,599 -INFO- Running on Python 3.6.12 linux
2022-05-25 00:36:08,140 -INFO- pp local server started with 24 workers
2022-05-25 00:36:08,160 -INFO- Task 0 started
2022-05-25 00:36:08,160 -INFO- Task 1 started
2022-05-25 00:36:08,161 -INFO- Task 2 started
2022-05-25 00:36:08,161 -INFO- Task 3 started
2022-05-25 00:36:08,161 -INFO- Task 4 started
2022-05-25 00:36:08,161 -INFO- Task 5 started
2022-05-25 00:36:08,162 -INFO- Task 6 started
2022-05-25 00:36:08,162 -INFO- Task 7 started
2022-05-25 00:36:08,162 -INFO- Task 8 started
2022-05-25 00:36:08,163 -INFO- Task 9 started
2022-05-25 00:36:08,163 -INFO- Task 10 started
2022-05-25 00:36:08,163 -INFO- Task 11 started
2022-05-25 00:36:08,164 -INFO- Task 12 started
2022-05-25 00:36:08,164 -INFO- Task 13 started
2022-05-25 00:36:08,164 -INFO- Task 14 started
2022-05-25 00:36:08,165 -INFO- Task 15 started
2022-05-25 00:36:08,165 -INFO- Task 16 started
2022-05-25 00:36:08,165 -INFO- Task 17 started
2022-05-25 00:36:08,165 -INFO- Task 18 started
2022-05-25 00:36:08,166 -INFO- Task 19 started
2022-05-25 00:36:08,166 -INFO- Task 20 started
2022-05-25 00:36:08,166 -INFO- Task 21 started
2022-05-25 00:36:08,166 -INFO- Task 22 started
2022-05-25 00:36:08,167 -INFO- Task 23 started
2022-05-25 01:38:44,167 -INFO- generating gene anntations
2022-05-25 01:38:50,146 -INFO- 1072 sequences classified by HMM
2022-05-25 01:38:50,146 -INFO- see protein domain sequences in `Legacy_CDS_NewNames.fasta.code.rexdb.dom.faa` and annotation gff3 file in `Legacy_CDS_NewNames.fasta.code.rexdb.dom.gff3`
2022-05-25 01:38:50,146 -INFO- classifying the unclassified sequences by searching against the classified ones
2022-05-25 01:38:53,078 -INFO- using the 80-80-80 rule
2022-05-25 01:38:53,079 -INFO- run CMD: `makeblastdb -in ./tmp/pass1_classified.fa -dbtype nucl`
2022-05-25 01:38:54,222 -INFO- run CMD: `blastn -query ./tmp/pass1_unclassified.fa -db ./tmp/pass1_classified.fa -out ./tmp/pass1_unclassified.fa.blastout -outfmt '6 qseqid sseqid pident length mismatch gapopen qstart qend sstart send evalue bitscore qlen slen qcovs qcovhsp sstrand' -num_threads 24`
2022-05-25 01:39:15,238 -INFO- 1000 sequences classified in pass 2
2022-05-25 01:39:15,240 -INFO- total 2072 sequences classified.
2022-05-25 01:39:15,240 -INFO- see classified sequences in `Legacy_CDS_NewNames.fasta.code.rexdb.cls.tsv`
2022-05-25 01:39:15,240 -INFO- writing library for RepeatMasker in `Legacy_CDS_NewNames.fasta.code.rexdb.cls.lib`
2022-05-25 01:39:17,455 -INFO- writing classified protein domains in `Legacy_CDS_NewNames.fasta.code.rexdb.cls.pep`
2022-05-25 01:39:17,482 -INFO- Summary of classifications:
Order           Superfamily      # of Sequences# of Clade Sequences    # of Clades# of full Domains
LTR             Bel-Pao                      13              0              0              0
LTR             Copia                       295            122             16              0
LTR             Gypsy                       415            172             16              0
LTR             Retrovirus                   28              0              0              0
LTR             mixture                       4              0              0              0
pararetrovirus  unknown                       3              0              0              0
LINE            unknown                     184              0              0              0
TIR             EnSpm_CACTA                   1              0              0              0
TIR             Merlin                        1              0              0              0
TIR             MuDR_Mutator                222              0              0              0
TIR             PIF_Harbinger               143              0              0              0
TIR             Tc1_Mariner                  12              0              0              0
TIR             hAT                          74              0              0              0
Helitron        unknown                      67              0              0              0
Maverick        unknown                     603              0              0              0
mixture         mixture                       7              0              0              0
2022-05-25 01:39:17,484 -INFO- Pipeline done.
2022-05-25 01:39:17,484 -INFO- cleaning the temporary directory ./tmp
				Remove CDS-related sequences in the EDTA library:

Wed May 25 02:49:23 EDT 2022	Combine the high-quality TE library liblist_Northern.txt.panTE.fa with the EDTA library:

polinton/NA not found in the TE_SO database, it will not be used to rename sequences in the final annotation.
pararetrovirus/NA not found in the TE_SO database, it will not be used to rename sequences in the final annotation.
polinton/NA not found in the TE_SO database, it will not be used to rename sequences in the final annotation.
Wed May 25 03:38:00 EDT 2022	EDTA final stage finished! You may check out:
				The final EDTA TE library: Legacy_NewNames.fasta.mod.EDTA.TElib.fa
				Family names of intact TEs have been updated by liblist_Northern.txt.panTE.fa: Legacy_NewNames.fasta.mod.EDTA.intact.gff3
				Comparing to the provided library, EDTA found these novel TEs: Legacy_NewNames.fasta.mod.EDTA.TElib.novel.fa
				The provided library has been incorporated into the final library: Legacy_NewNames.fasta.mod.EDTA.TElib.fa

Wed May 25 03:38:00 EDT 2022	Perform post-EDTA analysis for whole-genome annotation:

Wed May 25 03:38:00 EDT 2022	Homology-based annotation of TEs using Legacy_NewNames.fasta.mod.EDTA.TElib.fa from scratch.

Wed May 25 20:18:43 EDT 2022	TE annotation using the EDTA library has finished! Check out:
				Whole-genome TE annotation (total TE: 59.49%): Legacy_NewNames.fasta.mod.EDTA.TEanno.gff3
				Whole-genome TE annotation summary: Legacy_NewNames.fasta.mod.EDTA.TEanno.sum
				Low-threshold TE masking for MAKER gene annotation (masked: 27.73%): Legacy_NewNames.fasta.mod.MAKER.masked

tar gz-ing the annotation folder
tar: Removing leading `/' from member names
Time taken: 390676
