amr-082
My Task ID: 3
Draper
Declaring output paths and running EDTA

########################################################
##### Extensive de-novo TE Annotator (EDTA) v2.0.0  ####
##### Shujun Ou (shujun.ou.1@gmail.com)             ####
########################################################



Mon May 16 11:33:14 EDT 2022	Dependency checking:
				All passed!

	A custom library /mnt/research/edgerpat_lab/Scotty/Blueberry_Pangenome_TE_Analysis/results/Blueberry/Northern_pan_lib/liblist_Northern.txt.panTE.fa is provided via --curatedlib. Please make sure this is a manually curated library but not machine generated.

	A CDS file /mnt/research/edgerpat_lab/Scotty/Blueberry_Pangenome_TE_Analysis/results/Blueberry/Draper/Draper_CDS_NewNames.fasta is provided via --cds. Please make sure this is the DNA sequence of coding regions only.

Mon May 16 11:34:21 EDT 2022	Obtain raw TE libraries using various structure-based programs: 
Mon May 16 11:34:21 EDT 2022	EDTA_raw: Check dependencies, prepare working directories.

Mon May 16 11:34:37 EDT 2022	Start to find LTR candidates.

Mon May 16 11:34:37 EDT 2022	Identify LTR retrotransposon candidates from scratch.

Mon May 16 13:43:27 EDT 2022	Finish finding LTR candidates.

Mon May 16 13:43:27 EDT 2022	Start to find TIR candidates.

Mon May 16 13:43:27 EDT 2022	Identify TIR candidates from scratch.

Species: others
Tue May 17 06:14:04 EDT 2022	Finish finding TIR candidates.

Tue May 17 06:14:04 EDT 2022	Start to find Helitron candidates.

Tue May 17 06:14:04 EDT 2022	Identify Helitron candidates from scratch.

Tue May 17 18:10:57 EDT 2022	Finish finding Helitron candidates.

Tue May 17 18:10:57 EDT 2022	Execution of EDTA_raw.pl is finished!

Tue May 17 18:10:58 EDT 2022	Obtain raw TE libraries finished.
				All intact TEs found by EDTA: 
					Draper_NewNames.fasta.mod.EDTA.intact.fa
					Draper_NewNames.fasta.mod.EDTA.intact.gff3

Tue May 17 18:10:58 EDT 2022	Perform EDTA advance filtering for raw TE candidates and generate the stage 1 library: 

Tue May 17 20:51:14 EDT 2022	EDTA advance filtering finished.

Tue May 17 20:51:14 EDT 2022	Perform EDTA final steps to generate a non-redundant comprehensive TE library:

				Use RepeatModeler to identify any remaining TEs that are missed by structure-based methods.

2022-05-20 08:59:50,775 -WARNING- Grid computing is not available because DRMAA not configured properly: Could not find drmaa library.  Please specify its full path using the environment variable DRMAA_LIBRARY_PATH
2022-05-20 08:59:50,856 -INFO- VARS: {'sequence': 'Draper_NewNames.fasta.mod.RM.consensi.fa', 'hmm_database': 'rexdb', 'seq_type': 'nucl', 'prefix': 'Draper_NewNames.fasta.mod.RM.consensi.fa.rexdb', 'force_write_hmmscan': False, 'processors': 24, 'tmp_dir': './tmp', 'min_coverage': 20, 'max_evalue': 0.001, 'disable_pass2': False, 'pass2_rule': '80-80-80', 'no_library': False, 'no_reverse': False, 'no_cleanup': False, 'p2_identity': 80.0, 'p2_coverage': 80.0, 'p2_length': 80.0}
2022-05-20 08:59:50,856 -INFO- checking dependencies:
2022-05-20 08:59:50,913 -INFO- hmmer	3.3.1	OK
2022-05-20 08:59:50,976 -INFO- blastn	2.10.0+	OK
2022-05-20 08:59:50,979 -INFO- check database rexdb
2022-05-20 08:59:50,979 -INFO- db path: /mnt/ufs18/home-115/teresisc/anaconda3/envs/EDTA/lib/python3.6/site-packages/TEsorter/database
2022-05-20 08:59:50,979 -INFO- db file: REXdb_protein_database_viridiplantae_v3.0_plus_metazoa_v3.hmm
2022-05-20 08:59:50,980 -INFO- REXdb_protein_database_viridiplantae_v3.0_plus_metazoa_v3.hmm	OK
2022-05-20 08:59:50,980 -INFO- Start classifying pipeline
2022-05-20 08:59:51,169 -INFO- total 1833 sequences
2022-05-20 08:59:51,169 -INFO- translating `Draper_NewNames.fasta.mod.RM.consensi.fa` in six frames
/mnt/home/teresisc/anaconda3/envs/EDTA/lib/python3.6/site-packages/Bio/Seq.py:2338: BiopythonWarning: Partial codon, len(sequence) not a multiple of three. Explicitly trim the sequence or add trailing N before translation. This may become an error in future.
  BiopythonWarning,
2022-05-20 08:59:54,298 -INFO- HMM scanning against `/mnt/ufs18/home-115/teresisc/anaconda3/envs/EDTA/lib/python3.6/site-packages/TEsorter/database/REXdb_protein_database_viridiplantae_v3.0_plus_metazoa_v3.hmm`
2022-05-20 08:59:54,407 -INFO- Creating server instance (pp-1.6.4.4)
2022-05-20 08:59:54,407 -INFO- Running on Python 3.6.12 linux
2022-05-20 08:59:55,902 -INFO- pp local server started with 24 workers
2022-05-20 08:59:56,010 -INFO- Task 0 started
2022-05-20 08:59:56,011 -INFO- Task 1 started
2022-05-20 08:59:56,011 -INFO- Task 2 started
2022-05-20 08:59:56,011 -INFO- Task 3 started
2022-05-20 08:59:56,012 -INFO- Task 4 started
2022-05-20 08:59:56,012 -INFO- Task 5 started
2022-05-20 08:59:56,012 -INFO- Task 6 started
2022-05-20 08:59:56,012 -INFO- Task 7 started
2022-05-20 08:59:56,012 -INFO- Task 8 started
2022-05-20 08:59:56,012 -INFO- Task 9 started
2022-05-20 08:59:56,013 -INFO- Task 10 started
2022-05-20 08:59:56,013 -INFO- Task 11 started
2022-05-20 08:59:56,013 -INFO- Task 12 started
2022-05-20 08:59:56,013 -INFO- Task 13 started
2022-05-20 08:59:56,013 -INFO- Task 14 started
2022-05-20 08:59:56,013 -INFO- Task 15 started
2022-05-20 08:59:56,013 -INFO- Task 16 started
2022-05-20 08:59:56,014 -INFO- Task 17 started
2022-05-20 08:59:56,014 -INFO- Task 18 started
2022-05-20 08:59:56,019 -INFO- Task 19 started
2022-05-20 08:59:56,021 -INFO- Task 20 started
2022-05-20 08:59:56,021 -INFO- Task 21 started
2022-05-20 08:59:56,022 -INFO- Task 22 started
2022-05-20 08:59:56,022 -INFO- Task 23 started
2022-05-20 09:01:06,445 -INFO- generating gene anntations
2022-05-20 09:01:06,541 -INFO- 68 sequences classified by HMM
2022-05-20 09:01:06,542 -INFO- see protein domain sequences in `Draper_NewNames.fasta.mod.RM.consensi.fa.rexdb.dom.faa` and annotation gff3 file in `Draper_NewNames.fasta.mod.RM.consensi.fa.rexdb.dom.gff3`
2022-05-20 09:01:06,542 -INFO- classifying the unclassified sequences by searching against the classified ones
2022-05-20 09:01:06,608 -INFO- using the 80-80-80 rule
2022-05-20 09:01:06,609 -INFO- run CMD: `makeblastdb -in ./tmp/pass1_classified.fa -dbtype nucl`
2022-05-20 09:01:06,855 -INFO- run CMD: `blastn -query ./tmp/pass1_unclassified.fa -db ./tmp/pass1_classified.fa -out ./tmp/pass1_unclassified.fa.blastout -outfmt '6 qseqid sseqid pident length mismatch gapopen qstart qend sstart send evalue bitscore qlen slen qcovs qcovhsp sstrand' -num_threads 24`
2022-05-20 09:01:07,456 -INFO- 1 sequences classified in pass 2
2022-05-20 09:01:07,457 -INFO- total 69 sequences classified.
2022-05-20 09:01:07,457 -INFO- see classified sequences in `Draper_NewNames.fasta.mod.RM.consensi.fa.rexdb.cls.tsv`
2022-05-20 09:01:07,457 -INFO- writing library for RepeatMasker in `Draper_NewNames.fasta.mod.RM.consensi.fa.rexdb.cls.lib`
2022-05-20 09:01:07,505 -INFO- writing classified protein domains in `Draper_NewNames.fasta.mod.RM.consensi.fa.rexdb.cls.pep`
2022-05-20 09:01:07,508 -INFO- Summary of classifications:
Order           Superfamily      # of Sequences# of Clade Sequences    # of Clades# of full Domains
LTR             Copia                         2              1              1              0
LTR             Gypsy                         8              7              2              0
pararetrovirus  unknown                       4              0              0              0
LINE            unknown                      37              0              0              0
TIR             EnSpm_CACTA                   4              0              0              0
TIR             MuDR_Mutator                  5              0              0              0
TIR             PIF_Harbinger                 3              0              0              0
TIR             hAT                           1              0              0              0
Helitron        unknown                       3              0              0              0
Maverick        unknown                       2              0              0              0
2022-05-20 09:01:07,509 -INFO- Pipeline done.
2022-05-20 09:01:07,509 -INFO- cleaning the temporary directory ./tmp
Fri May 20 09:35:17 EDT 2022	Clean up TE-related sequences in the CDS file with TEsorter:

2022-05-20 09:35:21,124 -WARNING- Grid computing is not available because DRMAA not configured properly: Could not find drmaa library.  Please specify its full path using the environment variable DRMAA_LIBRARY_PATH
2022-05-20 09:35:21,129 -INFO- VARS: {'sequence': 'Draper_CDS_NewNames.fasta.code', 'hmm_database': 'rexdb', 'seq_type': 'nucl', 'prefix': 'Draper_CDS_NewNames.fasta.code.rexdb', 'force_write_hmmscan': False, 'processors': 24, 'tmp_dir': './tmp', 'min_coverage': 20, 'max_evalue': 0.001, 'disable_pass2': False, 'pass2_rule': '80-80-80', 'no_library': False, 'no_reverse': False, 'no_cleanup': False, 'p2_identity': 80.0, 'p2_coverage': 80.0, 'p2_length': 80.0}
2022-05-20 09:35:21,129 -INFO- checking dependencies:
2022-05-20 09:35:21,140 -INFO- hmmer	3.3.1	OK
2022-05-20 09:35:21,190 -INFO- blastn	2.10.0+	OK
2022-05-20 09:35:21,192 -INFO- check database rexdb
2022-05-20 09:35:21,192 -INFO- db path: /mnt/ufs18/home-115/teresisc/anaconda3/envs/EDTA/lib/python3.6/site-packages/TEsorter/database
2022-05-20 09:35:21,193 -INFO- db file: REXdb_protein_database_viridiplantae_v3.0_plus_metazoa_v3.hmm
2022-05-20 09:35:21,193 -INFO- REXdb_protein_database_viridiplantae_v3.0_plus_metazoa_v3.hmm	OK
2022-05-20 09:35:21,193 -INFO- Start classifying pipeline
2022-05-20 09:35:21,934 -INFO- total 110752 sequences
2022-05-20 09:35:21,934 -INFO- translating `Draper_CDS_NewNames.fasta.code` in six frames
/mnt/home/teresisc/anaconda3/envs/EDTA/lib/python3.6/site-packages/Bio/Seq.py:2338: BiopythonWarning: Partial codon, len(sequence) not a multiple of three. Explicitly trim the sequence or add trailing N before translation. This may become an error in future.
  BiopythonWarning,
2022-05-20 09:37:25,972 -INFO- HMM scanning against `/mnt/ufs18/home-115/teresisc/anaconda3/envs/EDTA/lib/python3.6/site-packages/TEsorter/database/REXdb_protein_database_viridiplantae_v3.0_plus_metazoa_v3.hmm`
2022-05-20 09:37:31,345 -INFO- Creating server instance (pp-1.6.4.4)
2022-05-20 09:37:31,346 -INFO- Running on Python 3.6.12 linux
2022-05-20 09:37:32,901 -INFO- pp local server started with 24 workers
2022-05-20 09:37:32,920 -INFO- Task 0 started
2022-05-20 09:37:32,921 -INFO- Task 1 started
2022-05-20 09:37:32,921 -INFO- Task 2 started
2022-05-20 09:37:32,922 -INFO- Task 3 started
2022-05-20 09:37:32,922 -INFO- Task 4 started
2022-05-20 09:37:32,922 -INFO- Task 5 started
2022-05-20 09:37:32,923 -INFO- Task 6 started
2022-05-20 09:37:32,923 -INFO- Task 7 started
2022-05-20 09:37:32,924 -INFO- Task 8 started
2022-05-20 09:37:32,924 -INFO- Task 9 started
2022-05-20 09:37:32,924 -INFO- Task 10 started
2022-05-20 09:37:32,925 -INFO- Task 11 started
2022-05-20 09:37:32,925 -INFO- Task 12 started
2022-05-20 09:37:32,925 -INFO- Task 13 started
2022-05-20 09:37:32,925 -INFO- Task 14 started
2022-05-20 09:37:32,926 -INFO- Task 15 started
2022-05-20 09:37:32,926 -INFO- Task 16 started
2022-05-20 09:37:32,927 -INFO- Task 17 started
2022-05-20 09:37:32,927 -INFO- Task 18 started
2022-05-20 09:37:32,927 -INFO- Task 19 started
2022-05-20 09:37:32,928 -INFO- Task 20 started
2022-05-20 09:37:32,928 -INFO- Task 21 started
2022-05-20 09:37:32,929 -INFO- Task 22 started
2022-05-20 09:37:32,929 -INFO- Task 23 started
2022-05-20 10:47:01,106 -INFO- generating gene anntations
2022-05-20 10:47:07,911 -INFO- 1219 sequences classified by HMM
2022-05-20 10:47:07,912 -INFO- see protein domain sequences in `Draper_CDS_NewNames.fasta.code.rexdb.dom.faa` and annotation gff3 file in `Draper_CDS_NewNames.fasta.code.rexdb.dom.gff3`
2022-05-20 10:47:07,912 -INFO- classifying the unclassified sequences by searching against the classified ones
2022-05-20 10:47:10,969 -INFO- using the 80-80-80 rule
2022-05-20 10:47:10,969 -INFO- run CMD: `makeblastdb -in ./tmp/pass1_classified.fa -dbtype nucl`
2022-05-20 10:47:11,257 -INFO- run CMD: `blastn -query ./tmp/pass1_unclassified.fa -db ./tmp/pass1_classified.fa -out ./tmp/pass1_unclassified.fa.blastout -outfmt '6 qseqid sseqid pident length mismatch gapopen qstart qend sstart send evalue bitscore qlen slen qcovs qcovhsp sstrand' -num_threads 24`
2022-05-20 10:47:34,908 -INFO- 898 sequences classified in pass 2
2022-05-20 10:47:34,909 -INFO- total 2117 sequences classified.
2022-05-20 10:47:34,910 -INFO- see classified sequences in `Draper_CDS_NewNames.fasta.code.rexdb.cls.tsv`
2022-05-20 10:47:34,910 -INFO- writing library for RepeatMasker in `Draper_CDS_NewNames.fasta.code.rexdb.cls.lib`
2022-05-20 10:47:37,280 -INFO- writing classified protein domains in `Draper_CDS_NewNames.fasta.code.rexdb.cls.pep`
2022-05-20 10:47:37,323 -INFO- Summary of classifications:
Order           Superfamily      # of Sequences# of Clade Sequences    # of Clades# of full Domains
LTR             Bel-Pao                      10              0              0              0
LTR             Copia                       334            138             16              0
LTR             Gypsy                       376            169             15              0
LTR             Retrovirus                   12              0              0              0
LTR             mixture                       2              0              0              0
LINE            unknown                     242              0              0              0
TIR             EnSpm_CACTA                  10              0              0              0
TIR             Merlin                        1              0              0              0
TIR             MuDR_Mutator                246              0              0              0
TIR             PIF_Harbinger               161              0              0              0
TIR             Tc1_Mariner                   4              0              0              0
TIR             hAT                          86              0              0              0
Helitron        unknown                      92              0              0              0
Maverick        unknown                     539              0              0              0
mixture         mixture                       2              0              0              0
2022-05-20 10:47:37,325 -INFO- Pipeline done.
2022-05-20 10:47:37,325 -INFO- cleaning the temporary directory ./tmp
				Remove CDS-related sequences in the EDTA library:

Fri May 20 13:03:05 EDT 2022	Combine the high-quality TE library liblist_Northern.txt.panTE.fa with the EDTA library:

pararetrovirus/NA not found in the TE_SO database, it will not be used to rename sequences in the final annotation.
polinton/NA not found in the TE_SO database, it will not be used to rename sequences in the final annotation.
polinton/NA not found in the TE_SO database, it will not be used to rename sequences in the final annotation.
polinton/NA not found in the TE_SO database, it will not be used to rename sequences in the final annotation.
pararetrovirus/NA not found in the TE_SO database, it will not be used to rename sequences in the final annotation.
pararetrovirus/NA not found in the TE_SO database, it will not be used to rename sequences in the final annotation.
polinton/NA not found in the TE_SO database, it will not be used to rename sequences in the final annotation.
Fri May 20 14:23:51 EDT 2022	EDTA final stage finished! You may check out:
				The final EDTA TE library: Draper_NewNames.fasta.mod.EDTA.TElib.fa
				Family names of intact TEs have been updated by liblist_Northern.txt.panTE.fa: Draper_NewNames.fasta.mod.EDTA.intact.gff3
				Comparing to the provided library, EDTA found these novel TEs: Draper_NewNames.fasta.mod.EDTA.TElib.novel.fa
				The provided library has been incorporated into the final library: Draper_NewNames.fasta.mod.EDTA.TElib.fa

Fri May 20 14:23:51 EDT 2022	Perform post-EDTA analysis for whole-genome annotation:

Fri May 20 14:23:51 EDT 2022	Homology-based annotation of TEs using Draper_NewNames.fasta.mod.EDTA.TElib.fa from scratch.

Sat May 21 09:39:04 EDT 2022	TE annotation using the EDTA library has finished! Check out:
				Whole-genome TE annotation (total TE: 59.52%): Draper_NewNames.fasta.mod.EDTA.TEanno.gff3
				Whole-genome TE annotation summary: Draper_NewNames.fasta.mod.EDTA.TEanno.sum
				Low-threshold TE masking for MAKER gene annotation (masked: 19.73%): Draper_NewNames.fasta.mod.MAKER.masked

tar gz-ing the annotation folder
tar: Removing leading `/' from member names
Time taken: 430390
