amr-109
My Task ID: 8
Southmoon
Declaring output paths and running EDTA

########################################################
##### Extensive de-novo TE Annotator (EDTA) v2.0.0  ####
##### Shujun Ou (shujun.ou.1@gmail.com)             ####
########################################################



Thu May 19 04:54:18 EDT 2022	Dependency checking:
				All passed!

	A custom library /mnt/research/edgerpat_lab/Scotty/Blueberry_Pangenome_TE_Analysis/results/Blueberry/Southern_pan_lib/liblist_Southern.txt.panTE.fa is provided via --curatedlib. Please make sure this is a manually curated library but not machine generated.

	A CDS file /mnt/research/edgerpat_lab/Scotty/Blueberry_Pangenome_TE_Analysis/results/Blueberry/Southmoon/Southmoon_CDS_NewNames.fasta is provided via --cds. Please make sure this is the DNA sequence of coding regions only.

Thu May 19 04:55:32 EDT 2022	Obtain raw TE libraries using various structure-based programs: 
Thu May 19 04:55:32 EDT 2022	EDTA_raw: Check dependencies, prepare working directories.

Thu May 19 04:55:50 EDT 2022	Start to find LTR candidates.

Thu May 19 04:55:50 EDT 2022	Identify LTR retrotransposon candidates from scratch.

Thu May 19 12:06:37 EDT 2022	Finish finding LTR candidates.

Thu May 19 12:06:37 EDT 2022	Start to find TIR candidates.

Thu May 19 12:06:37 EDT 2022	Identify TIR candidates from scratch.

Species: others
Fri May 20 04:53:02 EDT 2022	Finish finding TIR candidates.

Fri May 20 04:53:02 EDT 2022	Start to find Helitron candidates.

Fri May 20 04:53:02 EDT 2022	Identify Helitron candidates from scratch.

Fri May 20 16:26:46 EDT 2022	Finish finding Helitron candidates.

Fri May 20 16:26:46 EDT 2022	Execution of EDTA_raw.pl is finished!

Fri May 20 16:26:48 EDT 2022	Obtain raw TE libraries finished.
				All intact TEs found by EDTA: 
					Southmoon_NewNames.fasta.mod.EDTA.intact.fa
					Southmoon_NewNames.fasta.mod.EDTA.intact.gff3

Fri May 20 16:26:48 EDT 2022	Perform EDTA advance filtering for raw TE candidates and generate the stage 1 library: 

Fri May 20 18:31:49 EDT 2022	EDTA advance filtering finished.

Fri May 20 18:31:49 EDT 2022	Perform EDTA final steps to generate a non-redundant comprehensive TE library:

				Use RepeatModeler to identify any remaining TEs that are missed by structure-based methods.

2022-05-23 21:54:36,355 -WARNING- Grid computing is not available because DRMAA not configured properly: Could not find drmaa library.  Please specify its full path using the environment variable DRMAA_LIBRARY_PATH
2022-05-23 21:54:36,418 -INFO- VARS: {'sequence': 'Southmoon_NewNames.fasta.mod.RM.consensi.fa', 'hmm_database': 'rexdb', 'seq_type': 'nucl', 'prefix': 'Southmoon_NewNames.fasta.mod.RM.consensi.fa.rexdb', 'force_write_hmmscan': False, 'processors': 24, 'tmp_dir': './tmp', 'min_coverage': 20, 'max_evalue': 0.001, 'disable_pass2': False, 'pass2_rule': '80-80-80', 'no_library': False, 'no_reverse': False, 'no_cleanup': False, 'p2_identity': 80.0, 'p2_coverage': 80.0, 'p2_length': 80.0}
2022-05-23 21:54:36,418 -INFO- checking dependencies:
2022-05-23 21:54:36,482 -INFO- hmmer	3.3.1	OK
2022-05-23 21:54:36,551 -INFO- blastn	2.10.0+	OK
2022-05-23 21:54:36,555 -INFO- check database rexdb
2022-05-23 21:54:36,555 -INFO- db path: /mnt/ufs18/home-115/teresisc/anaconda3/envs/EDTA/lib/python3.6/site-packages/TEsorter/database
2022-05-23 21:54:36,555 -INFO- db file: REXdb_protein_database_viridiplantae_v3.0_plus_metazoa_v3.hmm
2022-05-23 21:54:36,556 -INFO- REXdb_protein_database_viridiplantae_v3.0_plus_metazoa_v3.hmm	OK
2022-05-23 21:54:36,556 -INFO- Start classifying pipeline
2022-05-23 21:54:36,792 -INFO- total 2047 sequences
2022-05-23 21:54:36,792 -INFO- translating `Southmoon_NewNames.fasta.mod.RM.consensi.fa` in six frames
/mnt/home/teresisc/anaconda3/envs/EDTA/lib/python3.6/site-packages/Bio/Seq.py:2338: BiopythonWarning: Partial codon, len(sequence) not a multiple of three. Explicitly trim the sequence or add trailing N before translation. This may become an error in future.
  BiopythonWarning,
2022-05-23 21:54:40,312 -INFO- HMM scanning against `/mnt/ufs18/home-115/teresisc/anaconda3/envs/EDTA/lib/python3.6/site-packages/TEsorter/database/REXdb_protein_database_viridiplantae_v3.0_plus_metazoa_v3.hmm`
2022-05-23 21:54:40,466 -INFO- Creating server instance (pp-1.6.4.4)
2022-05-23 21:54:40,466 -INFO- Running on Python 3.6.12 linux
2022-05-23 21:54:42,020 -INFO- pp local server started with 24 workers
2022-05-23 21:54:42,110 -INFO- Task 0 started
2022-05-23 21:54:42,111 -INFO- Task 1 started
2022-05-23 21:54:42,111 -INFO- Task 2 started
2022-05-23 21:54:42,112 -INFO- Task 3 started
2022-05-23 21:54:42,112 -INFO- Task 4 started
2022-05-23 21:54:42,112 -INFO- Task 5 started
2022-05-23 21:54:42,113 -INFO- Task 6 started
2022-05-23 21:54:42,113 -INFO- Task 7 started
2022-05-23 21:54:42,113 -INFO- Task 8 started
2022-05-23 21:54:42,113 -INFO- Task 9 started
2022-05-23 21:54:42,114 -INFO- Task 10 started
2022-05-23 21:54:42,114 -INFO- Task 11 started
2022-05-23 21:54:42,114 -INFO- Task 12 started
2022-05-23 21:54:42,114 -INFO- Task 13 started
2022-05-23 21:54:42,115 -INFO- Task 14 started
2022-05-23 21:54:42,115 -INFO- Task 15 started
2022-05-23 21:54:42,115 -INFO- Task 16 started
2022-05-23 21:54:42,115 -INFO- Task 17 started
2022-05-23 21:54:42,116 -INFO- Task 18 started
2022-05-23 21:54:42,116 -INFO- Task 19 started
2022-05-23 21:54:42,116 -INFO- Task 20 started
2022-05-23 21:54:42,116 -INFO- Task 21 started
2022-05-23 21:54:42,116 -INFO- Task 22 started
2022-05-23 21:54:42,117 -INFO- Task 23 started
2022-05-23 21:56:07,663 -INFO- generating gene anntations
2022-05-23 21:56:07,786 -INFO- 81 sequences classified by HMM
2022-05-23 21:56:07,786 -INFO- see protein domain sequences in `Southmoon_NewNames.fasta.mod.RM.consensi.fa.rexdb.dom.faa` and annotation gff3 file in `Southmoon_NewNames.fasta.mod.RM.consensi.fa.rexdb.dom.gff3`
2022-05-23 21:56:07,786 -INFO- classifying the unclassified sequences by searching against the classified ones
2022-05-23 21:56:07,862 -INFO- using the 80-80-80 rule
2022-05-23 21:56:07,862 -INFO- run CMD: `makeblastdb -in ./tmp/pass1_classified.fa -dbtype nucl`
2022-05-23 21:56:08,074 -INFO- run CMD: `blastn -query ./tmp/pass1_unclassified.fa -db ./tmp/pass1_classified.fa -out ./tmp/pass1_unclassified.fa.blastout -outfmt '6 qseqid sseqid pident length mismatch gapopen qstart qend sstart send evalue bitscore qlen slen qcovs qcovhsp sstrand' -num_threads 24`
2022-05-23 21:56:08,780 -INFO- 0 sequences classified in pass 2
2022-05-23 21:56:08,780 -INFO- total 81 sequences classified.
2022-05-23 21:56:08,780 -INFO- see classified sequences in `Southmoon_NewNames.fasta.mod.RM.consensi.fa.rexdb.cls.tsv`
2022-05-23 21:56:08,780 -INFO- writing library for RepeatMasker in `Southmoon_NewNames.fasta.mod.RM.consensi.fa.rexdb.cls.lib`
2022-05-23 21:56:08,833 -INFO- writing classified protein domains in `Southmoon_NewNames.fasta.mod.RM.consensi.fa.rexdb.cls.pep`
2022-05-23 21:56:08,837 -INFO- Summary of classifications:
Order           Superfamily      # of Sequences# of Clade Sequences    # of Clades# of full Domains
LTR             Copia                         7              7              3              0
LTR             Gypsy                         6              6              3              0
LTR             Retrovirus                    1              0              0              0
pararetrovirus  unknown                       4              0              0              0
LINE            unknown                      44              0              0              0
TIR             EnSpm_CACTA                   2              0              0              0
TIR             MuDR_Mutator                  9              0              0              0
TIR             PIF_Harbinger                 5              0              0              0
TIR             hAT                           1              0              0              0
Helitron        unknown                       2              0              0              0
2022-05-23 21:56:08,838 -INFO- Pipeline done.
2022-05-23 21:56:08,838 -INFO- cleaning the temporary directory ./tmp
Mon May 23 22:22:35 EDT 2022	Clean up TE-related sequences in the CDS file with TEsorter:

2022-05-23 22:22:38,487 -WARNING- Grid computing is not available because DRMAA not configured properly: Could not find drmaa library.  Please specify its full path using the environment variable DRMAA_LIBRARY_PATH
2022-05-23 22:22:38,491 -INFO- VARS: {'sequence': 'Southmoon_CDS_NewNames.fasta.code', 'hmm_database': 'rexdb', 'seq_type': 'nucl', 'prefix': 'Southmoon_CDS_NewNames.fasta.code.rexdb', 'force_write_hmmscan': False, 'processors': 24, 'tmp_dir': './tmp', 'min_coverage': 20, 'max_evalue': 0.001, 'disable_pass2': False, 'pass2_rule': '80-80-80', 'no_library': False, 'no_reverse': False, 'no_cleanup': False, 'p2_identity': 80.0, 'p2_coverage': 80.0, 'p2_length': 80.0}
2022-05-23 22:22:38,491 -INFO- checking dependencies:
2022-05-23 22:22:38,501 -INFO- hmmer	3.3.1	OK
2022-05-23 22:22:38,551 -INFO- blastn	2.10.0+	OK
2022-05-23 22:22:38,554 -INFO- check database rexdb
2022-05-23 22:22:38,554 -INFO- db path: /mnt/ufs18/home-115/teresisc/anaconda3/envs/EDTA/lib/python3.6/site-packages/TEsorter/database
2022-05-23 22:22:38,554 -INFO- db file: REXdb_protein_database_viridiplantae_v3.0_plus_metazoa_v3.hmm
2022-05-23 22:22:38,555 -INFO- REXdb_protein_database_viridiplantae_v3.0_plus_metazoa_v3.hmm	OK
2022-05-23 22:22:38,555 -INFO- Start classifying pipeline
2022-05-23 22:22:39,311 -INFO- total 108076 sequences
2022-05-23 22:22:39,312 -INFO- translating `Southmoon_CDS_NewNames.fasta.code` in six frames
/mnt/home/teresisc/anaconda3/envs/EDTA/lib/python3.6/site-packages/Bio/Seq.py:2338: BiopythonWarning: Partial codon, len(sequence) not a multiple of three. Explicitly trim the sequence or add trailing N before translation. This may become an error in future.
  BiopythonWarning,
2022-05-23 22:24:46,397 -INFO- HMM scanning against `/mnt/ufs18/home-115/teresisc/anaconda3/envs/EDTA/lib/python3.6/site-packages/TEsorter/database/REXdb_protein_database_viridiplantae_v3.0_plus_metazoa_v3.hmm`
2022-05-23 22:24:51,952 -INFO- Creating server instance (pp-1.6.4.4)
2022-05-23 22:24:51,952 -INFO- Running on Python 3.6.12 linux
2022-05-23 22:24:53,469 -INFO- pp local server started with 24 workers
2022-05-23 22:24:53,489 -INFO- Task 0 started
2022-05-23 22:24:53,489 -INFO- Task 1 started
2022-05-23 22:24:53,490 -INFO- Task 2 started
2022-05-23 22:24:53,490 -INFO- Task 3 started
2022-05-23 22:24:53,490 -INFO- Task 4 started
2022-05-23 22:24:53,491 -INFO- Task 5 started
2022-05-23 22:24:53,491 -INFO- Task 6 started
2022-05-23 22:24:53,491 -INFO- Task 7 started
2022-05-23 22:24:53,492 -INFO- Task 8 started
2022-05-23 22:24:53,492 -INFO- Task 9 started
2022-05-23 22:24:53,492 -INFO- Task 10 started
2022-05-23 22:24:53,492 -INFO- Task 11 started
2022-05-23 22:24:53,492 -INFO- Task 12 started
2022-05-23 22:24:53,493 -INFO- Task 13 started
2022-05-23 22:24:53,493 -INFO- Task 14 started
2022-05-23 22:24:53,493 -INFO- Task 15 started
2022-05-23 22:24:53,493 -INFO- Task 16 started
2022-05-23 22:24:53,493 -INFO- Task 17 started
2022-05-23 22:24:53,494 -INFO- Task 18 started
2022-05-23 22:24:53,494 -INFO- Task 19 started
2022-05-23 22:24:53,494 -INFO- Task 20 started
2022-05-23 22:24:53,494 -INFO- Task 21 started
2022-05-23 22:24:53,494 -INFO- Task 22 started
2022-05-23 22:24:53,495 -INFO- Task 23 started
2022-05-23 23:39:43,829 -INFO- generating gene anntations
2022-05-23 23:39:50,119 -INFO- 1168 sequences classified by HMM
2022-05-23 23:39:50,119 -INFO- see protein domain sequences in `Southmoon_CDS_NewNames.fasta.code.rexdb.dom.faa` and annotation gff3 file in `Southmoon_CDS_NewNames.fasta.code.rexdb.dom.gff3`
2022-05-23 23:39:50,119 -INFO- classifying the unclassified sequences by searching against the classified ones
2022-05-23 23:39:53,282 -INFO- using the 80-80-80 rule
2022-05-23 23:39:53,283 -INFO- run CMD: `makeblastdb -in ./tmp/pass1_classified.fa -dbtype nucl`
2022-05-23 23:39:53,479 -INFO- run CMD: `blastn -query ./tmp/pass1_unclassified.fa -db ./tmp/pass1_classified.fa -out ./tmp/pass1_unclassified.fa.blastout -outfmt '6 qseqid sseqid pident length mismatch gapopen qstart qend sstart send evalue bitscore qlen slen qcovs qcovhsp sstrand' -num_threads 24`
2022-05-23 23:40:16,417 -INFO- 1063 sequences classified in pass 2
2022-05-23 23:40:16,421 -INFO- total 2231 sequences classified.
2022-05-23 23:40:16,421 -INFO- see classified sequences in `Southmoon_CDS_NewNames.fasta.code.rexdb.cls.tsv`
2022-05-23 23:40:16,422 -INFO- writing library for RepeatMasker in `Southmoon_CDS_NewNames.fasta.code.rexdb.cls.lib`
2022-05-23 23:40:18,847 -INFO- writing classified protein domains in `Southmoon_CDS_NewNames.fasta.code.rexdb.cls.pep`
2022-05-23 23:40:18,879 -INFO- Summary of classifications:
Order           Superfamily      # of Sequences# of Clade Sequences    # of Clades# of full Domains
LTR             Bel-Pao                      44              0              0              0
LTR             Copia                       295            119             15              0
LTR             Gypsy                       482            176             15              0
LTR             Retrovirus                   31              0              0              0
LTR             mixture                       4              0              0              0
pararetrovirus  unknown                      10              0              0              0
DIRS            unknown                       3              0              0              0
Penelope        unknown                       3              0              0              0
LINE            unknown                     209              0              0              0
TIR             EnSpm_CACTA                   2              0              0              0
TIR             MuDR_Mutator                224              0              0              0
TIR             Novosib                       1              0              0              0
TIR             PIF_Harbinger               197              0              0              0
TIR             Sola2                        41              0              0              0
TIR             hAT                          76              0              0              0
Helitron        unknown                      61              0              0              0
Maverick        unknown                     540              0              0              0
mixture         mixture                       8              0              0              0
2022-05-23 23:40:18,881 -INFO- Pipeline done.
2022-05-23 23:40:18,881 -INFO- cleaning the temporary directory ./tmp
				Remove CDS-related sequences in the EDTA library:

Tue May 24 01:13:13 EDT 2022	Combine the high-quality TE library liblist_Southern.txt.panTE.fa with the EDTA library:

pararetrovirus/NA not found in the TE_SO database, it will not be used to rename sequences in the final annotation.
Tue May 24 02:10:36 EDT 2022	EDTA final stage finished! You may check out:
				The final EDTA TE library: Southmoon_NewNames.fasta.mod.EDTA.TElib.fa
				Family names of intact TEs have been updated by liblist_Southern.txt.panTE.fa: Southmoon_NewNames.fasta.mod.EDTA.intact.gff3
				Comparing to the provided library, EDTA found these novel TEs: Southmoon_NewNames.fasta.mod.EDTA.TElib.novel.fa
				The provided library has been incorporated into the final library: Southmoon_NewNames.fasta.mod.EDTA.TElib.fa

Tue May 24 02:10:36 EDT 2022	Perform post-EDTA analysis for whole-genome annotation:

Tue May 24 02:10:36 EDT 2022	Homology-based annotation of TEs using Southmoon_NewNames.fasta.mod.EDTA.TElib.fa from scratch.

Tue May 24 21:32:19 EDT 2022	TE annotation using the EDTA library has finished! Check out:
				Whole-genome TE annotation (total TE: 59.90%): Southmoon_NewNames.fasta.mod.EDTA.TEanno.gff3
				Whole-genome TE annotation summary: Southmoon_NewNames.fasta.mod.EDTA.TEanno.sum
				Low-threshold TE masking for MAKER gene annotation (masked: 29.28%): Southmoon_NewNames.fasta.mod.MAKER.masked

tar gz-ing the annotation folder
tar: Removing leading `/' from member names
Time taken: 496403
