amr-108
My Task ID: 6
Sharp_Blue
Declaring output paths and running EDTA

########################################################
##### Extensive de-novo TE Annotator (EDTA) v2.0.0  ####
##### Shujun Ou (shujun.ou.1@gmail.com)             ####
########################################################



Thu May 19 00:17:39 EDT 2022	Dependency checking:
				All passed!

	A custom library /mnt/research/edgerpat_lab/Scotty/Blueberry_Pangenome_TE_Analysis/results/Blueberry/Southern_pan_lib/liblist_Southern.txt.panTE.fa is provided via --curatedlib. Please make sure this is a manually curated library but not machine generated.

	A CDS file /mnt/research/edgerpat_lab/Scotty/Blueberry_Pangenome_TE_Analysis/results/Blueberry/Sharp_Blue/Sharp_Blue_CDS_NewNames.fasta is provided via --cds. Please make sure this is the DNA sequence of coding regions only.

Thu May 19 00:18:53 EDT 2022	Obtain raw TE libraries using various structure-based programs: 
Thu May 19 00:18:53 EDT 2022	EDTA_raw: Check dependencies, prepare working directories.

Thu May 19 00:19:11 EDT 2022	Start to find LTR candidates.

Thu May 19 00:19:11 EDT 2022	Identify LTR retrotransposon candidates from scratch.

Thu May 19 06:56:50 EDT 2022	Finish finding LTR candidates.

Thu May 19 06:56:50 EDT 2022	Start to find TIR candidates.

Thu May 19 06:56:50 EDT 2022	Identify TIR candidates from scratch.

Species: others
Fri May 20 07:18:25 EDT 2022	Finish finding TIR candidates.

Fri May 20 07:18:25 EDT 2022	Start to find Helitron candidates.

Fri May 20 07:18:25 EDT 2022	Identify Helitron candidates from scratch.

Fri May 20 19:42:39 EDT 2022	Finish finding Helitron candidates.

Fri May 20 19:42:39 EDT 2022	Execution of EDTA_raw.pl is finished!

Fri May 20 19:42:40 EDT 2022	Obtain raw TE libraries finished.
				All intact TEs found by EDTA: 
					Sharp_Blue_NewNames.fasta.mod.EDTA.intact.fa
					Sharp_Blue_NewNames.fasta.mod.EDTA.intact.gff3

Fri May 20 19:42:40 EDT 2022	Perform EDTA advance filtering for raw TE candidates and generate the stage 1 library: 

Fri May 20 21:27:50 EDT 2022	EDTA advance filtering finished.

Fri May 20 21:27:50 EDT 2022	Perform EDTA final steps to generate a non-redundant comprehensive TE library:

				Use RepeatModeler to identify any remaining TEs that are missed by structure-based methods.

2022-05-24 01:19:52,632 -WARNING- Grid computing is not available because DRMAA not configured properly: Could not find drmaa library.  Please specify its full path using the environment variable DRMAA_LIBRARY_PATH
2022-05-24 01:19:52,702 -INFO- VARS: {'sequence': 'Sharp_Blue_NewNames.fasta.mod.RM.consensi.fa', 'hmm_database': 'rexdb', 'seq_type': 'nucl', 'prefix': 'Sharp_Blue_NewNames.fasta.mod.RM.consensi.fa.rexdb', 'force_write_hmmscan': False, 'processors': 24, 'tmp_dir': './tmp', 'min_coverage': 20, 'max_evalue': 0.001, 'disable_pass2': False, 'pass2_rule': '80-80-80', 'no_library': False, 'no_reverse': False, 'no_cleanup': False, 'p2_identity': 80.0, 'p2_coverage': 80.0, 'p2_length': 80.0}
2022-05-24 01:19:52,702 -INFO- checking dependencies:
2022-05-24 01:19:52,767 -INFO- hmmer	3.3.1	OK
2022-05-24 01:19:52,829 -INFO- blastn	2.10.0+	OK
2022-05-24 01:19:52,832 -INFO- check database rexdb
2022-05-24 01:19:52,832 -INFO- db path: /mnt/ufs18/home-115/teresisc/anaconda3/envs/EDTA/lib/python3.6/site-packages/TEsorter/database
2022-05-24 01:19:52,832 -INFO- db file: REXdb_protein_database_viridiplantae_v3.0_plus_metazoa_v3.hmm
2022-05-24 01:19:52,833 -INFO- REXdb_protein_database_viridiplantae_v3.0_plus_metazoa_v3.hmm	OK
2022-05-24 01:19:52,833 -INFO- Start classifying pipeline
2022-05-24 01:19:53,042 -INFO- total 2120 sequences
2022-05-24 01:19:53,042 -INFO- translating `Sharp_Blue_NewNames.fasta.mod.RM.consensi.fa` in six frames
/mnt/home/teresisc/anaconda3/envs/EDTA/lib/python3.6/site-packages/Bio/Seq.py:2338: BiopythonWarning: Partial codon, len(sequence) not a multiple of three. Explicitly trim the sequence or add trailing N before translation. This may become an error in future.
  BiopythonWarning,
2022-05-24 01:19:56,717 -INFO- HMM scanning against `/mnt/ufs18/home-115/teresisc/anaconda3/envs/EDTA/lib/python3.6/site-packages/TEsorter/database/REXdb_protein_database_viridiplantae_v3.0_plus_metazoa_v3.hmm`
2022-05-24 01:19:56,841 -INFO- Creating server instance (pp-1.6.4.4)
2022-05-24 01:19:56,841 -INFO- Running on Python 3.6.12 linux
2022-05-24 01:19:58,356 -INFO- pp local server started with 24 workers
2022-05-24 01:19:58,435 -INFO- Task 0 started
2022-05-24 01:19:58,436 -INFO- Task 1 started
2022-05-24 01:19:58,436 -INFO- Task 2 started
2022-05-24 01:19:58,436 -INFO- Task 3 started
2022-05-24 01:19:58,437 -INFO- Task 4 started
2022-05-24 01:19:58,437 -INFO- Task 5 started
2022-05-24 01:19:58,437 -INFO- Task 6 started
2022-05-24 01:19:58,437 -INFO- Task 7 started
2022-05-24 01:19:58,438 -INFO- Task 8 started
2022-05-24 01:19:58,439 -INFO- Task 9 started
2022-05-24 01:19:58,439 -INFO- Task 10 started
2022-05-24 01:19:58,440 -INFO- Task 11 started
2022-05-24 01:19:58,440 -INFO- Task 12 started
2022-05-24 01:19:58,440 -INFO- Task 13 started
2022-05-24 01:19:58,441 -INFO- Task 14 started
2022-05-24 01:19:58,441 -INFO- Task 15 started
2022-05-24 01:19:58,441 -INFO- Task 16 started
2022-05-24 01:19:58,441 -INFO- Task 17 started
2022-05-24 01:19:58,442 -INFO- Task 18 started
2022-05-24 01:19:58,442 -INFO- Task 19 started
2022-05-24 01:19:58,442 -INFO- Task 20 started
2022-05-24 01:19:58,443 -INFO- Task 21 started
2022-05-24 01:19:58,443 -INFO- Task 22 started
2022-05-24 01:19:58,443 -INFO- Task 23 started
2022-05-24 01:21:20,445 -INFO- generating gene anntations
2022-05-24 01:21:20,588 -INFO- 86 sequences classified by HMM
2022-05-24 01:21:20,588 -INFO- see protein domain sequences in `Sharp_Blue_NewNames.fasta.mod.RM.consensi.fa.rexdb.dom.faa` and annotation gff3 file in `Sharp_Blue_NewNames.fasta.mod.RM.consensi.fa.rexdb.dom.gff3`
2022-05-24 01:21:20,588 -INFO- classifying the unclassified sequences by searching against the classified ones
2022-05-24 01:21:20,665 -INFO- using the 80-80-80 rule
2022-05-24 01:21:20,666 -INFO- run CMD: `makeblastdb -in ./tmp/pass1_classified.fa -dbtype nucl`
2022-05-24 01:21:20,864 -INFO- run CMD: `blastn -query ./tmp/pass1_unclassified.fa -db ./tmp/pass1_classified.fa -out ./tmp/pass1_unclassified.fa.blastout -outfmt '6 qseqid sseqid pident length mismatch gapopen qstart qend sstart send evalue bitscore qlen slen qcovs qcovhsp sstrand' -num_threads 24`
2022-05-24 01:21:21,531 -INFO- 1 sequences classified in pass 2
2022-05-24 01:21:21,531 -INFO- total 87 sequences classified.
2022-05-24 01:21:21,531 -INFO- see classified sequences in `Sharp_Blue_NewNames.fasta.mod.RM.consensi.fa.rexdb.cls.tsv`
2022-05-24 01:21:21,531 -INFO- writing library for RepeatMasker in `Sharp_Blue_NewNames.fasta.mod.RM.consensi.fa.rexdb.cls.lib`
2022-05-24 01:21:21,588 -INFO- writing classified protein domains in `Sharp_Blue_NewNames.fasta.mod.RM.consensi.fa.rexdb.cls.pep`
2022-05-24 01:21:21,591 -INFO- Summary of classifications:
Order           Superfamily      # of Sequences# of Clade Sequences    # of Clades# of full Domains
LTR             Copia                         2              2              2              0
LTR             Gypsy                        15             15              5              0
pararetrovirus  unknown                       7              0              0              0
LINE            unknown                      35              0              0              0
TIR             EnSpm_CACTA                   2              0              0              0
TIR             MuDR_Mutator                 14              0              0              0
TIR             PIF_Harbinger                 5              0              0              0
TIR             hAT                           4              0              0              0
Helitron        unknown                       3              0              0              0
2022-05-24 01:21:21,592 -INFO- Pipeline done.
2022-05-24 01:21:21,592 -INFO- cleaning the temporary directory ./tmp
Tue May 24 01:45:52 EDT 2022	Clean up TE-related sequences in the CDS file with TEsorter:

2022-05-24 01:45:55,810 -WARNING- Grid computing is not available because DRMAA not configured properly: Could not find drmaa library.  Please specify its full path using the environment variable DRMAA_LIBRARY_PATH
2022-05-24 01:45:55,815 -INFO- VARS: {'sequence': 'Sharp_Blue_CDS_NewNames.fasta.code', 'hmm_database': 'rexdb', 'seq_type': 'nucl', 'prefix': 'Sharp_Blue_CDS_NewNames.fasta.code.rexdb', 'force_write_hmmscan': False, 'processors': 24, 'tmp_dir': './tmp', 'min_coverage': 20, 'max_evalue': 0.001, 'disable_pass2': False, 'pass2_rule': '80-80-80', 'no_library': False, 'no_reverse': False, 'no_cleanup': False, 'p2_identity': 80.0, 'p2_coverage': 80.0, 'p2_length': 80.0}
2022-05-24 01:45:55,815 -INFO- checking dependencies:
2022-05-24 01:45:55,825 -INFO- hmmer	3.3.1	OK
2022-05-24 01:45:55,873 -INFO- blastn	2.10.0+	OK
2022-05-24 01:45:55,875 -INFO- check database rexdb
2022-05-24 01:45:55,875 -INFO- db path: /mnt/ufs18/home-115/teresisc/anaconda3/envs/EDTA/lib/python3.6/site-packages/TEsorter/database
2022-05-24 01:45:55,875 -INFO- db file: REXdb_protein_database_viridiplantae_v3.0_plus_metazoa_v3.hmm
2022-05-24 01:45:55,876 -INFO- REXdb_protein_database_viridiplantae_v3.0_plus_metazoa_v3.hmm	OK
2022-05-24 01:45:55,876 -INFO- Start classifying pipeline
2022-05-24 01:45:56,600 -INFO- total 107881 sequences
2022-05-24 01:45:56,601 -INFO- translating `Sharp_Blue_CDS_NewNames.fasta.code` in six frames
/mnt/home/teresisc/anaconda3/envs/EDTA/lib/python3.6/site-packages/Bio/Seq.py:2338: BiopythonWarning: Partial codon, len(sequence) not a multiple of three. Explicitly trim the sequence or add trailing N before translation. This may become an error in future.
  BiopythonWarning,
2022-05-24 01:47:58,175 -INFO- HMM scanning against `/mnt/ufs18/home-115/teresisc/anaconda3/envs/EDTA/lib/python3.6/site-packages/TEsorter/database/REXdb_protein_database_viridiplantae_v3.0_plus_metazoa_v3.hmm`
2022-05-24 01:48:03,436 -INFO- Creating server instance (pp-1.6.4.4)
2022-05-24 01:48:03,436 -INFO- Running on Python 3.6.12 linux
2022-05-24 01:48:04,946 -INFO- pp local server started with 24 workers
2022-05-24 01:48:04,966 -INFO- Task 0 started
2022-05-24 01:48:04,966 -INFO- Task 1 started
2022-05-24 01:48:04,967 -INFO- Task 2 started
2022-05-24 01:48:04,967 -INFO- Task 3 started
2022-05-24 01:48:04,967 -INFO- Task 4 started
2022-05-24 01:48:04,967 -INFO- Task 5 started
2022-05-24 01:48:04,968 -INFO- Task 6 started
2022-05-24 01:48:04,968 -INFO- Task 7 started
2022-05-24 01:48:04,968 -INFO- Task 8 started
2022-05-24 01:48:04,968 -INFO- Task 9 started
2022-05-24 01:48:04,968 -INFO- Task 10 started
2022-05-24 01:48:04,969 -INFO- Task 11 started
2022-05-24 01:48:04,969 -INFO- Task 12 started
2022-05-24 01:48:04,969 -INFO- Task 13 started
2022-05-24 01:48:04,970 -INFO- Task 14 started
2022-05-24 01:48:04,970 -INFO- Task 15 started
2022-05-24 01:48:04,970 -INFO- Task 16 started
2022-05-24 01:48:04,970 -INFO- Task 17 started
2022-05-24 01:48:04,971 -INFO- Task 18 started
2022-05-24 01:48:04,971 -INFO- Task 19 started
2022-05-24 01:48:04,971 -INFO- Task 20 started
2022-05-24 01:48:04,972 -INFO- Task 21 started
2022-05-24 01:48:04,972 -INFO- Task 22 started
2022-05-24 01:48:04,972 -INFO- Task 23 started
2022-05-24 03:05:02,709 -INFO- generating gene anntations
2022-05-24 03:05:08,956 -INFO- 1144 sequences classified by HMM
2022-05-24 03:05:08,957 -INFO- see protein domain sequences in `Sharp_Blue_CDS_NewNames.fasta.code.rexdb.dom.faa` and annotation gff3 file in `Sharp_Blue_CDS_NewNames.fasta.code.rexdb.dom.gff3`
2022-05-24 03:05:08,957 -INFO- classifying the unclassified sequences by searching against the classified ones
2022-05-24 03:05:12,004 -INFO- using the 80-80-80 rule
2022-05-24 03:05:12,004 -INFO- run CMD: `makeblastdb -in ./tmp/pass1_classified.fa -dbtype nucl`
2022-05-24 03:05:12,235 -INFO- run CMD: `blastn -query ./tmp/pass1_unclassified.fa -db ./tmp/pass1_classified.fa -out ./tmp/pass1_unclassified.fa.blastout -outfmt '6 qseqid sseqid pident length mismatch gapopen qstart qend sstart send evalue bitscore qlen slen qcovs qcovhsp sstrand' -num_threads 24`
2022-05-24 03:05:34,816 -INFO- 980 sequences classified in pass 2
2022-05-24 03:05:34,819 -INFO- total 2124 sequences classified.
2022-05-24 03:05:34,819 -INFO- see classified sequences in `Sharp_Blue_CDS_NewNames.fasta.code.rexdb.cls.tsv`
2022-05-24 03:05:34,820 -INFO- writing library for RepeatMasker in `Sharp_Blue_CDS_NewNames.fasta.code.rexdb.cls.lib`
2022-05-24 03:05:37,166 -INFO- writing classified protein domains in `Sharp_Blue_CDS_NewNames.fasta.code.rexdb.cls.pep`
2022-05-24 03:05:37,196 -INFO- Summary of classifications:
Order           Superfamily      # of Sequences# of Clade Sequences    # of Clades# of full Domains
LTR             Bel-Pao                      41              0              0              0
LTR             Copia                       366            123             15              0
LTR             Gypsy                       320            153             16              0
LTR             Retrovirus                   42              0              0              0
LTR             mixture                       2              0              0              0
pararetrovirus  unknown                      14              0              0              0
DIRS            unknown                       3              0              0              0
Penelope        unknown                       4              0              0              0
LINE            unknown                     182              0              0              0
TIR             EnSpm_CACTA                   1              0              0              0
TIR             MuDR_Mutator                181              0              0              0
TIR             PIF_Harbinger               164              0              0              0
TIR             Sola1                         1              0              0              0
TIR             Sola2                        39              0              0              0
TIR             Tc1_Mariner                   4              0              0              0
TIR             hAT                          72              0              0              0
Helitron        unknown                      66              0              0              0
Maverick        unknown                     612              0              0              0
mixture         mixture                      10              0              0              0
2022-05-24 03:05:37,198 -INFO- Pipeline done.
2022-05-24 03:05:37,198 -INFO- cleaning the temporary directory ./tmp
				Remove CDS-related sequences in the EDTA library:

Tue May 24 04:36:16 EDT 2022	Combine the high-quality TE library liblist_Southern.txt.panTE.fa with the EDTA library:

Tue May 24 05:33:41 EDT 2022	EDTA final stage finished! You may check out:
				The final EDTA TE library: Sharp_Blue_NewNames.fasta.mod.EDTA.TElib.fa
				Family names of intact TEs have been updated by liblist_Southern.txt.panTE.fa: Sharp_Blue_NewNames.fasta.mod.EDTA.intact.gff3
				Comparing to the provided library, EDTA found these novel TEs: Sharp_Blue_NewNames.fasta.mod.EDTA.TElib.novel.fa
				The provided library has been incorporated into the final library: Sharp_Blue_NewNames.fasta.mod.EDTA.TElib.fa

Tue May 24 05:33:41 EDT 2022	Perform post-EDTA analysis for whole-genome annotation:

Tue May 24 05:33:41 EDT 2022	Homology-based annotation of TEs using Sharp_Blue_NewNames.fasta.mod.EDTA.TElib.fa from scratch.

Wed May 25 00:41:09 EDT 2022	TE annotation using the EDTA library has finished! Check out:
				Whole-genome TE annotation (total TE: 59.68%): Sharp_Blue_NewNames.fasta.mod.EDTA.TEanno.gff3
				Whole-genome TE annotation summary: Sharp_Blue_NewNames.fasta.mod.EDTA.TEanno.sum
				Low-threshold TE masking for MAKER gene annotation (masked: 30.48%): Sharp_Blue_NewNames.fasta.mod.MAKER.masked

tar gz-ing the annotation folder
tar: Removing leading `/' from member names
Time taken: 524231
