amr-187
My Task ID: 10
Rubel
Declaring output paths and running EDTA

########################################################
##### Extensive de-novo TE Annotator (EDTA) v2.0.0  ####
##### Shujun Ou (shujun.ou.1@gmail.com)             ####
########################################################



Sat May 21 09:44:50 EDT 2022	Dependency checking:
				All passed!

	A custom library /mnt/research/edgerpat_lab/Scotty/Blueberry_Pangenome_TE_Analysis/results/Blueberry/Northern_pan_lib/liblist_Northern.txt.panTE.fa is provided via --curatedlib. Please make sure this is a manually curated library but not machine generated.

	A CDS file /mnt/research/edgerpat_lab/Scotty/Blueberry_Pangenome_TE_Analysis/results/Blueberry/Rubel/Rubel_CDS_NewNames.fasta is provided via --cds. Please make sure this is the DNA sequence of coding regions only.

Sat May 21 09:45:59 EDT 2022	Obtain raw TE libraries using various structure-based programs: 
Sat May 21 09:45:59 EDT 2022	EDTA_raw: Check dependencies, prepare working directories.

Sat May 21 09:46:15 EDT 2022	Start to find LTR candidates.

Sat May 21 09:46:15 EDT 2022	Identify LTR retrotransposon candidates from scratch.

Sat May 21 10:39:40 EDT 2022	Finish finding LTR candidates.

Sat May 21 10:39:40 EDT 2022	Start to find TIR candidates.

Sat May 21 10:39:40 EDT 2022	Identify TIR candidates from scratch.

Species: others
Sat May 21 23:22:41 EDT 2022	Finish finding TIR candidates.

Sat May 21 23:22:41 EDT 2022	Start to find Helitron candidates.

Sat May 21 23:22:41 EDT 2022	Identify Helitron candidates from scratch.

Sun May 22 09:56:08 EDT 2022	Finish finding Helitron candidates.

Sun May 22 09:56:08 EDT 2022	Execution of EDTA_raw.pl is finished!

Sun May 22 09:56:09 EDT 2022	Obtain raw TE libraries finished.
				All intact TEs found by EDTA: 
					Rubel_NewNames.fasta.mod.EDTA.intact.fa
					Rubel_NewNames.fasta.mod.EDTA.intact.gff3

Sun May 22 09:56:09 EDT 2022	Perform EDTA advance filtering for raw TE candidates and generate the stage 1 library: 

Sun May 22 11:21:55 EDT 2022	EDTA advance filtering finished.

Sun May 22 11:21:55 EDT 2022	Perform EDTA final steps to generate a non-redundant comprehensive TE library:

				Use RepeatModeler to identify any remaining TEs that are missed by structure-based methods.

2022-05-25 04:51:44,240 -WARNING- Grid computing is not available because DRMAA not configured properly: Could not find drmaa library.  Please specify its full path using the environment variable DRMAA_LIBRARY_PATH
2022-05-25 04:51:44,354 -INFO- VARS: {'sequence': 'Rubel_NewNames.fasta.mod.RM.consensi.fa', 'hmm_database': 'rexdb', 'seq_type': 'nucl', 'prefix': 'Rubel_NewNames.fasta.mod.RM.consensi.fa.rexdb', 'force_write_hmmscan': False, 'processors': 24, 'tmp_dir': './tmp', 'min_coverage': 20, 'max_evalue': 0.001, 'disable_pass2': False, 'pass2_rule': '80-80-80', 'no_library': False, 'no_reverse': False, 'no_cleanup': False, 'p2_identity': 80.0, 'p2_coverage': 80.0, 'p2_length': 80.0}
2022-05-25 04:51:44,355 -INFO- checking dependencies:
2022-05-25 04:51:44,444 -INFO- hmmer	3.3.1	OK
2022-05-25 04:51:44,512 -INFO- blastn	2.10.0+	OK
2022-05-25 04:51:44,516 -INFO- check database rexdb
2022-05-25 04:51:44,517 -INFO- db path: /mnt/ufs18/home-115/teresisc/anaconda3/envs/EDTA/lib/python3.6/site-packages/TEsorter/database
2022-05-25 04:51:44,517 -INFO- db file: REXdb_protein_database_viridiplantae_v3.0_plus_metazoa_v3.hmm
2022-05-25 04:51:44,518 -INFO- REXdb_protein_database_viridiplantae_v3.0_plus_metazoa_v3.hmm	OK
2022-05-25 04:51:44,518 -INFO- Start classifying pipeline
2022-05-25 04:51:44,829 -INFO- total 2105 sequences
2022-05-25 04:51:44,830 -INFO- translating `Rubel_NewNames.fasta.mod.RM.consensi.fa` in six frames
/mnt/home/teresisc/anaconda3/envs/EDTA/lib/python3.6/site-packages/Bio/Seq.py:2338: BiopythonWarning: Partial codon, len(sequence) not a multiple of three. Explicitly trim the sequence or add trailing N before translation. This may become an error in future.
  BiopythonWarning,
2022-05-25 04:51:48,186 -INFO- HMM scanning against `/mnt/ufs18/home-115/teresisc/anaconda3/envs/EDTA/lib/python3.6/site-packages/TEsorter/database/REXdb_protein_database_viridiplantae_v3.0_plus_metazoa_v3.hmm`
2022-05-25 04:51:48,318 -INFO- Creating server instance (pp-1.6.4.4)
2022-05-25 04:51:48,318 -INFO- Running on Python 3.6.12 linux
2022-05-25 04:51:49,840 -INFO- pp local server started with 24 workers
2022-05-25 04:51:49,952 -INFO- Task 0 started
2022-05-25 04:51:49,952 -INFO- Task 1 started
2022-05-25 04:51:49,953 -INFO- Task 2 started
2022-05-25 04:51:49,953 -INFO- Task 3 started
2022-05-25 04:51:49,953 -INFO- Task 4 started
2022-05-25 04:51:49,954 -INFO- Task 5 started
2022-05-25 04:51:49,954 -INFO- Task 6 started
2022-05-25 04:51:49,954 -INFO- Task 7 started
2022-05-25 04:51:49,955 -INFO- Task 8 started
2022-05-25 04:51:49,955 -INFO- Task 9 started
2022-05-25 04:51:49,955 -INFO- Task 10 started
2022-05-25 04:51:49,955 -INFO- Task 11 started
2022-05-25 04:51:49,956 -INFO- Task 12 started
2022-05-25 04:51:49,956 -INFO- Task 13 started
2022-05-25 04:51:49,956 -INFO- Task 14 started
2022-05-25 04:51:49,957 -INFO- Task 15 started
2022-05-25 04:51:49,957 -INFO- Task 16 started
2022-05-25 04:51:49,957 -INFO- Task 17 started
2022-05-25 04:51:49,958 -INFO- Task 18 started
2022-05-25 04:51:49,959 -INFO- Task 19 started
2022-05-25 04:51:49,960 -INFO- Task 20 started
2022-05-25 04:51:49,960 -INFO- Task 21 started
2022-05-25 04:51:49,961 -INFO- Task 22 started
2022-05-25 04:51:49,961 -INFO- Task 23 started
2022-05-25 04:53:10,010 -INFO- generating gene anntations
2022-05-25 04:53:10,166 -INFO- 80 sequences classified by HMM
2022-05-25 04:53:10,166 -INFO- see protein domain sequences in `Rubel_NewNames.fasta.mod.RM.consensi.fa.rexdb.dom.faa` and annotation gff3 file in `Rubel_NewNames.fasta.mod.RM.consensi.fa.rexdb.dom.gff3`
2022-05-25 04:53:10,167 -INFO- classifying the unclassified sequences by searching against the classified ones
2022-05-25 04:53:10,269 -INFO- using the 80-80-80 rule
2022-05-25 04:53:10,269 -INFO- run CMD: `makeblastdb -in ./tmp/pass1_classified.fa -dbtype nucl`
2022-05-25 04:53:10,477 -INFO- run CMD: `blastn -query ./tmp/pass1_unclassified.fa -db ./tmp/pass1_classified.fa -out ./tmp/pass1_unclassified.fa.blastout -outfmt '6 qseqid sseqid pident length mismatch gapopen qstart qend sstart send evalue bitscore qlen slen qcovs qcovhsp sstrand' -num_threads 24`
2022-05-25 04:53:11,097 -INFO- 0 sequences classified in pass 2
2022-05-25 04:53:11,098 -INFO- total 80 sequences classified.
2022-05-25 04:53:11,098 -INFO- see classified sequences in `Rubel_NewNames.fasta.mod.RM.consensi.fa.rexdb.cls.tsv`
2022-05-25 04:53:11,098 -INFO- writing library for RepeatMasker in `Rubel_NewNames.fasta.mod.RM.consensi.fa.rexdb.cls.lib`
2022-05-25 04:53:11,156 -INFO- writing classified protein domains in `Rubel_NewNames.fasta.mod.RM.consensi.fa.rexdb.cls.pep`
2022-05-25 04:53:11,162 -INFO- Summary of classifications:
Order           Superfamily      # of Sequences# of Clade Sequences    # of Clades# of full Domains
LTR             Copia                         1              1              1              0
LTR             Gypsy                        12             12              4              0
LINE            unknown                      43              0              0              0
TIR             EnSpm_CACTA                   4              0              0              0
TIR             MuDR_Mutator                  8              0              0              0
TIR             PIF_Harbinger                 6              0              0              0
TIR             hAT                           3              0              0              0
Helitron        unknown                       2              0              0              0
mixture         mixture                       1              0              0              0
2022-05-25 04:53:11,162 -INFO- Pipeline done.
2022-05-25 04:53:11,162 -INFO- cleaning the temporary directory ./tmp
Wed May 25 05:13:15 EDT 2022	Clean up TE-related sequences in the CDS file with TEsorter:

2022-05-25 05:13:18,878 -WARNING- Grid computing is not available because DRMAA not configured properly: Could not find drmaa library.  Please specify its full path using the environment variable DRMAA_LIBRARY_PATH
2022-05-25 05:13:18,884 -INFO- VARS: {'sequence': 'Rubel_CDS_NewNames.fasta.code', 'hmm_database': 'rexdb', 'seq_type': 'nucl', 'prefix': 'Rubel_CDS_NewNames.fasta.code.rexdb', 'force_write_hmmscan': False, 'processors': 24, 'tmp_dir': './tmp', 'min_coverage': 20, 'max_evalue': 0.001, 'disable_pass2': False, 'pass2_rule': '80-80-80', 'no_library': False, 'no_reverse': False, 'no_cleanup': False, 'p2_identity': 80.0, 'p2_coverage': 80.0, 'p2_length': 80.0}
2022-05-25 05:13:18,884 -INFO- checking dependencies:
2022-05-25 05:13:18,895 -INFO- hmmer	3.3.1	OK
2022-05-25 05:13:18,946 -INFO- blastn	2.10.0+	OK
2022-05-25 05:13:18,948 -INFO- check database rexdb
2022-05-25 05:13:18,948 -INFO- db path: /mnt/ufs18/home-115/teresisc/anaconda3/envs/EDTA/lib/python3.6/site-packages/TEsorter/database
2022-05-25 05:13:18,949 -INFO- db file: REXdb_protein_database_viridiplantae_v3.0_plus_metazoa_v3.hmm
2022-05-25 05:13:18,949 -INFO- REXdb_protein_database_viridiplantae_v3.0_plus_metazoa_v3.hmm	OK
2022-05-25 05:13:18,949 -INFO- Start classifying pipeline
2022-05-25 05:13:19,634 -INFO- total 104889 sequences
2022-05-25 05:13:19,634 -INFO- translating `Rubel_CDS_NewNames.fasta.code` in six frames
/mnt/home/teresisc/anaconda3/envs/EDTA/lib/python3.6/site-packages/Bio/Seq.py:2338: BiopythonWarning: Partial codon, len(sequence) not a multiple of three. Explicitly trim the sequence or add trailing N before translation. This may become an error in future.
  BiopythonWarning,
2022-05-25 05:15:21,461 -INFO- HMM scanning against `/mnt/ufs18/home-115/teresisc/anaconda3/envs/EDTA/lib/python3.6/site-packages/TEsorter/database/REXdb_protein_database_viridiplantae_v3.0_plus_metazoa_v3.hmm`
2022-05-25 05:15:26,762 -INFO- Creating server instance (pp-1.6.4.4)
2022-05-25 05:15:26,763 -INFO- Running on Python 3.6.12 linux
2022-05-25 05:15:28,314 -INFO- pp local server started with 24 workers
2022-05-25 05:15:28,335 -INFO- Task 0 started
2022-05-25 05:15:28,336 -INFO- Task 1 started
2022-05-25 05:15:28,336 -INFO- Task 2 started
2022-05-25 05:15:28,337 -INFO- Task 3 started
2022-05-25 05:15:28,337 -INFO- Task 4 started
2022-05-25 05:15:28,337 -INFO- Task 5 started
2022-05-25 05:15:28,337 -INFO- Task 6 started
2022-05-25 05:15:28,338 -INFO- Task 7 started
2022-05-25 05:15:28,338 -INFO- Task 8 started
2022-05-25 05:15:28,338 -INFO- Task 9 started
2022-05-25 05:15:28,339 -INFO- Task 10 started
2022-05-25 05:15:28,339 -INFO- Task 11 started
2022-05-25 05:15:28,340 -INFO- Task 12 started
2022-05-25 05:15:28,340 -INFO- Task 13 started
2022-05-25 05:15:28,340 -INFO- Task 14 started
2022-05-25 05:15:28,340 -INFO- Task 15 started
2022-05-25 05:15:28,341 -INFO- Task 16 started
2022-05-25 05:15:28,341 -INFO- Task 17 started
2022-05-25 05:15:28,341 -INFO- Task 18 started
2022-05-25 05:15:28,341 -INFO- Task 19 started
2022-05-25 05:15:28,342 -INFO- Task 20 started
2022-05-25 05:15:28,342 -INFO- Task 21 started
2022-05-25 05:15:28,343 -INFO- Task 22 started
2022-05-25 05:15:28,343 -INFO- Task 23 started
2022-05-25 06:22:11,896 -INFO- generating gene anntations
2022-05-25 06:22:17,870 -INFO- 1070 sequences classified by HMM
2022-05-25 06:22:17,870 -INFO- see protein domain sequences in `Rubel_CDS_NewNames.fasta.code.rexdb.dom.faa` and annotation gff3 file in `Rubel_CDS_NewNames.fasta.code.rexdb.dom.gff3`
2022-05-25 06:22:17,870 -INFO- classifying the unclassified sequences by searching against the classified ones
2022-05-25 06:22:20,952 -INFO- using the 80-80-80 rule
2022-05-25 06:22:20,952 -INFO- run CMD: `makeblastdb -in ./tmp/pass1_classified.fa -dbtype nucl`
2022-05-25 06:22:21,519 -INFO- run CMD: `blastn -query ./tmp/pass1_unclassified.fa -db ./tmp/pass1_classified.fa -out ./tmp/pass1_unclassified.fa.blastout -outfmt '6 qseqid sseqid pident length mismatch gapopen qstart qend sstart send evalue bitscore qlen slen qcovs qcovhsp sstrand' -num_threads 24`
2022-05-25 06:22:44,034 -INFO- 901 sequences classified in pass 2
2022-05-25 06:22:44,053 -INFO- total 1971 sequences classified.
2022-05-25 06:22:44,054 -INFO- see classified sequences in `Rubel_CDS_NewNames.fasta.code.rexdb.cls.tsv`
2022-05-25 06:22:44,054 -INFO- writing library for RepeatMasker in `Rubel_CDS_NewNames.fasta.code.rexdb.cls.lib`
2022-05-25 06:22:46,515 -INFO- writing classified protein domains in `Rubel_CDS_NewNames.fasta.code.rexdb.cls.pep`
2022-05-25 06:22:46,542 -INFO- Summary of classifications:
Order           Superfamily      # of Sequences# of Clade Sequences    # of Clades# of full Domains
LTR             Bel-Pao                      12              0              0              0
LTR             Copia                       276            121             16              0
LTR             Gypsy                       366            150             16              0
LTR             Retrovirus                   13              0              0              0
LTR             mixture                      15              0              0              0
pararetrovirus  unknown                      20              0              0              0
DIRS            unknown                       9              0              0              0
Penelope        unknown                       5              0              0              0
LINE            unknown                     186              0              0              0
TIR             EnSpm_CACTA                   8              0              0              0
TIR             MuDR_Mutator                202              0              0              0
TIR             PIF_Harbinger               160              0              0              0
TIR             Sola1                        11              0              0              0
TIR             hAT                          77              0              0              0
Helitron        unknown                      74              0              0              0
Maverick        unknown                     534              0              0              0
mixture         mixture                       3              0              0              0
2022-05-25 06:22:46,544 -INFO- Pipeline done.
2022-05-25 06:22:46,544 -INFO- cleaning the temporary directory ./tmp
				Remove CDS-related sequences in the EDTA library:

Wed May 25 07:37:22 EDT 2022	Combine the high-quality TE library liblist_Northern.txt.panTE.fa with the EDTA library:

pararetrovirus/NA not found in the TE_SO database, it will not be used to rename sequences in the final annotation.
pararetrovirus/NA not found in the TE_SO database, it will not be used to rename sequences in the final annotation.
polinton/NA not found in the TE_SO database, it will not be used to rename sequences in the final annotation.
polinton/NA not found in the TE_SO database, it will not be used to rename sequences in the final annotation.
polinton/NA not found in the TE_SO database, it will not be used to rename sequences in the final annotation.
Wed May 25 08:32:49 EDT 2022	EDTA final stage finished! You may check out:
				The final EDTA TE library: Rubel_NewNames.fasta.mod.EDTA.TElib.fa
				Family names of intact TEs have been updated by liblist_Northern.txt.panTE.fa: Rubel_NewNames.fasta.mod.EDTA.intact.gff3
				Comparing to the provided library, EDTA found these novel TEs: Rubel_NewNames.fasta.mod.EDTA.TElib.novel.fa
				The provided library has been incorporated into the final library: Rubel_NewNames.fasta.mod.EDTA.TElib.fa

Wed May 25 08:32:49 EDT 2022	Perform post-EDTA analysis for whole-genome annotation:

Wed May 25 08:32:49 EDT 2022	Homology-based annotation of TEs using Rubel_NewNames.fasta.mod.EDTA.TElib.fa from scratch.

Thu May 26 02:27:35 EDT 2022	TE annotation using the EDTA library has finished! Check out:
				Whole-genome TE annotation (total TE: 59.27%): Rubel_NewNames.fasta.mod.EDTA.TEanno.gff3
				Whole-genome TE annotation summary: Rubel_NewNames.fasta.mod.EDTA.TEanno.sum
				Low-threshold TE masking for MAKER gene annotation (masked: 28.69%): Rubel_NewNames.fasta.mod.MAKER.masked

tar gz-ing the annotation folder
tar: Removing leading `/' from member names
Time taken: 410240
