amr-108
My Task ID: 3
Meadowlark
Declaring output paths and running EDTA

########################################################
##### Extensive de-novo TE Annotator (EDTA) v2.0.0  ####
##### Shujun Ou (shujun.ou.1@gmail.com)             ####
########################################################



Fri May 13 13:27:30 EDT 2022	Dependency checking:
				All passed!

	A custom library /mnt/research/edgerpat_lab/Scotty/Blueberry_Pangenome_TE_Analysis/results/Blueberry/Southern_pan_lib/liblist_Southern.txt.panTE.fa is provided via --curatedlib. Please make sure this is a manually curated library but not machine generated.

	A CDS file /mnt/research/edgerpat_lab/Scotty/Blueberry_Pangenome_TE_Analysis/results/Blueberry/Meadowlark/Meadowlark_CDS_NewNames.fasta is provided via --cds. Please make sure this is the DNA sequence of coding regions only.

Fri May 13 13:28:44 EDT 2022	Obtain raw TE libraries using various structure-based programs: 
Fri May 13 13:28:44 EDT 2022	EDTA_raw: Check dependencies, prepare working directories.

Fri May 13 13:29:01 EDT 2022	Start to find LTR candidates.

Fri May 13 13:29:01 EDT 2022	Identify LTR retrotransposon candidates from scratch.

Fri May 13 20:40:19 EDT 2022	Finish finding LTR candidates.

Fri May 13 20:40:19 EDT 2022	Start to find TIR candidates.

Fri May 13 20:40:19 EDT 2022	Identify TIR candidates from scratch.

Species: others
Sat May 14 11:54:55 EDT 2022	Finish finding TIR candidates.

Sat May 14 11:54:55 EDT 2022	Start to find Helitron candidates.

Sat May 14 11:54:55 EDT 2022	Identify Helitron candidates from scratch.

Sun May 15 00:12:52 EDT 2022	Finish finding Helitron candidates.

Sun May 15 00:12:52 EDT 2022	Execution of EDTA_raw.pl is finished!

Sun May 15 00:12:52 EDT 2022	Obtain raw TE libraries finished.
				All intact TEs found by EDTA: 
					Meadowlark_NewNames.fasta.mod.EDTA.intact.fa
					Meadowlark_NewNames.fasta.mod.EDTA.intact.gff3

Sun May 15 00:12:52 EDT 2022	Perform EDTA advance filtering for raw TE candidates and generate the stage 1 library: 

Sun May 15 01:49:18 EDT 2022	EDTA advance filtering finished.

Sun May 15 01:49:18 EDT 2022	Perform EDTA final steps to generate a non-redundant comprehensive TE library:

				Use RepeatModeler to identify any remaining TEs that are missed by structure-based methods.

2022-05-18 00:40:35,033 -WARNING- Grid computing is not available because DRMAA not configured properly: Could not find drmaa library.  Please specify its full path using the environment variable DRMAA_LIBRARY_PATH
2022-05-18 00:40:35,103 -INFO- VARS: {'sequence': 'Meadowlark_NewNames.fasta.mod.RM.consensi.fa', 'hmm_database': 'rexdb', 'seq_type': 'nucl', 'prefix': 'Meadowlark_NewNames.fasta.mod.RM.consensi.fa.rexdb', 'force_write_hmmscan': False, 'processors': 24, 'tmp_dir': './tmp', 'min_coverage': 20, 'max_evalue': 0.001, 'disable_pass2': False, 'pass2_rule': '80-80-80', 'no_library': False, 'no_reverse': False, 'no_cleanup': False, 'p2_identity': 80.0, 'p2_coverage': 80.0, 'p2_length': 80.0}
2022-05-18 00:40:35,103 -INFO- checking dependencies:
2022-05-18 00:40:35,191 -INFO- hmmer	3.3.1	OK
2022-05-18 00:40:35,253 -INFO- blastn	2.10.0+	OK
2022-05-18 00:40:35,256 -INFO- check database rexdb
2022-05-18 00:40:35,256 -INFO- db path: /mnt/ufs18/home-115/teresisc/anaconda3/envs/EDTA/lib/python3.6/site-packages/TEsorter/database
2022-05-18 00:40:35,256 -INFO- db file: REXdb_protein_database_viridiplantae_v3.0_plus_metazoa_v3.hmm
2022-05-18 00:40:35,257 -INFO- REXdb_protein_database_viridiplantae_v3.0_plus_metazoa_v3.hmm	OK
2022-05-18 00:40:35,257 -INFO- Start classifying pipeline
2022-05-18 00:40:35,459 -INFO- total 2168 sequences
2022-05-18 00:40:35,459 -INFO- translating `Meadowlark_NewNames.fasta.mod.RM.consensi.fa` in six frames
/mnt/home/teresisc/anaconda3/envs/EDTA/lib/python3.6/site-packages/Bio/Seq.py:2338: BiopythonWarning: Partial codon, len(sequence) not a multiple of three. Explicitly trim the sequence or add trailing N before translation. This may become an error in future.
  BiopythonWarning,
2022-05-18 00:40:39,273 -INFO- HMM scanning against `/mnt/ufs18/home-115/teresisc/anaconda3/envs/EDTA/lib/python3.6/site-packages/TEsorter/database/REXdb_protein_database_viridiplantae_v3.0_plus_metazoa_v3.hmm`
2022-05-18 00:40:39,406 -INFO- Creating server instance (pp-1.6.4.4)
2022-05-18 00:40:39,406 -INFO- Running on Python 3.6.12 linux
2022-05-18 00:40:40,942 -INFO- pp local server started with 24 workers
2022-05-18 00:40:41,042 -INFO- Task 0 started
2022-05-18 00:40:41,043 -INFO- Task 1 started
2022-05-18 00:40:41,043 -INFO- Task 2 started
2022-05-18 00:40:41,044 -INFO- Task 3 started
2022-05-18 00:40:41,044 -INFO- Task 4 started
2022-05-18 00:40:41,044 -INFO- Task 5 started
2022-05-18 00:40:41,044 -INFO- Task 6 started
2022-05-18 00:40:41,045 -INFO- Task 7 started
2022-05-18 00:40:41,045 -INFO- Task 8 started
2022-05-18 00:40:41,045 -INFO- Task 9 started
2022-05-18 00:40:41,045 -INFO- Task 10 started
2022-05-18 00:40:41,046 -INFO- Task 11 started
2022-05-18 00:40:41,046 -INFO- Task 12 started
2022-05-18 00:40:41,046 -INFO- Task 13 started
2022-05-18 00:40:41,046 -INFO- Task 14 started
2022-05-18 00:40:41,046 -INFO- Task 15 started
2022-05-18 00:40:41,047 -INFO- Task 16 started
2022-05-18 00:40:41,047 -INFO- Task 17 started
2022-05-18 00:40:41,047 -INFO- Task 18 started
2022-05-18 00:40:41,047 -INFO- Task 19 started
2022-05-18 00:40:41,047 -INFO- Task 20 started
2022-05-18 00:40:41,048 -INFO- Task 21 started
2022-05-18 00:40:41,048 -INFO- Task 22 started
2022-05-18 00:40:41,048 -INFO- Task 23 started
2022-05-18 00:42:07,207 -INFO- generating gene anntations
2022-05-18 00:42:07,336 -INFO- 68 sequences classified by HMM
2022-05-18 00:42:07,336 -INFO- see protein domain sequences in `Meadowlark_NewNames.fasta.mod.RM.consensi.fa.rexdb.dom.faa` and annotation gff3 file in `Meadowlark_NewNames.fasta.mod.RM.consensi.fa.rexdb.dom.gff3`
2022-05-18 00:42:07,336 -INFO- classifying the unclassified sequences by searching against the classified ones
2022-05-18 00:42:07,416 -INFO- using the 80-80-80 rule
2022-05-18 00:42:07,416 -INFO- run CMD: `makeblastdb -in ./tmp/pass1_classified.fa -dbtype nucl`
2022-05-18 00:42:07,553 -INFO- run CMD: `blastn -query ./tmp/pass1_unclassified.fa -db ./tmp/pass1_classified.fa -out ./tmp/pass1_unclassified.fa.blastout -outfmt '6 qseqid sseqid pident length mismatch gapopen qstart qend sstart send evalue bitscore qlen slen qcovs qcovhsp sstrand' -num_threads 24`
2022-05-18 00:42:08,247 -INFO- 0 sequences classified in pass 2
2022-05-18 00:42:08,247 -INFO- total 68 sequences classified.
2022-05-18 00:42:08,248 -INFO- see classified sequences in `Meadowlark_NewNames.fasta.mod.RM.consensi.fa.rexdb.cls.tsv`
2022-05-18 00:42:08,248 -INFO- writing library for RepeatMasker in `Meadowlark_NewNames.fasta.mod.RM.consensi.fa.rexdb.cls.lib`
2022-05-18 00:42:08,306 -INFO- writing classified protein domains in `Meadowlark_NewNames.fasta.mod.RM.consensi.fa.rexdb.cls.pep`
2022-05-18 00:42:08,310 -INFO- Summary of classifications:
Order           Superfamily      # of Sequences# of Clade Sequences    # of Clades# of full Domains
LTR             Copia                         3              3              3              0
LTR             Gypsy                         8              8              4              0
pararetrovirus  unknown                       1              0              0              0
LINE            unknown                      36              0              0              0
TIR             MuDR_Mutator                  6              0              0              0
TIR             PIF_Harbinger                 6              0              0              0
TIR             hAT                           3              0              0              0
Helitron        unknown                       3              0              0              0
Maverick        unknown                       2              0              0              0
2022-05-18 00:42:08,310 -INFO- Pipeline done.
2022-05-18 00:42:08,310 -INFO- cleaning the temporary directory ./tmp
Wed May 18 01:04:52 EDT 2022	Clean up TE-related sequences in the CDS file with TEsorter:

2022-05-18 01:04:55,830 -WARNING- Grid computing is not available because DRMAA not configured properly: Could not find drmaa library.  Please specify its full path using the environment variable DRMAA_LIBRARY_PATH
2022-05-18 01:04:55,834 -INFO- VARS: {'sequence': 'Meadowlark_CDS_NewNames.fasta.code', 'hmm_database': 'rexdb', 'seq_type': 'nucl', 'prefix': 'Meadowlark_CDS_NewNames.fasta.code.rexdb', 'force_write_hmmscan': False, 'processors': 24, 'tmp_dir': './tmp', 'min_coverage': 20, 'max_evalue': 0.001, 'disable_pass2': False, 'pass2_rule': '80-80-80', 'no_library': False, 'no_reverse': False, 'no_cleanup': False, 'p2_identity': 80.0, 'p2_coverage': 80.0, 'p2_length': 80.0}
2022-05-18 01:04:55,834 -INFO- checking dependencies:
2022-05-18 01:04:55,845 -INFO- hmmer	3.3.1	OK
2022-05-18 01:04:55,892 -INFO- blastn	2.10.0+	OK
2022-05-18 01:04:55,894 -INFO- check database rexdb
2022-05-18 01:04:55,894 -INFO- db path: /mnt/ufs18/home-115/teresisc/anaconda3/envs/EDTA/lib/python3.6/site-packages/TEsorter/database
2022-05-18 01:04:55,894 -INFO- db file: REXdb_protein_database_viridiplantae_v3.0_plus_metazoa_v3.hmm
2022-05-18 01:04:55,895 -INFO- REXdb_protein_database_viridiplantae_v3.0_plus_metazoa_v3.hmm	OK
2022-05-18 01:04:55,895 -INFO- Start classifying pipeline
2022-05-18 01:04:56,603 -INFO- total 105959 sequences
2022-05-18 01:04:56,603 -INFO- translating `Meadowlark_CDS_NewNames.fasta.code` in six frames
/mnt/home/teresisc/anaconda3/envs/EDTA/lib/python3.6/site-packages/Bio/Seq.py:2338: BiopythonWarning: Partial codon, len(sequence) not a multiple of three. Explicitly trim the sequence or add trailing N before translation. This may become an error in future.
  BiopythonWarning,
2022-05-18 01:06:56,233 -INFO- HMM scanning against `/mnt/ufs18/home-115/teresisc/anaconda3/envs/EDTA/lib/python3.6/site-packages/TEsorter/database/REXdb_protein_database_viridiplantae_v3.0_plus_metazoa_v3.hmm`
2022-05-18 01:07:01,483 -INFO- Creating server instance (pp-1.6.4.4)
2022-05-18 01:07:01,483 -INFO- Running on Python 3.6.12 linux
2022-05-18 01:07:02,938 -INFO- pp local server started with 24 workers
2022-05-18 01:07:02,958 -INFO- Task 0 started
2022-05-18 01:07:02,958 -INFO- Task 1 started
2022-05-18 01:07:02,959 -INFO- Task 2 started
2022-05-18 01:07:02,959 -INFO- Task 3 started
2022-05-18 01:07:02,959 -INFO- Task 4 started
2022-05-18 01:07:02,959 -INFO- Task 5 started
2022-05-18 01:07:02,960 -INFO- Task 6 started
2022-05-18 01:07:02,960 -INFO- Task 7 started
2022-05-18 01:07:02,960 -INFO- Task 8 started
2022-05-18 01:07:02,960 -INFO- Task 9 started
2022-05-18 01:07:02,961 -INFO- Task 10 started
2022-05-18 01:07:02,961 -INFO- Task 11 started
2022-05-18 01:07:02,961 -INFO- Task 12 started
2022-05-18 01:07:02,961 -INFO- Task 13 started
2022-05-18 01:07:02,961 -INFO- Task 14 started
2022-05-18 01:07:02,962 -INFO- Task 15 started
2022-05-18 01:07:02,962 -INFO- Task 16 started
2022-05-18 01:07:02,962 -INFO- Task 17 started
2022-05-18 01:07:02,962 -INFO- Task 18 started
2022-05-18 01:07:02,963 -INFO- Task 19 started
2022-05-18 01:07:02,963 -INFO- Task 20 started
2022-05-18 01:07:02,963 -INFO- Task 21 started
2022-05-18 01:07:02,963 -INFO- Task 22 started
2022-05-18 01:07:02,964 -INFO- Task 23 started
2022-05-18 02:17:42,187 -INFO- generating gene anntations
2022-05-18 02:17:48,372 -INFO- 1159 sequences classified by HMM
2022-05-18 02:17:48,373 -INFO- see protein domain sequences in `Meadowlark_CDS_NewNames.fasta.code.rexdb.dom.faa` and annotation gff3 file in `Meadowlark_CDS_NewNames.fasta.code.rexdb.dom.gff3`
2022-05-18 02:17:48,373 -INFO- classifying the unclassified sequences by searching against the classified ones
2022-05-18 02:17:51,309 -INFO- using the 80-80-80 rule
2022-05-18 02:17:51,309 -INFO- run CMD: `makeblastdb -in ./tmp/pass1_classified.fa -dbtype nucl`
2022-05-18 02:17:51,500 -INFO- run CMD: `blastn -query ./tmp/pass1_unclassified.fa -db ./tmp/pass1_classified.fa -out ./tmp/pass1_unclassified.fa.blastout -outfmt '6 qseqid sseqid pident length mismatch gapopen qstart qend sstart send evalue bitscore qlen slen qcovs qcovhsp sstrand' -num_threads 24`
2022-05-18 02:18:13,746 -INFO- 1014 sequences classified in pass 2
2022-05-18 02:18:13,748 -INFO- total 2173 sequences classified.
2022-05-18 02:18:13,748 -INFO- see classified sequences in `Meadowlark_CDS_NewNames.fasta.code.rexdb.cls.tsv`
2022-05-18 02:18:13,748 -INFO- writing library for RepeatMasker in `Meadowlark_CDS_NewNames.fasta.code.rexdb.cls.lib`
2022-05-18 02:18:15,969 -INFO- writing classified protein domains in `Meadowlark_CDS_NewNames.fasta.code.rexdb.cls.pep`
2022-05-18 02:18:15,997 -INFO- Summary of classifications:
Order           Superfamily      # of Sequences# of Clade Sequences    # of Clades# of full Domains
LTR             Bel-Pao                      30              0              0              0
LTR             Copia                       345            120             16              0
LTR             Gypsy                       414            167             17              0
LTR             Retrovirus                   35              0              0              0
LTR             mixture                       2              0              0              0
pararetrovirus  unknown                      14              0              0              0
Penelope        unknown                       4              0              0              0
LINE            unknown                     236              0              0              0
TIR             EnSpm_CACTA                   3              0              0              0
TIR             MuDR_Mutator                180              0              0              0
TIR             PIF_Harbinger               185              0              0              0
TIR             Sola2                        45              0              0              0
TIR             Tc1_Mariner                   1              0              0              0
TIR             hAT                          84              0              0              0
Helitron        unknown                      58              0              0              0
Maverick        unknown                     527              0              0              0
mixture         mixture                      10              0              0              0
2022-05-18 02:18:15,999 -INFO- Pipeline done.
2022-05-18 02:18:15,999 -INFO- cleaning the temporary directory ./tmp
				Remove CDS-related sequences in the EDTA library:

Wed May 18 03:40:38 EDT 2022	Combine the high-quality TE library liblist_Southern.txt.panTE.fa with the EDTA library:

pararetrovirus/NA not found in the TE_SO database, it will not be used to rename sequences in the final annotation.
Wed May 18 04:32:17 EDT 2022	EDTA final stage finished! You may check out:
				The final EDTA TE library: Meadowlark_NewNames.fasta.mod.EDTA.TElib.fa
				Family names of intact TEs have been updated by liblist_Southern.txt.panTE.fa: Meadowlark_NewNames.fasta.mod.EDTA.intact.gff3
				Comparing to the provided library, EDTA found these novel TEs: Meadowlark_NewNames.fasta.mod.EDTA.TElib.novel.fa
				The provided library has been incorporated into the final library: Meadowlark_NewNames.fasta.mod.EDTA.TElib.fa

Wed May 18 04:32:17 EDT 2022	Perform post-EDTA analysis for whole-genome annotation:

Wed May 18 04:32:17 EDT 2022	Homology-based annotation of TEs using Meadowlark_NewNames.fasta.mod.EDTA.TElib.fa from scratch.

Wed May 18 23:06:38 EDT 2022	TE annotation using the EDTA library has finished! Check out:
				Whole-genome TE annotation (total TE: 59.51%): Meadowlark_NewNames.fasta.mod.EDTA.TEanno.gff3
				Whole-genome TE annotation summary: Meadowlark_NewNames.fasta.mod.EDTA.TEanno.sum
				Low-threshold TE masking for MAKER gene annotation (masked: 31.65%): Meadowlark_NewNames.fasta.mod.MAKER.masked

tar gz-ing the annotation folder
tar: Removing leading `/' from member names
Time taken: 470978
