amr-212
My Task ID: 2
Chandler
Declaring output paths and running EDTA

########################################################
##### Extensive de-novo TE Annotator (EDTA) v2.0.0  ####
##### Shujun Ou (shujun.ou.1@gmail.com)             ####
########################################################



Mon May 16 11:30:56 EDT 2022	Dependency checking:
				All passed!

	A custom library /mnt/research/edgerpat_lab/Scotty/Blueberry_Pangenome_TE_Analysis/results/Blueberry/Northern_pan_lib/liblist_Northern.txt.panTE.fa is provided via --curatedlib. Please make sure this is a manually curated library but not machine generated.

	A CDS file /mnt/research/edgerpat_lab/Scotty/Blueberry_Pangenome_TE_Analysis/results/Blueberry/Chandler/Chandler_CDS_NewNames.fasta is provided via --cds. Please make sure this is the DNA sequence of coding regions only.

Mon May 16 11:32:05 EDT 2022	Obtain raw TE libraries using various structure-based programs: 
Mon May 16 11:32:05 EDT 2022	EDTA_raw: Check dependencies, prepare working directories.

Mon May 16 11:32:22 EDT 2022	Start to find LTR candidates.

Mon May 16 11:32:22 EDT 2022	Identify LTR retrotransposon candidates from scratch.

Mon May 16 12:21:46 EDT 2022	Finish finding LTR candidates.

Mon May 16 12:21:46 EDT 2022	Start to find TIR candidates.

Mon May 16 12:21:46 EDT 2022	Identify TIR candidates from scratch.

Species: others
Tue May 17 00:32:31 EDT 2022	Finish finding TIR candidates.

Tue May 17 00:32:31 EDT 2022	Start to find Helitron candidates.

Tue May 17 00:32:31 EDT 2022	Identify Helitron candidates from scratch.

Tue May 17 11:02:41 EDT 2022	Finish finding Helitron candidates.

Tue May 17 11:02:41 EDT 2022	Execution of EDTA_raw.pl is finished!

Tue May 17 11:02:42 EDT 2022	Obtain raw TE libraries finished.
				All intact TEs found by EDTA: 
					Chandler_NewNames.fasta.mod.EDTA.intact.fa
					Chandler_NewNames.fasta.mod.EDTA.intact.gff3

Tue May 17 11:02:42 EDT 2022	Perform EDTA advance filtering for raw TE candidates and generate the stage 1 library: 

Tue May 17 12:20:52 EDT 2022	EDTA advance filtering finished.

Tue May 17 12:20:52 EDT 2022	Perform EDTA final steps to generate a non-redundant comprehensive TE library:

				Use RepeatModeler to identify any remaining TEs that are missed by structure-based methods.

2022-05-20 01:51:15,091 -WARNING- Grid computing is not available because DRMAA not configured properly: Could not find drmaa library.  Please specify its full path using the environment variable DRMAA_LIBRARY_PATH
2022-05-20 01:51:15,181 -INFO- VARS: {'sequence': 'Chandler_NewNames.fasta.mod.RM.consensi.fa', 'hmm_database': 'rexdb', 'seq_type': 'nucl', 'prefix': 'Chandler_NewNames.fasta.mod.RM.consensi.fa.rexdb', 'force_write_hmmscan': False, 'processors': 24, 'tmp_dir': './tmp', 'min_coverage': 20, 'max_evalue': 0.001, 'disable_pass2': False, 'pass2_rule': '80-80-80', 'no_library': False, 'no_reverse': False, 'no_cleanup': False, 'p2_identity': 80.0, 'p2_coverage': 80.0, 'p2_length': 80.0}
2022-05-20 01:51:15,181 -INFO- checking dependencies:
2022-05-20 01:51:15,256 -INFO- hmmer	3.3.1	OK
2022-05-20 01:51:15,319 -INFO- blastn	2.10.0+	OK
2022-05-20 01:51:15,322 -INFO- check database rexdb
2022-05-20 01:51:15,322 -INFO- db path: /mnt/ufs18/home-115/teresisc/anaconda3/envs/EDTA/lib/python3.6/site-packages/TEsorter/database
2022-05-20 01:51:15,322 -INFO- db file: REXdb_protein_database_viridiplantae_v3.0_plus_metazoa_v3.hmm
2022-05-20 01:51:15,323 -INFO- REXdb_protein_database_viridiplantae_v3.0_plus_metazoa_v3.hmm	OK
2022-05-20 01:51:15,323 -INFO- Start classifying pipeline
2022-05-20 01:51:15,649 -INFO- total 2200 sequences
2022-05-20 01:51:15,649 -INFO- translating `Chandler_NewNames.fasta.mod.RM.consensi.fa` in six frames
/mnt/home/teresisc/anaconda3/envs/EDTA/lib/python3.6/site-packages/Bio/Seq.py:2338: BiopythonWarning: Partial codon, len(sequence) not a multiple of three. Explicitly trim the sequence or add trailing N before translation. This may become an error in future.
  BiopythonWarning,
2022-05-20 01:51:19,011 -INFO- HMM scanning against `/mnt/ufs18/home-115/teresisc/anaconda3/envs/EDTA/lib/python3.6/site-packages/TEsorter/database/REXdb_protein_database_viridiplantae_v3.0_plus_metazoa_v3.hmm`
2022-05-20 01:51:19,142 -INFO- Creating server instance (pp-1.6.4.4)
2022-05-20 01:51:19,142 -INFO- Running on Python 3.6.12 linux
2022-05-20 01:51:20,711 -INFO- pp local server started with 24 workers
2022-05-20 01:51:20,789 -INFO- Task 0 started
2022-05-20 01:51:20,790 -INFO- Task 1 started
2022-05-20 01:51:20,790 -INFO- Task 2 started
2022-05-20 01:51:20,790 -INFO- Task 3 started
2022-05-20 01:51:20,790 -INFO- Task 4 started
2022-05-20 01:51:20,791 -INFO- Task 5 started
2022-05-20 01:51:20,791 -INFO- Task 6 started
2022-05-20 01:51:20,791 -INFO- Task 7 started
2022-05-20 01:51:20,791 -INFO- Task 8 started
2022-05-20 01:51:20,791 -INFO- Task 9 started
2022-05-20 01:51:20,792 -INFO- Task 10 started
2022-05-20 01:51:20,792 -INFO- Task 11 started
2022-05-20 01:51:20,792 -INFO- Task 12 started
2022-05-20 01:51:20,793 -INFO- Task 13 started
2022-05-20 01:51:20,793 -INFO- Task 14 started
2022-05-20 01:51:20,793 -INFO- Task 15 started
2022-05-20 01:51:20,794 -INFO- Task 16 started
2022-05-20 01:51:20,794 -INFO- Task 17 started
2022-05-20 01:51:20,794 -INFO- Task 18 started
2022-05-20 01:51:20,794 -INFO- Task 19 started
2022-05-20 01:51:20,794 -INFO- Task 20 started
2022-05-20 01:51:20,795 -INFO- Task 21 started
2022-05-20 01:51:20,795 -INFO- Task 22 started
2022-05-20 01:51:20,796 -INFO- Task 23 started
2022-05-20 01:52:47,443 -INFO- generating gene anntations
2022-05-20 01:52:47,622 -INFO- 72 sequences classified by HMM
2022-05-20 01:52:47,623 -INFO- see protein domain sequences in `Chandler_NewNames.fasta.mod.RM.consensi.fa.rexdb.dom.faa` and annotation gff3 file in `Chandler_NewNames.fasta.mod.RM.consensi.fa.rexdb.dom.gff3`
2022-05-20 01:52:47,623 -INFO- classifying the unclassified sequences by searching against the classified ones
2022-05-20 01:52:47,698 -INFO- using the 80-80-80 rule
2022-05-20 01:52:47,698 -INFO- run CMD: `makeblastdb -in ./tmp/pass1_classified.fa -dbtype nucl`
2022-05-20 01:52:47,859 -INFO- run CMD: `blastn -query ./tmp/pass1_unclassified.fa -db ./tmp/pass1_classified.fa -out ./tmp/pass1_unclassified.fa.blastout -outfmt '6 qseqid sseqid pident length mismatch gapopen qstart qend sstart send evalue bitscore qlen slen qcovs qcovhsp sstrand' -num_threads 24`
2022-05-20 01:52:48,490 -INFO- 0 sequences classified in pass 2
2022-05-20 01:52:48,491 -INFO- total 72 sequences classified.
2022-05-20 01:52:48,491 -INFO- see classified sequences in `Chandler_NewNames.fasta.mod.RM.consensi.fa.rexdb.cls.tsv`
2022-05-20 01:52:48,491 -INFO- writing library for RepeatMasker in `Chandler_NewNames.fasta.mod.RM.consensi.fa.rexdb.cls.lib`
2022-05-20 01:52:48,548 -INFO- writing classified protein domains in `Chandler_NewNames.fasta.mod.RM.consensi.fa.rexdb.cls.pep`
2022-05-20 01:52:48,551 -INFO- Summary of classifications:
Order           Superfamily      # of Sequences# of Clade Sequences    # of Clades# of full Domains
LTR             Copia                         4              4              4              0
LTR             Gypsy                         8              8              3              0
pararetrovirus  unknown                       2              0              0              0
LINE            unknown                      39              0              0              0
TIR             EnSpm_CACTA                   1              0              0              0
TIR             MuDR_Mutator                  7              0              0              0
TIR             PIF_Harbinger                 3              0              0              0
TIR             hAT                           4              0              0              0
Helitron        unknown                       3              0              0              0
Maverick        unknown                       1              0              0              0
2022-05-20 01:52:48,552 -INFO- Pipeline done.
2022-05-20 01:52:48,552 -INFO- cleaning the temporary directory ./tmp
Fri May 20 02:11:34 EDT 2022	Clean up TE-related sequences in the CDS file with TEsorter:

2022-05-20 02:11:37,488 -WARNING- Grid computing is not available because DRMAA not configured properly: Could not find drmaa library.  Please specify its full path using the environment variable DRMAA_LIBRARY_PATH
2022-05-20 02:11:37,492 -INFO- VARS: {'sequence': 'Chandler_CDS_NewNames.fasta.code', 'hmm_database': 'rexdb', 'seq_type': 'nucl', 'prefix': 'Chandler_CDS_NewNames.fasta.code.rexdb', 'force_write_hmmscan': False, 'processors': 24, 'tmp_dir': './tmp', 'min_coverage': 20, 'max_evalue': 0.001, 'disable_pass2': False, 'pass2_rule': '80-80-80', 'no_library': False, 'no_reverse': False, 'no_cleanup': False, 'p2_identity': 80.0, 'p2_coverage': 80.0, 'p2_length': 80.0}
2022-05-20 02:11:37,492 -INFO- checking dependencies:
2022-05-20 02:11:37,504 -INFO- hmmer	3.3.1	OK
2022-05-20 02:11:37,552 -INFO- blastn	2.10.0+	OK
2022-05-20 02:11:37,554 -INFO- check database rexdb
2022-05-20 02:11:37,554 -INFO- db path: /mnt/ufs18/home-115/teresisc/anaconda3/envs/EDTA/lib/python3.6/site-packages/TEsorter/database
2022-05-20 02:11:37,555 -INFO- db file: REXdb_protein_database_viridiplantae_v3.0_plus_metazoa_v3.hmm
2022-05-20 02:11:37,555 -INFO- REXdb_protein_database_viridiplantae_v3.0_plus_metazoa_v3.hmm	OK
2022-05-20 02:11:37,555 -INFO- Start classifying pipeline
2022-05-20 02:11:38,228 -INFO- total 104100 sequences
2022-05-20 02:11:38,228 -INFO- translating `Chandler_CDS_NewNames.fasta.code` in six frames
/mnt/home/teresisc/anaconda3/envs/EDTA/lib/python3.6/site-packages/Bio/Seq.py:2338: BiopythonWarning: Partial codon, len(sequence) not a multiple of three. Explicitly trim the sequence or add trailing N before translation. This may become an error in future.
  BiopythonWarning,
2022-05-20 02:13:29,345 -INFO- HMM scanning against `/mnt/ufs18/home-115/teresisc/anaconda3/envs/EDTA/lib/python3.6/site-packages/TEsorter/database/REXdb_protein_database_viridiplantae_v3.0_plus_metazoa_v3.hmm`
2022-05-20 02:13:34,430 -INFO- Creating server instance (pp-1.6.4.4)
2022-05-20 02:13:34,430 -INFO- Running on Python 3.6.12 linux
2022-05-20 02:13:35,899 -INFO- pp local server started with 24 workers
2022-05-20 02:13:35,919 -INFO- Task 0 started
2022-05-20 02:13:35,919 -INFO- Task 1 started
2022-05-20 02:13:35,920 -INFO- Task 2 started
2022-05-20 02:13:35,920 -INFO- Task 3 started
2022-05-20 02:13:35,920 -INFO- Task 4 started
2022-05-20 02:13:35,920 -INFO- Task 5 started
2022-05-20 02:13:35,920 -INFO- Task 6 started
2022-05-20 02:13:35,921 -INFO- Task 7 started
2022-05-20 02:13:35,921 -INFO- Task 8 started
2022-05-20 02:13:35,921 -INFO- Task 9 started
2022-05-20 02:13:35,921 -INFO- Task 10 started
2022-05-20 02:13:35,922 -INFO- Task 11 started
2022-05-20 02:13:35,922 -INFO- Task 12 started
2022-05-20 02:13:35,922 -INFO- Task 13 started
2022-05-20 02:13:35,922 -INFO- Task 14 started
2022-05-20 02:13:35,923 -INFO- Task 15 started
2022-05-20 02:13:35,923 -INFO- Task 16 started
2022-05-20 02:13:35,923 -INFO- Task 17 started
2022-05-20 02:13:35,924 -INFO- Task 18 started
2022-05-20 02:13:35,924 -INFO- Task 19 started
2022-05-20 02:13:35,924 -INFO- Task 20 started
2022-05-20 02:13:35,925 -INFO- Task 21 started
2022-05-20 02:13:35,925 -INFO- Task 22 started
2022-05-20 02:13:35,925 -INFO- Task 23 started
2022-05-20 03:21:27,710 -INFO- generating gene anntations
2022-05-20 03:21:33,811 -INFO- 1033 sequences classified by HMM
2022-05-20 03:21:33,811 -INFO- see protein domain sequences in `Chandler_CDS_NewNames.fasta.code.rexdb.dom.faa` and annotation gff3 file in `Chandler_CDS_NewNames.fasta.code.rexdb.dom.gff3`
2022-05-20 03:21:33,811 -INFO- classifying the unclassified sequences by searching against the classified ones
2022-05-20 03:21:36,608 -INFO- using the 80-80-80 rule
2022-05-20 03:21:36,609 -INFO- run CMD: `makeblastdb -in ./tmp/pass1_classified.fa -dbtype nucl`
2022-05-20 03:21:36,832 -INFO- run CMD: `blastn -query ./tmp/pass1_unclassified.fa -db ./tmp/pass1_classified.fa -out ./tmp/pass1_unclassified.fa.blastout -outfmt '6 qseqid sseqid pident length mismatch gapopen qstart qend sstart send evalue bitscore qlen slen qcovs qcovhsp sstrand' -num_threads 24`
2022-05-20 03:21:57,568 -INFO- 772 sequences classified in pass 2
2022-05-20 03:21:57,570 -INFO- total 1805 sequences classified.
2022-05-20 03:21:57,570 -INFO- see classified sequences in `Chandler_CDS_NewNames.fasta.code.rexdb.cls.tsv`
2022-05-20 03:21:57,570 -INFO- writing library for RepeatMasker in `Chandler_CDS_NewNames.fasta.code.rexdb.cls.lib`
2022-05-20 03:21:59,746 -INFO- writing classified protein domains in `Chandler_CDS_NewNames.fasta.code.rexdb.cls.pep`
2022-05-20 03:21:59,772 -INFO- Summary of classifications:
Order           Superfamily      # of Sequences# of Clade Sequences    # of Clades# of full Domains
LTR             Bel-Pao                      13              0              0              0
LTR             Copia                       270            120             16              0
LTR             Gypsy                       334            146             15              0
LTR             Retrovirus                    9              0              0              0
LTR             mixture                       6              0              0              0
LINE            unknown                     165              0              0              0
TIR             EnSpm_CACTA                   1              0              0              0
TIR             MuDR_Mutator                161              0              0              0
TIR             PIF_Harbinger               161              0              0              0
TIR             Tc1_Mariner                   3              0              0              0
TIR             hAT                          69              0              0              0
Helitron        unknown                      85              0              0              0
Maverick        unknown                     527              0              0              0
mixture         mixture                       1              0              0              0
2022-05-20 03:21:59,774 -INFO- Pipeline done.
2022-05-20 03:21:59,774 -INFO- cleaning the temporary directory ./tmp
				Remove CDS-related sequences in the EDTA library:

Fri May 20 04:18:50 EDT 2022	Combine the high-quality TE library liblist_Northern.txt.panTE.fa with the EDTA library:

pararetrovirus/NA not found in the TE_SO database, it will not be used to rename sequences in the final annotation.
polinton/NA not found in the TE_SO database, it will not be used to rename sequences in the final annotation.
polinton/NA not found in the TE_SO database, it will not be used to rename sequences in the final annotation.
polinton/NA not found in the TE_SO database, it will not be used to rename sequences in the final annotation.
Fri May 20 05:06:00 EDT 2022	EDTA final stage finished! You may check out:
				The final EDTA TE library: Chandler_NewNames.fasta.mod.EDTA.TElib.fa
				Family names of intact TEs have been updated by liblist_Northern.txt.panTE.fa: Chandler_NewNames.fasta.mod.EDTA.intact.gff3
				Comparing to the provided library, EDTA found these novel TEs: Chandler_NewNames.fasta.mod.EDTA.TElib.novel.fa
				The provided library has been incorporated into the final library: Chandler_NewNames.fasta.mod.EDTA.TElib.fa

Fri May 20 05:06:00 EDT 2022	Perform post-EDTA analysis for whole-genome annotation:

Fri May 20 05:06:00 EDT 2022	Homology-based annotation of TEs using Chandler_NewNames.fasta.mod.EDTA.TElib.fa from scratch.

Fri May 20 21:13:31 EDT 2022	TE annotation using the EDTA library has finished! Check out:
				Whole-genome TE annotation (total TE: 59.25%): Chandler_NewNames.fasta.mod.EDTA.TEanno.gff3
				Whole-genome TE annotation summary: Chandler_NewNames.fasta.mod.EDTA.TEanno.sum
				Low-threshold TE masking for MAKER gene annotation (masked: 29.88%): Chandler_NewNames.fasta.mod.MAKER.masked

tar gz-ing the annotation folder
tar: Removing leading `/' from member names
Time taken: 384575
