amr-109
My Task ID: 7
Southern_Belle
Declaring output paths and running EDTA

########################################################
##### Extensive de-novo TE Annotator (EDTA) v2.0.0  ####
##### Shujun Ou (shujun.ou.1@gmail.com)             ####
########################################################



Thu May 19 03:19:45 EDT 2022	Dependency checking:
				All passed!

	A custom library /mnt/research/edgerpat_lab/Scotty/Blueberry_Pangenome_TE_Analysis/results/Blueberry/Southern_pan_lib/liblist_Southern.txt.panTE.fa is provided via --curatedlib. Please make sure this is a manually curated library but not machine generated.

	A CDS file /mnt/research/edgerpat_lab/Scotty/Blueberry_Pangenome_TE_Analysis/results/Blueberry/Southern_Belle/Southern_Belle_CDS_NewNames.fasta is provided via --cds. Please make sure this is the DNA sequence of coding regions only.

Thu May 19 03:20:56 EDT 2022	Obtain raw TE libraries using various structure-based programs: 
Thu May 19 03:20:56 EDT 2022	EDTA_raw: Check dependencies, prepare working directories.

Thu May 19 03:21:14 EDT 2022	Start to find LTR candidates.

Thu May 19 03:21:14 EDT 2022	Identify LTR retrotransposon candidates from scratch.

Thu May 19 08:49:31 EDT 2022	Finish finding LTR candidates.

Thu May 19 08:49:31 EDT 2022	Start to find TIR candidates.

Thu May 19 08:49:31 EDT 2022	Identify TIR candidates from scratch.

Species: others
Fri May 20 00:03:27 EDT 2022	Finish finding TIR candidates.

Fri May 20 00:03:27 EDT 2022	Start to find Helitron candidates.

Fri May 20 00:03:27 EDT 2022	Identify Helitron candidates from scratch.

Fri May 20 12:13:00 EDT 2022	Finish finding Helitron candidates.

Fri May 20 12:13:00 EDT 2022	Execution of EDTA_raw.pl is finished!

Fri May 20 12:13:01 EDT 2022	Obtain raw TE libraries finished.
				All intact TEs found by EDTA: 
					Southern_Belle_NewNames.fasta.mod.EDTA.intact.fa
					Southern_Belle_NewNames.fasta.mod.EDTA.intact.gff3

Fri May 20 12:13:01 EDT 2022	Perform EDTA advance filtering for raw TE candidates and generate the stage 1 library: 

Fri May 20 13:56:18 EDT 2022	EDTA advance filtering finished.

Fri May 20 13:56:18 EDT 2022	Perform EDTA final steps to generate a non-redundant comprehensive TE library:

				Use RepeatModeler to identify any remaining TEs that are missed by structure-based methods.

2022-05-23 11:31:48,494 -WARNING- Grid computing is not available because DRMAA not configured properly: Could not find drmaa library.  Please specify its full path using the environment variable DRMAA_LIBRARY_PATH
2022-05-23 11:31:48,590 -INFO- VARS: {'sequence': 'Southern_Belle_NewNames.fasta.mod.RM.consensi.fa', 'hmm_database': 'rexdb', 'seq_type': 'nucl', 'prefix': 'Southern_Belle_NewNames.fasta.mod.RM.consensi.fa.rexdb', 'force_write_hmmscan': False, 'processors': 24, 'tmp_dir': './tmp', 'min_coverage': 20, 'max_evalue': 0.001, 'disable_pass2': False, 'pass2_rule': '80-80-80', 'no_library': False, 'no_reverse': False, 'no_cleanup': False, 'p2_identity': 80.0, 'p2_coverage': 80.0, 'p2_length': 80.0}
2022-05-23 11:31:48,591 -INFO- checking dependencies:
2022-05-23 11:31:48,654 -INFO- hmmer	3.3.1	OK
2022-05-23 11:31:48,723 -INFO- blastn	2.10.0+	OK
2022-05-23 11:31:48,727 -INFO- check database rexdb
2022-05-23 11:31:48,727 -INFO- db path: /mnt/ufs18/home-115/teresisc/anaconda3/envs/EDTA/lib/python3.6/site-packages/TEsorter/database
2022-05-23 11:31:48,727 -INFO- db file: REXdb_protein_database_viridiplantae_v3.0_plus_metazoa_v3.hmm
2022-05-23 11:31:48,728 -INFO- REXdb_protein_database_viridiplantae_v3.0_plus_metazoa_v3.hmm	OK
2022-05-23 11:31:48,728 -INFO- Start classifying pipeline
2022-05-23 11:31:48,900 -INFO- total 2097 sequences
2022-05-23 11:31:48,900 -INFO- translating `Southern_Belle_NewNames.fasta.mod.RM.consensi.fa` in six frames
/mnt/home/teresisc/anaconda3/envs/EDTA/lib/python3.6/site-packages/Bio/Seq.py:2338: BiopythonWarning: Partial codon, len(sequence) not a multiple of three. Explicitly trim the sequence or add trailing N before translation. This may become an error in future.
  BiopythonWarning,
2022-05-23 11:31:52,635 -INFO- HMM scanning against `/mnt/ufs18/home-115/teresisc/anaconda3/envs/EDTA/lib/python3.6/site-packages/TEsorter/database/REXdb_protein_database_viridiplantae_v3.0_plus_metazoa_v3.hmm`
2022-05-23 11:31:52,762 -INFO- Creating server instance (pp-1.6.4.4)
2022-05-23 11:31:52,762 -INFO- Running on Python 3.6.12 linux
2022-05-23 11:31:54,222 -INFO- pp local server started with 24 workers
2022-05-23 11:31:54,279 -INFO- Task 0 started
2022-05-23 11:31:54,280 -INFO- Task 1 started
2022-05-23 11:31:54,280 -INFO- Task 2 started
2022-05-23 11:31:54,280 -INFO- Task 3 started
2022-05-23 11:31:54,280 -INFO- Task 4 started
2022-05-23 11:31:54,280 -INFO- Task 5 started
2022-05-23 11:31:54,281 -INFO- Task 6 started
2022-05-23 11:31:54,281 -INFO- Task 7 started
2022-05-23 11:31:54,282 -INFO- Task 8 started
2022-05-23 11:31:54,282 -INFO- Task 9 started
2022-05-23 11:31:54,282 -INFO- Task 10 started
2022-05-23 11:31:54,283 -INFO- Task 11 started
2022-05-23 11:31:54,283 -INFO- Task 12 started
2022-05-23 11:31:54,283 -INFO- Task 13 started
2022-05-23 11:31:54,284 -INFO- Task 14 started
2022-05-23 11:31:54,284 -INFO- Task 15 started
2022-05-23 11:31:54,284 -INFO- Task 16 started
2022-05-23 11:31:54,284 -INFO- Task 17 started
2022-05-23 11:31:54,285 -INFO- Task 18 started
2022-05-23 11:31:54,285 -INFO- Task 19 started
2022-05-23 11:31:54,285 -INFO- Task 20 started
2022-05-23 11:31:54,286 -INFO- Task 21 started
2022-05-23 11:31:54,286 -INFO- Task 22 started
2022-05-23 11:31:54,287 -INFO- Task 23 started
2022-05-23 11:33:19,702 -INFO- generating gene anntations
2022-05-23 11:33:19,825 -INFO- 75 sequences classified by HMM
2022-05-23 11:33:19,826 -INFO- see protein domain sequences in `Southern_Belle_NewNames.fasta.mod.RM.consensi.fa.rexdb.dom.faa` and annotation gff3 file in `Southern_Belle_NewNames.fasta.mod.RM.consensi.fa.rexdb.dom.gff3`
2022-05-23 11:33:19,826 -INFO- classifying the unclassified sequences by searching against the classified ones
2022-05-23 11:33:19,898 -INFO- using the 80-80-80 rule
2022-05-23 11:33:19,898 -INFO- run CMD: `makeblastdb -in ./tmp/pass1_classified.fa -dbtype nucl`
2022-05-23 11:33:20,087 -INFO- run CMD: `blastn -query ./tmp/pass1_unclassified.fa -db ./tmp/pass1_classified.fa -out ./tmp/pass1_unclassified.fa.blastout -outfmt '6 qseqid sseqid pident length mismatch gapopen qstart qend sstart send evalue bitscore qlen slen qcovs qcovhsp sstrand' -num_threads 24`
2022-05-23 11:33:20,784 -INFO- 1 sequences classified in pass 2
2022-05-23 11:33:20,784 -INFO- total 76 sequences classified.
2022-05-23 11:33:20,784 -INFO- see classified sequences in `Southern_Belle_NewNames.fasta.mod.RM.consensi.fa.rexdb.cls.tsv`
2022-05-23 11:33:20,784 -INFO- writing library for RepeatMasker in `Southern_Belle_NewNames.fasta.mod.RM.consensi.fa.rexdb.cls.lib`
2022-05-23 11:33:20,838 -INFO- writing classified protein domains in `Southern_Belle_NewNames.fasta.mod.RM.consensi.fa.rexdb.cls.pep`
2022-05-23 11:33:20,841 -INFO- Summary of classifications:
Order           Superfamily      # of Sequences# of Clade Sequences    # of Clades# of full Domains
LTR             Copia                         2              2              2              0
LTR             Gypsy                         6              4              2              0
pararetrovirus  unknown                       3              0              0              0
LINE            unknown                      35              0              0              0
TIR             EnSpm_CACTA                   3              0              0              0
TIR             MuDR_Mutator                 13              0              0              0
TIR             PIF_Harbinger                 7              0              0              0
TIR             hAT                           2              0              0              0
Helitron        unknown                       3              0              0              0
Maverick        unknown                       2              0              0              0
2022-05-23 11:33:20,841 -INFO- Pipeline done.
2022-05-23 11:33:20,841 -INFO- cleaning the temporary directory ./tmp
Mon May 23 11:57:28 EDT 2022	Clean up TE-related sequences in the CDS file with TEsorter:

2022-05-23 11:57:32,421 -WARNING- Grid computing is not available because DRMAA not configured properly: Could not find drmaa library.  Please specify its full path using the environment variable DRMAA_LIBRARY_PATH
2022-05-23 11:57:32,425 -INFO- VARS: {'sequence': 'Southern_Belle_CDS_NewNames.fasta.code', 'hmm_database': 'rexdb', 'seq_type': 'nucl', 'prefix': 'Southern_Belle_CDS_NewNames.fasta.code.rexdb', 'force_write_hmmscan': False, 'processors': 24, 'tmp_dir': './tmp', 'min_coverage': 20, 'max_evalue': 0.001, 'disable_pass2': False, 'pass2_rule': '80-80-80', 'no_library': False, 'no_reverse': False, 'no_cleanup': False, 'p2_identity': 80.0, 'p2_coverage': 80.0, 'p2_length': 80.0}
2022-05-23 11:57:32,425 -INFO- checking dependencies:
2022-05-23 11:57:32,435 -INFO- hmmer	3.3.1	OK
2022-05-23 11:57:32,486 -INFO- blastn	2.10.0+	OK
2022-05-23 11:57:32,488 -INFO- check database rexdb
2022-05-23 11:57:32,488 -INFO- db path: /mnt/ufs18/home-115/teresisc/anaconda3/envs/EDTA/lib/python3.6/site-packages/TEsorter/database
2022-05-23 11:57:32,488 -INFO- db file: REXdb_protein_database_viridiplantae_v3.0_plus_metazoa_v3.hmm
2022-05-23 11:57:32,488 -INFO- REXdb_protein_database_viridiplantae_v3.0_plus_metazoa_v3.hmm	OK
2022-05-23 11:57:32,489 -INFO- Start classifying pipeline
2022-05-23 11:57:33,300 -INFO- total 108098 sequences
2022-05-23 11:57:33,300 -INFO- translating `Southern_Belle_CDS_NewNames.fasta.code` in six frames
/mnt/home/teresisc/anaconda3/envs/EDTA/lib/python3.6/site-packages/Bio/Seq.py:2338: BiopythonWarning: Partial codon, len(sequence) not a multiple of three. Explicitly trim the sequence or add trailing N before translation. This may become an error in future.
  BiopythonWarning,
2022-05-23 11:59:28,044 -INFO- HMM scanning against `/mnt/ufs18/home-115/teresisc/anaconda3/envs/EDTA/lib/python3.6/site-packages/TEsorter/database/REXdb_protein_database_viridiplantae_v3.0_plus_metazoa_v3.hmm`
2022-05-23 11:59:33,560 -INFO- Creating server instance (pp-1.6.4.4)
2022-05-23 11:59:33,561 -INFO- Running on Python 3.6.12 linux
2022-05-23 11:59:35,106 -INFO- pp local server started with 24 workers
2022-05-23 11:59:35,165 -INFO- Task 0 started
2022-05-23 11:59:35,165 -INFO- Task 1 started
2022-05-23 11:59:35,166 -INFO- Task 2 started
2022-05-23 11:59:35,166 -INFO- Task 3 started
2022-05-23 11:59:35,166 -INFO- Task 4 started
2022-05-23 11:59:35,166 -INFO- Task 5 started
2022-05-23 11:59:35,167 -INFO- Task 6 started
2022-05-23 11:59:35,167 -INFO- Task 7 started
2022-05-23 11:59:35,167 -INFO- Task 8 started
2022-05-23 11:59:35,167 -INFO- Task 9 started
2022-05-23 11:59:35,168 -INFO- Task 10 started
2022-05-23 11:59:35,168 -INFO- Task 11 started
2022-05-23 11:59:35,168 -INFO- Task 12 started
2022-05-23 11:59:35,168 -INFO- Task 13 started
2022-05-23 11:59:35,168 -INFO- Task 14 started
2022-05-23 11:59:35,169 -INFO- Task 15 started
2022-05-23 11:59:35,169 -INFO- Task 16 started
2022-05-23 11:59:35,169 -INFO- Task 17 started
2022-05-23 11:59:35,170 -INFO- Task 18 started
2022-05-23 11:59:35,170 -INFO- Task 19 started
2022-05-23 11:59:35,170 -INFO- Task 20 started
2022-05-23 11:59:35,171 -INFO- Task 21 started
2022-05-23 11:59:35,171 -INFO- Task 22 started
2022-05-23 11:59:35,172 -INFO- Task 23 started
2022-05-23 13:13:20,379 -INFO- generating gene anntations
2022-05-23 13:13:26,527 -INFO- 1030 sequences classified by HMM
2022-05-23 13:13:26,527 -INFO- see protein domain sequences in `Southern_Belle_CDS_NewNames.fasta.code.rexdb.dom.faa` and annotation gff3 file in `Southern_Belle_CDS_NewNames.fasta.code.rexdb.dom.gff3`
2022-05-23 13:13:26,527 -INFO- classifying the unclassified sequences by searching against the classified ones
2022-05-23 13:13:29,460 -INFO- using the 80-80-80 rule
2022-05-23 13:13:29,460 -INFO- run CMD: `makeblastdb -in ./tmp/pass1_classified.fa -dbtype nucl`
2022-05-23 13:13:30,813 -INFO- run CMD: `blastn -query ./tmp/pass1_unclassified.fa -db ./tmp/pass1_classified.fa -out ./tmp/pass1_unclassified.fa.blastout -outfmt '6 qseqid sseqid pident length mismatch gapopen qstart qend sstart send evalue bitscore qlen slen qcovs qcovhsp sstrand' -num_threads 24`
2022-05-23 13:13:52,330 -INFO- 768 sequences classified in pass 2
2022-05-23 13:13:52,332 -INFO- total 1798 sequences classified.
2022-05-23 13:13:52,332 -INFO- see classified sequences in `Southern_Belle_CDS_NewNames.fasta.code.rexdb.cls.tsv`
2022-05-23 13:13:52,332 -INFO- writing library for RepeatMasker in `Southern_Belle_CDS_NewNames.fasta.code.rexdb.cls.lib`
2022-05-23 13:13:54,571 -INFO- writing classified protein domains in `Southern_Belle_CDS_NewNames.fasta.code.rexdb.cls.pep`
2022-05-23 13:13:54,596 -INFO- Summary of classifications:
Order           Superfamily      # of Sequences# of Clade Sequences    # of Clades# of full Domains
LTR             Bel-Pao                      10              0              0              0
LTR             Copia                       245            100             14              0
LTR             Gypsy                       356            171             17              0
LTR             Retrovirus                   21              0              0              0
LTR             mixture                       7              0              0              0
pararetrovirus  unknown                       4              0              0              0
Penelope        unknown                       2              0              0              0
LINE            unknown                     134              0              0              0
TIR             EnSpm_CACTA                   3              0              0              0
TIR             Merlin                        1              0              0              0
TIR             MuDR_Mutator                159              0              0              0
TIR             PIF_Harbinger               150              0              0              0
TIR             Sola2                        42              0              0              0
TIR             hAT                          69              0              0              0
Helitron        unknown                      73              0              0              0
Maverick        unknown                     519              0              0              0
mixture         mixture                       3              0              0              0
2022-05-23 13:13:54,597 -INFO- Pipeline done.
2022-05-23 13:13:54,598 -INFO- cleaning the temporary directory ./tmp
				Remove CDS-related sequences in the EDTA library:

Mon May 23 14:52:06 EDT 2022	Combine the high-quality TE library liblist_Southern.txt.panTE.fa with the EDTA library:

pararetrovirus/NA not found in the TE_SO database, it will not be used to rename sequences in the final annotation.
pararetrovirus/NA not found in the TE_SO database, it will not be used to rename sequences in the final annotation.
Mon May 23 15:45:13 EDT 2022	EDTA final stage finished! You may check out:
				The final EDTA TE library: Southern_Belle_NewNames.fasta.mod.EDTA.TElib.fa
				Family names of intact TEs have been updated by liblist_Southern.txt.panTE.fa: Southern_Belle_NewNames.fasta.mod.EDTA.intact.gff3
				Comparing to the provided library, EDTA found these novel TEs: Southern_Belle_NewNames.fasta.mod.EDTA.TElib.novel.fa
				The provided library has been incorporated into the final library: Southern_Belle_NewNames.fasta.mod.EDTA.TElib.fa

Mon May 23 15:45:13 EDT 2022	Perform post-EDTA analysis for whole-genome annotation:

Mon May 23 15:45:13 EDT 2022	Homology-based annotation of TEs using Southern_Belle_NewNames.fasta.mod.EDTA.TElib.fa from scratch.

Tue May 24 09:53:57 EDT 2022	TE annotation using the EDTA library has finished! Check out:
				Whole-genome TE annotation (total TE: 59.78%): Southern_Belle_NewNames.fasta.mod.EDTA.TEanno.gff3
				Whole-genome TE annotation summary: Southern_Belle_NewNames.fasta.mod.EDTA.TEanno.sum
				Low-threshold TE masking for MAKER gene annotation (masked: 31.52%): Southern_Belle_NewNames.fasta.mod.MAKER.masked

tar gz-ing the annotation folder
tar: Removing leading `/' from member names
Time taken: 459987
