amr-082
My Task ID: 11
Stanley
Declaring output paths and running EDTA

########################################################
##### Extensive de-novo TE Annotator (EDTA) v2.0.0  ####
##### Shujun Ou (shujun.ou.1@gmail.com)             ####
########################################################



Sat May 21 11:08:06 EDT 2022	Dependency checking:
				All passed!

	A custom library /mnt/research/edgerpat_lab/Scotty/Blueberry_Pangenome_TE_Analysis/results/Blueberry/Northern_pan_lib/liblist_Northern.txt.panTE.fa is provided via --curatedlib. Please make sure this is a manually curated library but not machine generated.

	A CDS file /mnt/research/edgerpat_lab/Scotty/Blueberry_Pangenome_TE_Analysis/results/Blueberry/Stanley/Stanley_CDS_NewNames.fasta is provided via --cds. Please make sure this is the DNA sequence of coding regions only.

Sat May 21 11:09:14 EDT 2022	Obtain raw TE libraries using various structure-based programs: 
Sat May 21 11:09:14 EDT 2022	EDTA_raw: Check dependencies, prepare working directories.

Sat May 21 11:09:30 EDT 2022	Start to find LTR candidates.

Sat May 21 11:09:30 EDT 2022	Identify LTR retrotransposon candidates from scratch.

Sat May 21 12:10:55 EDT 2022	Finish finding LTR candidates.

Sat May 21 12:10:55 EDT 2022	Start to find TIR candidates.

Sat May 21 12:10:55 EDT 2022	Identify TIR candidates from scratch.

Species: others
Sun May 22 01:20:43 EDT 2022	Finish finding TIR candidates.

Sun May 22 01:20:43 EDT 2022	Start to find Helitron candidates.

Sun May 22 01:20:43 EDT 2022	Identify Helitron candidates from scratch.

Sun May 22 12:20:40 EDT 2022	Finish finding Helitron candidates.

Sun May 22 12:20:40 EDT 2022	Execution of EDTA_raw.pl is finished!

Sun May 22 12:20:41 EDT 2022	Obtain raw TE libraries finished.
				All intact TEs found by EDTA: 
					Stanley_NewNames.fasta.mod.EDTA.intact.fa
					Stanley_NewNames.fasta.mod.EDTA.intact.gff3

Sun May 22 12:20:41 EDT 2022	Perform EDTA advance filtering for raw TE candidates and generate the stage 1 library: 

Sun May 22 13:58:19 EDT 2022	EDTA advance filtering finished.

Sun May 22 13:58:19 EDT 2022	Perform EDTA final steps to generate a non-redundant comprehensive TE library:

				Use RepeatModeler to identify any remaining TEs that are missed by structure-based methods.

2022-05-25 05:13:18,738 -WARNING- Grid computing is not available because DRMAA not configured properly: Could not find drmaa library.  Please specify its full path using the environment variable DRMAA_LIBRARY_PATH
2022-05-25 05:13:18,859 -INFO- VARS: {'sequence': 'Stanley_NewNames.fasta.mod.RM.consensi.fa', 'hmm_database': 'rexdb', 'seq_type': 'nucl', 'prefix': 'Stanley_NewNames.fasta.mod.RM.consensi.fa.rexdb', 'force_write_hmmscan': False, 'processors': 24, 'tmp_dir': './tmp', 'min_coverage': 20, 'max_evalue': 0.001, 'disable_pass2': False, 'pass2_rule': '80-80-80', 'no_library': False, 'no_reverse': False, 'no_cleanup': False, 'p2_identity': 80.0, 'p2_coverage': 80.0, 'p2_length': 80.0}
2022-05-25 05:13:18,859 -INFO- checking dependencies:
2022-05-25 05:13:18,938 -INFO- hmmer	3.3.1	OK
2022-05-25 05:13:19,017 -INFO- blastn	2.10.0+	OK
2022-05-25 05:13:19,019 -INFO- check database rexdb
2022-05-25 05:13:19,019 -INFO- db path: /mnt/ufs18/home-115/teresisc/anaconda3/envs/EDTA/lib/python3.6/site-packages/TEsorter/database
2022-05-25 05:13:19,019 -INFO- db file: REXdb_protein_database_viridiplantae_v3.0_plus_metazoa_v3.hmm
2022-05-25 05:13:19,020 -INFO- REXdb_protein_database_viridiplantae_v3.0_plus_metazoa_v3.hmm	OK
2022-05-25 05:13:19,020 -INFO- Start classifying pipeline
2022-05-25 05:13:19,219 -INFO- total 2139 sequences
2022-05-25 05:13:19,219 -INFO- translating `Stanley_NewNames.fasta.mod.RM.consensi.fa` in six frames
/mnt/home/teresisc/anaconda3/envs/EDTA/lib/python3.6/site-packages/Bio/Seq.py:2338: BiopythonWarning: Partial codon, len(sequence) not a multiple of three. Explicitly trim the sequence or add trailing N before translation. This may become an error in future.
  BiopythonWarning,
2022-05-25 05:13:22,754 -INFO- HMM scanning against `/mnt/ufs18/home-115/teresisc/anaconda3/envs/EDTA/lib/python3.6/site-packages/TEsorter/database/REXdb_protein_database_viridiplantae_v3.0_plus_metazoa_v3.hmm`
2022-05-25 05:13:22,884 -INFO- Creating server instance (pp-1.6.4.4)
2022-05-25 05:13:22,884 -INFO- Running on Python 3.6.12 linux
2022-05-25 05:13:24,423 -INFO- pp local server started with 24 workers
2022-05-25 05:13:24,514 -INFO- Task 0 started
2022-05-25 05:13:24,514 -INFO- Task 1 started
2022-05-25 05:13:24,515 -INFO- Task 2 started
2022-05-25 05:13:24,515 -INFO- Task 3 started
2022-05-25 05:13:24,515 -INFO- Task 4 started
2022-05-25 05:13:24,515 -INFO- Task 5 started
2022-05-25 05:13:24,516 -INFO- Task 6 started
2022-05-25 05:13:24,516 -INFO- Task 7 started
2022-05-25 05:13:24,516 -INFO- Task 8 started
2022-05-25 05:13:24,517 -INFO- Task 9 started
2022-05-25 05:13:24,517 -INFO- Task 10 started
2022-05-25 05:13:24,517 -INFO- Task 11 started
2022-05-25 05:13:24,517 -INFO- Task 12 started
2022-05-25 05:13:24,518 -INFO- Task 13 started
2022-05-25 05:13:24,518 -INFO- Task 14 started
2022-05-25 05:13:24,518 -INFO- Task 15 started
2022-05-25 05:13:24,518 -INFO- Task 16 started
2022-05-25 05:13:24,518 -INFO- Task 17 started
2022-05-25 05:13:24,519 -INFO- Task 18 started
2022-05-25 05:13:24,519 -INFO- Task 19 started
2022-05-25 05:13:24,519 -INFO- Task 20 started
2022-05-25 05:13:24,520 -INFO- Task 21 started
2022-05-25 05:13:24,520 -INFO- Task 22 started
2022-05-25 05:13:24,520 -INFO- Task 23 started
2022-05-25 05:14:47,208 -INFO- generating gene anntations
2022-05-25 05:14:47,340 -INFO- 91 sequences classified by HMM
2022-05-25 05:14:47,340 -INFO- see protein domain sequences in `Stanley_NewNames.fasta.mod.RM.consensi.fa.rexdb.dom.faa` and annotation gff3 file in `Stanley_NewNames.fasta.mod.RM.consensi.fa.rexdb.dom.gff3`
2022-05-25 05:14:47,340 -INFO- classifying the unclassified sequences by searching against the classified ones
2022-05-25 05:14:47,416 -INFO- using the 80-80-80 rule
2022-05-25 05:14:47,416 -INFO- run CMD: `makeblastdb -in ./tmp/pass1_classified.fa -dbtype nucl`
2022-05-25 05:14:47,626 -INFO- run CMD: `blastn -query ./tmp/pass1_unclassified.fa -db ./tmp/pass1_classified.fa -out ./tmp/pass1_unclassified.fa.blastout -outfmt '6 qseqid sseqid pident length mismatch gapopen qstart qend sstart send evalue bitscore qlen slen qcovs qcovhsp sstrand' -num_threads 24`
2022-05-25 05:14:48,259 -INFO- 0 sequences classified in pass 2
2022-05-25 05:14:48,259 -INFO- total 91 sequences classified.
2022-05-25 05:14:48,260 -INFO- see classified sequences in `Stanley_NewNames.fasta.mod.RM.consensi.fa.rexdb.cls.tsv`
2022-05-25 05:14:48,260 -INFO- writing library for RepeatMasker in `Stanley_NewNames.fasta.mod.RM.consensi.fa.rexdb.cls.lib`
2022-05-25 05:14:48,314 -INFO- writing classified protein domains in `Stanley_NewNames.fasta.mod.RM.consensi.fa.rexdb.cls.pep`
2022-05-25 05:14:48,318 -INFO- Summary of classifications:
Order           Superfamily      # of Sequences# of Clade Sequences    # of Clades# of full Domains
LTR             Copia                         4              4              4              0
LTR             Gypsy                        11             11              5              0
pararetrovirus  unknown                       4              0              0              0
LINE            unknown                      47              0              0              0
TIR             EnSpm_CACTA                   3              0              0              0
TIR             MuDR_Mutator                  9              0              0              0
TIR             PIF_Harbinger                 4              0              0              0
TIR             hAT                           2              0              0              0
Helitron        unknown                       3              0              0              0
Maverick        unknown                       3              0              0              0
mixture         mixture                       1              0              0              0
2022-05-25 05:14:48,318 -INFO- Pipeline done.
2022-05-25 05:14:48,318 -INFO- cleaning the temporary directory ./tmp
Wed May 25 05:34:24 EDT 2022	Clean up TE-related sequences in the CDS file with TEsorter:

2022-05-25 05:34:27,099 -WARNING- Grid computing is not available because DRMAA not configured properly: Could not find drmaa library.  Please specify its full path using the environment variable DRMAA_LIBRARY_PATH
2022-05-25 05:34:27,104 -INFO- VARS: {'sequence': 'Stanley_CDS_NewNames.fasta.code', 'hmm_database': 'rexdb', 'seq_type': 'nucl', 'prefix': 'Stanley_CDS_NewNames.fasta.code.rexdb', 'force_write_hmmscan': False, 'processors': 24, 'tmp_dir': './tmp', 'min_coverage': 20, 'max_evalue': 0.001, 'disable_pass2': False, 'pass2_rule': '80-80-80', 'no_library': False, 'no_reverse': False, 'no_cleanup': False, 'p2_identity': 80.0, 'p2_coverage': 80.0, 'p2_length': 80.0}
2022-05-25 05:34:27,104 -INFO- checking dependencies:
2022-05-25 05:34:27,176 -INFO- hmmer	3.3.1	OK
2022-05-25 05:34:27,329 -INFO- blastn	2.10.0+	OK
2022-05-25 05:34:27,331 -INFO- check database rexdb
2022-05-25 05:34:27,331 -INFO- db path: /mnt/ufs18/home-115/teresisc/anaconda3/envs/EDTA/lib/python3.6/site-packages/TEsorter/database
2022-05-25 05:34:27,332 -INFO- db file: REXdb_protein_database_viridiplantae_v3.0_plus_metazoa_v3.hmm
2022-05-25 05:34:27,332 -INFO- REXdb_protein_database_viridiplantae_v3.0_plus_metazoa_v3.hmm	OK
2022-05-25 05:34:27,332 -INFO- Start classifying pipeline
2022-05-25 05:34:28,035 -INFO- total 105947 sequences
2022-05-25 05:34:28,035 -INFO- translating `Stanley_CDS_NewNames.fasta.code` in six frames
/mnt/home/teresisc/anaconda3/envs/EDTA/lib/python3.6/site-packages/Bio/Seq.py:2338: BiopythonWarning: Partial codon, len(sequence) not a multiple of three. Explicitly trim the sequence or add trailing N before translation. This may become an error in future.
  BiopythonWarning,
2022-05-25 05:36:25,788 -INFO- HMM scanning against `/mnt/ufs18/home-115/teresisc/anaconda3/envs/EDTA/lib/python3.6/site-packages/TEsorter/database/REXdb_protein_database_viridiplantae_v3.0_plus_metazoa_v3.hmm`
2022-05-25 05:36:31,104 -INFO- Creating server instance (pp-1.6.4.4)
2022-05-25 05:36:31,104 -INFO- Running on Python 3.6.12 linux
2022-05-25 05:36:32,641 -INFO- pp local server started with 24 workers
2022-05-25 05:36:32,661 -INFO- Task 0 started
2022-05-25 05:36:32,661 -INFO- Task 1 started
2022-05-25 05:36:32,661 -INFO- Task 2 started
2022-05-25 05:36:32,662 -INFO- Task 3 started
2022-05-25 05:36:32,662 -INFO- Task 4 started
2022-05-25 05:36:32,662 -INFO- Task 5 started
2022-05-25 05:36:32,663 -INFO- Task 6 started
2022-05-25 05:36:32,663 -INFO- Task 7 started
2022-05-25 05:36:32,663 -INFO- Task 8 started
2022-05-25 05:36:32,663 -INFO- Task 9 started
2022-05-25 05:36:32,664 -INFO- Task 10 started
2022-05-25 05:36:32,664 -INFO- Task 11 started
2022-05-25 05:36:32,665 -INFO- Task 12 started
2022-05-25 05:36:32,665 -INFO- Task 13 started
2022-05-25 05:36:32,665 -INFO- Task 14 started
2022-05-25 05:36:32,665 -INFO- Task 15 started
2022-05-25 05:36:32,666 -INFO- Task 16 started
2022-05-25 05:36:32,666 -INFO- Task 17 started
2022-05-25 05:36:32,666 -INFO- Task 18 started
2022-05-25 05:36:32,666 -INFO- Task 19 started
2022-05-25 05:36:32,666 -INFO- Task 20 started
2022-05-25 05:36:32,667 -INFO- Task 21 started
2022-05-25 05:36:32,667 -INFO- Task 22 started
2022-05-25 05:36:32,667 -INFO- Task 23 started
2022-05-25 06:39:29,098 -INFO- generating gene anntations
2022-05-25 06:39:35,186 -INFO- 1109 sequences classified by HMM
2022-05-25 06:39:35,187 -INFO- see protein domain sequences in `Stanley_CDS_NewNames.fasta.code.rexdb.dom.faa` and annotation gff3 file in `Stanley_CDS_NewNames.fasta.code.rexdb.dom.gff3`
2022-05-25 06:39:35,187 -INFO- classifying the unclassified sequences by searching against the classified ones
2022-05-25 06:39:38,093 -INFO- using the 80-80-80 rule
2022-05-25 06:39:38,093 -INFO- run CMD: `makeblastdb -in ./tmp/pass1_classified.fa -dbtype nucl`
2022-05-25 06:39:38,376 -INFO- run CMD: `blastn -query ./tmp/pass1_unclassified.fa -db ./tmp/pass1_classified.fa -out ./tmp/pass1_unclassified.fa.blastout -outfmt '6 qseqid sseqid pident length mismatch gapopen qstart qend sstart send evalue bitscore qlen slen qcovs qcovhsp sstrand' -num_threads 24`
2022-05-25 06:39:59,757 -INFO- 922 sequences classified in pass 2
2022-05-25 06:39:59,774 -INFO- total 2031 sequences classified.
2022-05-25 06:39:59,774 -INFO- see classified sequences in `Stanley_CDS_NewNames.fasta.code.rexdb.cls.tsv`
2022-05-25 06:39:59,774 -INFO- writing library for RepeatMasker in `Stanley_CDS_NewNames.fasta.code.rexdb.cls.lib`
2022-05-25 06:40:02,043 -INFO- writing classified protein domains in `Stanley_CDS_NewNames.fasta.code.rexdb.cls.pep`
2022-05-25 06:40:02,074 -INFO- Summary of classifications:
Order           Superfamily      # of Sequences# of Clade Sequences    # of Clades# of full Domains
LTR             Bel-Pao                       9              0              0              0
LTR             Copia                       330            125             15              1
LTR             Gypsy                       378            154             16              0
LTR             Retrovirus                    7              0              0              0
LTR             mixture                       2              0              0              0
pararetrovirus  unknown                       4              0              0              0
LINE            unknown                     198              0              0              0
TIR             EnSpm_CACTA                   2              0              0              0
TIR             Merlin                        2              0              0              0
TIR             MuDR_Mutator                210              0              0              0
TIR             PIF_Harbinger               156              0              0              0
TIR             hAT                          83              0              0              0
Helitron        unknown                      70              0              0              0
Maverick        unknown                     579              0              0              0
mixture         mixture                       1              0              0              0
2022-05-25 06:40:02,077 -INFO- Pipeline done.
2022-05-25 06:40:02,077 -INFO- cleaning the temporary directory ./tmp
				Remove CDS-related sequences in the EDTA library:

Wed May 25 07:52:49 EDT 2022	Combine the high-quality TE library liblist_Northern.txt.panTE.fa with the EDTA library:

pararetrovirus/NA not found in the TE_SO database, it will not be used to rename sequences in the final annotation.
polinton/NA not found in the TE_SO database, it will not be used to rename sequences in the final annotation.
Wed May 25 08:47:33 EDT 2022	EDTA final stage finished! You may check out:
				The final EDTA TE library: Stanley_NewNames.fasta.mod.EDTA.TElib.fa
				Family names of intact TEs have been updated by liblist_Northern.txt.panTE.fa: Stanley_NewNames.fasta.mod.EDTA.intact.gff3
				Comparing to the provided library, EDTA found these novel TEs: Stanley_NewNames.fasta.mod.EDTA.TElib.novel.fa
				The provided library has been incorporated into the final library: Stanley_NewNames.fasta.mod.EDTA.TElib.fa

Wed May 25 08:47:33 EDT 2022	Perform post-EDTA analysis for whole-genome annotation:

Wed May 25 08:47:33 EDT 2022	Homology-based annotation of TEs using Stanley_NewNames.fasta.mod.EDTA.TElib.fa from scratch.

Thu May 26 01:55:16 EDT 2022	TE annotation using the EDTA library has finished! Check out:
				Whole-genome TE annotation (total TE: 59.29%): Stanley_NewNames.fasta.mod.EDTA.TEanno.gff3
				Whole-genome TE annotation summary: Stanley_NewNames.fasta.mod.EDTA.TEanno.sum
				Low-threshold TE masking for MAKER gene annotation (masked: 27.97%): Stanley_NewNames.fasta.mod.MAKER.masked

tar gz-ing the annotation folder
tar: Removing leading `/' from member names
Time taken: 403160
