amr-203
My Task ID: 7
Harding
Declaring output paths and running EDTA

########################################################
##### Extensive de-novo TE Annotator (EDTA) v2.0.0  ####
##### Shujun Ou (shujun.ou.1@gmail.com)             ####
########################################################



Sat May 21 07:54:10 EDT 2022	Dependency checking:
				All passed!

	A custom library /mnt/research/edgerpat_lab/Scotty/Blueberry_Pangenome_TE_Analysis/results/Blueberry/Northern_pan_lib/liblist_Northern.txt.panTE.fa is provided via --curatedlib. Please make sure this is a manually curated library but not machine generated.

	A CDS file /mnt/research/edgerpat_lab/Scotty/Blueberry_Pangenome_TE_Analysis/results/Blueberry/Harding/Harding_CDS_NewNames.fasta is provided via --cds. Please make sure this is the DNA sequence of coding regions only.

Sat May 21 07:55:21 EDT 2022	Obtain raw TE libraries using various structure-based programs: 
Sat May 21 07:55:21 EDT 2022	EDTA_raw: Check dependencies, prepare working directories.

Sat May 21 07:55:38 EDT 2022	Start to find LTR candidates.

Sat May 21 07:55:38 EDT 2022	Identify LTR retrotransposon candidates from scratch.

Sat May 21 08:36:31 EDT 2022	Finish finding LTR candidates.

Sat May 21 08:36:31 EDT 2022	Start to find TIR candidates.

Sat May 21 08:36:31 EDT 2022	Identify TIR candidates from scratch.

Species: others
Sat May 21 21:06:18 EDT 2022	Finish finding TIR candidates.

Sat May 21 21:06:18 EDT 2022	Start to find Helitron candidates.

Sat May 21 21:06:18 EDT 2022	Identify Helitron candidates from scratch.

Sun May 22 07:29:35 EDT 2022	Finish finding Helitron candidates.

Sun May 22 07:29:35 EDT 2022	Execution of EDTA_raw.pl is finished!

Sun May 22 07:29:36 EDT 2022	Obtain raw TE libraries finished.
				All intact TEs found by EDTA: 
					Harding_NewNames.fasta.mod.EDTA.intact.fa
					Harding_NewNames.fasta.mod.EDTA.intact.gff3

Sun May 22 07:29:36 EDT 2022	Perform EDTA advance filtering for raw TE candidates and generate the stage 1 library: 

Sun May 22 08:47:44 EDT 2022	EDTA advance filtering finished.

Sun May 22 08:47:44 EDT 2022	Perform EDTA final steps to generate a non-redundant comprehensive TE library:

				Use RepeatModeler to identify any remaining TEs that are missed by structure-based methods.

2022-05-24 23:22:54,664 -WARNING- Grid computing is not available because DRMAA not configured properly: Could not find drmaa library.  Please specify its full path using the environment variable DRMAA_LIBRARY_PATH
2022-05-24 23:22:54,739 -INFO- VARS: {'sequence': 'Harding_NewNames.fasta.mod.RM.consensi.fa', 'hmm_database': 'rexdb', 'seq_type': 'nucl', 'prefix': 'Harding_NewNames.fasta.mod.RM.consensi.fa.rexdb', 'force_write_hmmscan': False, 'processors': 24, 'tmp_dir': './tmp', 'min_coverage': 20, 'max_evalue': 0.001, 'disable_pass2': False, 'pass2_rule': '80-80-80', 'no_library': False, 'no_reverse': False, 'no_cleanup': False, 'p2_identity': 80.0, 'p2_coverage': 80.0, 'p2_length': 80.0}
2022-05-24 23:22:54,739 -INFO- checking dependencies:
2022-05-24 23:22:54,842 -INFO- hmmer	3.3.1	OK
2022-05-24 23:22:54,911 -INFO- blastn	2.10.0+	OK
2022-05-24 23:22:54,913 -INFO- check database rexdb
2022-05-24 23:22:54,913 -INFO- db path: /mnt/ufs18/home-115/teresisc/anaconda3/envs/EDTA/lib/python3.6/site-packages/TEsorter/database
2022-05-24 23:22:54,913 -INFO- db file: REXdb_protein_database_viridiplantae_v3.0_plus_metazoa_v3.hmm
2022-05-24 23:22:54,915 -INFO- REXdb_protein_database_viridiplantae_v3.0_plus_metazoa_v3.hmm	OK
2022-05-24 23:22:54,915 -INFO- Start classifying pipeline
2022-05-24 23:22:55,149 -INFO- total 2261 sequences
2022-05-24 23:22:55,149 -INFO- translating `Harding_NewNames.fasta.mod.RM.consensi.fa` in six frames
/mnt/home/teresisc/anaconda3/envs/EDTA/lib/python3.6/site-packages/Bio/Seq.py:2338: BiopythonWarning: Partial codon, len(sequence) not a multiple of three. Explicitly trim the sequence or add trailing N before translation. This may become an error in future.
  BiopythonWarning,
2022-05-24 23:22:58,830 -INFO- HMM scanning against `/mnt/ufs18/home-115/teresisc/anaconda3/envs/EDTA/lib/python3.6/site-packages/TEsorter/database/REXdb_protein_database_viridiplantae_v3.0_plus_metazoa_v3.hmm`
2022-05-24 23:22:58,963 -INFO- Creating server instance (pp-1.6.4.4)
2022-05-24 23:22:58,963 -INFO- Running on Python 3.6.12 linux
2022-05-24 23:23:00,478 -INFO- pp local server started with 24 workers
2022-05-24 23:23:00,596 -INFO- Task 0 started
2022-05-24 23:23:00,597 -INFO- Task 1 started
2022-05-24 23:23:00,597 -INFO- Task 2 started
2022-05-24 23:23:00,597 -INFO- Task 3 started
2022-05-24 23:23:00,598 -INFO- Task 4 started
2022-05-24 23:23:00,598 -INFO- Task 5 started
2022-05-24 23:23:00,598 -INFO- Task 6 started
2022-05-24 23:23:00,598 -INFO- Task 7 started
2022-05-24 23:23:00,599 -INFO- Task 8 started
2022-05-24 23:23:00,599 -INFO- Task 9 started
2022-05-24 23:23:00,599 -INFO- Task 10 started
2022-05-24 23:23:00,599 -INFO- Task 11 started
2022-05-24 23:23:00,600 -INFO- Task 12 started
2022-05-24 23:23:00,600 -INFO- Task 13 started
2022-05-24 23:23:00,600 -INFO- Task 14 started
2022-05-24 23:23:00,601 -INFO- Task 15 started
2022-05-24 23:23:00,601 -INFO- Task 16 started
2022-05-24 23:23:00,601 -INFO- Task 17 started
2022-05-24 23:23:00,602 -INFO- Task 18 started
2022-05-24 23:23:00,602 -INFO- Task 19 started
2022-05-24 23:23:00,602 -INFO- Task 20 started
2022-05-24 23:23:00,602 -INFO- Task 21 started
2022-05-24 23:23:00,603 -INFO- Task 22 started
2022-05-24 23:23:00,603 -INFO- Task 23 started
2022-05-24 23:24:29,749 -INFO- generating gene anntations
2022-05-24 23:24:29,895 -INFO- 84 sequences classified by HMM
2022-05-24 23:24:29,895 -INFO- see protein domain sequences in `Harding_NewNames.fasta.mod.RM.consensi.fa.rexdb.dom.faa` and annotation gff3 file in `Harding_NewNames.fasta.mod.RM.consensi.fa.rexdb.dom.gff3`
2022-05-24 23:24:29,895 -INFO- classifying the unclassified sequences by searching against the classified ones
2022-05-24 23:24:29,972 -INFO- using the 80-80-80 rule
2022-05-24 23:24:29,973 -INFO- run CMD: `makeblastdb -in ./tmp/pass1_classified.fa -dbtype nucl`
2022-05-24 23:24:30,142 -INFO- run CMD: `blastn -query ./tmp/pass1_unclassified.fa -db ./tmp/pass1_classified.fa -out ./tmp/pass1_unclassified.fa.blastout -outfmt '6 qseqid sseqid pident length mismatch gapopen qstart qend sstart send evalue bitscore qlen slen qcovs qcovhsp sstrand' -num_threads 24`
2022-05-24 23:24:30,804 -INFO- 0 sequences classified in pass 2
2022-05-24 23:24:30,804 -INFO- total 84 sequences classified.
2022-05-24 23:24:30,804 -INFO- see classified sequences in `Harding_NewNames.fasta.mod.RM.consensi.fa.rexdb.cls.tsv`
2022-05-24 23:24:30,804 -INFO- writing library for RepeatMasker in `Harding_NewNames.fasta.mod.RM.consensi.fa.rexdb.cls.lib`
2022-05-24 23:24:30,864 -INFO- writing classified protein domains in `Harding_NewNames.fasta.mod.RM.consensi.fa.rexdb.cls.pep`
2022-05-24 23:24:30,867 -INFO- Summary of classifications:
Order           Superfamily      # of Sequences# of Clade Sequences    # of Clades# of full Domains
LTR             Copia                         4              3              3              0
LTR             Gypsy                        10              9              6              0
pararetrovirus  unknown                       3              0              0              0
LINE            unknown                      43              0              0              0
TIR             EnSpm_CACTA                   2              0              0              0
TIR             MuDR_Mutator                  6              0              0              0
TIR             PIF_Harbinger                 8              0              0              0
TIR             hAT                           4              0              0              0
Helitron        unknown                       3              0              0              0
Maverick        unknown                       1              0              0              0
2022-05-24 23:24:30,868 -INFO- Pipeline done.
2022-05-24 23:24:30,868 -INFO- cleaning the temporary directory ./tmp
Tue May 24 23:43:29 EDT 2022	Clean up TE-related sequences in the CDS file with TEsorter:

2022-05-24 23:43:32,396 -WARNING- Grid computing is not available because DRMAA not configured properly: Could not find drmaa library.  Please specify its full path using the environment variable DRMAA_LIBRARY_PATH
2022-05-24 23:43:32,400 -INFO- VARS: {'sequence': 'Harding_CDS_NewNames.fasta.code', 'hmm_database': 'rexdb', 'seq_type': 'nucl', 'prefix': 'Harding_CDS_NewNames.fasta.code.rexdb', 'force_write_hmmscan': False, 'processors': 24, 'tmp_dir': './tmp', 'min_coverage': 20, 'max_evalue': 0.001, 'disable_pass2': False, 'pass2_rule': '80-80-80', 'no_library': False, 'no_reverse': False, 'no_cleanup': False, 'p2_identity': 80.0, 'p2_coverage': 80.0, 'p2_length': 80.0}
2022-05-24 23:43:32,400 -INFO- checking dependencies:
2022-05-24 23:43:32,412 -INFO- hmmer	3.3.1	OK
2022-05-24 23:43:32,462 -INFO- blastn	2.10.0+	OK
2022-05-24 23:43:32,464 -INFO- check database rexdb
2022-05-24 23:43:32,465 -INFO- db path: /mnt/ufs18/home-115/teresisc/anaconda3/envs/EDTA/lib/python3.6/site-packages/TEsorter/database
2022-05-24 23:43:32,465 -INFO- db file: REXdb_protein_database_viridiplantae_v3.0_plus_metazoa_v3.hmm
2022-05-24 23:43:32,465 -INFO- REXdb_protein_database_viridiplantae_v3.0_plus_metazoa_v3.hmm	OK
2022-05-24 23:43:32,465 -INFO- Start classifying pipeline
2022-05-24 23:43:33,166 -INFO- total 104629 sequences
2022-05-24 23:43:33,166 -INFO- translating `Harding_CDS_NewNames.fasta.code` in six frames
/mnt/home/teresisc/anaconda3/envs/EDTA/lib/python3.6/site-packages/Bio/Seq.py:2338: BiopythonWarning: Partial codon, len(sequence) not a multiple of three. Explicitly trim the sequence or add trailing N before translation. This may become an error in future.
  BiopythonWarning,
2022-05-24 23:45:26,628 -INFO- HMM scanning against `/mnt/ufs18/home-115/teresisc/anaconda3/envs/EDTA/lib/python3.6/site-packages/TEsorter/database/REXdb_protein_database_viridiplantae_v3.0_plus_metazoa_v3.hmm`
2022-05-24 23:45:31,808 -INFO- Creating server instance (pp-1.6.4.4)
2022-05-24 23:45:31,808 -INFO- Running on Python 3.6.12 linux
2022-05-24 23:45:33,348 -INFO- pp local server started with 24 workers
2022-05-24 23:45:33,368 -INFO- Task 0 started
2022-05-24 23:45:33,369 -INFO- Task 1 started
2022-05-24 23:45:33,369 -INFO- Task 2 started
2022-05-24 23:45:33,369 -INFO- Task 3 started
2022-05-24 23:45:33,370 -INFO- Task 4 started
2022-05-24 23:45:33,370 -INFO- Task 5 started
2022-05-24 23:45:33,370 -INFO- Task 6 started
2022-05-24 23:45:33,370 -INFO- Task 7 started
2022-05-24 23:45:33,371 -INFO- Task 8 started
2022-05-24 23:45:33,371 -INFO- Task 9 started
2022-05-24 23:45:33,371 -INFO- Task 10 started
2022-05-24 23:45:33,372 -INFO- Task 11 started
2022-05-24 23:45:33,372 -INFO- Task 12 started
2022-05-24 23:45:33,372 -INFO- Task 13 started
2022-05-24 23:45:33,373 -INFO- Task 14 started
2022-05-24 23:45:33,373 -INFO- Task 15 started
2022-05-24 23:45:33,374 -INFO- Task 16 started
2022-05-24 23:45:33,374 -INFO- Task 17 started
2022-05-24 23:45:33,374 -INFO- Task 18 started
2022-05-24 23:45:33,375 -INFO- Task 19 started
2022-05-24 23:45:33,375 -INFO- Task 20 started
2022-05-24 23:45:33,375 -INFO- Task 21 started
2022-05-24 23:45:33,375 -INFO- Task 22 started
2022-05-24 23:45:33,376 -INFO- Task 23 started
2022-05-25 00:51:46,605 -INFO- generating gene anntations
2022-05-25 00:51:52,675 -INFO- 1039 sequences classified by HMM
2022-05-25 00:51:52,675 -INFO- see protein domain sequences in `Harding_CDS_NewNames.fasta.code.rexdb.dom.faa` and annotation gff3 file in `Harding_CDS_NewNames.fasta.code.rexdb.dom.gff3`
2022-05-25 00:51:52,675 -INFO- classifying the unclassified sequences by searching against the classified ones
2022-05-25 00:51:55,591 -INFO- using the 80-80-80 rule
2022-05-25 00:51:55,591 -INFO- run CMD: `makeblastdb -in ./tmp/pass1_classified.fa -dbtype nucl`
2022-05-25 00:51:55,786 -INFO- run CMD: `blastn -query ./tmp/pass1_unclassified.fa -db ./tmp/pass1_classified.fa -out ./tmp/pass1_unclassified.fa.blastout -outfmt '6 qseqid sseqid pident length mismatch gapopen qstart qend sstart send evalue bitscore qlen slen qcovs qcovhsp sstrand' -num_threads 24`
2022-05-25 00:52:17,088 -INFO- 824 sequences classified in pass 2
2022-05-25 00:52:17,090 -INFO- total 1863 sequences classified.
2022-05-25 00:52:17,091 -INFO- see classified sequences in `Harding_CDS_NewNames.fasta.code.rexdb.cls.tsv`
2022-05-25 00:52:17,091 -INFO- writing library for RepeatMasker in `Harding_CDS_NewNames.fasta.code.rexdb.cls.lib`
2022-05-25 00:52:19,335 -INFO- writing classified protein domains in `Harding_CDS_NewNames.fasta.code.rexdb.cls.pep`
2022-05-25 00:52:19,363 -INFO- Summary of classifications:
Order           Superfamily      # of Sequences# of Clade Sequences    # of Clades# of full Domains
LTR             Bel-Pao                      24              0              0              0
LTR             Copia                       264            102             16              0
LTR             Gypsy                       335            152             17              0
LTR             Retrovirus                   10              0              0              0
LTR             mixture                       5              0              0              0
pararetrovirus  unknown                      18              0              0              0
LINE            unknown                     201              0              0              0
TIR             EnSpm_CACTA                   6              0              0              0
TIR             Merlin                        1              0              0              0
TIR             MuDR_Mutator                195              0              0              0
TIR             PIF_Harbinger               159              0              0              0
TIR             Tc1_Mariner                   4              0              0              0
TIR             hAT                          65              0              0              0
Helitron        unknown                      58              0              0              0
Maverick        unknown                     509              0              0              0
mixture         mixture                       9              0              0              0
2022-05-25 00:52:19,365 -INFO- Pipeline done.
2022-05-25 00:52:19,365 -INFO- cleaning the temporary directory ./tmp
				Remove CDS-related sequences in the EDTA library:

Wed May 25 01:59:34 EDT 2022	Combine the high-quality TE library liblist_Northern.txt.panTE.fa with the EDTA library:

polinton/NA not found in the TE_SO database, it will not be used to rename sequences in the final annotation.
polinton/NA not found in the TE_SO database, it will not be used to rename sequences in the final annotation.
polinton/NA not found in the TE_SO database, it will not be used to rename sequences in the final annotation.
polinton/NA not found in the TE_SO database, it will not be used to rename sequences in the final annotation.
polinton/NA not found in the TE_SO database, it will not be used to rename sequences in the final annotation.
pararetrovirus/NA not found in the TE_SO database, it will not be used to rename sequences in the final annotation.
polinton/NA not found in the TE_SO database, it will not be used to rename sequences in the final annotation.
Wed May 25 02:45:52 EDT 2022	EDTA final stage finished! You may check out:
				The final EDTA TE library: Harding_NewNames.fasta.mod.EDTA.TElib.fa
				Family names of intact TEs have been updated by liblist_Northern.txt.panTE.fa: Harding_NewNames.fasta.mod.EDTA.intact.gff3
				Comparing to the provided library, EDTA found these novel TEs: Harding_NewNames.fasta.mod.EDTA.TElib.novel.fa
				The provided library has been incorporated into the final library: Harding_NewNames.fasta.mod.EDTA.TElib.fa

Wed May 25 02:45:52 EDT 2022	Perform post-EDTA analysis for whole-genome annotation:

Wed May 25 02:45:52 EDT 2022	Homology-based annotation of TEs using Harding_NewNames.fasta.mod.EDTA.TElib.fa from scratch.

Wed May 25 19:37:52 EDT 2022	TE annotation using the EDTA library has finished! Check out:
				Whole-genome TE annotation (total TE: 59.29%): Harding_NewNames.fasta.mod.EDTA.TEanno.gff3
				Whole-genome TE annotation summary: Harding_NewNames.fasta.mod.EDTA.TEanno.sum
				Low-threshold TE masking for MAKER gene annotation (masked: 28.84%): Harding_NewNames.fasta.mod.MAKER.masked

tar gz-ing the annotation folder
tar: Removing leading `/' from member names
Time taken: 392004
