amr-187
My Task ID: 4
Duke
Declaring output paths and running EDTA

########################################################
##### Extensive de-novo TE Annotator (EDTA) v2.0.0  ####
##### Shujun Ou (shujun.ou.1@gmail.com)             ####
########################################################



Mon May 16 17:12:49 EDT 2022	Dependency checking:
				All passed!

	A custom library /mnt/research/edgerpat_lab/Scotty/Blueberry_Pangenome_TE_Analysis/results/Blueberry/Northern_pan_lib/liblist_Northern.txt.panTE.fa is provided via --curatedlib. Please make sure this is a manually curated library but not machine generated.

	A CDS file /mnt/research/edgerpat_lab/Scotty/Blueberry_Pangenome_TE_Analysis/results/Blueberry/Duke/Duke_CDS_NewNames.fasta is provided via --cds. Please make sure this is the DNA sequence of coding regions only.

Mon May 16 17:13:58 EDT 2022	Obtain raw TE libraries using various structure-based programs: 
Mon May 16 17:13:58 EDT 2022	EDTA_raw: Check dependencies, prepare working directories.

Mon May 16 17:14:16 EDT 2022	Start to find LTR candidates.

Mon May 16 17:14:16 EDT 2022	Identify LTR retrotransposon candidates from scratch.

Mon May 16 18:32:53 EDT 2022	Finish finding LTR candidates.

Mon May 16 18:32:53 EDT 2022	Start to find TIR candidates.

Mon May 16 18:32:53 EDT 2022	Identify TIR candidates from scratch.

Species: others
Tue May 17 07:57:00 EDT 2022	Finish finding TIR candidates.

Tue May 17 07:57:00 EDT 2022	Start to find Helitron candidates.

Tue May 17 07:57:00 EDT 2022	Identify Helitron candidates from scratch.

Tue May 17 18:58:55 EDT 2022	Finish finding Helitron candidates.

Tue May 17 18:58:55 EDT 2022	Execution of EDTA_raw.pl is finished!

Tue May 17 18:58:56 EDT 2022	Obtain raw TE libraries finished.
				All intact TEs found by EDTA: 
					Duke_NewNames.fasta.mod.EDTA.intact.fa
					Duke_NewNames.fasta.mod.EDTA.intact.gff3

Tue May 17 18:58:56 EDT 2022	Perform EDTA advance filtering for raw TE candidates and generate the stage 1 library: 

Tue May 17 20:36:58 EDT 2022	EDTA advance filtering finished.

Tue May 17 20:36:58 EDT 2022	Perform EDTA final steps to generate a non-redundant comprehensive TE library:

				Use RepeatModeler to identify any remaining TEs that are missed by structure-based methods.

2022-05-20 12:11:42,488 -WARNING- Grid computing is not available because DRMAA not configured properly: Could not find drmaa library.  Please specify its full path using the environment variable DRMAA_LIBRARY_PATH
2022-05-20 12:11:42,606 -INFO- VARS: {'sequence': 'Duke_NewNames.fasta.mod.RM.consensi.fa', 'hmm_database': 'rexdb', 'seq_type': 'nucl', 'prefix': 'Duke_NewNames.fasta.mod.RM.consensi.fa.rexdb', 'force_write_hmmscan': False, 'processors': 24, 'tmp_dir': './tmp', 'min_coverage': 20, 'max_evalue': 0.001, 'disable_pass2': False, 'pass2_rule': '80-80-80', 'no_library': False, 'no_reverse': False, 'no_cleanup': False, 'p2_identity': 80.0, 'p2_coverage': 80.0, 'p2_length': 80.0}
2022-05-20 12:11:42,606 -INFO- checking dependencies:
2022-05-20 12:11:42,670 -INFO- hmmer	3.3.1	OK
2022-05-20 12:11:42,735 -INFO- blastn	2.10.0+	OK
2022-05-20 12:11:42,738 -INFO- check database rexdb
2022-05-20 12:11:42,738 -INFO- db path: /mnt/ufs18/home-115/teresisc/anaconda3/envs/EDTA/lib/python3.6/site-packages/TEsorter/database
2022-05-20 12:11:42,738 -INFO- db file: REXdb_protein_database_viridiplantae_v3.0_plus_metazoa_v3.hmm
2022-05-20 12:11:42,738 -INFO- REXdb_protein_database_viridiplantae_v3.0_plus_metazoa_v3.hmm	OK
2022-05-20 12:11:42,739 -INFO- Start classifying pipeline
2022-05-20 12:11:42,899 -INFO- total 2018 sequences
2022-05-20 12:11:42,899 -INFO- translating `Duke_NewNames.fasta.mod.RM.consensi.fa` in six frames
/mnt/home/teresisc/anaconda3/envs/EDTA/lib/python3.6/site-packages/Bio/Seq.py:2338: BiopythonWarning: Partial codon, len(sequence) not a multiple of three. Explicitly trim the sequence or add trailing N before translation. This may become an error in future.
  BiopythonWarning,
2022-05-20 12:11:46,589 -INFO- HMM scanning against `/mnt/ufs18/home-115/teresisc/anaconda3/envs/EDTA/lib/python3.6/site-packages/TEsorter/database/REXdb_protein_database_viridiplantae_v3.0_plus_metazoa_v3.hmm`
2022-05-20 12:11:46,714 -INFO- Creating server instance (pp-1.6.4.4)
2022-05-20 12:11:46,714 -INFO- Running on Python 3.6.12 linux
2022-05-20 12:11:48,172 -INFO- pp local server started with 24 workers
2022-05-20 12:11:48,276 -INFO- Task 0 started
2022-05-20 12:11:48,277 -INFO- Task 1 started
2022-05-20 12:11:48,277 -INFO- Task 2 started
2022-05-20 12:11:48,278 -INFO- Task 3 started
2022-05-20 12:11:48,278 -INFO- Task 4 started
2022-05-20 12:11:48,278 -INFO- Task 5 started
2022-05-20 12:11:48,278 -INFO- Task 6 started
2022-05-20 12:11:48,279 -INFO- Task 7 started
2022-05-20 12:11:48,279 -INFO- Task 8 started
2022-05-20 12:11:48,279 -INFO- Task 9 started
2022-05-20 12:11:48,279 -INFO- Task 10 started
2022-05-20 12:11:48,280 -INFO- Task 11 started
2022-05-20 12:11:48,280 -INFO- Task 12 started
2022-05-20 12:11:48,280 -INFO- Task 13 started
2022-05-20 12:11:48,281 -INFO- Task 14 started
2022-05-20 12:11:48,281 -INFO- Task 15 started
2022-05-20 12:11:48,281 -INFO- Task 16 started
2022-05-20 12:11:48,282 -INFO- Task 17 started
2022-05-20 12:11:48,282 -INFO- Task 18 started
2022-05-20 12:11:48,282 -INFO- Task 19 started
2022-05-20 12:11:48,283 -INFO- Task 20 started
2022-05-20 12:11:48,283 -INFO- Task 21 started
2022-05-20 12:11:48,283 -INFO- Task 22 started
2022-05-20 12:11:48,284 -INFO- Task 23 started
2022-05-20 12:13:00,586 -INFO- generating gene anntations
2022-05-20 12:13:00,762 -INFO- 72 sequences classified by HMM
2022-05-20 12:13:00,762 -INFO- see protein domain sequences in `Duke_NewNames.fasta.mod.RM.consensi.fa.rexdb.dom.faa` and annotation gff3 file in `Duke_NewNames.fasta.mod.RM.consensi.fa.rexdb.dom.gff3`
2022-05-20 12:13:00,762 -INFO- classifying the unclassified sequences by searching against the classified ones
2022-05-20 12:13:00,838 -INFO- using the 80-80-80 rule
2022-05-20 12:13:00,838 -INFO- run CMD: `makeblastdb -in ./tmp/pass1_classified.fa -dbtype nucl`
2022-05-20 12:13:01,026 -INFO- run CMD: `blastn -query ./tmp/pass1_unclassified.fa -db ./tmp/pass1_classified.fa -out ./tmp/pass1_unclassified.fa.blastout -outfmt '6 qseqid sseqid pident length mismatch gapopen qstart qend sstart send evalue bitscore qlen slen qcovs qcovhsp sstrand' -num_threads 24`
2022-05-20 12:13:01,641 -INFO- 2 sequences classified in pass 2
2022-05-20 12:13:01,641 -INFO- total 74 sequences classified.
2022-05-20 12:13:01,641 -INFO- see classified sequences in `Duke_NewNames.fasta.mod.RM.consensi.fa.rexdb.cls.tsv`
2022-05-20 12:13:01,641 -INFO- writing library for RepeatMasker in `Duke_NewNames.fasta.mod.RM.consensi.fa.rexdb.cls.lib`
2022-05-20 12:13:01,696 -INFO- writing classified protein domains in `Duke_NewNames.fasta.mod.RM.consensi.fa.rexdb.cls.pep`
2022-05-20 12:13:01,699 -INFO- Summary of classifications:
Order           Superfamily      # of Sequences# of Clade Sequences    # of Clades# of full Domains
LTR             Copia                         2              2              2              0
LTR             Gypsy                         5              4              3              0
pararetrovirus  unknown                       4              0              0              0
LINE            unknown                      40              0              0              0
TIR             EnSpm_CACTA                   4              0              0              0
TIR             MuDR_Mutator                 10              0              0              0
TIR             PIF_Harbinger                 4              0              0              0
TIR             hAT                           2              0              0              0
Helitron        unknown                       2              0              0              0
Maverick        unknown                       1              0              0              0
2022-05-20 12:13:01,699 -INFO- Pipeline done.
2022-05-20 12:13:01,699 -INFO- cleaning the temporary directory ./tmp
Fri May 20 12:34:06 EDT 2022	Clean up TE-related sequences in the CDS file with TEsorter:

2022-05-20 12:34:09,730 -WARNING- Grid computing is not available because DRMAA not configured properly: Could not find drmaa library.  Please specify its full path using the environment variable DRMAA_LIBRARY_PATH
2022-05-20 12:34:09,735 -INFO- VARS: {'sequence': 'Duke_CDS_NewNames.fasta.code', 'hmm_database': 'rexdb', 'seq_type': 'nucl', 'prefix': 'Duke_CDS_NewNames.fasta.code.rexdb', 'force_write_hmmscan': False, 'processors': 24, 'tmp_dir': './tmp', 'min_coverage': 20, 'max_evalue': 0.001, 'disable_pass2': False, 'pass2_rule': '80-80-80', 'no_library': False, 'no_reverse': False, 'no_cleanup': False, 'p2_identity': 80.0, 'p2_coverage': 80.0, 'p2_length': 80.0}
2022-05-20 12:34:09,735 -INFO- checking dependencies:
2022-05-20 12:34:09,746 -INFO- hmmer	3.3.1	OK
2022-05-20 12:34:09,799 -INFO- blastn	2.10.0+	OK
2022-05-20 12:34:09,801 -INFO- check database rexdb
2022-05-20 12:34:09,801 -INFO- db path: /mnt/ufs18/home-115/teresisc/anaconda3/envs/EDTA/lib/python3.6/site-packages/TEsorter/database
2022-05-20 12:34:09,801 -INFO- db file: REXdb_protein_database_viridiplantae_v3.0_plus_metazoa_v3.hmm
2022-05-20 12:34:09,802 -INFO- REXdb_protein_database_viridiplantae_v3.0_plus_metazoa_v3.hmm	OK
2022-05-20 12:34:09,802 -INFO- Start classifying pipeline
2022-05-20 12:34:10,499 -INFO- total 104345 sequences
2022-05-20 12:34:10,500 -INFO- translating `Duke_CDS_NewNames.fasta.code` in six frames
/mnt/home/teresisc/anaconda3/envs/EDTA/lib/python3.6/site-packages/Bio/Seq.py:2338: BiopythonWarning: Partial codon, len(sequence) not a multiple of three. Explicitly trim the sequence or add trailing N before translation. This may become an error in future.
  BiopythonWarning,
2022-05-20 12:36:08,193 -INFO- HMM scanning against `/mnt/ufs18/home-115/teresisc/anaconda3/envs/EDTA/lib/python3.6/site-packages/TEsorter/database/REXdb_protein_database_viridiplantae_v3.0_plus_metazoa_v3.hmm`
2022-05-20 12:36:13,402 -INFO- Creating server instance (pp-1.6.4.4)
2022-05-20 12:36:13,403 -INFO- Running on Python 3.6.12 linux
2022-05-20 12:36:14,866 -INFO- pp local server started with 24 workers
2022-05-20 12:36:14,886 -INFO- Task 0 started
2022-05-20 12:36:14,886 -INFO- Task 1 started
2022-05-20 12:36:14,886 -INFO- Task 2 started
2022-05-20 12:36:14,887 -INFO- Task 3 started
2022-05-20 12:36:14,887 -INFO- Task 4 started
2022-05-20 12:36:14,887 -INFO- Task 5 started
2022-05-20 12:36:14,887 -INFO- Task 6 started
2022-05-20 12:36:14,887 -INFO- Task 7 started
2022-05-20 12:36:14,888 -INFO- Task 8 started
2022-05-20 12:36:14,888 -INFO- Task 9 started
2022-05-20 12:36:14,888 -INFO- Task 10 started
2022-05-20 12:36:14,888 -INFO- Task 11 started
2022-05-20 12:36:14,888 -INFO- Task 12 started
2022-05-20 12:36:14,889 -INFO- Task 13 started
2022-05-20 12:36:14,889 -INFO- Task 14 started
2022-05-20 12:36:14,889 -INFO- Task 15 started
2022-05-20 12:36:14,889 -INFO- Task 16 started
2022-05-20 12:36:14,889 -INFO- Task 17 started
2022-05-20 12:36:14,890 -INFO- Task 18 started
2022-05-20 12:36:14,890 -INFO- Task 19 started
2022-05-20 12:36:14,890 -INFO- Task 20 started
2022-05-20 12:36:14,891 -INFO- Task 21 started
2022-05-20 12:36:14,891 -INFO- Task 22 started
2022-05-20 12:36:14,891 -INFO- Task 23 started
2022-05-20 13:38:43,834 -INFO- generating gene anntations
2022-05-20 13:38:49,827 -INFO- 1110 sequences classified by HMM
2022-05-20 13:38:49,827 -INFO- see protein domain sequences in `Duke_CDS_NewNames.fasta.code.rexdb.dom.faa` and annotation gff3 file in `Duke_CDS_NewNames.fasta.code.rexdb.dom.gff3`
2022-05-20 13:38:49,827 -INFO- classifying the unclassified sequences by searching against the classified ones
2022-05-20 13:38:52,772 -INFO- using the 80-80-80 rule
2022-05-20 13:38:52,772 -INFO- run CMD: `makeblastdb -in ./tmp/pass1_classified.fa -dbtype nucl`
2022-05-20 13:38:52,960 -INFO- run CMD: `blastn -query ./tmp/pass1_unclassified.fa -db ./tmp/pass1_classified.fa -out ./tmp/pass1_unclassified.fa.blastout -outfmt '6 qseqid sseqid pident length mismatch gapopen qstart qend sstart send evalue bitscore qlen slen qcovs qcovhsp sstrand' -num_threads 24`
2022-05-20 13:39:13,963 -INFO- 915 sequences classified in pass 2
2022-05-20 13:39:13,966 -INFO- total 2025 sequences classified.
2022-05-20 13:39:13,966 -INFO- see classified sequences in `Duke_CDS_NewNames.fasta.code.rexdb.cls.tsv`
2022-05-20 13:39:13,966 -INFO- writing library for RepeatMasker in `Duke_CDS_NewNames.fasta.code.rexdb.cls.lib`
2022-05-20 13:39:16,187 -INFO- writing classified protein domains in `Duke_CDS_NewNames.fasta.code.rexdb.cls.pep`
2022-05-20 13:39:16,216 -INFO- Summary of classifications:
Order           Superfamily      # of Sequences# of Clade Sequences    # of Clades# of full Domains
LTR             Bel-Pao                      14              0              0              0
LTR             Copia                       314            120             15              0
LTR             Gypsy                       325            156             16              0
LTR             Retrovirus                    7              0              0              0
LTR             mixture                       2              0              0              0
DIRS            unknown                       9              0              0              0
LINE            unknown                     230              0              0              0
TIR             EnSpm_CACTA                   6              0              0              0
TIR             Merlin                        2              0              0              0
TIR             MuDR_Mutator                191              0              0              0
TIR             PIF_Harbinger               146              0              0              0
TIR             Sola2                        48              0              0              0
TIR             Tc1_Mariner                  15              0              0              0
TIR             hAT                          80              0              0              0
Helitron        unknown                      93              0              0              0
Maverick        unknown                     540              0              0              0
mixture         mixture                       3              0              0              0
2022-05-20 13:39:16,218 -INFO- Pipeline done.
2022-05-20 13:39:16,218 -INFO- cleaning the temporary directory ./tmp
				Remove CDS-related sequences in the EDTA library:

Fri May 20 14:59:18 EDT 2022	Combine the high-quality TE library liblist_Northern.txt.panTE.fa with the EDTA library:

polinton/NA not found in the TE_SO database, it will not be used to rename sequences in the final annotation.
pararetrovirus/NA not found in the TE_SO database, it will not be used to rename sequences in the final annotation.
pararetrovirus/NA not found in the TE_SO database, it will not be used to rename sequences in the final annotation.
polinton/NA not found in the TE_SO database, it will not be used to rename sequences in the final annotation.
Fri May 20 15:58:34 EDT 2022	EDTA final stage finished! You may check out:
				The final EDTA TE library: Duke_NewNames.fasta.mod.EDTA.TElib.fa
				Family names of intact TEs have been updated by liblist_Northern.txt.panTE.fa: Duke_NewNames.fasta.mod.EDTA.intact.gff3
				Comparing to the provided library, EDTA found these novel TEs: Duke_NewNames.fasta.mod.EDTA.TElib.novel.fa
				The provided library has been incorporated into the final library: Duke_NewNames.fasta.mod.EDTA.TElib.fa

Fri May 20 15:58:34 EDT 2022	Perform post-EDTA analysis for whole-genome annotation:

Fri May 20 15:58:34 EDT 2022	Homology-based annotation of TEs using Duke_NewNames.fasta.mod.EDTA.TElib.fa from scratch.

Sat May 21 08:30:14 EDT 2022	TE annotation using the EDTA library has finished! Check out:
				Whole-genome TE annotation (total TE: 59.37%): Duke_NewNames.fasta.mod.EDTA.TEanno.gff3
				Whole-genome TE annotation summary: Duke_NewNames.fasta.mod.EDTA.TEanno.sum
				Low-threshold TE masking for MAKER gene annotation (masked: 27.98%): Duke_NewNames.fasta.mod.MAKER.masked

tar gz-ing the annotation folder
tar: Removing leading `/' from member names
Time taken: 405040
