amr-109
My Task ID: 2
Kee_Krisp
Declaring output paths and running EDTA

########################################################
##### Extensive de-novo TE Annotator (EDTA) v2.0.0  ####
##### Shujun Ou (shujun.ou.1@gmail.com)             ####
########################################################



Fri May 13 13:15:50 EDT 2022	Dependency checking:
				All passed!

	A custom library /mnt/research/edgerpat_lab/Scotty/Blueberry_Pangenome_TE_Analysis/results/Blueberry/Southern_pan_lib/liblist_Southern.txt.panTE.fa is provided via --curatedlib. Please make sure this is a manually curated library but not machine generated.

	A CDS file /mnt/research/edgerpat_lab/Scotty/Blueberry_Pangenome_TE_Analysis/results/Blueberry/Kee_Krisp/Kee_Krisp_CDS_NewNames.fasta is provided via --cds. Please make sure this is the DNA sequence of coding regions only.

Fri May 13 13:17:04 EDT 2022	Obtain raw TE libraries using various structure-based programs: 
Fri May 13 13:17:04 EDT 2022	EDTA_raw: Check dependencies, prepare working directories.

Fri May 13 13:17:21 EDT 2022	Start to find LTR candidates.

Fri May 13 13:17:21 EDT 2022	Identify LTR retrotransposon candidates from scratch.

Fri May 13 20:41:43 EDT 2022	Finish finding LTR candidates.

Fri May 13 20:41:43 EDT 2022	Start to find TIR candidates.

Fri May 13 20:41:43 EDT 2022	Identify TIR candidates from scratch.

Species: others
Sat May 14 12:59:26 EDT 2022	Finish finding TIR candidates.

Sat May 14 12:59:26 EDT 2022	Start to find Helitron candidates.

Sat May 14 12:59:26 EDT 2022	Identify Helitron candidates from scratch.

Sun May 15 01:21:02 EDT 2022	Finish finding Helitron candidates.

Sun May 15 01:21:02 EDT 2022	Execution of EDTA_raw.pl is finished!

Sun May 15 01:21:03 EDT 2022	Obtain raw TE libraries finished.
				All intact TEs found by EDTA: 
					Kee_Krisp_NewNames.fasta.mod.EDTA.intact.fa
					Kee_Krisp_NewNames.fasta.mod.EDTA.intact.gff3

Sun May 15 01:21:03 EDT 2022	Perform EDTA advance filtering for raw TE candidates and generate the stage 1 library: 

Sun May 15 03:21:02 EDT 2022	EDTA advance filtering finished.

Sun May 15 03:21:02 EDT 2022	Perform EDTA final steps to generate a non-redundant comprehensive TE library:

				Use RepeatModeler to identify any remaining TEs that are missed by structure-based methods.

2022-05-18 02:12:15,075 -WARNING- Grid computing is not available because DRMAA not configured properly: Could not find drmaa library.  Please specify its full path using the environment variable DRMAA_LIBRARY_PATH
2022-05-18 02:12:15,139 -INFO- VARS: {'sequence': 'Kee_Krisp_NewNames.fasta.mod.RM.consensi.fa', 'hmm_database': 'rexdb', 'seq_type': 'nucl', 'prefix': 'Kee_Krisp_NewNames.fasta.mod.RM.consensi.fa.rexdb', 'force_write_hmmscan': False, 'processors': 24, 'tmp_dir': './tmp', 'min_coverage': 20, 'max_evalue': 0.001, 'disable_pass2': False, 'pass2_rule': '80-80-80', 'no_library': False, 'no_reverse': False, 'no_cleanup': False, 'p2_identity': 80.0, 'p2_coverage': 80.0, 'p2_length': 80.0}
2022-05-18 02:12:15,139 -INFO- checking dependencies:
2022-05-18 02:12:15,195 -INFO- hmmer	3.3.1	OK
2022-05-18 02:12:15,264 -INFO- blastn	2.10.0+	OK
2022-05-18 02:12:15,266 -INFO- check database rexdb
2022-05-18 02:12:15,266 -INFO- db path: /mnt/ufs18/home-115/teresisc/anaconda3/envs/EDTA/lib/python3.6/site-packages/TEsorter/database
2022-05-18 02:12:15,266 -INFO- db file: REXdb_protein_database_viridiplantae_v3.0_plus_metazoa_v3.hmm
2022-05-18 02:12:15,267 -INFO- REXdb_protein_database_viridiplantae_v3.0_plus_metazoa_v3.hmm	OK
2022-05-18 02:12:15,267 -INFO- Start classifying pipeline
2022-05-18 02:12:15,515 -INFO- total 2042 sequences
2022-05-18 02:12:15,516 -INFO- translating `Kee_Krisp_NewNames.fasta.mod.RM.consensi.fa` in six frames
/mnt/home/teresisc/anaconda3/envs/EDTA/lib/python3.6/site-packages/Bio/Seq.py:2338: BiopythonWarning: Partial codon, len(sequence) not a multiple of three. Explicitly trim the sequence or add trailing N before translation. This may become an error in future.
  BiopythonWarning,
2022-05-18 02:12:19,327 -INFO- HMM scanning against `/mnt/ufs18/home-115/teresisc/anaconda3/envs/EDTA/lib/python3.6/site-packages/TEsorter/database/REXdb_protein_database_viridiplantae_v3.0_plus_metazoa_v3.hmm`
2022-05-18 02:12:19,460 -INFO- Creating server instance (pp-1.6.4.4)
2022-05-18 02:12:19,461 -INFO- Running on Python 3.6.12 linux
2022-05-18 02:12:20,944 -INFO- pp local server started with 24 workers
2022-05-18 02:12:21,034 -INFO- Task 0 started
2022-05-18 02:12:21,034 -INFO- Task 1 started
2022-05-18 02:12:21,035 -INFO- Task 2 started
2022-05-18 02:12:21,035 -INFO- Task 3 started
2022-05-18 02:12:21,035 -INFO- Task 4 started
2022-05-18 02:12:21,035 -INFO- Task 5 started
2022-05-18 02:12:21,036 -INFO- Task 6 started
2022-05-18 02:12:21,036 -INFO- Task 7 started
2022-05-18 02:12:21,036 -INFO- Task 8 started
2022-05-18 02:12:21,036 -INFO- Task 9 started
2022-05-18 02:12:21,037 -INFO- Task 10 started
2022-05-18 02:12:21,037 -INFO- Task 11 started
2022-05-18 02:12:21,037 -INFO- Task 12 started
2022-05-18 02:12:21,037 -INFO- Task 13 started
2022-05-18 02:12:21,037 -INFO- Task 14 started
2022-05-18 02:12:21,038 -INFO- Task 15 started
2022-05-18 02:12:21,038 -INFO- Task 16 started
2022-05-18 02:12:21,038 -INFO- Task 17 started
2022-05-18 02:12:21,038 -INFO- Task 18 started
2022-05-18 02:12:21,039 -INFO- Task 19 started
2022-05-18 02:12:21,039 -INFO- Task 20 started
2022-05-18 02:12:21,039 -INFO- Task 21 started
2022-05-18 02:12:21,040 -INFO- Task 22 started
2022-05-18 02:12:21,040 -INFO- Task 23 started
2022-05-18 02:13:40,787 -INFO- generating gene anntations
2022-05-18 02:13:40,932 -INFO- 70 sequences classified by HMM
2022-05-18 02:13:40,933 -INFO- see protein domain sequences in `Kee_Krisp_NewNames.fasta.mod.RM.consensi.fa.rexdb.dom.faa` and annotation gff3 file in `Kee_Krisp_NewNames.fasta.mod.RM.consensi.fa.rexdb.dom.gff3`
2022-05-18 02:13:40,933 -INFO- classifying the unclassified sequences by searching against the classified ones
2022-05-18 02:13:41,009 -INFO- using the 80-80-80 rule
2022-05-18 02:13:41,009 -INFO- run CMD: `makeblastdb -in ./tmp/pass1_classified.fa -dbtype nucl`
2022-05-18 02:13:41,158 -INFO- run CMD: `blastn -query ./tmp/pass1_unclassified.fa -db ./tmp/pass1_classified.fa -out ./tmp/pass1_unclassified.fa.blastout -outfmt '6 qseqid sseqid pident length mismatch gapopen qstart qend sstart send evalue bitscore qlen slen qcovs qcovhsp sstrand' -num_threads 24`
2022-05-18 02:13:41,830 -INFO- 0 sequences classified in pass 2
2022-05-18 02:13:41,831 -INFO- total 70 sequences classified.
2022-05-18 02:13:41,831 -INFO- see classified sequences in `Kee_Krisp_NewNames.fasta.mod.RM.consensi.fa.rexdb.cls.tsv`
2022-05-18 02:13:41,831 -INFO- writing library for RepeatMasker in `Kee_Krisp_NewNames.fasta.mod.RM.consensi.fa.rexdb.cls.lib`
2022-05-18 02:13:41,884 -INFO- writing classified protein domains in `Kee_Krisp_NewNames.fasta.mod.RM.consensi.fa.rexdb.cls.pep`
2022-05-18 02:13:41,888 -INFO- Summary of classifications:
Order           Superfamily      # of Sequences# of Clade Sequences    # of Clades# of full Domains
LTR             Gypsy                         8              7              7              0
pararetrovirus  unknown                       3              0              0              0
LINE            unknown                      38              0              0              0
TIR             EnSpm_CACTA                   2              0              0              0
TIR             MuDR_Mutator                 10              0              0              0
TIR             PIF_Harbinger                 4              0              0              0
TIR             hAT                           3              0              0              0
Helitron        unknown                       2              0              0              0
2022-05-18 02:13:41,889 -INFO- Pipeline done.
2022-05-18 02:13:41,889 -INFO- cleaning the temporary directory ./tmp
Wed May 18 02:39:15 EDT 2022	Clean up TE-related sequences in the CDS file with TEsorter:

2022-05-18 02:39:18,714 -WARNING- Grid computing is not available because DRMAA not configured properly: Could not find drmaa library.  Please specify its full path using the environment variable DRMAA_LIBRARY_PATH
2022-05-18 02:39:18,718 -INFO- VARS: {'sequence': 'Kee_Krisp_CDS_NewNames.fasta.code', 'hmm_database': 'rexdb', 'seq_type': 'nucl', 'prefix': 'Kee_Krisp_CDS_NewNames.fasta.code.rexdb', 'force_write_hmmscan': False, 'processors': 24, 'tmp_dir': './tmp', 'min_coverage': 20, 'max_evalue': 0.001, 'disable_pass2': False, 'pass2_rule': '80-80-80', 'no_library': False, 'no_reverse': False, 'no_cleanup': False, 'p2_identity': 80.0, 'p2_coverage': 80.0, 'p2_length': 80.0}
2022-05-18 02:39:18,719 -INFO- checking dependencies:
2022-05-18 02:39:18,729 -INFO- hmmer	3.3.1	OK
2022-05-18 02:39:18,779 -INFO- blastn	2.10.0+	OK
2022-05-18 02:39:18,781 -INFO- check database rexdb
2022-05-18 02:39:18,781 -INFO- db path: /mnt/ufs18/home-115/teresisc/anaconda3/envs/EDTA/lib/python3.6/site-packages/TEsorter/database
2022-05-18 02:39:18,781 -INFO- db file: REXdb_protein_database_viridiplantae_v3.0_plus_metazoa_v3.hmm
2022-05-18 02:39:18,782 -INFO- REXdb_protein_database_viridiplantae_v3.0_plus_metazoa_v3.hmm	OK
2022-05-18 02:39:18,782 -INFO- Start classifying pipeline
2022-05-18 02:39:19,507 -INFO- total 107578 sequences
2022-05-18 02:39:19,508 -INFO- translating `Kee_Krisp_CDS_NewNames.fasta.code` in six frames
/mnt/home/teresisc/anaconda3/envs/EDTA/lib/python3.6/site-packages/Bio/Seq.py:2338: BiopythonWarning: Partial codon, len(sequence) not a multiple of three. Explicitly trim the sequence or add trailing N before translation. This may become an error in future.
  BiopythonWarning,
2022-05-18 02:41:26,587 -INFO- HMM scanning against `/mnt/ufs18/home-115/teresisc/anaconda3/envs/EDTA/lib/python3.6/site-packages/TEsorter/database/REXdb_protein_database_viridiplantae_v3.0_plus_metazoa_v3.hmm`
2022-05-18 02:41:31,899 -INFO- Creating server instance (pp-1.6.4.4)
2022-05-18 02:41:31,899 -INFO- Running on Python 3.6.12 linux
2022-05-18 02:41:33,347 -INFO- pp local server started with 24 workers
2022-05-18 02:41:33,366 -INFO- Task 0 started
2022-05-18 02:41:33,367 -INFO- Task 1 started
2022-05-18 02:41:33,367 -INFO- Task 2 started
2022-05-18 02:41:33,367 -INFO- Task 3 started
2022-05-18 02:41:33,367 -INFO- Task 4 started
2022-05-18 02:41:33,368 -INFO- Task 5 started
2022-05-18 02:41:33,368 -INFO- Task 6 started
2022-05-18 02:41:33,368 -INFO- Task 7 started
2022-05-18 02:41:33,368 -INFO- Task 8 started
2022-05-18 02:41:33,368 -INFO- Task 9 started
2022-05-18 02:41:33,369 -INFO- Task 10 started
2022-05-18 02:41:33,369 -INFO- Task 11 started
2022-05-18 02:41:33,369 -INFO- Task 12 started
2022-05-18 02:41:33,369 -INFO- Task 13 started
2022-05-18 02:41:33,370 -INFO- Task 14 started
2022-05-18 02:41:33,370 -INFO- Task 15 started
2022-05-18 02:41:33,370 -INFO- Task 16 started
2022-05-18 02:41:33,370 -INFO- Task 17 started
2022-05-18 02:41:33,371 -INFO- Task 18 started
2022-05-18 02:41:33,371 -INFO- Task 19 started
2022-05-18 02:41:33,371 -INFO- Task 20 started
2022-05-18 02:41:33,371 -INFO- Task 21 started
2022-05-18 02:41:33,372 -INFO- Task 22 started
2022-05-18 02:41:33,372 -INFO- Task 23 started
2022-05-18 03:51:00,653 -INFO- generating gene anntations
2022-05-18 03:51:06,849 -INFO- 1178 sequences classified by HMM
2022-05-18 03:51:06,850 -INFO- see protein domain sequences in `Kee_Krisp_CDS_NewNames.fasta.code.rexdb.dom.faa` and annotation gff3 file in `Kee_Krisp_CDS_NewNames.fasta.code.rexdb.dom.gff3`
2022-05-18 03:51:06,850 -INFO- classifying the unclassified sequences by searching against the classified ones
2022-05-18 03:51:09,863 -INFO- using the 80-80-80 rule
2022-05-18 03:51:09,863 -INFO- run CMD: `makeblastdb -in ./tmp/pass1_classified.fa -dbtype nucl`
2022-05-18 03:51:10,075 -INFO- run CMD: `blastn -query ./tmp/pass1_unclassified.fa -db ./tmp/pass1_classified.fa -out ./tmp/pass1_unclassified.fa.blastout -outfmt '6 qseqid sseqid pident length mismatch gapopen qstart qend sstart send evalue bitscore qlen slen qcovs qcovhsp sstrand' -num_threads 24`
2022-05-18 03:51:32,718 -INFO- 927 sequences classified in pass 2
2022-05-18 03:51:32,720 -INFO- total 2105 sequences classified.
2022-05-18 03:51:32,721 -INFO- see classified sequences in `Kee_Krisp_CDS_NewNames.fasta.code.rexdb.cls.tsv`
2022-05-18 03:51:32,721 -INFO- writing library for RepeatMasker in `Kee_Krisp_CDS_NewNames.fasta.code.rexdb.cls.lib`
2022-05-18 03:51:34,990 -INFO- writing classified protein domains in `Kee_Krisp_CDS_NewNames.fasta.code.rexdb.cls.pep`
2022-05-18 03:51:35,018 -INFO- Summary of classifications:
Order           Superfamily      # of Sequences# of Clade Sequences    # of Clades# of full Domains
LTR             Bel-Pao                      31              0              0              0
LTR             Copia                       298            133             15              0
LTR             Gypsy                       421            179             16              0
LTR             Retrovirus                   37              0              0              0
pararetrovirus  unknown                      11              0              0              0
DIRS            unknown                       3              0              0              0
Penelope        unknown                       5              0              0              0
LINE            unknown                     212              0              0              0
TIR             MuDR_Mutator                176              0              0              0
TIR             Novosib                       1              0              0              0
TIR             PIF_Harbinger               173              0              0              0
TIR             Sola2                        40              0              0              0
TIR             Tc1_Mariner                   2              0              0              0
TIR             hAT                          65              0              0              0
Helitron        unknown                      56              0              0              0
Maverick        unknown                     558              0              0              0
mixture         mixture                      16              0              0              0
2022-05-18 03:51:35,020 -INFO- Pipeline done.
2022-05-18 03:51:35,020 -INFO- cleaning the temporary directory ./tmp
				Remove CDS-related sequences in the EDTA library:

Wed May 18 05:42:30 EDT 2022	Combine the high-quality TE library liblist_Southern.txt.panTE.fa with the EDTA library:

pararetrovirus/NA not found in the TE_SO database, it will not be used to rename sequences in the final annotation.
pararetrovirus/NA not found in the TE_SO database, it will not be used to rename sequences in the final annotation.
pararetrovirus/NA not found in the TE_SO database, it will not be used to rename sequences in the final annotation.
pararetrovirus/NA not found in the TE_SO database, it will not be used to rename sequences in the final annotation.
Wed May 18 06:42:02 EDT 2022	EDTA final stage finished! You may check out:
				The final EDTA TE library: Kee_Krisp_NewNames.fasta.mod.EDTA.TElib.fa
				Family names of intact TEs have been updated by liblist_Southern.txt.panTE.fa: Kee_Krisp_NewNames.fasta.mod.EDTA.intact.gff3
				Comparing to the provided library, EDTA found these novel TEs: Kee_Krisp_NewNames.fasta.mod.EDTA.TElib.novel.fa
				The provided library has been incorporated into the final library: Kee_Krisp_NewNames.fasta.mod.EDTA.TElib.fa

Wed May 18 06:42:02 EDT 2022	Perform post-EDTA analysis for whole-genome annotation:

Wed May 18 06:42:02 EDT 2022	Homology-based annotation of TEs using Kee_Krisp_NewNames.fasta.mod.EDTA.TElib.fa from scratch.

Thu May 19 02:02:42 EDT 2022	TE annotation using the EDTA library has finished! Check out:
				Whole-genome TE annotation (total TE: 59.73%): Kee_Krisp_NewNames.fasta.mod.EDTA.TEanno.gff3
				Whole-genome TE annotation summary: Kee_Krisp_NewNames.fasta.mod.EDTA.TEanno.sum
				Low-threshold TE masking for MAKER gene annotation (masked: 30.02%): Kee_Krisp_NewNames.fasta.mod.MAKER.masked

tar gz-ing the annotation folder
tar: Removing leading `/' from member names
Time taken: 482475
