amr-228
My Task ID: 6
Elliot
Declaring output paths and running EDTA

########################################################
##### Extensive de-novo TE Annotator (EDTA) v2.0.0  ####
##### Shujun Ou (shujun.ou.1@gmail.com)             ####
########################################################



Mon May 16 21:15:58 EDT 2022	Dependency checking:
				All passed!

	A custom library /mnt/research/edgerpat_lab/Scotty/Blueberry_Pangenome_TE_Analysis/results/Blueberry/Northern_pan_lib/liblist_Northern.txt.panTE.fa is provided via --curatedlib. Please make sure this is a manually curated library but not machine generated.

	A CDS file /mnt/research/edgerpat_lab/Scotty/Blueberry_Pangenome_TE_Analysis/results/Blueberry/Elliot/Elliot_CDS_NewNames.fasta is provided via --cds. Please make sure this is the DNA sequence of coding regions only.

Mon May 16 21:17:07 EDT 2022	Obtain raw TE libraries using various structure-based programs: 
Mon May 16 21:17:07 EDT 2022	EDTA_raw: Check dependencies, prepare working directories.

Mon May 16 21:17:24 EDT 2022	Start to find LTR candidates.

Mon May 16 21:17:24 EDT 2022	Identify LTR retrotransposon candidates from scratch.

Mon May 16 22:08:15 EDT 2022	Finish finding LTR candidates.

Mon May 16 22:08:15 EDT 2022	Start to find TIR candidates.

Mon May 16 22:08:15 EDT 2022	Identify TIR candidates from scratch.

Species: others
Tue May 17 10:28:49 EDT 2022	Finish finding TIR candidates.

Tue May 17 10:28:49 EDT 2022	Start to find Helitron candidates.

Tue May 17 10:28:50 EDT 2022	Identify Helitron candidates from scratch.

Tue May 17 21:08:38 EDT 2022	Finish finding Helitron candidates.

Tue May 17 21:08:38 EDT 2022	Execution of EDTA_raw.pl is finished!

Tue May 17 21:08:39 EDT 2022	Obtain raw TE libraries finished.
				All intact TEs found by EDTA: 
					Elliot_NewNames.fasta.mod.EDTA.intact.fa
					Elliot_NewNames.fasta.mod.EDTA.intact.gff3

Tue May 17 21:08:39 EDT 2022	Perform EDTA advance filtering for raw TE candidates and generate the stage 1 library: 

Tue May 17 22:37:38 EDT 2022	EDTA advance filtering finished.

Tue May 17 22:37:38 EDT 2022	Perform EDTA final steps to generate a non-redundant comprehensive TE library:

				Use RepeatModeler to identify any remaining TEs that are missed by structure-based methods.

2022-05-20 12:47:08,729 -WARNING- Grid computing is not available because DRMAA not configured properly: Could not find drmaa library.  Please specify its full path using the environment variable DRMAA_LIBRARY_PATH
2022-05-20 12:47:08,782 -INFO- VARS: {'sequence': 'Elliot_NewNames.fasta.mod.RM.consensi.fa', 'hmm_database': 'rexdb', 'seq_type': 'nucl', 'prefix': 'Elliot_NewNames.fasta.mod.RM.consensi.fa.rexdb', 'force_write_hmmscan': False, 'processors': 24, 'tmp_dir': './tmp', 'min_coverage': 20, 'max_evalue': 0.001, 'disable_pass2': False, 'pass2_rule': '80-80-80', 'no_library': False, 'no_reverse': False, 'no_cleanup': False, 'p2_identity': 80.0, 'p2_coverage': 80.0, 'p2_length': 80.0}
2022-05-20 12:47:08,782 -INFO- checking dependencies:
2022-05-20 12:47:08,867 -INFO- hmmer	3.3.1	OK
2022-05-20 12:47:08,935 -INFO- blastn	2.10.0+	OK
2022-05-20 12:47:08,937 -INFO- check database rexdb
2022-05-20 12:47:08,937 -INFO- db path: /mnt/ufs18/home-115/teresisc/anaconda3/envs/EDTA/lib/python3.6/site-packages/TEsorter/database
2022-05-20 12:47:08,937 -INFO- db file: REXdb_protein_database_viridiplantae_v3.0_plus_metazoa_v3.hmm
2022-05-20 12:47:08,938 -INFO- REXdb_protein_database_viridiplantae_v3.0_plus_metazoa_v3.hmm	OK
2022-05-20 12:47:08,938 -INFO- Start classifying pipeline
2022-05-20 12:47:09,099 -INFO- total 2176 sequences
2022-05-20 12:47:09,099 -INFO- translating `Elliot_NewNames.fasta.mod.RM.consensi.fa` in six frames
/mnt/home/teresisc/anaconda3/envs/EDTA/lib/python3.6/site-packages/Bio/Seq.py:2338: BiopythonWarning: Partial codon, len(sequence) not a multiple of three. Explicitly trim the sequence or add trailing N before translation. This may become an error in future.
  BiopythonWarning,
2022-05-20 12:47:12,632 -INFO- HMM scanning against `/mnt/ufs18/home-115/teresisc/anaconda3/envs/EDTA/lib/python3.6/site-packages/TEsorter/database/REXdb_protein_database_viridiplantae_v3.0_plus_metazoa_v3.hmm`
2022-05-20 12:47:12,760 -INFO- Creating server instance (pp-1.6.4.4)
2022-05-20 12:47:12,760 -INFO- Running on Python 3.6.12 linux
2022-05-20 12:47:14,273 -INFO- pp local server started with 24 workers
2022-05-20 12:47:14,347 -INFO- Task 0 started
2022-05-20 12:47:14,348 -INFO- Task 1 started
2022-05-20 12:47:14,348 -INFO- Task 2 started
2022-05-20 12:47:14,349 -INFO- Task 3 started
2022-05-20 12:47:14,349 -INFO- Task 4 started
2022-05-20 12:47:14,349 -INFO- Task 5 started
2022-05-20 12:47:14,350 -INFO- Task 6 started
2022-05-20 12:47:14,350 -INFO- Task 7 started
2022-05-20 12:47:14,350 -INFO- Task 8 started
2022-05-20 12:47:14,351 -INFO- Task 9 started
2022-05-20 12:47:14,351 -INFO- Task 10 started
2022-05-20 12:47:14,351 -INFO- Task 11 started
2022-05-20 12:47:14,352 -INFO- Task 12 started
2022-05-20 12:47:14,352 -INFO- Task 13 started
2022-05-20 12:47:14,352 -INFO- Task 14 started
2022-05-20 12:47:14,353 -INFO- Task 15 started
2022-05-20 12:47:14,353 -INFO- Task 16 started
2022-05-20 12:47:14,353 -INFO- Task 17 started
2022-05-20 12:47:14,353 -INFO- Task 18 started
2022-05-20 12:47:14,355 -INFO- Task 19 started
2022-05-20 12:47:14,355 -INFO- Task 20 started
2022-05-20 12:47:14,356 -INFO- Task 21 started
2022-05-20 12:47:14,356 -INFO- Task 22 started
2022-05-20 12:47:14,356 -INFO- Task 23 started
2022-05-20 12:48:54,794 -INFO- generating gene anntations
2022-05-20 12:48:54,922 -INFO- 94 sequences classified by HMM
2022-05-20 12:48:54,922 -INFO- see protein domain sequences in `Elliot_NewNames.fasta.mod.RM.consensi.fa.rexdb.dom.faa` and annotation gff3 file in `Elliot_NewNames.fasta.mod.RM.consensi.fa.rexdb.dom.gff3`
2022-05-20 12:48:54,923 -INFO- classifying the unclassified sequences by searching against the classified ones
2022-05-20 12:48:55,018 -INFO- using the 80-80-80 rule
2022-05-20 12:48:55,018 -INFO- run CMD: `makeblastdb -in ./tmp/pass1_classified.fa -dbtype nucl`
2022-05-20 12:48:55,193 -INFO- run CMD: `blastn -query ./tmp/pass1_unclassified.fa -db ./tmp/pass1_classified.fa -out ./tmp/pass1_unclassified.fa.blastout -outfmt '6 qseqid sseqid pident length mismatch gapopen qstart qend sstart send evalue bitscore qlen slen qcovs qcovhsp sstrand' -num_threads 24`
2022-05-20 12:48:55,842 -INFO- 1 sequences classified in pass 2
2022-05-20 12:48:55,842 -INFO- total 95 sequences classified.
2022-05-20 12:48:55,843 -INFO- see classified sequences in `Elliot_NewNames.fasta.mod.RM.consensi.fa.rexdb.cls.tsv`
2022-05-20 12:48:55,843 -INFO- writing library for RepeatMasker in `Elliot_NewNames.fasta.mod.RM.consensi.fa.rexdb.cls.lib`
2022-05-20 12:48:55,900 -INFO- writing classified protein domains in `Elliot_NewNames.fasta.mod.RM.consensi.fa.rexdb.cls.pep`
2022-05-20 12:48:55,904 -INFO- Summary of classifications:
Order           Superfamily      # of Sequences# of Clade Sequences    # of Clades# of full Domains
LTR             Copia                         2              1              1              0
LTR             Gypsy                        16             15              6              0
pararetrovirus  unknown                       1              0              0              0
LINE            unknown                      52              0              0              0
TIR             EnSpm_CACTA                   1              0              0              0
TIR             MuDR_Mutator                  9              0              0              0
TIR             PIF_Harbinger                 5              0              0              0
TIR             hAT                           3              0              0              0
Helitron        unknown                       4              0              0              0
Maverick        unknown                       2              0              0              0
2022-05-20 12:48:55,904 -INFO- Pipeline done.
2022-05-20 12:48:55,904 -INFO- cleaning the temporary directory ./tmp
Fri May 20 13:07:32 EDT 2022	Clean up TE-related sequences in the CDS file with TEsorter:

2022-05-20 13:07:36,221 -WARNING- Grid computing is not available because DRMAA not configured properly: Could not find drmaa library.  Please specify its full path using the environment variable DRMAA_LIBRARY_PATH
2022-05-20 13:07:36,226 -INFO- VARS: {'sequence': 'Elliot_CDS_NewNames.fasta.code', 'hmm_database': 'rexdb', 'seq_type': 'nucl', 'prefix': 'Elliot_CDS_NewNames.fasta.code.rexdb', 'force_write_hmmscan': False, 'processors': 24, 'tmp_dir': './tmp', 'min_coverage': 20, 'max_evalue': 0.001, 'disable_pass2': False, 'pass2_rule': '80-80-80', 'no_library': False, 'no_reverse': False, 'no_cleanup': False, 'p2_identity': 80.0, 'p2_coverage': 80.0, 'p2_length': 80.0}
2022-05-20 13:07:36,227 -INFO- checking dependencies:
2022-05-20 13:07:36,241 -INFO- hmmer	3.3.1	OK
2022-05-20 13:07:36,294 -INFO- blastn	2.10.0+	OK
2022-05-20 13:07:36,296 -INFO- check database rexdb
2022-05-20 13:07:36,297 -INFO- db path: /mnt/ufs18/home-115/teresisc/anaconda3/envs/EDTA/lib/python3.6/site-packages/TEsorter/database
2022-05-20 13:07:36,297 -INFO- db file: REXdb_protein_database_viridiplantae_v3.0_plus_metazoa_v3.hmm
2022-05-20 13:07:36,297 -INFO- REXdb_protein_database_viridiplantae_v3.0_plus_metazoa_v3.hmm	OK
2022-05-20 13:07:36,297 -INFO- Start classifying pipeline
2022-05-20 13:07:36,983 -INFO- total 100735 sequences
2022-05-20 13:07:36,983 -INFO- translating `Elliot_CDS_NewNames.fasta.code` in six frames
/mnt/home/teresisc/anaconda3/envs/EDTA/lib/python3.6/site-packages/Bio/Seq.py:2338: BiopythonWarning: Partial codon, len(sequence) not a multiple of three. Explicitly trim the sequence or add trailing N before translation. This may become an error in future.
  BiopythonWarning,
2022-05-20 13:09:31,683 -INFO- HMM scanning against `/mnt/ufs18/home-115/teresisc/anaconda3/envs/EDTA/lib/python3.6/site-packages/TEsorter/database/REXdb_protein_database_viridiplantae_v3.0_plus_metazoa_v3.hmm`
2022-05-20 13:09:36,684 -INFO- Creating server instance (pp-1.6.4.4)
2022-05-20 13:09:36,685 -INFO- Running on Python 3.6.12 linux
2022-05-20 13:09:38,195 -INFO- pp local server started with 24 workers
2022-05-20 13:09:38,214 -INFO- Task 0 started
2022-05-20 13:09:38,215 -INFO- Task 1 started
2022-05-20 13:09:38,216 -INFO- Task 2 started
2022-05-20 13:09:38,216 -INFO- Task 3 started
2022-05-20 13:09:38,216 -INFO- Task 4 started
2022-05-20 13:09:38,217 -INFO- Task 5 started
2022-05-20 13:09:38,217 -INFO- Task 6 started
2022-05-20 13:09:38,217 -INFO- Task 7 started
2022-05-20 13:09:38,217 -INFO- Task 8 started
2022-05-20 13:09:38,218 -INFO- Task 9 started
2022-05-20 13:09:38,218 -INFO- Task 10 started
2022-05-20 13:09:38,219 -INFO- Task 11 started
2022-05-20 13:09:38,219 -INFO- Task 12 started
2022-05-20 13:09:38,220 -INFO- Task 13 started
2022-05-20 13:09:38,220 -INFO- Task 14 started
2022-05-20 13:09:38,221 -INFO- Task 15 started
2022-05-20 13:09:38,221 -INFO- Task 16 started
2022-05-20 13:09:38,222 -INFO- Task 17 started
2022-05-20 13:09:38,222 -INFO- Task 18 started
2022-05-20 13:09:38,223 -INFO- Task 19 started
2022-05-20 13:09:38,223 -INFO- Task 20 started
2022-05-20 13:09:38,223 -INFO- Task 21 started
2022-05-20 13:09:38,223 -INFO- Task 22 started
2022-05-20 13:09:38,224 -INFO- Task 23 started
2022-05-20 14:26:57,168 -INFO- generating gene anntations
2022-05-20 14:27:03,057 -INFO- 1132 sequences classified by HMM
2022-05-20 14:27:03,057 -INFO- see protein domain sequences in `Elliot_CDS_NewNames.fasta.code.rexdb.dom.faa` and annotation gff3 file in `Elliot_CDS_NewNames.fasta.code.rexdb.dom.gff3`
2022-05-20 14:27:03,057 -INFO- classifying the unclassified sequences by searching against the classified ones
2022-05-20 14:27:05,913 -INFO- using the 80-80-80 rule
2022-05-20 14:27:05,913 -INFO- run CMD: `makeblastdb -in ./tmp/pass1_classified.fa -dbtype nucl`
2022-05-20 14:27:06,165 -INFO- run CMD: `blastn -query ./tmp/pass1_unclassified.fa -db ./tmp/pass1_classified.fa -out ./tmp/pass1_unclassified.fa.blastout -outfmt '6 qseqid sseqid pident length mismatch gapopen qstart qend sstart send evalue bitscore qlen slen qcovs qcovhsp sstrand' -num_threads 24`
2022-05-20 14:27:27,450 -INFO- 1005 sequences classified in pass 2
2022-05-20 14:27:27,452 -INFO- total 2137 sequences classified.
2022-05-20 14:27:27,452 -INFO- see classified sequences in `Elliot_CDS_NewNames.fasta.code.rexdb.cls.tsv`
2022-05-20 14:27:27,452 -INFO- writing library for RepeatMasker in `Elliot_CDS_NewNames.fasta.code.rexdb.cls.lib`
2022-05-20 14:27:29,585 -INFO- writing classified protein domains in `Elliot_CDS_NewNames.fasta.code.rexdb.cls.pep`
2022-05-20 14:27:29,614 -INFO- Summary of classifications:
Order           Superfamily      # of Sequences# of Clade Sequences    # of Clades# of full Domains
LTR             Bel-Pao                      32              0              0              0
LTR             Copia                       310            111             16              0
LTR             Gypsy                       405            151             17              0
LTR             Retrovirus                   20              0              0              0
LTR             mixture                       5              0              0              0
pararetrovirus  unknown                       8              0              0              0
DIRS            unknown                      14              0              0              0
Penelope        unknown                       2              0              0              0
LINE            unknown                     237              0              0              0
TIR             EnSpm_CACTA                   2              0              0              0
TIR             Merlin                        1              0              0              0
TIR             MuDR_Mutator                165              0              0              0
TIR             PIF_Harbinger               238              0              0              0
TIR             Sola2                        44              0              0              0
TIR             hAT                          72              0              0              0
Helitron        unknown                      60              0              0              0
Maverick        unknown                     511              0              0              0
mixture         mixture                      11              0              0              0
2022-05-20 14:27:29,615 -INFO- Pipeline done.
2022-05-20 14:27:29,616 -INFO- cleaning the temporary directory ./tmp
				Remove CDS-related sequences in the EDTA library:

Fri May 20 15:32:57 EDT 2022	Combine the high-quality TE library liblist_Northern.txt.panTE.fa with the EDTA library:

pararetrovirus/NA not found in the TE_SO database, it will not be used to rename sequences in the final annotation.
pararetrovirus/NA not found in the TE_SO database, it will not be used to rename sequences in the final annotation.
polinton/NA not found in the TE_SO database, it will not be used to rename sequences in the final annotation.
polinton/NA not found in the TE_SO database, it will not be used to rename sequences in the final annotation.
polinton/NA not found in the TE_SO database, it will not be used to rename sequences in the final annotation.
pararetrovirus/NA not found in the TE_SO database, it will not be used to rename sequences in the final annotation.
polinton/NA not found in the TE_SO database, it will not be used to rename sequences in the final annotation.
Fri May 20 16:20:51 EDT 2022	EDTA final stage finished! You may check out:
				The final EDTA TE library: Elliot_NewNames.fasta.mod.EDTA.TElib.fa
				Family names of intact TEs have been updated by liblist_Northern.txt.panTE.fa: Elliot_NewNames.fasta.mod.EDTA.intact.gff3
				Comparing to the provided library, EDTA found these novel TEs: Elliot_NewNames.fasta.mod.EDTA.TElib.novel.fa
				The provided library has been incorporated into the final library: Elliot_NewNames.fasta.mod.EDTA.TElib.fa

Fri May 20 16:20:51 EDT 2022	Perform post-EDTA analysis for whole-genome annotation:

Fri May 20 16:20:51 EDT 2022	Homology-based annotation of TEs using Elliot_NewNames.fasta.mod.EDTA.TElib.fa from scratch.

Sat May 21 08:14:40 EDT 2022	TE annotation using the EDTA library has finished! Check out:
				Whole-genome TE annotation (total TE: 59.24%): Elliot_NewNames.fasta.mod.EDTA.TEanno.gff3
				Whole-genome TE annotation summary: Elliot_NewNames.fasta.mod.EDTA.TEanno.sum
				Low-threshold TE masking for MAKER gene annotation (masked: 29.99%): Elliot_NewNames.fasta.mod.MAKER.masked

tar gz-ing the annotation folder
tar: Removing leading `/' from member names
Time taken: 389200
