amr-109
My Task ID: 19
Southmoon
Declaring output paths and running EDTA

########################################################
##### Extensive de-novo TE Annotator (EDTA) v2.0.0  ####
##### Shujun Ou (shujun.ou.1@gmail.com)             ####
########################################################



Wed Apr  6 05:24:29 EDT 2022	Dependency checking:
				All passed!

	A CDS file /mnt/research/edgerpat_lab/Scotty/Blueberry_Pangenome_TE_Analysis/results/Blueberry/Southmoon/Southmoon_CDS_NewNames.fasta is provided via --cds. Please make sure this is the DNA sequence of coding regions only.

Wed Apr  6 05:25:27 EDT 2022	Obtain raw TE libraries using various structure-based programs: 
Wed Apr  6 05:25:27 EDT 2022	EDTA_raw: Check dependencies, prepare working directories.

Wed Apr  6 05:25:45 EDT 2022	Start to find LTR candidates.

Wed Apr  6 05:25:45 EDT 2022	Identify LTR retrotransposon candidates from scratch.

Wed Apr  6 12:36:15 EDT 2022	Finish finding LTR candidates.

Wed Apr  6 12:36:15 EDT 2022	Start to find TIR candidates.

Wed Apr  6 12:36:15 EDT 2022	Identify TIR candidates from scratch.

Species: others
Thu Apr  7 05:11:35 EDT 2022	Finish finding TIR candidates.

Thu Apr  7 05:11:35 EDT 2022	Start to find Helitron candidates.

Thu Apr  7 05:11:35 EDT 2022	Identify Helitron candidates from scratch.

Thu Apr  7 16:50:18 EDT 2022	Finish finding Helitron candidates.

Thu Apr  7 16:50:18 EDT 2022	Execution of EDTA_raw.pl is finished!

Thu Apr  7 16:50:19 EDT 2022	Obtain raw TE libraries finished.
				All intact TEs found by EDTA: 
					Southmoon_NewNames.fasta.mod.EDTA.intact.fa
					Southmoon_NewNames.fasta.mod.EDTA.intact.gff3

Thu Apr  7 16:50:19 EDT 2022	Perform EDTA advance filtering for raw TE candidates and generate the stage 1 library: 

Thu Apr  7 18:35:36 EDT 2022	EDTA advance filtering finished.

Thu Apr  7 18:35:36 EDT 2022	Perform EDTA final steps to generate a non-redundant comprehensive TE library:

				Use RepeatModeler to identify any remaining TEs that are missed by structure-based methods.

2022-04-10 20:42:07,914 -WARNING- Grid computing is not available because DRMAA not configured properly: Could not find drmaa library.  Please specify its full path using the environment variable DRMAA_LIBRARY_PATH
2022-04-10 20:42:08,031 -INFO- VARS: {'sequence': 'Southmoon_NewNames.fasta.mod.RM.consensi.fa', 'hmm_database': 'rexdb', 'seq_type': 'nucl', 'prefix': 'Southmoon_NewNames.fasta.mod.RM.consensi.fa.rexdb', 'force_write_hmmscan': False, 'processors': 24, 'tmp_dir': './tmp', 'min_coverage': 20, 'max_evalue': 0.001, 'disable_pass2': False, 'pass2_rule': '80-80-80', 'no_library': False, 'no_reverse': False, 'no_cleanup': False, 'p2_identity': 80.0, 'p2_coverage': 80.0, 'p2_length': 80.0}
2022-04-10 20:42:08,031 -INFO- checking dependencies:
2022-04-10 20:42:08,107 -INFO- hmmer	3.3.1	OK
2022-04-10 20:42:08,171 -INFO- blastn	2.10.0+	OK
2022-04-10 20:42:08,174 -INFO- check database rexdb
2022-04-10 20:42:08,174 -INFO- db path: /mnt/ufs18/home-115/teresisc/anaconda3/envs/EDTA/lib/python3.6/site-packages/TEsorter/database
2022-04-10 20:42:08,174 -INFO- db file: REXdb_protein_database_viridiplantae_v3.0_plus_metazoa_v3.hmm
2022-04-10 20:42:08,174 -INFO- REXdb_protein_database_viridiplantae_v3.0_plus_metazoa_v3.hmm	OK
2022-04-10 20:42:08,175 -INFO- Start classifying pipeline
2022-04-10 20:42:08,369 -INFO- total 2081 sequences
2022-04-10 20:42:08,369 -INFO- translating `Southmoon_NewNames.fasta.mod.RM.consensi.fa` in six frames
/mnt/home/teresisc/anaconda3/envs/EDTA/lib/python3.6/site-packages/Bio/Seq.py:2338: BiopythonWarning: Partial codon, len(sequence) not a multiple of three. Explicitly trim the sequence or add trailing N before translation. This may become an error in future.
  BiopythonWarning,
2022-04-10 20:42:12,016 -INFO- HMM scanning against `/mnt/ufs18/home-115/teresisc/anaconda3/envs/EDTA/lib/python3.6/site-packages/TEsorter/database/REXdb_protein_database_viridiplantae_v3.0_plus_metazoa_v3.hmm`
2022-04-10 20:42:12,150 -INFO- Creating server instance (pp-1.6.4.4)
2022-04-10 20:42:12,151 -INFO- Running on Python 3.6.12 linux
2022-04-10 20:42:13,733 -INFO- pp local server started with 24 workers
2022-04-10 20:42:13,821 -INFO- Task 0 started
2022-04-10 20:42:13,822 -INFO- Task 1 started
2022-04-10 20:42:13,822 -INFO- Task 2 started
2022-04-10 20:42:13,822 -INFO- Task 3 started
2022-04-10 20:42:13,822 -INFO- Task 4 started
2022-04-10 20:42:13,823 -INFO- Task 5 started
2022-04-10 20:42:13,823 -INFO- Task 6 started
2022-04-10 20:42:13,823 -INFO- Task 7 started
2022-04-10 20:42:13,823 -INFO- Task 8 started
2022-04-10 20:42:13,824 -INFO- Task 9 started
2022-04-10 20:42:13,824 -INFO- Task 10 started
2022-04-10 20:42:13,824 -INFO- Task 11 started
2022-04-10 20:42:13,824 -INFO- Task 12 started
2022-04-10 20:42:13,825 -INFO- Task 13 started
2022-04-10 20:42:13,825 -INFO- Task 14 started
2022-04-10 20:42:13,825 -INFO- Task 15 started
2022-04-10 20:42:13,826 -INFO- Task 16 started
2022-04-10 20:42:13,826 -INFO- Task 17 started
2022-04-10 20:42:13,826 -INFO- Task 18 started
2022-04-10 20:42:13,826 -INFO- Task 19 started
2022-04-10 20:42:13,827 -INFO- Task 20 started
2022-04-10 20:42:13,827 -INFO- Task 21 started
2022-04-10 20:42:13,827 -INFO- Task 22 started
2022-04-10 20:42:13,827 -INFO- Task 23 started
2022-04-10 20:43:33,485 -INFO- generating gene anntations
2022-04-10 20:43:33,614 -INFO- 89 sequences classified by HMM
2022-04-10 20:43:33,614 -INFO- see protein domain sequences in `Southmoon_NewNames.fasta.mod.RM.consensi.fa.rexdb.dom.faa` and annotation gff3 file in `Southmoon_NewNames.fasta.mod.RM.consensi.fa.rexdb.dom.gff3`
2022-04-10 20:43:33,614 -INFO- classifying the unclassified sequences by searching against the classified ones
2022-04-10 20:43:33,691 -INFO- using the 80-80-80 rule
2022-04-10 20:43:33,691 -INFO- run CMD: `makeblastdb -in ./tmp/pass1_classified.fa -dbtype nucl`
2022-04-10 20:43:33,864 -INFO- run CMD: `blastn -query ./tmp/pass1_unclassified.fa -db ./tmp/pass1_classified.fa -out ./tmp/pass1_unclassified.fa.blastout -outfmt '6 qseqid sseqid pident length mismatch gapopen qstart qend sstart send evalue bitscore qlen slen qcovs qcovhsp sstrand' -num_threads 24`
2022-04-10 20:43:34,530 -INFO- 1 sequences classified in pass 2
2022-04-10 20:43:34,530 -INFO- total 90 sequences classified.
2022-04-10 20:43:34,530 -INFO- see classified sequences in `Southmoon_NewNames.fasta.mod.RM.consensi.fa.rexdb.cls.tsv`
2022-04-10 20:43:34,530 -INFO- writing library for RepeatMasker in `Southmoon_NewNames.fasta.mod.RM.consensi.fa.rexdb.cls.lib`
2022-04-10 20:43:34,586 -INFO- writing classified protein domains in `Southmoon_NewNames.fasta.mod.RM.consensi.fa.rexdb.cls.pep`
2022-04-10 20:43:34,590 -INFO- Summary of classifications:
Order           Superfamily      # of Sequences# of Clade Sequences    # of Clades# of full Domains
LTR             Copia                         4              4              2              0
LTR             Gypsy                        13             11              4              0
pararetrovirus  unknown                       2              0              0              0
LINE            unknown                      39              0              0              0
TIR             EnSpm_CACTA                   2              0              0              0
TIR             MuDR_Mutator                 14              0              0              0
TIR             PIF_Harbinger                 9              0              0              0
TIR             hAT                           2              0              0              0
Helitron        unknown                       3              0              0              0
Maverick        unknown                       2              0              0              0
2022-04-10 20:43:34,590 -INFO- Pipeline done.
2022-04-10 20:43:34,591 -INFO- cleaning the temporary directory ./tmp
Sun Apr 10 21:09:28 EDT 2022	Clean up TE-related sequences in the CDS file with TEsorter:

2022-04-10 21:09:34,230 -WARNING- Grid computing is not available because DRMAA not configured properly: Could not find drmaa library.  Please specify its full path using the environment variable DRMAA_LIBRARY_PATH
2022-04-10 21:09:34,253 -INFO- VARS: {'sequence': 'Southmoon_CDS_NewNames.fasta.code', 'hmm_database': 'rexdb', 'seq_type': 'nucl', 'prefix': 'Southmoon_CDS_NewNames.fasta.code.rexdb', 'force_write_hmmscan': False, 'processors': 24, 'tmp_dir': './tmp', 'min_coverage': 20, 'max_evalue': 0.001, 'disable_pass2': False, 'pass2_rule': '80-80-80', 'no_library': False, 'no_reverse': False, 'no_cleanup': False, 'p2_identity': 80.0, 'p2_coverage': 80.0, 'p2_length': 80.0}
2022-04-10 21:09:34,254 -INFO- checking dependencies:
2022-04-10 21:09:34,270 -INFO- hmmer	3.3.1	OK
2022-04-10 21:09:34,327 -INFO- blastn	2.10.0+	OK
2022-04-10 21:09:34,330 -INFO- check database rexdb
2022-04-10 21:09:34,330 -INFO- db path: /mnt/ufs18/home-115/teresisc/anaconda3/envs/EDTA/lib/python3.6/site-packages/TEsorter/database
2022-04-10 21:09:34,330 -INFO- db file: REXdb_protein_database_viridiplantae_v3.0_plus_metazoa_v3.hmm
2022-04-10 21:09:34,331 -INFO- REXdb_protein_database_viridiplantae_v3.0_plus_metazoa_v3.hmm	OK
2022-04-10 21:09:34,331 -INFO- Start classifying pipeline
2022-04-10 21:09:35,098 -INFO- total 108076 sequences
2022-04-10 21:09:35,098 -INFO- translating `Southmoon_CDS_NewNames.fasta.code` in six frames
/mnt/home/teresisc/anaconda3/envs/EDTA/lib/python3.6/site-packages/Bio/Seq.py:2338: BiopythonWarning: Partial codon, len(sequence) not a multiple of three. Explicitly trim the sequence or add trailing N before translation. This may become an error in future.
  BiopythonWarning,
2022-04-10 21:11:46,572 -INFO- HMM scanning against `/mnt/ufs18/home-115/teresisc/anaconda3/envs/EDTA/lib/python3.6/site-packages/TEsorter/database/REXdb_protein_database_viridiplantae_v3.0_plus_metazoa_v3.hmm`
2022-04-10 21:11:52,062 -INFO- Creating server instance (pp-1.6.4.4)
2022-04-10 21:11:52,063 -INFO- Running on Python 3.6.12 linux
2022-04-10 21:11:53,694 -INFO- pp local server started with 24 workers
2022-04-10 21:11:53,740 -INFO- Task 0 started
2022-04-10 21:11:53,740 -INFO- Task 1 started
2022-04-10 21:11:53,740 -INFO- Task 2 started
2022-04-10 21:11:53,741 -INFO- Task 3 started
2022-04-10 21:11:53,741 -INFO- Task 4 started
2022-04-10 21:11:53,741 -INFO- Task 5 started
2022-04-10 21:11:53,741 -INFO- Task 6 started
2022-04-10 21:11:53,741 -INFO- Task 7 started
2022-04-10 21:11:53,742 -INFO- Task 8 started
2022-04-10 21:11:53,742 -INFO- Task 9 started
2022-04-10 21:11:53,742 -INFO- Task 10 started
2022-04-10 21:11:53,743 -INFO- Task 11 started
2022-04-10 21:11:53,743 -INFO- Task 12 started
2022-04-10 21:11:53,743 -INFO- Task 13 started
2022-04-10 21:11:53,744 -INFO- Task 14 started
2022-04-10 21:11:53,744 -INFO- Task 15 started
2022-04-10 21:11:53,744 -INFO- Task 16 started
2022-04-10 21:11:53,744 -INFO- Task 17 started
2022-04-10 21:11:53,745 -INFO- Task 18 started
2022-04-10 21:11:53,745 -INFO- Task 19 started
2022-04-10 21:11:53,745 -INFO- Task 20 started
2022-04-10 21:11:53,745 -INFO- Task 21 started
2022-04-10 21:11:53,746 -INFO- Task 22 started
2022-04-10 21:11:53,746 -INFO- Task 23 started
2022-04-10 22:21:37,311 -INFO- generating gene anntations
2022-04-10 22:21:43,515 -INFO- 1168 sequences classified by HMM
2022-04-10 22:21:43,516 -INFO- see protein domain sequences in `Southmoon_CDS_NewNames.fasta.code.rexdb.dom.faa` and annotation gff3 file in `Southmoon_CDS_NewNames.fasta.code.rexdb.dom.gff3`
2022-04-10 22:21:43,516 -INFO- classifying the unclassified sequences by searching against the classified ones
2022-04-10 22:21:46,584 -INFO- using the 80-80-80 rule
2022-04-10 22:21:46,584 -INFO- run CMD: `makeblastdb -in ./tmp/pass1_classified.fa -dbtype nucl`
2022-04-10 22:21:46,970 -INFO- run CMD: `blastn -query ./tmp/pass1_unclassified.fa -db ./tmp/pass1_classified.fa -out ./tmp/pass1_unclassified.fa.blastout -outfmt '6 qseqid sseqid pident length mismatch gapopen qstart qend sstart send evalue bitscore qlen slen qcovs qcovhsp sstrand' -num_threads 24`
2022-04-10 22:22:09,513 -INFO- 1063 sequences classified in pass 2
2022-04-10 22:22:09,516 -INFO- total 2231 sequences classified.
2022-04-10 22:22:09,516 -INFO- see classified sequences in `Southmoon_CDS_NewNames.fasta.code.rexdb.cls.tsv`
2022-04-10 22:22:09,516 -INFO- writing library for RepeatMasker in `Southmoon_CDS_NewNames.fasta.code.rexdb.cls.lib`
2022-04-10 22:22:11,929 -INFO- writing classified protein domains in `Southmoon_CDS_NewNames.fasta.code.rexdb.cls.pep`
2022-04-10 22:22:11,959 -INFO- Summary of classifications:
Order           Superfamily      # of Sequences# of Clade Sequences    # of Clades# of full Domains
LTR             Bel-Pao                      44              0              0              0
LTR             Copia                       295            119             15              0
LTR             Gypsy                       482            176             15              0
LTR             Retrovirus                   31              0              0              0
LTR             mixture                       4              0              0              0
pararetrovirus  unknown                      10              0              0              0
DIRS            unknown                       3              0              0              0
Penelope        unknown                       3              0              0              0
LINE            unknown                     209              0              0              0
TIR             EnSpm_CACTA                   2              0              0              0
TIR             MuDR_Mutator                224              0              0              0
TIR             Novosib                       1              0              0              0
TIR             PIF_Harbinger               197              0              0              0
TIR             Sola2                        41              0              0              0
TIR             hAT                          76              0              0              0
Helitron        unknown                      61              0              0              0
Maverick        unknown                     540              0              0              0
mixture         mixture                       8              0              0              0
2022-04-10 22:22:11,960 -INFO- Pipeline done.
2022-04-10 22:22:11,961 -INFO- cleaning the temporary directory ./tmp
				Remove CDS-related sequences in the EDTA library:

Mon Apr 11 00:16:24 EDT 2022	EDTA final stage finished! You may check out:
				The final EDTA TE library: Southmoon_NewNames.fasta.mod.EDTA.TElib.fa
Copying the library file and tar gz-ing the annotation folder
tar: Removing leading `/' from member names
Time taken: 416997
