amr-248
My Task ID: 16
Rubel
Declaring output paths and running EDTA

########################################################
##### Extensive de-novo TE Annotator (EDTA) v2.0.0  ####
##### Shujun Ou (shujun.ou.1@gmail.com)             ####
########################################################



Sun Apr  3 07:48:26 EDT 2022	Dependency checking:
				All passed!

	A CDS file /mnt/research/edgerpat_lab/Scotty/Blueberry_Pangenome_TE_Analysis/results/Blueberry/Rubel/Rubel_CDS_NewNames.fasta is provided via --cds. Please make sure this is the DNA sequence of coding regions only.

Sun Apr  3 07:49:22 EDT 2022	Obtain raw TE libraries using various structure-based programs: 
Sun Apr  3 07:49:23 EDT 2022	EDTA_raw: Check dependencies, prepare working directories.

Sun Apr  3 07:49:39 EDT 2022	Start to find LTR candidates.

Sun Apr  3 07:49:39 EDT 2022	Identify LTR retrotransposon candidates from scratch.

Sun Apr  3 08:49:31 EDT 2022	Finish finding LTR candidates.

Sun Apr  3 08:49:31 EDT 2022	Start to find TIR candidates.

Sun Apr  3 08:49:31 EDT 2022	Identify TIR candidates from scratch.

Species: others
Sun Apr  3 21:18:34 EDT 2022	Finish finding TIR candidates.

Sun Apr  3 21:18:34 EDT 2022	Start to find Helitron candidates.

Sun Apr  3 21:18:34 EDT 2022	Identify Helitron candidates from scratch.

Mon Apr  4 08:10:54 EDT 2022	Finish finding Helitron candidates.

Mon Apr  4 08:10:54 EDT 2022	Execution of EDTA_raw.pl is finished!

Mon Apr  4 08:10:55 EDT 2022	Obtain raw TE libraries finished.
				All intact TEs found by EDTA: 
					Rubel_NewNames.fasta.mod.EDTA.intact.fa
					Rubel_NewNames.fasta.mod.EDTA.intact.gff3

Mon Apr  4 08:10:55 EDT 2022	Perform EDTA advance filtering for raw TE candidates and generate the stage 1 library: 

Mon Apr  4 09:49:21 EDT 2022	EDTA advance filtering finished.

Mon Apr  4 09:49:21 EDT 2022	Perform EDTA final steps to generate a non-redundant comprehensive TE library:

				Use RepeatModeler to identify any remaining TEs that are missed by structure-based methods.

2022-04-07 01:26:01,170 -WARNING- Grid computing is not available because DRMAA not configured properly: Could not find drmaa library.  Please specify its full path using the environment variable DRMAA_LIBRARY_PATH
2022-04-07 01:26:01,275 -INFO- VARS: {'sequence': 'Rubel_NewNames.fasta.mod.RM.consensi.fa', 'hmm_database': 'rexdb', 'seq_type': 'nucl', 'prefix': 'Rubel_NewNames.fasta.mod.RM.consensi.fa.rexdb', 'force_write_hmmscan': False, 'processors': 24, 'tmp_dir': './tmp', 'min_coverage': 20, 'max_evalue': 0.001, 'disable_pass2': False, 'pass2_rule': '80-80-80', 'no_library': False, 'no_reverse': False, 'no_cleanup': False, 'p2_identity': 80.0, 'p2_coverage': 80.0, 'p2_length': 80.0}
2022-04-07 01:26:01,275 -INFO- checking dependencies:
2022-04-07 01:26:01,357 -INFO- hmmer	3.3.1	OK
2022-04-07 01:26:01,473 -INFO- blastn	2.10.0+	OK
2022-04-07 01:26:01,476 -INFO- check database rexdb
2022-04-07 01:26:01,476 -INFO- db path: /mnt/ufs18/home-115/teresisc/anaconda3/envs/EDTA/lib/python3.6/site-packages/TEsorter/database
2022-04-07 01:26:01,477 -INFO- db file: REXdb_protein_database_viridiplantae_v3.0_plus_metazoa_v3.hmm
2022-04-07 01:26:01,477 -INFO- REXdb_protein_database_viridiplantae_v3.0_plus_metazoa_v3.hmm	OK
2022-04-07 01:26:01,478 -INFO- Start classifying pipeline
2022-04-07 01:26:01,624 -INFO- total 2073 sequences
2022-04-07 01:26:01,624 -INFO- translating `Rubel_NewNames.fasta.mod.RM.consensi.fa` in six frames
/mnt/home/teresisc/anaconda3/envs/EDTA/lib/python3.6/site-packages/Bio/Seq.py:2338: BiopythonWarning: Partial codon, len(sequence) not a multiple of three. Explicitly trim the sequence or add trailing N before translation. This may become an error in future.
  BiopythonWarning,
2022-04-07 01:26:05,201 -INFO- HMM scanning against `/mnt/ufs18/home-115/teresisc/anaconda3/envs/EDTA/lib/python3.6/site-packages/TEsorter/database/REXdb_protein_database_viridiplantae_v3.0_plus_metazoa_v3.hmm`
2022-04-07 01:26:05,338 -INFO- Creating server instance (pp-1.6.4.4)
2022-04-07 01:26:05,339 -INFO- Running on Python 3.6.12 linux
2022-04-07 01:26:06,991 -INFO- pp local server started with 24 workers
2022-04-07 01:26:07,082 -INFO- Task 0 started
2022-04-07 01:26:07,083 -INFO- Task 1 started
2022-04-07 01:26:07,083 -INFO- Task 2 started
2022-04-07 01:26:07,084 -INFO- Task 3 started
2022-04-07 01:26:07,084 -INFO- Task 4 started
2022-04-07 01:26:07,084 -INFO- Task 5 started
2022-04-07 01:26:07,085 -INFO- Task 6 started
2022-04-07 01:26:07,085 -INFO- Task 7 started
2022-04-07 01:26:07,085 -INFO- Task 8 started
2022-04-07 01:26:07,085 -INFO- Task 9 started
2022-04-07 01:26:07,086 -INFO- Task 10 started
2022-04-07 01:26:07,086 -INFO- Task 11 started
2022-04-07 01:26:07,086 -INFO- Task 12 started
2022-04-07 01:26:07,087 -INFO- Task 13 started
2022-04-07 01:26:07,087 -INFO- Task 14 started
2022-04-07 01:26:07,087 -INFO- Task 15 started
2022-04-07 01:26:07,087 -INFO- Task 16 started
2022-04-07 01:26:07,088 -INFO- Task 17 started
2022-04-07 01:26:07,088 -INFO- Task 18 started
2022-04-07 01:26:07,088 -INFO- Task 19 started
2022-04-07 01:26:07,088 -INFO- Task 20 started
2022-04-07 01:26:07,089 -INFO- Task 21 started
2022-04-07 01:26:07,089 -INFO- Task 22 started
2022-04-07 01:26:07,089 -INFO- Task 23 started
2022-04-07 01:27:39,208 -INFO- generating gene anntations
2022-04-07 01:27:39,339 -INFO- 80 sequences classified by HMM
2022-04-07 01:27:39,339 -INFO- see protein domain sequences in `Rubel_NewNames.fasta.mod.RM.consensi.fa.rexdb.dom.faa` and annotation gff3 file in `Rubel_NewNames.fasta.mod.RM.consensi.fa.rexdb.dom.gff3`
2022-04-07 01:27:39,339 -INFO- classifying the unclassified sequences by searching against the classified ones
2022-04-07 01:27:39,417 -INFO- using the 80-80-80 rule
2022-04-07 01:27:39,418 -INFO- run CMD: `makeblastdb -in ./tmp/pass1_classified.fa -dbtype nucl`
2022-04-07 01:27:39,558 -INFO- run CMD: `blastn -query ./tmp/pass1_unclassified.fa -db ./tmp/pass1_classified.fa -out ./tmp/pass1_unclassified.fa.blastout -outfmt '6 qseqid sseqid pident length mismatch gapopen qstart qend sstart send evalue bitscore qlen slen qcovs qcovhsp sstrand' -num_threads 24`
2022-04-07 01:27:40,235 -INFO- 0 sequences classified in pass 2
2022-04-07 01:27:40,236 -INFO- total 80 sequences classified.
2022-04-07 01:27:40,236 -INFO- see classified sequences in `Rubel_NewNames.fasta.mod.RM.consensi.fa.rexdb.cls.tsv`
2022-04-07 01:27:40,236 -INFO- writing library for RepeatMasker in `Rubel_NewNames.fasta.mod.RM.consensi.fa.rexdb.cls.lib`
2022-04-07 01:27:40,293 -INFO- writing classified protein domains in `Rubel_NewNames.fasta.mod.RM.consensi.fa.rexdb.cls.pep`
2022-04-07 01:27:40,297 -INFO- Summary of classifications:
Order           Superfamily      # of Sequences# of Clade Sequences    # of Clades# of full Domains
LTR             Copia                         1              1              1              0
LTR             Gypsy                         7              7              3              0
pararetrovirus  unknown                       3              0              0              0
LINE            unknown                      46              0              0              0
TIR             EnSpm_CACTA                   1              0              0              0
TIR             MuDR_Mutator                 11              0              0              0
TIR             PIF_Harbinger                 5              0              0              0
TIR             hAT                           3              0              0              0
Helitron        unknown                       2              0              0              0
Maverick        unknown                       1              0              0              0
2022-04-07 01:27:40,298 -INFO- Pipeline done.
2022-04-07 01:27:40,298 -INFO- cleaning the temporary directory ./tmp
Thu Apr  7 01:50:51 EDT 2022	Clean up TE-related sequences in the CDS file with TEsorter:

2022-04-07 01:50:55,049 -WARNING- Grid computing is not available because DRMAA not configured properly: Could not find drmaa library.  Please specify its full path using the environment variable DRMAA_LIBRARY_PATH
2022-04-07 01:50:55,054 -INFO- VARS: {'sequence': 'Rubel_CDS_NewNames.fasta.code', 'hmm_database': 'rexdb', 'seq_type': 'nucl', 'prefix': 'Rubel_CDS_NewNames.fasta.code.rexdb', 'force_write_hmmscan': False, 'processors': 24, 'tmp_dir': './tmp', 'min_coverage': 20, 'max_evalue': 0.001, 'disable_pass2': False, 'pass2_rule': '80-80-80', 'no_library': False, 'no_reverse': False, 'no_cleanup': False, 'p2_identity': 80.0, 'p2_coverage': 80.0, 'p2_length': 80.0}
2022-04-07 01:50:55,055 -INFO- checking dependencies:
2022-04-07 01:50:55,068 -INFO- hmmer	3.3.1	OK
2022-04-07 01:50:55,124 -INFO- blastn	2.10.0+	OK
2022-04-07 01:50:55,127 -INFO- check database rexdb
2022-04-07 01:50:55,127 -INFO- db path: /mnt/ufs18/home-115/teresisc/anaconda3/envs/EDTA/lib/python3.6/site-packages/TEsorter/database
2022-04-07 01:50:55,128 -INFO- db file: REXdb_protein_database_viridiplantae_v3.0_plus_metazoa_v3.hmm
2022-04-07 01:50:55,128 -INFO- REXdb_protein_database_viridiplantae_v3.0_plus_metazoa_v3.hmm	OK
2022-04-07 01:50:55,128 -INFO- Start classifying pipeline
2022-04-07 01:50:55,857 -INFO- total 104889 sequences
2022-04-07 01:50:55,857 -INFO- translating `Rubel_CDS_NewNames.fasta.code` in six frames
/mnt/home/teresisc/anaconda3/envs/EDTA/lib/python3.6/site-packages/Bio/Seq.py:2338: BiopythonWarning: Partial codon, len(sequence) not a multiple of three. Explicitly trim the sequence or add trailing N before translation. This may become an error in future.
  BiopythonWarning,
2022-04-07 01:53:04,163 -INFO- HMM scanning against `/mnt/ufs18/home-115/teresisc/anaconda3/envs/EDTA/lib/python3.6/site-packages/TEsorter/database/REXdb_protein_database_viridiplantae_v3.0_plus_metazoa_v3.hmm`
2022-04-07 01:53:09,688 -INFO- Creating server instance (pp-1.6.4.4)
2022-04-07 01:53:09,688 -INFO- Running on Python 3.6.12 linux
2022-04-07 01:53:11,374 -INFO- pp local server started with 24 workers
2022-04-07 01:53:11,396 -INFO- Task 0 started
2022-04-07 01:53:11,396 -INFO- Task 1 started
2022-04-07 01:53:11,397 -INFO- Task 2 started
2022-04-07 01:53:11,397 -INFO- Task 3 started
2022-04-07 01:53:11,397 -INFO- Task 4 started
2022-04-07 01:53:11,397 -INFO- Task 5 started
2022-04-07 01:53:11,398 -INFO- Task 6 started
2022-04-07 01:53:11,398 -INFO- Task 7 started
2022-04-07 01:53:11,398 -INFO- Task 8 started
2022-04-07 01:53:11,398 -INFO- Task 9 started
2022-04-07 01:53:11,399 -INFO- Task 10 started
2022-04-07 01:53:11,399 -INFO- Task 11 started
2022-04-07 01:53:11,399 -INFO- Task 12 started
2022-04-07 01:53:11,400 -INFO- Task 13 started
2022-04-07 01:53:11,400 -INFO- Task 14 started
2022-04-07 01:53:11,400 -INFO- Task 15 started
2022-04-07 01:53:11,400 -INFO- Task 16 started
2022-04-07 01:53:11,401 -INFO- Task 17 started
2022-04-07 01:53:11,401 -INFO- Task 18 started
2022-04-07 01:53:11,401 -INFO- Task 19 started
2022-04-07 01:53:11,402 -INFO- Task 20 started
2022-04-07 01:53:11,402 -INFO- Task 21 started
2022-04-07 01:53:11,402 -INFO- Task 22 started
2022-04-07 01:53:11,403 -INFO- Task 23 started
2022-04-07 03:10:38,584 -INFO- generating gene anntations
2022-04-07 03:10:45,002 -INFO- 1070 sequences classified by HMM
2022-04-07 03:10:45,002 -INFO- see protein domain sequences in `Rubel_CDS_NewNames.fasta.code.rexdb.dom.faa` and annotation gff3 file in `Rubel_CDS_NewNames.fasta.code.rexdb.dom.gff3`
2022-04-07 03:10:45,002 -INFO- classifying the unclassified sequences by searching against the classified ones
2022-04-07 03:10:48,113 -INFO- using the 80-80-80 rule
2022-04-07 03:10:48,114 -INFO- run CMD: `makeblastdb -in ./tmp/pass1_classified.fa -dbtype nucl`
2022-04-07 03:10:48,408 -INFO- run CMD: `blastn -query ./tmp/pass1_unclassified.fa -db ./tmp/pass1_classified.fa -out ./tmp/pass1_unclassified.fa.blastout -outfmt '6 qseqid sseqid pident length mismatch gapopen qstart qend sstart send evalue bitscore qlen slen qcovs qcovhsp sstrand' -num_threads 24`
2022-04-07 03:11:11,923 -INFO- 901 sequences classified in pass 2
2022-04-07 03:11:11,926 -INFO- total 1971 sequences classified.
2022-04-07 03:11:11,926 -INFO- see classified sequences in `Rubel_CDS_NewNames.fasta.code.rexdb.cls.tsv`
2022-04-07 03:11:11,927 -INFO- writing library for RepeatMasker in `Rubel_CDS_NewNames.fasta.code.rexdb.cls.lib`
2022-04-07 03:11:14,254 -INFO- writing classified protein domains in `Rubel_CDS_NewNames.fasta.code.rexdb.cls.pep`
2022-04-07 03:11:14,286 -INFO- Summary of classifications:
Order           Superfamily      # of Sequences# of Clade Sequences    # of Clades# of full Domains
LTR             Bel-Pao                      12              0              0              0
LTR             Copia                       276            121             16              0
LTR             Gypsy                       366            150             16              0
LTR             Retrovirus                   13              0              0              0
LTR             mixture                      15              0              0              0
pararetrovirus  unknown                      20              0              0              0
DIRS            unknown                       9              0              0              0
Penelope        unknown                       5              0              0              0
LINE            unknown                     186              0              0              0
TIR             EnSpm_CACTA                   8              0              0              0
TIR             MuDR_Mutator                202              0              0              0
TIR             PIF_Harbinger               160              0              0              0
TIR             Sola1                        11              0              0              0
TIR             hAT                          77              0              0              0
Helitron        unknown                      74              0              0              0
Maverick        unknown                     534              0              0              0
mixture         mixture                       3              0              0              0
2022-04-07 03:11:14,288 -INFO- Pipeline done.
2022-04-07 03:11:14,289 -INFO- cleaning the temporary directory ./tmp
				Remove CDS-related sequences in the EDTA library:

Thu Apr  7 04:29:39 EDT 2022	EDTA final stage finished! You may check out:
				The final EDTA TE library: Rubel_NewNames.fasta.mod.EDTA.TElib.fa
Copying the library file and tar gz-ing the annotation folder
tar: Removing leading `/' from member names
Time taken: 337012
