amr-109
My Task ID: 3
Draper
Declaring output paths and running EDTA

########################################################
##### Extensive de-novo TE Annotator (EDTA) v2.0.0  ####
##### Shujun Ou (shujun.ou.1@gmail.com)             ####
########################################################



Mon Mar 28 13:15:32 EDT 2022	Dependency checking:
				All passed!

	A CDS file /mnt/research/edgerpat_lab/Scotty/Blueberry_Pangenome_TE_Analysis/results/Blueberry/Draper/Draper_CDS_NewNames.fasta is provided via --cds. Please make sure this is the DNA sequence of coding regions only.

Mon Mar 28 13:16:27 EDT 2022	Obtain raw TE libraries using various structure-based programs: 
Mon Mar 28 13:16:27 EDT 2022	EDTA_raw: Check dependencies, prepare working directories.

Mon Mar 28 13:16:43 EDT 2022	Start to find LTR candidates.

Mon Mar 28 13:16:43 EDT 2022	Identify LTR retrotransposon candidates from scratch.

Mon Mar 28 15:25:10 EDT 2022	Finish finding LTR candidates.

Mon Mar 28 15:25:10 EDT 2022	Start to find TIR candidates.

Mon Mar 28 15:25:10 EDT 2022	Identify TIR candidates from scratch.

Species: others
Tue Mar 29 08:33:16 EDT 2022	Finish finding TIR candidates.

Tue Mar 29 08:33:16 EDT 2022	Start to find Helitron candidates.

Tue Mar 29 08:33:16 EDT 2022	Identify Helitron candidates from scratch.

Tue Mar 29 20:05:32 EDT 2022	Finish finding Helitron candidates.

Tue Mar 29 20:05:32 EDT 2022	Execution of EDTA_raw.pl is finished!

Tue Mar 29 20:05:34 EDT 2022	Obtain raw TE libraries finished.
				All intact TEs found by EDTA: 
					Draper_NewNames.fasta.mod.EDTA.intact.fa
					Draper_NewNames.fasta.mod.EDTA.intact.gff3

Tue Mar 29 20:05:34 EDT 2022	Perform EDTA advance filtering for raw TE candidates and generate the stage 1 library: 

Tue Mar 29 22:46:27 EDT 2022	EDTA advance filtering finished.

Tue Mar 29 22:46:27 EDT 2022	Perform EDTA final steps to generate a non-redundant comprehensive TE library:

				Use RepeatModeler to identify any remaining TEs that are missed by structure-based methods.

2022-04-01 11:30:43,365 -WARNING- Grid computing is not available because DRMAA not configured properly: Could not find drmaa library.  Please specify its full path using the environment variable DRMAA_LIBRARY_PATH
2022-04-01 11:30:43,465 -INFO- VARS: {'sequence': 'Draper_NewNames.fasta.mod.RM.consensi.fa', 'hmm_database': 'rexdb', 'seq_type': 'nucl', 'prefix': 'Draper_NewNames.fasta.mod.RM.consensi.fa.rexdb', 'force_write_hmmscan': False, 'processors': 24, 'tmp_dir': './tmp', 'min_coverage': 20, 'max_evalue': 0.001, 'disable_pass2': False, 'pass2_rule': '80-80-80', 'no_library': False, 'no_reverse': False, 'no_cleanup': False, 'p2_identity': 80.0, 'p2_coverage': 80.0, 'p2_length': 80.0}
2022-04-01 11:30:43,465 -INFO- checking dependencies:
2022-04-01 11:30:43,525 -INFO- hmmer	3.3.1	OK
2022-04-01 11:30:43,588 -INFO- blastn	2.10.0+	OK
2022-04-01 11:30:43,590 -INFO- check database rexdb
2022-04-01 11:30:43,590 -INFO- db path: /mnt/ufs18/home-115/teresisc/anaconda3/envs/EDTA/lib/python3.6/site-packages/TEsorter/database
2022-04-01 11:30:43,590 -INFO- db file: REXdb_protein_database_viridiplantae_v3.0_plus_metazoa_v3.hmm
2022-04-01 11:30:43,591 -INFO- REXdb_protein_database_viridiplantae_v3.0_plus_metazoa_v3.hmm	OK
2022-04-01 11:30:43,591 -INFO- Start classifying pipeline
2022-04-01 11:30:43,808 -INFO- total 1816 sequences
2022-04-01 11:30:43,808 -INFO- translating `Draper_NewNames.fasta.mod.RM.consensi.fa` in six frames
/mnt/home/teresisc/anaconda3/envs/EDTA/lib/python3.6/site-packages/Bio/Seq.py:2338: BiopythonWarning: Partial codon, len(sequence) not a multiple of three. Explicitly trim the sequence or add trailing N before translation. This may become an error in future.
  BiopythonWarning,
2022-04-01 11:30:47,034 -INFO- HMM scanning against `/mnt/ufs18/home-115/teresisc/anaconda3/envs/EDTA/lib/python3.6/site-packages/TEsorter/database/REXdb_protein_database_viridiplantae_v3.0_plus_metazoa_v3.hmm`
2022-04-01 11:30:47,153 -INFO- Creating server instance (pp-1.6.4.4)
2022-04-01 11:30:47,153 -INFO- Running on Python 3.6.12 linux
2022-04-01 11:30:49,037 -INFO- pp local server started with 24 workers
2022-04-01 11:30:49,125 -INFO- Task 0 started
2022-04-01 11:30:49,125 -INFO- Task 1 started
2022-04-01 11:30:49,126 -INFO- Task 2 started
2022-04-01 11:30:49,126 -INFO- Task 3 started
2022-04-01 11:30:49,126 -INFO- Task 4 started
2022-04-01 11:30:49,127 -INFO- Task 5 started
2022-04-01 11:30:49,127 -INFO- Task 6 started
2022-04-01 11:30:49,127 -INFO- Task 7 started
2022-04-01 11:30:49,128 -INFO- Task 8 started
2022-04-01 11:30:49,128 -INFO- Task 9 started
2022-04-01 11:30:49,128 -INFO- Task 10 started
2022-04-01 11:30:49,129 -INFO- Task 11 started
2022-04-01 11:30:49,129 -INFO- Task 12 started
2022-04-01 11:30:49,129 -INFO- Task 13 started
2022-04-01 11:30:49,129 -INFO- Task 14 started
2022-04-01 11:30:49,130 -INFO- Task 15 started
2022-04-01 11:30:49,130 -INFO- Task 16 started
2022-04-01 11:30:49,130 -INFO- Task 17 started
2022-04-01 11:30:49,131 -INFO- Task 18 started
2022-04-01 11:30:49,131 -INFO- Task 19 started
2022-04-01 11:30:49,131 -INFO- Task 20 started
2022-04-01 11:30:49,131 -INFO- Task 21 started
2022-04-01 11:30:49,132 -INFO- Task 22 started
2022-04-01 11:30:49,132 -INFO- Task 23 started
2022-04-01 11:31:58,352 -INFO- generating gene anntations
2022-04-01 11:31:58,456 -INFO- 80 sequences classified by HMM
2022-04-01 11:31:58,456 -INFO- see protein domain sequences in `Draper_NewNames.fasta.mod.RM.consensi.fa.rexdb.dom.faa` and annotation gff3 file in `Draper_NewNames.fasta.mod.RM.consensi.fa.rexdb.dom.gff3`
2022-04-01 11:31:58,456 -INFO- classifying the unclassified sequences by searching against the classified ones
2022-04-01 11:31:58,524 -INFO- using the 80-80-80 rule
2022-04-01 11:31:58,524 -INFO- run CMD: `makeblastdb -in ./tmp/pass1_classified.fa -dbtype nucl`
2022-04-01 11:31:58,705 -INFO- run CMD: `blastn -query ./tmp/pass1_unclassified.fa -db ./tmp/pass1_classified.fa -out ./tmp/pass1_unclassified.fa.blastout -outfmt '6 qseqid sseqid pident length mismatch gapopen qstart qend sstart send evalue bitscore qlen slen qcovs qcovhsp sstrand' -num_threads 24`
2022-04-01 11:31:59,276 -INFO- 0 sequences classified in pass 2
2022-04-01 11:31:59,276 -INFO- total 80 sequences classified.
2022-04-01 11:31:59,276 -INFO- see classified sequences in `Draper_NewNames.fasta.mod.RM.consensi.fa.rexdb.cls.tsv`
2022-04-01 11:31:59,276 -INFO- writing library for RepeatMasker in `Draper_NewNames.fasta.mod.RM.consensi.fa.rexdb.cls.lib`
2022-04-01 11:31:59,324 -INFO- writing classified protein domains in `Draper_NewNames.fasta.mod.RM.consensi.fa.rexdb.cls.pep`
2022-04-01 11:31:59,328 -INFO- Summary of classifications:
Order           Superfamily      # of Sequences# of Clade Sequences    # of Clades# of full Domains
LTR             Copia                         3              2              2              0
LTR             Gypsy                        13             13              4              0
pararetrovirus  unknown                       3              0              0              0
LINE            unknown                      40              0              0              0
TIR             EnSpm_CACTA                   3              0              0              0
TIR             MuDR_Mutator                  6              0              0              0
TIR             PIF_Harbinger                 6              0              0              0
TIR             hAT                           3              0              0              0
Helitron        unknown                       2              0              0              0
Maverick        unknown                       1              0              0              0
2022-04-01 11:31:59,328 -INFO- Pipeline done.
2022-04-01 11:31:59,328 -INFO- cleaning the temporary directory ./tmp
Fri Apr  1 11:58:36 EDT 2022	Clean up TE-related sequences in the CDS file with TEsorter:

2022-04-01 11:58:40,136 -WARNING- Grid computing is not available because DRMAA not configured properly: Could not find drmaa library.  Please specify its full path using the environment variable DRMAA_LIBRARY_PATH
2022-04-01 11:58:40,140 -INFO- VARS: {'sequence': 'Draper_CDS_NewNames.fasta.code', 'hmm_database': 'rexdb', 'seq_type': 'nucl', 'prefix': 'Draper_CDS_NewNames.fasta.code.rexdb', 'force_write_hmmscan': False, 'processors': 24, 'tmp_dir': './tmp', 'min_coverage': 20, 'max_evalue': 0.001, 'disable_pass2': False, 'pass2_rule': '80-80-80', 'no_library': False, 'no_reverse': False, 'no_cleanup': False, 'p2_identity': 80.0, 'p2_coverage': 80.0, 'p2_length': 80.0}
2022-04-01 11:58:40,141 -INFO- checking dependencies:
2022-04-01 11:58:40,191 -INFO- hmmer	3.3.1	OK
2022-04-01 11:58:40,286 -INFO- blastn	2.10.0+	OK
2022-04-01 11:58:40,288 -INFO- check database rexdb
2022-04-01 11:58:40,288 -INFO- db path: /mnt/ufs18/home-115/teresisc/anaconda3/envs/EDTA/lib/python3.6/site-packages/TEsorter/database
2022-04-01 11:58:40,289 -INFO- db file: REXdb_protein_database_viridiplantae_v3.0_plus_metazoa_v3.hmm
2022-04-01 11:58:40,289 -INFO- REXdb_protein_database_viridiplantae_v3.0_plus_metazoa_v3.hmm	OK
2022-04-01 11:58:40,289 -INFO- Start classifying pipeline
2022-04-01 11:58:41,025 -INFO- total 110752 sequences
2022-04-01 11:58:41,025 -INFO- translating `Draper_CDS_NewNames.fasta.code` in six frames
/mnt/home/teresisc/anaconda3/envs/EDTA/lib/python3.6/site-packages/Bio/Seq.py:2338: BiopythonWarning: Partial codon, len(sequence) not a multiple of three. Explicitly trim the sequence or add trailing N before translation. This may become an error in future.
  BiopythonWarning,
2022-04-01 12:00:46,969 -INFO- HMM scanning against `/mnt/ufs18/home-115/teresisc/anaconda3/envs/EDTA/lib/python3.6/site-packages/TEsorter/database/REXdb_protein_database_viridiplantae_v3.0_plus_metazoa_v3.hmm`
2022-04-01 12:00:52,412 -INFO- Creating server instance (pp-1.6.4.4)
2022-04-01 12:00:52,413 -INFO- Running on Python 3.6.12 linux
2022-04-01 12:00:54,021 -INFO- pp local server started with 24 workers
2022-04-01 12:00:54,040 -INFO- Task 0 started
2022-04-01 12:00:54,040 -INFO- Task 1 started
2022-04-01 12:00:54,041 -INFO- Task 2 started
2022-04-01 12:00:54,041 -INFO- Task 3 started
2022-04-01 12:00:54,041 -INFO- Task 4 started
2022-04-01 12:00:54,041 -INFO- Task 5 started
2022-04-01 12:00:54,041 -INFO- Task 6 started
2022-04-01 12:00:54,042 -INFO- Task 7 started
2022-04-01 12:00:54,042 -INFO- Task 8 started
2022-04-01 12:00:54,042 -INFO- Task 9 started
2022-04-01 12:00:54,042 -INFO- Task 10 started
2022-04-01 12:00:54,043 -INFO- Task 11 started
2022-04-01 12:00:54,043 -INFO- Task 12 started
2022-04-01 12:00:54,043 -INFO- Task 13 started
2022-04-01 12:00:54,043 -INFO- Task 14 started
2022-04-01 12:00:54,044 -INFO- Task 15 started
2022-04-01 12:00:54,044 -INFO- Task 16 started
2022-04-01 12:00:54,044 -INFO- Task 17 started
2022-04-01 12:00:54,045 -INFO- Task 18 started
2022-04-01 12:00:54,045 -INFO- Task 19 started
2022-04-01 12:00:54,045 -INFO- Task 20 started
2022-04-01 12:00:54,046 -INFO- Task 21 started
2022-04-01 12:00:54,046 -INFO- Task 22 started
2022-04-01 12:00:54,046 -INFO- Task 23 started
2022-04-01 13:10:39,772 -INFO- generating gene anntations
2022-04-01 13:10:47,078 -INFO- 1219 sequences classified by HMM
2022-04-01 13:10:47,078 -INFO- see protein domain sequences in `Draper_CDS_NewNames.fasta.code.rexdb.dom.faa` and annotation gff3 file in `Draper_CDS_NewNames.fasta.code.rexdb.dom.gff3`
2022-04-01 13:10:47,078 -INFO- classifying the unclassified sequences by searching against the classified ones
2022-04-01 13:10:50,091 -INFO- using the 80-80-80 rule
2022-04-01 13:10:50,091 -INFO- run CMD: `makeblastdb -in ./tmp/pass1_classified.fa -dbtype nucl`
2022-04-01 13:10:51,191 -INFO- run CMD: `blastn -query ./tmp/pass1_unclassified.fa -db ./tmp/pass1_classified.fa -out ./tmp/pass1_unclassified.fa.blastout -outfmt '6 qseqid sseqid pident length mismatch gapopen qstart qend sstart send evalue bitscore qlen slen qcovs qcovhsp sstrand' -num_threads 24`
2022-04-01 13:11:14,056 -INFO- 898 sequences classified in pass 2
2022-04-01 13:11:14,058 -INFO- total 2117 sequences classified.
2022-04-01 13:11:14,058 -INFO- see classified sequences in `Draper_CDS_NewNames.fasta.code.rexdb.cls.tsv`
2022-04-01 13:11:14,059 -INFO- writing library for RepeatMasker in `Draper_CDS_NewNames.fasta.code.rexdb.cls.lib`
2022-04-01 13:11:16,395 -INFO- writing classified protein domains in `Draper_CDS_NewNames.fasta.code.rexdb.cls.pep`
2022-04-01 13:11:16,426 -INFO- Summary of classifications:
Order           Superfamily      # of Sequences# of Clade Sequences    # of Clades# of full Domains
LTR             Bel-Pao                      10              0              0              0
LTR             Copia                       334            138             16              0
LTR             Gypsy                       376            169             15              0
LTR             Retrovirus                   12              0              0              0
LTR             mixture                       2              0              0              0
LINE            unknown                     242              0              0              0
TIR             EnSpm_CACTA                  10              0              0              0
TIR             Merlin                        1              0              0              0
TIR             MuDR_Mutator                246              0              0              0
TIR             PIF_Harbinger               161              0              0              0
TIR             Tc1_Mariner                   4              0              0              0
TIR             hAT                          86              0              0              0
Helitron        unknown                      92              0              0              0
Maverick        unknown                     539              0              0              0
mixture         mixture                       2              0              0              0
2022-04-01 13:11:16,428 -INFO- Pipeline done.
2022-04-01 13:11:16,429 -INFO- cleaning the temporary directory ./tmp
				Remove CDS-related sequences in the EDTA library:

pararetrovirus/NA not found in the TE_SO database, it will not be used to rename sequences in the final annotation.
pararetrovirus/NA not found in the TE_SO database, it will not be used to rename sequences in the final annotation.
Fri Apr  1 15:53:45 EDT 2022	EDTA final stage finished! You may check out:
				The final EDTA TE library: Draper_NewNames.fasta.mod.EDTA.TElib.fa
Copying the library file and tar gz-ing the annotation folder
tar: Removing leading `/' from member names
Time taken: 359206
