amr-205
My Task ID: 13
Patrecia
Declaring output paths and running EDTA

########################################################
##### Extensive de-novo TE Annotator (EDTA) v2.0.0  ####
##### Shujun Ou (shujun.ou.1@gmail.com)             ####
########################################################



Sat Apr  2 00:49:29 EDT 2022	Dependency checking:
				All passed!

	A CDS file /mnt/research/edgerpat_lab/Scotty/Blueberry_Pangenome_TE_Analysis/results/Blueberry/Patrecia/Patrecia_CDS_NewNames.fasta is provided via --cds. Please make sure this is the DNA sequence of coding regions only.

Sat Apr  2 00:50:28 EDT 2022	Obtain raw TE libraries using various structure-based programs: 
Sat Apr  2 00:50:28 EDT 2022	EDTA_raw: Check dependencies, prepare working directories.

Sat Apr  2 00:50:46 EDT 2022	Start to find LTR candidates.

Sat Apr  2 00:50:46 EDT 2022	Identify LTR retrotransposon candidates from scratch.

Sat Apr  2 08:42:18 EDT 2022	Finish finding LTR candidates.

Sat Apr  2 08:42:18 EDT 2022	Start to find TIR candidates.

Sat Apr  2 08:42:18 EDT 2022	Identify TIR candidates from scratch.

Species: others
Sun Apr  3 00:50:28 EDT 2022	Finish finding TIR candidates.

Sun Apr  3 00:50:28 EDT 2022	Start to find Helitron candidates.

Sun Apr  3 00:50:28 EDT 2022	Identify Helitron candidates from scratch.

Sun Apr  3 14:06:52 EDT 2022	Finish finding Helitron candidates.

Sun Apr  3 14:06:52 EDT 2022	Execution of EDTA_raw.pl is finished!

Sun Apr  3 14:06:53 EDT 2022	Obtain raw TE libraries finished.
				All intact TEs found by EDTA: 
					Patrecia_NewNames.fasta.mod.EDTA.intact.fa
					Patrecia_NewNames.fasta.mod.EDTA.intact.gff3

Sun Apr  3 14:06:53 EDT 2022	Perform EDTA advance filtering for raw TE candidates and generate the stage 1 library: 

Sun Apr  3 15:52:35 EDT 2022	EDTA advance filtering finished.

Sun Apr  3 15:52:35 EDT 2022	Perform EDTA final steps to generate a non-redundant comprehensive TE library:

				Use RepeatModeler to identify any remaining TEs that are missed by structure-based methods.

2022-04-07 00:20:24,944 -WARNING- Grid computing is not available because DRMAA not configured properly: Could not find drmaa library.  Please specify its full path using the environment variable DRMAA_LIBRARY_PATH
2022-04-07 00:20:25,031 -INFO- VARS: {'sequence': 'Patrecia_NewNames.fasta.mod.RM.consensi.fa', 'hmm_database': 'rexdb', 'seq_type': 'nucl', 'prefix': 'Patrecia_NewNames.fasta.mod.RM.consensi.fa.rexdb', 'force_write_hmmscan': False, 'processors': 24, 'tmp_dir': './tmp', 'min_coverage': 20, 'max_evalue': 0.001, 'disable_pass2': False, 'pass2_rule': '80-80-80', 'no_library': False, 'no_reverse': False, 'no_cleanup': False, 'p2_identity': 80.0, 'p2_coverage': 80.0, 'p2_length': 80.0}
2022-04-07 00:20:25,031 -INFO- checking dependencies:
2022-04-07 00:20:25,121 -INFO- hmmer	3.3.1	OK
2022-04-07 00:20:25,188 -INFO- blastn	2.10.0+	OK
2022-04-07 00:20:25,190 -INFO- check database rexdb
2022-04-07 00:20:25,191 -INFO- db path: /mnt/ufs18/home-115/teresisc/anaconda3/envs/EDTA/lib/python3.6/site-packages/TEsorter/database
2022-04-07 00:20:25,191 -INFO- db file: REXdb_protein_database_viridiplantae_v3.0_plus_metazoa_v3.hmm
2022-04-07 00:20:25,191 -INFO- REXdb_protein_database_viridiplantae_v3.0_plus_metazoa_v3.hmm	OK
2022-04-07 00:20:25,191 -INFO- Start classifying pipeline
2022-04-07 00:20:25,403 -INFO- total 2016 sequences
2022-04-07 00:20:25,403 -INFO- translating `Patrecia_NewNames.fasta.mod.RM.consensi.fa` in six frames
/mnt/home/teresisc/anaconda3/envs/EDTA/lib/python3.6/site-packages/Bio/Seq.py:2338: BiopythonWarning: Partial codon, len(sequence) not a multiple of three. Explicitly trim the sequence or add trailing N before translation. This may become an error in future.
  BiopythonWarning,
2022-04-07 00:20:28,829 -INFO- HMM scanning against `/mnt/ufs18/home-115/teresisc/anaconda3/envs/EDTA/lib/python3.6/site-packages/TEsorter/database/REXdb_protein_database_viridiplantae_v3.0_plus_metazoa_v3.hmm`
2022-04-07 00:20:28,951 -INFO- Creating server instance (pp-1.6.4.4)
2022-04-07 00:20:28,952 -INFO- Running on Python 3.6.12 linux
2022-04-07 00:20:30,550 -INFO- pp local server started with 24 workers
2022-04-07 00:20:30,630 -INFO- Task 0 started
2022-04-07 00:20:30,630 -INFO- Task 1 started
2022-04-07 00:20:30,631 -INFO- Task 2 started
2022-04-07 00:20:30,631 -INFO- Task 3 started
2022-04-07 00:20:30,631 -INFO- Task 4 started
2022-04-07 00:20:30,632 -INFO- Task 5 started
2022-04-07 00:20:30,632 -INFO- Task 6 started
2022-04-07 00:20:30,632 -INFO- Task 7 started
2022-04-07 00:20:30,633 -INFO- Task 8 started
2022-04-07 00:20:30,633 -INFO- Task 9 started
2022-04-07 00:20:30,633 -INFO- Task 10 started
2022-04-07 00:20:30,633 -INFO- Task 11 started
2022-04-07 00:20:30,634 -INFO- Task 12 started
2022-04-07 00:20:30,634 -INFO- Task 13 started
2022-04-07 00:20:30,634 -INFO- Task 14 started
2022-04-07 00:20:30,634 -INFO- Task 15 started
2022-04-07 00:20:30,635 -INFO- Task 16 started
2022-04-07 00:20:30,635 -INFO- Task 17 started
2022-04-07 00:20:30,635 -INFO- Task 18 started
2022-04-07 00:20:30,635 -INFO- Task 19 started
2022-04-07 00:20:30,636 -INFO- Task 20 started
2022-04-07 00:20:30,636 -INFO- Task 21 started
2022-04-07 00:20:30,636 -INFO- Task 22 started
2022-04-07 00:20:30,637 -INFO- Task 23 started
2022-04-07 00:21:54,947 -INFO- generating gene anntations
2022-04-07 00:21:55,104 -INFO- 77 sequences classified by HMM
2022-04-07 00:21:55,105 -INFO- see protein domain sequences in `Patrecia_NewNames.fasta.mod.RM.consensi.fa.rexdb.dom.faa` and annotation gff3 file in `Patrecia_NewNames.fasta.mod.RM.consensi.fa.rexdb.dom.gff3`
2022-04-07 00:21:55,105 -INFO- classifying the unclassified sequences by searching against the classified ones
2022-04-07 00:21:55,178 -INFO- using the 80-80-80 rule
2022-04-07 00:21:55,178 -INFO- run CMD: `makeblastdb -in ./tmp/pass1_classified.fa -dbtype nucl`
2022-04-07 00:21:55,342 -INFO- run CMD: `blastn -query ./tmp/pass1_unclassified.fa -db ./tmp/pass1_classified.fa -out ./tmp/pass1_unclassified.fa.blastout -outfmt '6 qseqid sseqid pident length mismatch gapopen qstart qend sstart send evalue bitscore qlen slen qcovs qcovhsp sstrand' -num_threads 24`
2022-04-07 00:21:56,069 -INFO- 0 sequences classified in pass 2
2022-04-07 00:21:56,069 -INFO- total 77 sequences classified.
2022-04-07 00:21:56,069 -INFO- see classified sequences in `Patrecia_NewNames.fasta.mod.RM.consensi.fa.rexdb.cls.tsv`
2022-04-07 00:21:56,070 -INFO- writing library for RepeatMasker in `Patrecia_NewNames.fasta.mod.RM.consensi.fa.rexdb.cls.lib`
2022-04-07 00:21:56,124 -INFO- writing classified protein domains in `Patrecia_NewNames.fasta.mod.RM.consensi.fa.rexdb.cls.pep`
2022-04-07 00:21:56,127 -INFO- Summary of classifications:
Order           Superfamily      # of Sequences# of Clade Sequences    # of Clades# of full Domains
LTR             Copia                         1              1              1              0
LTR             Gypsy                         4              3              2              0
pararetrovirus  unknown                       4              0              0              0
LINE            unknown                      41              0              0              0
TIR             EnSpm_CACTA                   2              0              0              0
TIR             MuDR_Mutator                 10              0              0              0
TIR             PIF_Harbinger                 7              0              0              0
TIR             hAT                           3              0              0              0
Helitron        unknown                       2              0              0              0
Maverick        unknown                       3              0              0              0
2022-04-07 00:21:56,128 -INFO- Pipeline done.
2022-04-07 00:21:56,128 -INFO- cleaning the temporary directory ./tmp
Thu Apr  7 00:52:43 EDT 2022	Clean up TE-related sequences in the CDS file with TEsorter:

2022-04-07 00:52:46,317 -WARNING- Grid computing is not available because DRMAA not configured properly: Could not find drmaa library.  Please specify its full path using the environment variable DRMAA_LIBRARY_PATH
2022-04-07 00:52:46,322 -INFO- VARS: {'sequence': 'Patrecia_CDS_NewNames.fasta.code', 'hmm_database': 'rexdb', 'seq_type': 'nucl', 'prefix': 'Patrecia_CDS_NewNames.fasta.code.rexdb', 'force_write_hmmscan': False, 'processors': 24, 'tmp_dir': './tmp', 'min_coverage': 20, 'max_evalue': 0.001, 'disable_pass2': False, 'pass2_rule': '80-80-80', 'no_library': False, 'no_reverse': False, 'no_cleanup': False, 'p2_identity': 80.0, 'p2_coverage': 80.0, 'p2_length': 80.0}
2022-04-07 00:52:46,322 -INFO- checking dependencies:
2022-04-07 00:52:46,333 -INFO- hmmer	3.3.1	OK
2022-04-07 00:52:46,384 -INFO- blastn	2.10.0+	OK
2022-04-07 00:52:46,386 -INFO- check database rexdb
2022-04-07 00:52:46,387 -INFO- db path: /mnt/ufs18/home-115/teresisc/anaconda3/envs/EDTA/lib/python3.6/site-packages/TEsorter/database
2022-04-07 00:52:46,387 -INFO- db file: REXdb_protein_database_viridiplantae_v3.0_plus_metazoa_v3.hmm
2022-04-07 00:52:46,387 -INFO- REXdb_protein_database_viridiplantae_v3.0_plus_metazoa_v3.hmm	OK
2022-04-07 00:52:46,387 -INFO- Start classifying pipeline
2022-04-07 00:52:47,112 -INFO- total 106728 sequences
2022-04-07 00:52:47,113 -INFO- translating `Patrecia_CDS_NewNames.fasta.code` in six frames
/mnt/home/teresisc/anaconda3/envs/EDTA/lib/python3.6/site-packages/Bio/Seq.py:2338: BiopythonWarning: Partial codon, len(sequence) not a multiple of three. Explicitly trim the sequence or add trailing N before translation. This may become an error in future.
  BiopythonWarning,
2022-04-07 00:54:56,061 -INFO- HMM scanning against `/mnt/ufs18/home-115/teresisc/anaconda3/envs/EDTA/lib/python3.6/site-packages/TEsorter/database/REXdb_protein_database_viridiplantae_v3.0_plus_metazoa_v3.hmm`
2022-04-07 00:55:01,450 -INFO- Creating server instance (pp-1.6.4.4)
2022-04-07 00:55:01,450 -INFO- Running on Python 3.6.12 linux
2022-04-07 00:55:03,062 -INFO- pp local server started with 24 workers
2022-04-07 00:55:03,082 -INFO- Task 0 started
2022-04-07 00:55:03,083 -INFO- Task 1 started
2022-04-07 00:55:03,084 -INFO- Task 2 started
2022-04-07 00:55:03,084 -INFO- Task 3 started
2022-04-07 00:55:03,084 -INFO- Task 4 started
2022-04-07 00:55:03,085 -INFO- Task 5 started
2022-04-07 00:55:03,085 -INFO- Task 6 started
2022-04-07 00:55:03,085 -INFO- Task 7 started
2022-04-07 00:55:03,085 -INFO- Task 8 started
2022-04-07 00:55:03,086 -INFO- Task 9 started
2022-04-07 00:55:03,087 -INFO- Task 10 started
2022-04-07 00:55:03,087 -INFO- Task 11 started
2022-04-07 00:55:03,087 -INFO- Task 12 started
2022-04-07 00:55:03,088 -INFO- Task 13 started
2022-04-07 00:55:03,088 -INFO- Task 14 started
2022-04-07 00:55:03,088 -INFO- Task 15 started
2022-04-07 00:55:03,089 -INFO- Task 16 started
2022-04-07 00:55:03,089 -INFO- Task 17 started
2022-04-07 00:55:03,090 -INFO- Task 18 started
2022-04-07 00:55:03,090 -INFO- Task 19 started
2022-04-07 00:55:03,091 -INFO- Task 20 started
2022-04-07 00:55:03,091 -INFO- Task 21 started
2022-04-07 00:55:03,091 -INFO- Task 22 started
2022-04-07 00:55:03,091 -INFO- Task 23 started
2022-04-07 02:11:38,625 -INFO- generating gene anntations
2022-04-07 02:11:44,899 -INFO- 1184 sequences classified by HMM
2022-04-07 02:11:44,899 -INFO- see protein domain sequences in `Patrecia_CDS_NewNames.fasta.code.rexdb.dom.faa` and annotation gff3 file in `Patrecia_CDS_NewNames.fasta.code.rexdb.dom.gff3`
2022-04-07 02:11:44,900 -INFO- classifying the unclassified sequences by searching against the classified ones
2022-04-07 02:11:47,951 -INFO- using the 80-80-80 rule
2022-04-07 02:11:47,951 -INFO- run CMD: `makeblastdb -in ./tmp/pass1_classified.fa -dbtype nucl`
2022-04-07 02:11:48,138 -INFO- run CMD: `blastn -query ./tmp/pass1_unclassified.fa -db ./tmp/pass1_classified.fa -out ./tmp/pass1_unclassified.fa.blastout -outfmt '6 qseqid sseqid pident length mismatch gapopen qstart qend sstart send evalue bitscore qlen slen qcovs qcovhsp sstrand' -num_threads 24`
2022-04-07 02:12:11,051 -INFO- 817 sequences classified in pass 2
2022-04-07 02:12:11,053 -INFO- total 2001 sequences classified.
2022-04-07 02:12:11,054 -INFO- see classified sequences in `Patrecia_CDS_NewNames.fasta.code.rexdb.cls.tsv`
2022-04-07 02:12:11,054 -INFO- writing library for RepeatMasker in `Patrecia_CDS_NewNames.fasta.code.rexdb.cls.lib`
2022-04-07 02:12:13,408 -INFO- writing classified protein domains in `Patrecia_CDS_NewNames.fasta.code.rexdb.cls.pep`
2022-04-07 02:12:13,439 -INFO- Summary of classifications:
Order           Superfamily      # of Sequences# of Clade Sequences    # of Clades# of full Domains
LTR             Bel-Pao                      42              0              0              0
LTR             Copia                       257            119             15              0
LTR             Gypsy                       376            174             15              0
LTR             Retrovirus                   28              0              0              0
LTR             mixture                       3              0              0              0
pararetrovirus  unknown                      16              0              0              0
DIRS            unknown                       1              0              0              0
Penelope        unknown                       2              0              0              0
LINE            unknown                     169              0              0              0
TIR             EnSpm_CACTA                   2              0              0              0
TIR             Merlin                        1              0              0              0
TIR             MuDR_Mutator                179              0              0              0
TIR             PIF_Harbinger               201              0              0              0
TIR             Sola2                        33              0              0              0
TIR             hAT                          74              0              0              0
Helitron        unknown                      74              0              0              0
Maverick        unknown                     525              0              0              0
mixture         mixture                      18              0              0              0
2022-04-07 02:12:13,441 -INFO- Pipeline done.
2022-04-07 02:12:13,441 -INFO- cleaning the temporary directory ./tmp
				Remove CDS-related sequences in the EDTA library:

polinton/NA not found in the TE_SO database, it will not be used to rename sequences in the final annotation.
Thu Apr  7 04:00:20 EDT 2022	EDTA final stage finished! You may check out:
				The final EDTA TE library: Patrecia_NewNames.fasta.mod.EDTA.TElib.fa
Copying the library file and tar gz-ing the annotation folder
tar: Removing leading `/' from member names
Time taken: 446766
