amr-237
My Task ID: 15
Raven
Declaring output paths and running EDTA

########################################################
##### Extensive de-novo TE Annotator (EDTA) v2.0.0  ####
##### Shujun Ou (shujun.ou.1@gmail.com)             ####
########################################################



Sat Apr  2 03:53:41 EDT 2022	Dependency checking:
				All passed!

	A CDS file /mnt/research/edgerpat_lab/Scotty/Blueberry_Pangenome_TE_Analysis/results/Blueberry/Raven/Raven_CDS_NewNames.fasta is provided via --cds. Please make sure this is the DNA sequence of coding regions only.

Sat Apr  2 03:54:39 EDT 2022	Obtain raw TE libraries using various structure-based programs: 
Sat Apr  2 03:54:39 EDT 2022	EDTA_raw: Check dependencies, prepare working directories.

Sat Apr  2 03:54:56 EDT 2022	Start to find LTR candidates.

Sat Apr  2 03:54:56 EDT 2022	Identify LTR retrotransposon candidates from scratch.

Sat Apr  2 11:49:49 EDT 2022	Finish finding LTR candidates.

Sat Apr  2 11:49:49 EDT 2022	Start to find TIR candidates.

Sat Apr  2 11:49:49 EDT 2022	Identify TIR candidates from scratch.

Species: others
Sun Apr  3 04:31:12 EDT 2022	Finish finding TIR candidates.

Sun Apr  3 04:31:12 EDT 2022	Start to find Helitron candidates.

Sun Apr  3 04:31:12 EDT 2022	Identify Helitron candidates from scratch.

Sun Apr  3 16:14:39 EDT 2022	Finish finding Helitron candidates.

Sun Apr  3 16:14:39 EDT 2022	Execution of EDTA_raw.pl is finished!

Sun Apr  3 16:14:40 EDT 2022	Obtain raw TE libraries finished.
				All intact TEs found by EDTA: 
					Raven_NewNames.fasta.mod.EDTA.intact.fa
					Raven_NewNames.fasta.mod.EDTA.intact.gff3

Sun Apr  3 16:14:40 EDT 2022	Perform EDTA advance filtering for raw TE candidates and generate the stage 1 library: 

Sun Apr  3 17:58:35 EDT 2022	EDTA advance filtering finished.

Sun Apr  3 17:58:35 EDT 2022	Perform EDTA final steps to generate a non-redundant comprehensive TE library:

				Use RepeatModeler to identify any remaining TEs that are missed by structure-based methods.

2022-04-06 21:31:57,685 -WARNING- Grid computing is not available because DRMAA not configured properly: Could not find drmaa library.  Please specify its full path using the environment variable DRMAA_LIBRARY_PATH
2022-04-06 21:31:57,736 -INFO- VARS: {'sequence': 'Raven_NewNames.fasta.mod.RM.consensi.fa', 'hmm_database': 'rexdb', 'seq_type': 'nucl', 'prefix': 'Raven_NewNames.fasta.mod.RM.consensi.fa.rexdb', 'force_write_hmmscan': False, 'processors': 24, 'tmp_dir': './tmp', 'min_coverage': 20, 'max_evalue': 0.001, 'disable_pass2': False, 'pass2_rule': '80-80-80', 'no_library': False, 'no_reverse': False, 'no_cleanup': False, 'p2_identity': 80.0, 'p2_coverage': 80.0, 'p2_length': 80.0}
2022-04-06 21:31:57,736 -INFO- checking dependencies:
2022-04-06 21:31:57,803 -INFO- hmmer	3.3.1	OK
2022-04-06 21:31:57,980 -INFO- blastn	2.10.0+	OK
2022-04-06 21:31:57,982 -INFO- check database rexdb
2022-04-06 21:31:57,982 -INFO- db path: /mnt/ufs18/home-115/teresisc/anaconda3/envs/EDTA/lib/python3.6/site-packages/TEsorter/database
2022-04-06 21:31:57,983 -INFO- db file: REXdb_protein_database_viridiplantae_v3.0_plus_metazoa_v3.hmm
2022-04-06 21:31:57,983 -INFO- REXdb_protein_database_viridiplantae_v3.0_plus_metazoa_v3.hmm	OK
2022-04-06 21:31:57,983 -INFO- Start classifying pipeline
2022-04-06 21:31:58,159 -INFO- total 2028 sequences
2022-04-06 21:31:58,160 -INFO- translating `Raven_NewNames.fasta.mod.RM.consensi.fa` in six frames
/mnt/home/teresisc/anaconda3/envs/EDTA/lib/python3.6/site-packages/Bio/Seq.py:2338: BiopythonWarning: Partial codon, len(sequence) not a multiple of three. Explicitly trim the sequence or add trailing N before translation. This may become an error in future.
  BiopythonWarning,
2022-04-06 21:32:01,803 -INFO- HMM scanning against `/mnt/ufs18/home-115/teresisc/anaconda3/envs/EDTA/lib/python3.6/site-packages/TEsorter/database/REXdb_protein_database_viridiplantae_v3.0_plus_metazoa_v3.hmm`
2022-04-06 21:32:01,925 -INFO- Creating server instance (pp-1.6.4.4)
2022-04-06 21:32:01,925 -INFO- Running on Python 3.6.12 linux
2022-04-06 21:32:03,481 -INFO- pp local server started with 24 workers
2022-04-06 21:32:03,555 -INFO- Task 0 started
2022-04-06 21:32:03,555 -INFO- Task 1 started
2022-04-06 21:32:03,556 -INFO- Task 2 started
2022-04-06 21:32:03,556 -INFO- Task 3 started
2022-04-06 21:32:03,556 -INFO- Task 4 started
2022-04-06 21:32:03,556 -INFO- Task 5 started
2022-04-06 21:32:03,557 -INFO- Task 6 started
2022-04-06 21:32:03,557 -INFO- Task 7 started
2022-04-06 21:32:03,557 -INFO- Task 8 started
2022-04-06 21:32:03,558 -INFO- Task 9 started
2022-04-06 21:32:03,558 -INFO- Task 10 started
2022-04-06 21:32:03,558 -INFO- Task 11 started
2022-04-06 21:32:03,558 -INFO- Task 12 started
2022-04-06 21:32:03,559 -INFO- Task 13 started
2022-04-06 21:32:03,559 -INFO- Task 14 started
2022-04-06 21:32:03,559 -INFO- Task 15 started
2022-04-06 21:32:03,560 -INFO- Task 16 started
2022-04-06 21:32:03,560 -INFO- Task 17 started
2022-04-06 21:32:03,560 -INFO- Task 18 started
2022-04-06 21:32:03,560 -INFO- Task 19 started
2022-04-06 21:32:03,561 -INFO- Task 20 started
2022-04-06 21:32:03,561 -INFO- Task 21 started
2022-04-06 21:32:03,561 -INFO- Task 22 started
2022-04-06 21:32:03,561 -INFO- Task 23 started
2022-04-06 21:33:26,034 -INFO- generating gene anntations
2022-04-06 21:33:26,171 -INFO- 76 sequences classified by HMM
2022-04-06 21:33:26,171 -INFO- see protein domain sequences in `Raven_NewNames.fasta.mod.RM.consensi.fa.rexdb.dom.faa` and annotation gff3 file in `Raven_NewNames.fasta.mod.RM.consensi.fa.rexdb.dom.gff3`
2022-04-06 21:33:26,171 -INFO- classifying the unclassified sequences by searching against the classified ones
2022-04-06 21:33:26,325 -INFO- using the 80-80-80 rule
2022-04-06 21:33:26,326 -INFO- run CMD: `makeblastdb -in ./tmp/pass1_classified.fa -dbtype nucl`
2022-04-06 21:33:26,628 -INFO- run CMD: `blastn -query ./tmp/pass1_unclassified.fa -db ./tmp/pass1_classified.fa -out ./tmp/pass1_unclassified.fa.blastout -outfmt '6 qseqid sseqid pident length mismatch gapopen qstart qend sstart send evalue bitscore qlen slen qcovs qcovhsp sstrand' -num_threads 24`
2022-04-06 21:33:27,326 -INFO- 2 sequences classified in pass 2
2022-04-06 21:33:27,326 -INFO- total 78 sequences classified.
2022-04-06 21:33:27,326 -INFO- see classified sequences in `Raven_NewNames.fasta.mod.RM.consensi.fa.rexdb.cls.tsv`
2022-04-06 21:33:27,326 -INFO- writing library for RepeatMasker in `Raven_NewNames.fasta.mod.RM.consensi.fa.rexdb.cls.lib`
2022-04-06 21:33:27,382 -INFO- writing classified protein domains in `Raven_NewNames.fasta.mod.RM.consensi.fa.rexdb.cls.pep`
2022-04-06 21:33:27,385 -INFO- Summary of classifications:
Order           Superfamily      # of Sequences# of Clade Sequences    # of Clades# of full Domains
LTR             Copia                         3              3              2              0
LTR             Gypsy                         4              3              2              0
pararetrovirus  unknown                       7              0              0              0
LINE            unknown                      41              0              0              0
TIR             EnSpm_CACTA                   1              0              0              0
TIR             MuDR_Mutator                 10              0              0              0
TIR             PIF_Harbinger                 8              0              0              0
TIR             hAT                           2              0              0              0
Helitron        unknown                       2              0              0              0
2022-04-06 21:33:27,386 -INFO- Pipeline done.
2022-04-06 21:33:27,386 -INFO- cleaning the temporary directory ./tmp
Wed Apr  6 21:57:36 EDT 2022	Clean up TE-related sequences in the CDS file with TEsorter:

2022-04-06 21:57:38,961 -WARNING- Grid computing is not available because DRMAA not configured properly: Could not find drmaa library.  Please specify its full path using the environment variable DRMAA_LIBRARY_PATH
2022-04-06 21:57:38,966 -INFO- VARS: {'sequence': 'Raven_CDS_NewNames.fasta.code', 'hmm_database': 'rexdb', 'seq_type': 'nucl', 'prefix': 'Raven_CDS_NewNames.fasta.code.rexdb', 'force_write_hmmscan': False, 'processors': 24, 'tmp_dir': './tmp', 'min_coverage': 20, 'max_evalue': 0.001, 'disable_pass2': False, 'pass2_rule': '80-80-80', 'no_library': False, 'no_reverse': False, 'no_cleanup': False, 'p2_identity': 80.0, 'p2_coverage': 80.0, 'p2_length': 80.0}
2022-04-06 21:57:38,967 -INFO- checking dependencies:
2022-04-06 21:57:39,017 -INFO- hmmer	3.3.1	OK
2022-04-06 21:57:39,129 -INFO- blastn	2.10.0+	OK
2022-04-06 21:57:39,131 -INFO- check database rexdb
2022-04-06 21:57:39,131 -INFO- db path: /mnt/ufs18/home-115/teresisc/anaconda3/envs/EDTA/lib/python3.6/site-packages/TEsorter/database
2022-04-06 21:57:39,131 -INFO- db file: REXdb_protein_database_viridiplantae_v3.0_plus_metazoa_v3.hmm
2022-04-06 21:57:39,131 -INFO- REXdb_protein_database_viridiplantae_v3.0_plus_metazoa_v3.hmm	OK
2022-04-06 21:57:39,132 -INFO- Start classifying pipeline
2022-04-06 21:57:39,839 -INFO- total 108884 sequences
2022-04-06 21:57:39,839 -INFO- translating `Raven_CDS_NewNames.fasta.code` in six frames
/mnt/home/teresisc/anaconda3/envs/EDTA/lib/python3.6/site-packages/Bio/Seq.py:2338: BiopythonWarning: Partial codon, len(sequence) not a multiple of three. Explicitly trim the sequence or add trailing N before translation. This may become an error in future.
  BiopythonWarning,
2022-04-06 21:59:38,900 -INFO- HMM scanning against `/mnt/ufs18/home-115/teresisc/anaconda3/envs/EDTA/lib/python3.6/site-packages/TEsorter/database/REXdb_protein_database_viridiplantae_v3.0_plus_metazoa_v3.hmm`
2022-04-06 21:59:44,210 -INFO- Creating server instance (pp-1.6.4.4)
2022-04-06 21:59:44,210 -INFO- Running on Python 3.6.12 linux
2022-04-06 21:59:45,731 -INFO- pp local server started with 24 workers
2022-04-06 21:59:45,750 -INFO- Task 0 started
2022-04-06 21:59:45,751 -INFO- Task 1 started
2022-04-06 21:59:45,751 -INFO- Task 2 started
2022-04-06 21:59:45,751 -INFO- Task 3 started
2022-04-06 21:59:45,752 -INFO- Task 4 started
2022-04-06 21:59:45,752 -INFO- Task 5 started
2022-04-06 21:59:45,752 -INFO- Task 6 started
2022-04-06 21:59:45,752 -INFO- Task 7 started
2022-04-06 21:59:45,753 -INFO- Task 8 started
2022-04-06 21:59:45,753 -INFO- Task 9 started
2022-04-06 21:59:45,753 -INFO- Task 10 started
2022-04-06 21:59:45,753 -INFO- Task 11 started
2022-04-06 21:59:45,754 -INFO- Task 12 started
2022-04-06 21:59:45,754 -INFO- Task 13 started
2022-04-06 21:59:45,754 -INFO- Task 14 started
2022-04-06 21:59:45,754 -INFO- Task 15 started
2022-04-06 21:59:45,755 -INFO- Task 16 started
2022-04-06 21:59:45,755 -INFO- Task 17 started
2022-04-06 21:59:45,755 -INFO- Task 18 started
2022-04-06 21:59:45,756 -INFO- Task 19 started
2022-04-06 21:59:45,756 -INFO- Task 20 started
2022-04-06 21:59:45,756 -INFO- Task 21 started
2022-04-06 21:59:45,757 -INFO- Task 22 started
2022-04-06 21:59:45,757 -INFO- Task 23 started
2022-04-06 23:15:25,256 -INFO- generating gene anntations
2022-04-06 23:15:34,554 -INFO- 1103 sequences classified by HMM
2022-04-06 23:15:34,555 -INFO- see protein domain sequences in `Raven_CDS_NewNames.fasta.code.rexdb.dom.faa` and annotation gff3 file in `Raven_CDS_NewNames.fasta.code.rexdb.dom.gff3`
2022-04-06 23:15:34,555 -INFO- classifying the unclassified sequences by searching against the classified ones
2022-04-06 23:15:37,581 -INFO- using the 80-80-80 rule
2022-04-06 23:15:37,581 -INFO- run CMD: `makeblastdb -in ./tmp/pass1_classified.fa -dbtype nucl`
2022-04-06 23:15:37,787 -INFO- run CMD: `blastn -query ./tmp/pass1_unclassified.fa -db ./tmp/pass1_classified.fa -out ./tmp/pass1_unclassified.fa.blastout -outfmt '6 qseqid sseqid pident length mismatch gapopen qstart qend sstart send evalue bitscore qlen slen qcovs qcovhsp sstrand' -num_threads 24`
2022-04-06 23:16:00,052 -INFO- 989 sequences classified in pass 2
2022-04-06 23:16:00,055 -INFO- total 2092 sequences classified.
2022-04-06 23:16:00,055 -INFO- see classified sequences in `Raven_CDS_NewNames.fasta.code.rexdb.cls.tsv`
2022-04-06 23:16:00,055 -INFO- writing library for RepeatMasker in `Raven_CDS_NewNames.fasta.code.rexdb.cls.lib`
2022-04-06 23:16:02,345 -INFO- writing classified protein domains in `Raven_CDS_NewNames.fasta.code.rexdb.cls.pep`
2022-04-06 23:16:02,374 -INFO- Summary of classifications:
Order           Superfamily      # of Sequences# of Clade Sequences    # of Clades# of full Domains
LTR             Bel-Pao                      23              0              0              0
LTR             Copia                       359            123             16              0
LTR             Gypsy                       373            171             16              0
LTR             Retrovirus                   20              0              0              0
LTR             mixture                       5              0              0              0
pararetrovirus  unknown                      16              0              0              0
Penelope        unknown                       6              0              0              0
LINE            unknown                     186              0              0              0
TIR             EnSpm_CACTA                   6              0              0              0
TIR             Merlin                        1              0              0              0
TIR             MuDR_Mutator                202              0              0              0
TIR             PIF_Harbinger               147              0              0              0
TIR             Sola2                        45              0              0              0
TIR             Tc1_Mariner                   2              0              0              0
TIR             hAT                          70              0              0              0
Helitron        unknown                      91              0              0              0
Maverick        unknown                     539              0              0              0
mixture         mixture                       1              0              0              0
2022-04-06 23:16:02,376 -INFO- Pipeline done.
2022-04-06 23:16:02,376 -INFO- cleaning the temporary directory ./tmp
				Remove CDS-related sequences in the EDTA library:

Thu Apr  7 01:28:38 EDT 2022	EDTA final stage finished! You may check out:
				The final EDTA TE library: Raven_NewNames.fasta.mod.EDTA.TElib.fa
Copying the library file and tar gz-ing the annotation folder
tar: Removing leading `/' from member names
Time taken: 426602
