amr-109
My Task ID: 4
Duke
Declaring output paths and running EDTA

########################################################
##### Extensive de-novo TE Annotator (EDTA) v2.0.0  ####
##### Shujun Ou (shujun.ou.1@gmail.com)             ####
########################################################



Mon Mar 28 13:15:32 EDT 2022	Dependency checking:
				All passed!

	A CDS file /mnt/research/edgerpat_lab/Scotty/Blueberry_Pangenome_TE_Analysis/results/Blueberry/Duke/Duke_CDS_NewNames.fasta is provided via --cds. Please make sure this is the DNA sequence of coding regions only.

Mon Mar 28 13:16:26 EDT 2022	Obtain raw TE libraries using various structure-based programs: 
Mon Mar 28 13:16:26 EDT 2022	EDTA_raw: Check dependencies, prepare working directories.

Mon Mar 28 13:16:43 EDT 2022	Start to find LTR candidates.

Mon Mar 28 13:16:43 EDT 2022	Identify LTR retrotransposon candidates from scratch.

Mon Mar 28 14:32:29 EDT 2022	Finish finding LTR candidates.

Mon Mar 28 14:32:29 EDT 2022	Start to find TIR candidates.

Mon Mar 28 14:32:29 EDT 2022	Identify TIR candidates from scratch.

Species: others
Tue Mar 29 04:19:50 EDT 2022	Finish finding TIR candidates.

Tue Mar 29 04:19:50 EDT 2022	Start to find Helitron candidates.

Tue Mar 29 04:19:50 EDT 2022	Identify Helitron candidates from scratch.

Tue Mar 29 15:09:36 EDT 2022	Finish finding Helitron candidates.

Tue Mar 29 15:09:36 EDT 2022	Execution of EDTA_raw.pl is finished!

Tue Mar 29 15:09:37 EDT 2022	Obtain raw TE libraries finished.
				All intact TEs found by EDTA: 
					Duke_NewNames.fasta.mod.EDTA.intact.fa
					Duke_NewNames.fasta.mod.EDTA.intact.gff3

Tue Mar 29 15:09:37 EDT 2022	Perform EDTA advance filtering for raw TE candidates and generate the stage 1 library: 

Tue Mar 29 16:50:20 EDT 2022	EDTA advance filtering finished.

Tue Mar 29 16:50:20 EDT 2022	Perform EDTA final steps to generate a non-redundant comprehensive TE library:

				Use RepeatModeler to identify any remaining TEs that are missed by structure-based methods.

2022-04-01 08:17:13,733 -WARNING- Grid computing is not available because DRMAA not configured properly: Could not find drmaa library.  Please specify its full path using the environment variable DRMAA_LIBRARY_PATH
2022-04-01 08:17:13,742 -INFO- VARS: {'sequence': 'Duke_NewNames.fasta.mod.RM.consensi.fa', 'hmm_database': 'rexdb', 'seq_type': 'nucl', 'prefix': 'Duke_NewNames.fasta.mod.RM.consensi.fa.rexdb', 'force_write_hmmscan': False, 'processors': 24, 'tmp_dir': './tmp', 'min_coverage': 20, 'max_evalue': 0.001, 'disable_pass2': False, 'pass2_rule': '80-80-80', 'no_library': False, 'no_reverse': False, 'no_cleanup': False, 'p2_identity': 80.0, 'p2_coverage': 80.0, 'p2_length': 80.0}
2022-04-01 08:17:13,742 -INFO- checking dependencies:
2022-04-01 08:17:13,757 -INFO- hmmer	3.3.1	OK
2022-04-01 08:17:13,811 -INFO- blastn	2.10.0+	OK
2022-04-01 08:17:13,813 -INFO- check database rexdb
2022-04-01 08:17:13,813 -INFO- db path: /mnt/ufs18/home-115/teresisc/anaconda3/envs/EDTA/lib/python3.6/site-packages/TEsorter/database
2022-04-01 08:17:13,813 -INFO- db file: REXdb_protein_database_viridiplantae_v3.0_plus_metazoa_v3.hmm
2022-04-01 08:17:13,814 -INFO- REXdb_protein_database_viridiplantae_v3.0_plus_metazoa_v3.hmm	OK
2022-04-01 08:17:13,814 -INFO- Start classifying pipeline
2022-04-01 08:17:13,851 -INFO- total 2043 sequences
2022-04-01 08:17:13,852 -INFO- translating `Duke_NewNames.fasta.mod.RM.consensi.fa` in six frames
/mnt/home/teresisc/anaconda3/envs/EDTA/lib/python3.6/site-packages/Bio/Seq.py:2338: BiopythonWarning: Partial codon, len(sequence) not a multiple of three. Explicitly trim the sequence or add trailing N before translation. This may become an error in future.
  BiopythonWarning,
2022-04-01 08:17:17,373 -INFO- HMM scanning against `/mnt/ufs18/home-115/teresisc/anaconda3/envs/EDTA/lib/python3.6/site-packages/TEsorter/database/REXdb_protein_database_viridiplantae_v3.0_plus_metazoa_v3.hmm`
2022-04-01 08:17:17,497 -INFO- Creating server instance (pp-1.6.4.4)
2022-04-01 08:17:17,497 -INFO- Running on Python 3.6.12 linux
2022-04-01 08:17:19,124 -INFO- pp local server started with 24 workers
2022-04-01 08:17:19,145 -INFO- Task 0 started
2022-04-01 08:17:19,146 -INFO- Task 1 started
2022-04-01 08:17:19,146 -INFO- Task 2 started
2022-04-01 08:17:19,146 -INFO- Task 3 started
2022-04-01 08:17:19,146 -INFO- Task 4 started
2022-04-01 08:17:19,147 -INFO- Task 5 started
2022-04-01 08:17:19,147 -INFO- Task 6 started
2022-04-01 08:17:19,147 -INFO- Task 7 started
2022-04-01 08:17:19,147 -INFO- Task 8 started
2022-04-01 08:17:19,147 -INFO- Task 9 started
2022-04-01 08:17:19,148 -INFO- Task 10 started
2022-04-01 08:17:19,149 -INFO- Task 11 started
2022-04-01 08:17:19,149 -INFO- Task 12 started
2022-04-01 08:17:19,149 -INFO- Task 13 started
2022-04-01 08:17:19,150 -INFO- Task 14 started
2022-04-01 08:17:19,150 -INFO- Task 15 started
2022-04-01 08:17:19,150 -INFO- Task 16 started
2022-04-01 08:17:19,150 -INFO- Task 17 started
2022-04-01 08:17:19,151 -INFO- Task 18 started
2022-04-01 08:17:19,151 -INFO- Task 19 started
2022-04-01 08:17:19,151 -INFO- Task 20 started
2022-04-01 08:17:19,151 -INFO- Task 21 started
2022-04-01 08:17:19,152 -INFO- Task 22 started
2022-04-01 08:17:19,152 -INFO- Task 23 started
2022-04-01 08:18:36,711 -INFO- generating gene anntations
2022-04-01 08:18:36,832 -INFO- 68 sequences classified by HMM
2022-04-01 08:18:36,832 -INFO- see protein domain sequences in `Duke_NewNames.fasta.mod.RM.consensi.fa.rexdb.dom.faa` and annotation gff3 file in `Duke_NewNames.fasta.mod.RM.consensi.fa.rexdb.dom.gff3`
2022-04-01 08:18:36,832 -INFO- classifying the unclassified sequences by searching against the classified ones
2022-04-01 08:18:36,906 -INFO- using the 80-80-80 rule
2022-04-01 08:18:36,906 -INFO- run CMD: `makeblastdb -in ./tmp/pass1_classified.fa -dbtype nucl`
2022-04-01 08:18:37,050 -INFO- run CMD: `blastn -query ./tmp/pass1_unclassified.fa -db ./tmp/pass1_classified.fa -out ./tmp/pass1_unclassified.fa.blastout -outfmt '6 qseqid sseqid pident length mismatch gapopen qstart qend sstart send evalue bitscore qlen slen qcovs qcovhsp sstrand' -num_threads 24`
2022-04-01 08:18:37,679 -INFO- 0 sequences classified in pass 2
2022-04-01 08:18:37,679 -INFO- total 68 sequences classified.
2022-04-01 08:18:37,679 -INFO- see classified sequences in `Duke_NewNames.fasta.mod.RM.consensi.fa.rexdb.cls.tsv`
2022-04-01 08:18:37,679 -INFO- writing library for RepeatMasker in `Duke_NewNames.fasta.mod.RM.consensi.fa.rexdb.cls.lib`
2022-04-01 08:18:37,732 -INFO- writing classified protein domains in `Duke_NewNames.fasta.mod.RM.consensi.fa.rexdb.cls.pep`
2022-04-01 08:18:37,735 -INFO- Summary of classifications:
Order           Superfamily      # of Sequences# of Clade Sequences    # of Clades# of full Domains
LTR             Copia                         2              2              1              0
LTR             Gypsy                         6              6              3              0
pararetrovirus  unknown                       5              0              0              0
LINE            unknown                      38              0              0              0
TIR             EnSpm_CACTA                   3              0              0              0
TIR             MuDR_Mutator                  6              0              0              0
TIR             PIF_Harbinger                 2              0              0              0
TIR             hAT                           2              0              0              0
Helitron        unknown                       1              0              0              0
Maverick        unknown                       3              0              0              0
2022-04-01 08:18:37,735 -INFO- Pipeline done.
2022-04-01 08:18:37,735 -INFO- cleaning the temporary directory ./tmp
Fri Apr  1 08:41:06 EDT 2022	Clean up TE-related sequences in the CDS file with TEsorter:

2022-04-01 08:41:10,290 -WARNING- Grid computing is not available because DRMAA not configured properly: Could not find drmaa library.  Please specify its full path using the environment variable DRMAA_LIBRARY_PATH
2022-04-01 08:41:10,297 -INFO- VARS: {'sequence': 'Duke_CDS_NewNames.fasta.code', 'hmm_database': 'rexdb', 'seq_type': 'nucl', 'prefix': 'Duke_CDS_NewNames.fasta.code.rexdb', 'force_write_hmmscan': False, 'processors': 24, 'tmp_dir': './tmp', 'min_coverage': 20, 'max_evalue': 0.001, 'disable_pass2': False, 'pass2_rule': '80-80-80', 'no_library': False, 'no_reverse': False, 'no_cleanup': False, 'p2_identity': 80.0, 'p2_coverage': 80.0, 'p2_length': 80.0}
2022-04-01 08:41:10,297 -INFO- checking dependencies:
2022-04-01 08:41:10,327 -INFO- hmmer	3.3.1	OK
2022-04-01 08:41:10,377 -INFO- blastn	2.10.0+	OK
2022-04-01 08:41:10,380 -INFO- check database rexdb
2022-04-01 08:41:10,380 -INFO- db path: /mnt/ufs18/home-115/teresisc/anaconda3/envs/EDTA/lib/python3.6/site-packages/TEsorter/database
2022-04-01 08:41:10,380 -INFO- db file: REXdb_protein_database_viridiplantae_v3.0_plus_metazoa_v3.hmm
2022-04-01 08:41:10,380 -INFO- REXdb_protein_database_viridiplantae_v3.0_plus_metazoa_v3.hmm	OK
2022-04-01 08:41:10,380 -INFO- Start classifying pipeline
2022-04-01 08:41:11,119 -INFO- total 104345 sequences
2022-04-01 08:41:11,119 -INFO- translating `Duke_CDS_NewNames.fasta.code` in six frames
/mnt/home/teresisc/anaconda3/envs/EDTA/lib/python3.6/site-packages/Bio/Seq.py:2338: BiopythonWarning: Partial codon, len(sequence) not a multiple of three. Explicitly trim the sequence or add trailing N before translation. This may become an error in future.
  BiopythonWarning,
2022-04-01 08:43:06,420 -INFO- HMM scanning against `/mnt/ufs18/home-115/teresisc/anaconda3/envs/EDTA/lib/python3.6/site-packages/TEsorter/database/REXdb_protein_database_viridiplantae_v3.0_plus_metazoa_v3.hmm`
2022-04-01 08:43:11,565 -INFO- Creating server instance (pp-1.6.4.4)
2022-04-01 08:43:11,565 -INFO- Running on Python 3.6.12 linux
2022-04-01 08:43:13,086 -INFO- pp local server started with 24 workers
2022-04-01 08:43:13,106 -INFO- Task 0 started
2022-04-01 08:43:13,107 -INFO- Task 1 started
2022-04-01 08:43:13,107 -INFO- Task 2 started
2022-04-01 08:43:13,107 -INFO- Task 3 started
2022-04-01 08:43:13,108 -INFO- Task 4 started
2022-04-01 08:43:13,108 -INFO- Task 5 started
2022-04-01 08:43:13,108 -INFO- Task 6 started
2022-04-01 08:43:13,108 -INFO- Task 7 started
2022-04-01 08:43:13,109 -INFO- Task 8 started
2022-04-01 08:43:13,109 -INFO- Task 9 started
2022-04-01 08:43:13,109 -INFO- Task 10 started
2022-04-01 08:43:13,109 -INFO- Task 11 started
2022-04-01 08:43:13,110 -INFO- Task 12 started
2022-04-01 08:43:13,110 -INFO- Task 13 started
2022-04-01 08:43:13,110 -INFO- Task 14 started
2022-04-01 08:43:13,110 -INFO- Task 15 started
2022-04-01 08:43:13,111 -INFO- Task 16 started
2022-04-01 08:43:13,111 -INFO- Task 17 started
2022-04-01 08:43:13,111 -INFO- Task 18 started
2022-04-01 08:43:13,111 -INFO- Task 19 started
2022-04-01 08:43:13,111 -INFO- Task 20 started
2022-04-01 08:43:13,112 -INFO- Task 21 started
2022-04-01 08:43:13,112 -INFO- Task 22 started
2022-04-01 08:43:13,112 -INFO- Task 23 started
2022-04-01 09:48:55,529 -INFO- generating gene anntations
2022-04-01 09:49:01,500 -INFO- 1110 sequences classified by HMM
2022-04-01 09:49:01,500 -INFO- see protein domain sequences in `Duke_CDS_NewNames.fasta.code.rexdb.dom.faa` and annotation gff3 file in `Duke_CDS_NewNames.fasta.code.rexdb.dom.gff3`
2022-04-01 09:49:01,500 -INFO- classifying the unclassified sequences by searching against the classified ones
2022-04-01 09:49:04,430 -INFO- using the 80-80-80 rule
2022-04-01 09:49:04,431 -INFO- run CMD: `makeblastdb -in ./tmp/pass1_classified.fa -dbtype nucl`
2022-04-01 09:49:04,635 -INFO- run CMD: `blastn -query ./tmp/pass1_unclassified.fa -db ./tmp/pass1_classified.fa -out ./tmp/pass1_unclassified.fa.blastout -outfmt '6 qseqid sseqid pident length mismatch gapopen qstart qend sstart send evalue bitscore qlen slen qcovs qcovhsp sstrand' -num_threads 24`
2022-04-01 09:49:26,154 -INFO- 915 sequences classified in pass 2
2022-04-01 09:49:26,156 -INFO- total 2025 sequences classified.
2022-04-01 09:49:26,156 -INFO- see classified sequences in `Duke_CDS_NewNames.fasta.code.rexdb.cls.tsv`
2022-04-01 09:49:26,157 -INFO- writing library for RepeatMasker in `Duke_CDS_NewNames.fasta.code.rexdb.cls.lib`
2022-04-01 09:49:28,366 -INFO- writing classified protein domains in `Duke_CDS_NewNames.fasta.code.rexdb.cls.pep`
2022-04-01 09:49:28,404 -INFO- Summary of classifications:
Order           Superfamily      # of Sequences# of Clade Sequences    # of Clades# of full Domains
LTR             Bel-Pao                      14              0              0              0
LTR             Copia                       314            120             15              0
LTR             Gypsy                       325            156             16              0
LTR             Retrovirus                    7              0              0              0
LTR             mixture                       2              0              0              0
DIRS            unknown                       9              0              0              0
LINE            unknown                     230              0              0              0
TIR             EnSpm_CACTA                   6              0              0              0
TIR             Merlin                        2              0              0              0
TIR             MuDR_Mutator                191              0              0              0
TIR             PIF_Harbinger               146              0              0              0
TIR             Sola2                        48              0              0              0
TIR             Tc1_Mariner                  15              0              0              0
TIR             hAT                          80              0              0              0
Helitron        unknown                      93              0              0              0
Maverick        unknown                     540              0              0              0
mixture         mixture                       3              0              0              0
2022-04-01 09:49:28,406 -INFO- Pipeline done.
2022-04-01 09:49:28,406 -INFO- cleaning the temporary directory ./tmp
				Remove CDS-related sequences in the EDTA library:

polinton/NA not found in the TE_SO database, it will not be used to rename sequences in the final annotation.
pararetrovirus/NA not found in the TE_SO database, it will not be used to rename sequences in the final annotation.
pararetrovirus/NA not found in the TE_SO database, it will not be used to rename sequences in the final annotation.
Fri Apr  1 11:57:11 EDT 2022	EDTA final stage finished! You may check out:
				The final EDTA TE library: Duke_NewNames.fasta.mod.EDTA.TElib.fa
Copying the library file and tar gz-ing the annotation folder
tar: Removing leading `/' from member names
Time taken: 344222
