amr-108
My Task ID: 1
Brigitta_Blue
Declaring output paths and running EDTA

########################################################
##### Extensive de-novo TE Annotator (EDTA) v2.0.0  ####
##### Shujun Ou (shujun.ou.1@gmail.com)             ####
########################################################



Mon Mar 28 13:15:32 EDT 2022	Dependency checking:
				All passed!

	A CDS file /mnt/research/edgerpat_lab/Scotty/Blueberry_Pangenome_TE_Analysis/results/Blueberry/Brigitta_Blue/Brigitta_Blue_CDS_NewNames.fasta is provided via --cds. Please make sure this is the DNA sequence of coding regions only.

Mon Mar 28 13:16:27 EDT 2022	Obtain raw TE libraries using various structure-based programs: 
Mon Mar 28 13:16:27 EDT 2022	EDTA_raw: Check dependencies, prepare working directories.

Mon Mar 28 13:16:44 EDT 2022	Start to find LTR candidates.

Mon Mar 28 13:16:44 EDT 2022	Identify LTR retrotransposon candidates from scratch.

Mon Mar 28 14:09:21 EDT 2022	Finish finding LTR candidates.

Mon Mar 28 14:09:21 EDT 2022	Start to find TIR candidates.

Mon Mar 28 14:09:21 EDT 2022	Identify TIR candidates from scratch.

Species: others
Tue Mar 29 02:40:25 EDT 2022	Finish finding TIR candidates.

Tue Mar 29 02:40:25 EDT 2022	Start to find Helitron candidates.

Tue Mar 29 02:40:25 EDT 2022	Identify Helitron candidates from scratch.

Tue Mar 29 13:21:13 EDT 2022	Finish finding Helitron candidates.

Tue Mar 29 13:21:13 EDT 2022	Execution of EDTA_raw.pl is finished!

Tue Mar 29 13:21:14 EDT 2022	Obtain raw TE libraries finished.
				All intact TEs found by EDTA: 
					Brigitta_Blue_NewNames.fasta.mod.EDTA.intact.fa
					Brigitta_Blue_NewNames.fasta.mod.EDTA.intact.gff3

Tue Mar 29 13:21:14 EDT 2022	Perform EDTA advance filtering for raw TE candidates and generate the stage 1 library: 

Tue Mar 29 14:59:10 EDT 2022	EDTA advance filtering finished.

Tue Mar 29 14:59:10 EDT 2022	Perform EDTA final steps to generate a non-redundant comprehensive TE library:

				Use RepeatModeler to identify any remaining TEs that are missed by structure-based methods.

2022-04-01 07:50:05,254 -WARNING- Grid computing is not available because DRMAA not configured properly: Could not find drmaa library.  Please specify its full path using the environment variable DRMAA_LIBRARY_PATH
2022-04-01 07:50:05,297 -INFO- VARS: {'sequence': 'Brigitta_Blue_NewNames.fasta.mod.RM.consensi.fa', 'hmm_database': 'rexdb', 'seq_type': 'nucl', 'prefix': 'Brigitta_Blue_NewNames.fasta.mod.RM.consensi.fa.rexdb', 'force_write_hmmscan': False, 'processors': 24, 'tmp_dir': './tmp', 'min_coverage': 20, 'max_evalue': 0.001, 'disable_pass2': False, 'pass2_rule': '80-80-80', 'no_library': False, 'no_reverse': False, 'no_cleanup': False, 'p2_identity': 80.0, 'p2_coverage': 80.0, 'p2_length': 80.0}
2022-04-01 07:50:05,297 -INFO- checking dependencies:
2022-04-01 07:50:05,379 -INFO- hmmer	3.3.1	OK
2022-04-01 07:50:05,437 -INFO- blastn	2.10.0+	OK
2022-04-01 07:50:05,439 -INFO- check database rexdb
2022-04-01 07:50:05,440 -INFO- db path: /mnt/ufs18/home-115/teresisc/anaconda3/envs/EDTA/lib/python3.6/site-packages/TEsorter/database
2022-04-01 07:50:05,440 -INFO- db file: REXdb_protein_database_viridiplantae_v3.0_plus_metazoa_v3.hmm
2022-04-01 07:50:05,440 -INFO- REXdb_protein_database_viridiplantae_v3.0_plus_metazoa_v3.hmm	OK
2022-04-01 07:50:05,440 -INFO- Start classifying pipeline
2022-04-01 07:50:05,664 -INFO- total 2137 sequences
2022-04-01 07:50:05,664 -INFO- translating `Brigitta_Blue_NewNames.fasta.mod.RM.consensi.fa` in six frames
/mnt/home/teresisc/anaconda3/envs/EDTA/lib/python3.6/site-packages/Bio/Seq.py:2338: BiopythonWarning: Partial codon, len(sequence) not a multiple of three. Explicitly trim the sequence or add trailing N before translation. This may become an error in future.
  BiopythonWarning,
2022-04-01 07:50:09,345 -INFO- HMM scanning against `/mnt/ufs18/home-115/teresisc/anaconda3/envs/EDTA/lib/python3.6/site-packages/TEsorter/database/REXdb_protein_database_viridiplantae_v3.0_plus_metazoa_v3.hmm`
2022-04-01 07:50:09,475 -INFO- Creating server instance (pp-1.6.4.4)
2022-04-01 07:50:09,475 -INFO- Running on Python 3.6.12 linux
2022-04-01 07:50:11,208 -INFO- pp local server started with 24 workers
2022-04-01 07:50:11,297 -INFO- Task 0 started
2022-04-01 07:50:11,298 -INFO- Task 1 started
2022-04-01 07:50:11,298 -INFO- Task 2 started
2022-04-01 07:50:11,298 -INFO- Task 3 started
2022-04-01 07:50:11,298 -INFO- Task 4 started
2022-04-01 07:50:11,299 -INFO- Task 5 started
2022-04-01 07:50:11,299 -INFO- Task 6 started
2022-04-01 07:50:11,301 -INFO- Task 18 started
2022-04-01 07:50:11,299 -INFO- Task 8 started
2022-04-01 07:50:11,299 -INFO- Task 9 started
2022-04-01 07:50:11,300 -INFO- Task 10 started
2022-04-01 07:50:11,300 -INFO- Task 11 started
2022-04-01 07:50:11,300 -INFO- Task 12 started
2022-04-01 07:50:11,300 -INFO- Task 13 started
2022-04-01 07:50:11,300 -INFO- Task 14 started
2022-04-01 07:50:11,301 -INFO- Task 15 started
2022-04-01 07:50:11,301 -INFO- Task 16 started
2022-04-01 07:50:11,301 -INFO- Task 17 started
2022-04-01 07:50:11,299 -INFO- Task 7 started
2022-04-01 07:50:11,302 -INFO- Task 19 started
2022-04-01 07:50:11,302 -INFO- Task 20 started
2022-04-01 07:50:11,302 -INFO- Task 21 started
2022-04-01 07:50:11,302 -INFO- Task 22 started
2022-04-01 07:50:11,302 -INFO- Task 23 started
2022-04-01 07:53:17,164 -INFO- generating gene anntations
2022-04-01 07:53:17,289 -INFO- 75 sequences classified by HMM
2022-04-01 07:53:17,289 -INFO- see protein domain sequences in `Brigitta_Blue_NewNames.fasta.mod.RM.consensi.fa.rexdb.dom.faa` and annotation gff3 file in `Brigitta_Blue_NewNames.fasta.mod.RM.consensi.fa.rexdb.dom.gff3`
2022-04-01 07:53:17,289 -INFO- classifying the unclassified sequences by searching against the classified ones
2022-04-01 07:53:17,365 -INFO- using the 80-80-80 rule
2022-04-01 07:53:17,365 -INFO- run CMD: `makeblastdb -in ./tmp/pass1_classified.fa -dbtype nucl`
2022-04-01 07:53:17,551 -INFO- run CMD: `blastn -query ./tmp/pass1_unclassified.fa -db ./tmp/pass1_classified.fa -out ./tmp/pass1_unclassified.fa.blastout -outfmt '6 qseqid sseqid pident length mismatch gapopen qstart qend sstart send evalue bitscore qlen slen qcovs qcovhsp sstrand' -num_threads 24`
2022-04-01 07:53:18,188 -INFO- 0 sequences classified in pass 2
2022-04-01 07:53:18,188 -INFO- total 75 sequences classified.
2022-04-01 07:53:18,188 -INFO- see classified sequences in `Brigitta_Blue_NewNames.fasta.mod.RM.consensi.fa.rexdb.cls.tsv`
2022-04-01 07:53:18,188 -INFO- writing library for RepeatMasker in `Brigitta_Blue_NewNames.fasta.mod.RM.consensi.fa.rexdb.cls.lib`
2022-04-01 07:53:18,244 -INFO- writing classified protein domains in `Brigitta_Blue_NewNames.fasta.mod.RM.consensi.fa.rexdb.cls.pep`
2022-04-01 07:53:18,247 -INFO- Summary of classifications:
Order           Superfamily      # of Sequences# of Clade Sequences    # of Clades# of full Domains
LTR             Copia                         3              3              3              0
LTR             Gypsy                        14             13              7              0
pararetrovirus  unknown                       3              0              0              0
LINE            unknown                      37              0              0              0
TIR             EnSpm_CACTA                   1              0              0              0
TIR             MuDR_Mutator                  6              0              0              0
TIR             PIF_Harbinger                 5              0              0              0
TIR             hAT                           2              0              0              0
Helitron        unknown                       3              0              0              0
Maverick        unknown                       1              0              0              0
2022-04-01 07:53:18,247 -INFO- Pipeline done.
2022-04-01 07:53:18,247 -INFO- cleaning the temporary directory ./tmp
Fri Apr  1 08:12:05 EDT 2022	Clean up TE-related sequences in the CDS file with TEsorter:

2022-04-01 08:12:07,942 -WARNING- Grid computing is not available because DRMAA not configured properly: Could not find drmaa library.  Please specify its full path using the environment variable DRMAA_LIBRARY_PATH
2022-04-01 08:12:07,947 -INFO- VARS: {'sequence': 'Brigitta_Blue_CDS_NewNames.fasta.code', 'hmm_database': 'rexdb', 'seq_type': 'nucl', 'prefix': 'Brigitta_Blue_CDS_NewNames.fasta.code.rexdb', 'force_write_hmmscan': False, 'processors': 24, 'tmp_dir': './tmp', 'min_coverage': 20, 'max_evalue': 0.001, 'disable_pass2': False, 'pass2_rule': '80-80-80', 'no_library': False, 'no_reverse': False, 'no_cleanup': False, 'p2_identity': 80.0, 'p2_coverage': 80.0, 'p2_length': 80.0}
2022-04-01 08:12:07,947 -INFO- checking dependencies:
2022-04-01 08:12:07,960 -INFO- hmmer	3.3.1	OK
2022-04-01 08:12:08,014 -INFO- blastn	2.10.0+	OK
2022-04-01 08:12:08,016 -INFO- check database rexdb
2022-04-01 08:12:08,016 -INFO- db path: /mnt/ufs18/home-115/teresisc/anaconda3/envs/EDTA/lib/python3.6/site-packages/TEsorter/database
2022-04-01 08:12:08,016 -INFO- db file: REXdb_protein_database_viridiplantae_v3.0_plus_metazoa_v3.hmm
2022-04-01 08:12:08,017 -INFO- REXdb_protein_database_viridiplantae_v3.0_plus_metazoa_v3.hmm	OK
2022-04-01 08:12:08,017 -INFO- Start classifying pipeline
2022-04-01 08:12:08,701 -INFO- total 104907 sequences
2022-04-01 08:12:08,702 -INFO- translating `Brigitta_Blue_CDS_NewNames.fasta.code` in six frames
/mnt/home/teresisc/anaconda3/envs/EDTA/lib/python3.6/site-packages/Bio/Seq.py:2338: BiopythonWarning: Partial codon, len(sequence) not a multiple of three. Explicitly trim the sequence or add trailing N before translation. This may become an error in future.
  BiopythonWarning,
2022-04-01 08:14:13,908 -INFO- HMM scanning against `/mnt/ufs18/home-115/teresisc/anaconda3/envs/EDTA/lib/python3.6/site-packages/TEsorter/database/REXdb_protein_database_viridiplantae_v3.0_plus_metazoa_v3.hmm`
2022-04-01 08:14:19,136 -INFO- Creating server instance (pp-1.6.4.4)
2022-04-01 08:14:19,136 -INFO- Running on Python 3.6.12 linux
2022-04-01 08:14:20,735 -INFO- pp local server started with 24 workers
2022-04-01 08:14:20,755 -INFO- Task 0 started
2022-04-01 08:14:20,756 -INFO- Task 1 started
2022-04-01 08:14:20,756 -INFO- Task 2 started
2022-04-01 08:14:20,756 -INFO- Task 3 started
2022-04-01 08:14:20,756 -INFO- Task 4 started
2022-04-01 08:14:20,756 -INFO- Task 5 started
2022-04-01 08:14:20,757 -INFO- Task 6 started
2022-04-01 08:14:20,757 -INFO- Task 7 started
2022-04-01 08:14:20,757 -INFO- Task 8 started
2022-04-01 08:14:20,757 -INFO- Task 9 started
2022-04-01 08:14:20,758 -INFO- Task 10 started
2022-04-01 08:14:20,758 -INFO- Task 11 started
2022-04-01 08:14:20,758 -INFO- Task 12 started
2022-04-01 08:14:20,758 -INFO- Task 13 started
2022-04-01 08:14:20,758 -INFO- Task 14 started
2022-04-01 08:14:20,759 -INFO- Task 15 started
2022-04-01 08:14:20,759 -INFO- Task 16 started
2022-04-01 08:14:20,759 -INFO- Task 17 started
2022-04-01 08:14:20,759 -INFO- Task 18 started
2022-04-01 08:14:20,760 -INFO- Task 19 started
2022-04-01 08:14:20,760 -INFO- Task 20 started
2022-04-01 08:14:20,760 -INFO- Task 21 started
2022-04-01 08:14:20,760 -INFO- Task 22 started
2022-04-01 08:14:20,761 -INFO- Task 23 started
2022-04-01 09:22:02,712 -INFO- generating gene anntations
2022-04-01 09:22:08,872 -INFO- 1053 sequences classified by HMM
2022-04-01 09:22:08,873 -INFO- see protein domain sequences in `Brigitta_Blue_CDS_NewNames.fasta.code.rexdb.dom.faa` and annotation gff3 file in `Brigitta_Blue_CDS_NewNames.fasta.code.rexdb.dom.gff3`
2022-04-01 09:22:08,873 -INFO- classifying the unclassified sequences by searching against the classified ones
2022-04-01 09:22:11,757 -INFO- using the 80-80-80 rule
2022-04-01 09:22:11,757 -INFO- run CMD: `makeblastdb -in ./tmp/pass1_classified.fa -dbtype nucl`
2022-04-01 09:22:11,953 -INFO- run CMD: `blastn -query ./tmp/pass1_unclassified.fa -db ./tmp/pass1_classified.fa -out ./tmp/pass1_unclassified.fa.blastout -outfmt '6 qseqid sseqid pident length mismatch gapopen qstart qend sstart send evalue bitscore qlen slen qcovs qcovhsp sstrand' -num_threads 24`
2022-04-01 09:22:32,779 -INFO- 940 sequences classified in pass 2
2022-04-01 09:22:32,782 -INFO- total 1993 sequences classified.
2022-04-01 09:22:32,782 -INFO- see classified sequences in `Brigitta_Blue_CDS_NewNames.fasta.code.rexdb.cls.tsv`
2022-04-01 09:22:32,782 -INFO- writing library for RepeatMasker in `Brigitta_Blue_CDS_NewNames.fasta.code.rexdb.cls.lib`
2022-04-01 09:22:35,027 -INFO- writing classified protein domains in `Brigitta_Blue_CDS_NewNames.fasta.code.rexdb.cls.pep`
2022-04-01 09:22:35,055 -INFO- Summary of classifications:
Order           Superfamily      # of Sequences# of Clade Sequences    # of Clades# of full Domains
LTR             Bel-Pao                      21              0              0              0
LTR             Copia                       292            113             16              0
LTR             Gypsy                       352            154             16              0
LTR             Retrovirus                    7              0              0              0
pararetrovirus  unknown                       1              0              0              0
DIRS            unknown                       2              0              0              0
LINE            unknown                     206              0              0              0
TIR             EnSpm_CACTA                   1              0              0              0
TIR             MuDR_Mutator                275              0              0              0
TIR             PIF_Harbinger               170              0              0              0
TIR             Tc1_Mariner                   3              0              0              0
TIR             hAT                          64              0              0              0
Helitron        unknown                      64              0              0              0
Maverick        unknown                     535              0              0              0
2022-04-01 09:22:35,057 -INFO- Pipeline done.
2022-04-01 09:22:35,057 -INFO- cleaning the temporary directory ./tmp
				Remove CDS-related sequences in the EDTA library:

Fri Apr  1 10:48:00 EDT 2022	EDTA final stage finished! You may check out:
				The final EDTA TE library: Brigitta_Blue_NewNames.fasta.mod.EDTA.TElib.fa
Copying the library file and tar gz-ing the annotation folder
tar: Removing leading `/' from member names
Time taken: 339806
