amr-109
My Task ID: 11
Meadowlark
Declaring output paths and running EDTA

########################################################
##### Extensive de-novo TE Annotator (EDTA) v2.0.0  ####
##### Shujun Ou (shujun.ou.1@gmail.com)             ####
########################################################



Fri Apr  1 12:52:54 EDT 2022	Dependency checking:
				All passed!

	A CDS file /mnt/research/edgerpat_lab/Scotty/Blueberry_Pangenome_TE_Analysis/results/Blueberry/Meadowlark/Meadowlark_CDS_NewNames.fasta is provided via --cds. Please make sure this is the DNA sequence of coding regions only.

Fri Apr  1 12:53:52 EDT 2022	Obtain raw TE libraries using various structure-based programs: 
Fri Apr  1 12:53:53 EDT 2022	EDTA_raw: Check dependencies, prepare working directories.

Fri Apr  1 12:54:11 EDT 2022	Start to find LTR candidates.

Fri Apr  1 12:54:11 EDT 2022	Identify LTR retrotransposon candidates from scratch.

Fri Apr  1 20:06:14 EDT 2022	Finish finding LTR candidates.

Fri Apr  1 20:06:14 EDT 2022	Start to find TIR candidates.

Fri Apr  1 20:06:14 EDT 2022	Identify TIR candidates from scratch.

Species: others
Sat Apr  2 11:19:41 EDT 2022	Finish finding TIR candidates.

Sat Apr  2 11:19:41 EDT 2022	Start to find Helitron candidates.

Sat Apr  2 11:19:41 EDT 2022	Identify Helitron candidates from scratch.

Sat Apr  2 23:09:47 EDT 2022	Finish finding Helitron candidates.

Sat Apr  2 23:09:47 EDT 2022	Execution of EDTA_raw.pl is finished!

Sat Apr  2 23:09:48 EDT 2022	Obtain raw TE libraries finished.
				All intact TEs found by EDTA: 
					Meadowlark_NewNames.fasta.mod.EDTA.intact.fa
					Meadowlark_NewNames.fasta.mod.EDTA.intact.gff3

Sat Apr  2 23:09:48 EDT 2022	Perform EDTA advance filtering for raw TE candidates and generate the stage 1 library: 

Sun Apr  3 00:38:16 EDT 2022	EDTA advance filtering finished.

Sun Apr  3 00:38:16 EDT 2022	Perform EDTA final steps to generate a non-redundant comprehensive TE library:

				Use RepeatModeler to identify any remaining TEs that are missed by structure-based methods.

2022-04-06 00:45:26,865 -WARNING- Grid computing is not available because DRMAA not configured properly: Could not find drmaa library.  Please specify its full path using the environment variable DRMAA_LIBRARY_PATH
2022-04-06 00:45:26,956 -INFO- VARS: {'sequence': 'Meadowlark_NewNames.fasta.mod.RM.consensi.fa', 'hmm_database': 'rexdb', 'seq_type': 'nucl', 'prefix': 'Meadowlark_NewNames.fasta.mod.RM.consensi.fa.rexdb', 'force_write_hmmscan': False, 'processors': 24, 'tmp_dir': './tmp', 'min_coverage': 20, 'max_evalue': 0.001, 'disable_pass2': False, 'pass2_rule': '80-80-80', 'no_library': False, 'no_reverse': False, 'no_cleanup': False, 'p2_identity': 80.0, 'p2_coverage': 80.0, 'p2_length': 80.0}
2022-04-06 00:45:26,956 -INFO- checking dependencies:
2022-04-06 00:45:27,030 -INFO- hmmer	3.3.1	OK
2022-04-06 00:45:27,093 -INFO- blastn	2.10.0+	OK
2022-04-06 00:45:27,096 -INFO- check database rexdb
2022-04-06 00:45:27,096 -INFO- db path: /mnt/ufs18/home-115/teresisc/anaconda3/envs/EDTA/lib/python3.6/site-packages/TEsorter/database
2022-04-06 00:45:27,096 -INFO- db file: REXdb_protein_database_viridiplantae_v3.0_plus_metazoa_v3.hmm
2022-04-06 00:45:27,097 -INFO- REXdb_protein_database_viridiplantae_v3.0_plus_metazoa_v3.hmm	OK
2022-04-06 00:45:27,097 -INFO- Start classifying pipeline
2022-04-06 00:45:27,194 -INFO- total 2050 sequences
2022-04-06 00:45:27,195 -INFO- translating `Meadowlark_NewNames.fasta.mod.RM.consensi.fa` in six frames
/mnt/home/teresisc/anaconda3/envs/EDTA/lib/python3.6/site-packages/Bio/Seq.py:2338: BiopythonWarning: Partial codon, len(sequence) not a multiple of three. Explicitly trim the sequence or add trailing N before translation. This may become an error in future.
  BiopythonWarning,
2022-04-06 00:45:30,818 -INFO- HMM scanning against `/mnt/ufs18/home-115/teresisc/anaconda3/envs/EDTA/lib/python3.6/site-packages/TEsorter/database/REXdb_protein_database_viridiplantae_v3.0_plus_metazoa_v3.hmm`
2022-04-06 00:45:30,944 -INFO- Creating server instance (pp-1.6.4.4)
2022-04-06 00:45:30,945 -INFO- Running on Python 3.6.12 linux
2022-04-06 00:45:32,614 -INFO- pp local server started with 24 workers
2022-04-06 00:45:32,680 -INFO- Task 0 started
2022-04-06 00:45:32,681 -INFO- Task 1 started
2022-04-06 00:45:32,682 -INFO- Task 2 started
2022-04-06 00:45:32,682 -INFO- Task 3 started
2022-04-06 00:45:32,682 -INFO- Task 4 started
2022-04-06 00:45:32,682 -INFO- Task 5 started
2022-04-06 00:45:32,682 -INFO- Task 6 started
2022-04-06 00:45:32,683 -INFO- Task 7 started
2022-04-06 00:45:32,683 -INFO- Task 8 started
2022-04-06 00:45:32,683 -INFO- Task 9 started
2022-04-06 00:45:32,683 -INFO- Task 10 started
2022-04-06 00:45:32,684 -INFO- Task 11 started
2022-04-06 00:45:32,684 -INFO- Task 12 started
2022-04-06 00:45:32,684 -INFO- Task 13 started
2022-04-06 00:45:32,685 -INFO- Task 14 started
2022-04-06 00:45:32,685 -INFO- Task 15 started
2022-04-06 00:45:32,686 -INFO- Task 16 started
2022-04-06 00:45:32,686 -INFO- Task 17 started
2022-04-06 00:45:32,686 -INFO- Task 18 started
2022-04-06 00:45:32,687 -INFO- Task 19 started
2022-04-06 00:45:32,687 -INFO- Task 20 started
2022-04-06 00:45:32,687 -INFO- Task 21 started
2022-04-06 00:45:32,687 -INFO- Task 22 started
2022-04-06 00:45:32,688 -INFO- Task 23 started
2022-04-06 00:46:53,254 -INFO- generating gene anntations
2022-04-06 00:46:53,380 -INFO- 72 sequences classified by HMM
2022-04-06 00:46:53,380 -INFO- see protein domain sequences in `Meadowlark_NewNames.fasta.mod.RM.consensi.fa.rexdb.dom.faa` and annotation gff3 file in `Meadowlark_NewNames.fasta.mod.RM.consensi.fa.rexdb.dom.gff3`
2022-04-06 00:46:53,380 -INFO- classifying the unclassified sequences by searching against the classified ones
2022-04-06 00:46:53,503 -INFO- using the 80-80-80 rule
2022-04-06 00:46:53,503 -INFO- run CMD: `makeblastdb -in ./tmp/pass1_classified.fa -dbtype nucl`
2022-04-06 00:46:53,668 -INFO- run CMD: `blastn -query ./tmp/pass1_unclassified.fa -db ./tmp/pass1_classified.fa -out ./tmp/pass1_unclassified.fa.blastout -outfmt '6 qseqid sseqid pident length mismatch gapopen qstart qend sstart send evalue bitscore qlen slen qcovs qcovhsp sstrand' -num_threads 24`
2022-04-06 00:46:54,351 -INFO- 1 sequences classified in pass 2
2022-04-06 00:46:54,351 -INFO- total 73 sequences classified.
2022-04-06 00:46:54,351 -INFO- see classified sequences in `Meadowlark_NewNames.fasta.mod.RM.consensi.fa.rexdb.cls.tsv`
2022-04-06 00:46:54,351 -INFO- writing library for RepeatMasker in `Meadowlark_NewNames.fasta.mod.RM.consensi.fa.rexdb.cls.lib`
2022-04-06 00:46:54,407 -INFO- writing classified protein domains in `Meadowlark_NewNames.fasta.mod.RM.consensi.fa.rexdb.cls.pep`
2022-04-06 00:46:54,410 -INFO- Summary of classifications:
Order           Superfamily      # of Sequences# of Clade Sequences    # of Clades# of full Domains
LTR             Copia                         2              2              2              0
LTR             Gypsy                         6              6              3              0
pararetrovirus  unknown                       1              0              0              0
LINE            unknown                      38              0              0              0
TIR             EnSpm_CACTA                   4              0              0              0
TIR             MuDR_Mutator                 10              0              0              0
TIR             PIF_Harbinger                 5              0              0              0
TIR             hAT                           3              0              0              0
Helitron        unknown                       4              0              0              0
2022-04-06 00:46:54,410 -INFO- Pipeline done.
2022-04-06 00:46:54,410 -INFO- cleaning the temporary directory ./tmp
Wed Apr  6 01:11:54 EDT 2022	Clean up TE-related sequences in the CDS file with TEsorter:

2022-04-06 01:11:59,117 -WARNING- Grid computing is not available because DRMAA not configured properly: Could not find drmaa library.  Please specify its full path using the environment variable DRMAA_LIBRARY_PATH
2022-04-06 01:11:59,122 -INFO- VARS: {'sequence': 'Meadowlark_CDS_NewNames.fasta.code', 'hmm_database': 'rexdb', 'seq_type': 'nucl', 'prefix': 'Meadowlark_CDS_NewNames.fasta.code.rexdb', 'force_write_hmmscan': False, 'processors': 24, 'tmp_dir': './tmp', 'min_coverage': 20, 'max_evalue': 0.001, 'disable_pass2': False, 'pass2_rule': '80-80-80', 'no_library': False, 'no_reverse': False, 'no_cleanup': False, 'p2_identity': 80.0, 'p2_coverage': 80.0, 'p2_length': 80.0}
2022-04-06 01:11:59,122 -INFO- checking dependencies:
2022-04-06 01:11:59,135 -INFO- hmmer	3.3.1	OK
2022-04-06 01:11:59,191 -INFO- blastn	2.10.0+	OK
2022-04-06 01:11:59,193 -INFO- check database rexdb
2022-04-06 01:11:59,193 -INFO- db path: /mnt/ufs18/home-115/teresisc/anaconda3/envs/EDTA/lib/python3.6/site-packages/TEsorter/database
2022-04-06 01:11:59,193 -INFO- db file: REXdb_protein_database_viridiplantae_v3.0_plus_metazoa_v3.hmm
2022-04-06 01:11:59,194 -INFO- REXdb_protein_database_viridiplantae_v3.0_plus_metazoa_v3.hmm	OK
2022-04-06 01:11:59,194 -INFO- Start classifying pipeline
2022-04-06 01:11:59,924 -INFO- total 105959 sequences
2022-04-06 01:11:59,924 -INFO- translating `Meadowlark_CDS_NewNames.fasta.code` in six frames
/mnt/home/teresisc/anaconda3/envs/EDTA/lib/python3.6/site-packages/Bio/Seq.py:2338: BiopythonWarning: Partial codon, len(sequence) not a multiple of three. Explicitly trim the sequence or add trailing N before translation. This may become an error in future.
  BiopythonWarning,
2022-04-06 01:14:06,063 -INFO- HMM scanning against `/mnt/ufs18/home-115/teresisc/anaconda3/envs/EDTA/lib/python3.6/site-packages/TEsorter/database/REXdb_protein_database_viridiplantae_v3.0_plus_metazoa_v3.hmm`
2022-04-06 01:14:11,389 -INFO- Creating server instance (pp-1.6.4.4)
2022-04-06 01:14:11,389 -INFO- Running on Python 3.6.12 linux
2022-04-06 01:14:12,963 -INFO- pp local server started with 24 workers
2022-04-06 01:14:12,998 -INFO- Task 0 started
2022-04-06 01:14:12,999 -INFO- Task 1 started
2022-04-06 01:14:13,000 -INFO- Task 2 started
2022-04-06 01:14:13,000 -INFO- Task 3 started
2022-04-06 01:14:13,001 -INFO- Task 4 started
2022-04-06 01:14:13,001 -INFO- Task 5 started
2022-04-06 01:14:13,001 -INFO- Task 6 started
2022-04-06 01:14:13,001 -INFO- Task 7 started
2022-04-06 01:14:13,002 -INFO- Task 8 started
2022-04-06 01:14:13,002 -INFO- Task 9 started
2022-04-06 01:14:13,003 -INFO- Task 10 started
2022-04-06 01:14:13,003 -INFO- Task 11 started
2022-04-06 01:14:13,004 -INFO- Task 12 started
2022-04-06 01:14:13,004 -INFO- Task 13 started
2022-04-06 01:14:13,004 -INFO- Task 14 started
2022-04-06 01:14:13,005 -INFO- Task 15 started
2022-04-06 01:14:13,006 -INFO- Task 16 started
2022-04-06 01:14:13,006 -INFO- Task 17 started
2022-04-06 01:14:13,006 -INFO- Task 18 started
2022-04-06 01:14:13,007 -INFO- Task 19 started
2022-04-06 01:14:13,007 -INFO- Task 20 started
2022-04-06 01:14:13,007 -INFO- Task 21 started
2022-04-06 01:14:13,008 -INFO- Task 22 started
2022-04-06 01:14:13,008 -INFO- Task 23 started
2022-04-06 02:18:02,023 -INFO- generating gene anntations
2022-04-06 02:18:08,216 -INFO- 1159 sequences classified by HMM
2022-04-06 02:18:08,216 -INFO- see protein domain sequences in `Meadowlark_CDS_NewNames.fasta.code.rexdb.dom.faa` and annotation gff3 file in `Meadowlark_CDS_NewNames.fasta.code.rexdb.dom.gff3`
2022-04-06 02:18:08,216 -INFO- classifying the unclassified sequences by searching against the classified ones
2022-04-06 02:18:11,285 -INFO- using the 80-80-80 rule
2022-04-06 02:18:11,286 -INFO- run CMD: `makeblastdb -in ./tmp/pass1_classified.fa -dbtype nucl`
2022-04-06 02:18:11,565 -INFO- run CMD: `blastn -query ./tmp/pass1_unclassified.fa -db ./tmp/pass1_classified.fa -out ./tmp/pass1_unclassified.fa.blastout -outfmt '6 qseqid sseqid pident length mismatch gapopen qstart qend sstart send evalue bitscore qlen slen qcovs qcovhsp sstrand' -num_threads 24`
2022-04-06 02:18:34,074 -INFO- 1014 sequences classified in pass 2
2022-04-06 02:18:34,076 -INFO- total 2173 sequences classified.
2022-04-06 02:18:34,076 -INFO- see classified sequences in `Meadowlark_CDS_NewNames.fasta.code.rexdb.cls.tsv`
2022-04-06 02:18:34,076 -INFO- writing library for RepeatMasker in `Meadowlark_CDS_NewNames.fasta.code.rexdb.cls.lib`
2022-04-06 02:18:36,380 -INFO- writing classified protein domains in `Meadowlark_CDS_NewNames.fasta.code.rexdb.cls.pep`
2022-04-06 02:18:36,409 -INFO- Summary of classifications:
Order           Superfamily      # of Sequences# of Clade Sequences    # of Clades# of full Domains
LTR             Bel-Pao                      30              0              0              0
LTR             Copia                       345            120             16              0
LTR             Gypsy                       414            167             17              0
LTR             Retrovirus                   35              0              0              0
LTR             mixture                       2              0              0              0
pararetrovirus  unknown                      14              0              0              0
Penelope        unknown                       4              0              0              0
LINE            unknown                     236              0              0              0
TIR             EnSpm_CACTA                   3              0              0              0
TIR             MuDR_Mutator                180              0              0              0
TIR             PIF_Harbinger               185              0              0              0
TIR             Sola2                        45              0              0              0
TIR             Tc1_Mariner                   1              0              0              0
TIR             hAT                          84              0              0              0
Helitron        unknown                      58              0              0              0
Maverick        unknown                     527              0              0              0
mixture         mixture                      10              0              0              0
2022-04-06 02:18:36,410 -INFO- Pipeline done.
2022-04-06 02:18:36,410 -INFO- cleaning the temporary directory ./tmp
				Remove CDS-related sequences in the EDTA library:

Wed Apr  6 04:29:23 EDT 2022	EDTA final stage finished! You may check out:
				The final EDTA TE library: Meadowlark_NewNames.fasta.mod.EDTA.TElib.fa
Copying the library file and tar gz-ing the annotation folder
tar: Removing leading `/' from member names
Time taken: 405074
