amr-108
My Task ID: 2
Chandler
Declaring output paths and running EDTA

########################################################
##### Extensive de-novo TE Annotator (EDTA) v2.0.0  ####
##### Shujun Ou (shujun.ou.1@gmail.com)             ####
########################################################



Mon Mar 28 13:15:32 EDT 2022	Dependency checking:
				All passed!

	A CDS file /mnt/research/edgerpat_lab/Scotty/Blueberry_Pangenome_TE_Analysis/results/Blueberry/Chandler/Chandler_CDS_NewNames.fasta is provided via --cds. Please make sure this is the DNA sequence of coding regions only.

Mon Mar 28 13:16:26 EDT 2022	Obtain raw TE libraries using various structure-based programs: 
Mon Mar 28 13:16:26 EDT 2022	EDTA_raw: Check dependencies, prepare working directories.

Mon Mar 28 13:16:42 EDT 2022	Start to find LTR candidates.

Mon Mar 28 13:16:42 EDT 2022	Identify LTR retrotransposon candidates from scratch.

Mon Mar 28 14:08:43 EDT 2022	Finish finding LTR candidates.

Mon Mar 28 14:08:43 EDT 2022	Start to find TIR candidates.

Mon Mar 28 14:08:43 EDT 2022	Identify TIR candidates from scratch.

Species: others
Tue Mar 29 02:28:25 EDT 2022	Finish finding TIR candidates.

Tue Mar 29 02:28:25 EDT 2022	Start to find Helitron candidates.

Tue Mar 29 02:28:25 EDT 2022	Identify Helitron candidates from scratch.

Tue Mar 29 13:02:26 EDT 2022	Finish finding Helitron candidates.

Tue Mar 29 13:02:26 EDT 2022	Execution of EDTA_raw.pl is finished!

Tue Mar 29 13:02:27 EDT 2022	Obtain raw TE libraries finished.
				All intact TEs found by EDTA: 
					Chandler_NewNames.fasta.mod.EDTA.intact.fa
					Chandler_NewNames.fasta.mod.EDTA.intact.gff3

Tue Mar 29 13:02:27 EDT 2022	Perform EDTA advance filtering for raw TE candidates and generate the stage 1 library: 

Tue Mar 29 14:24:09 EDT 2022	EDTA advance filtering finished.

Tue Mar 29 14:24:09 EDT 2022	Perform EDTA final steps to generate a non-redundant comprehensive TE library:

				Use RepeatModeler to identify any remaining TEs that are missed by structure-based methods.

2022-04-01 06:25:29,097 -WARNING- Grid computing is not available because DRMAA not configured properly: Could not find drmaa library.  Please specify its full path using the environment variable DRMAA_LIBRARY_PATH
2022-04-01 06:25:29,103 -INFO- VARS: {'sequence': 'Chandler_NewNames.fasta.mod.RM.consensi.fa', 'hmm_database': 'rexdb', 'seq_type': 'nucl', 'prefix': 'Chandler_NewNames.fasta.mod.RM.consensi.fa.rexdb', 'force_write_hmmscan': False, 'processors': 24, 'tmp_dir': './tmp', 'min_coverage': 20, 'max_evalue': 0.001, 'disable_pass2': False, 'pass2_rule': '80-80-80', 'no_library': False, 'no_reverse': False, 'no_cleanup': False, 'p2_identity': 80.0, 'p2_coverage': 80.0, 'p2_length': 80.0}
2022-04-01 06:25:29,104 -INFO- checking dependencies:
2022-04-01 06:25:29,115 -INFO- hmmer	3.3.1	OK
2022-04-01 06:25:29,165 -INFO- blastn	2.10.0+	OK
2022-04-01 06:25:29,167 -INFO- check database rexdb
2022-04-01 06:25:29,167 -INFO- db path: /mnt/ufs18/home-115/teresisc/anaconda3/envs/EDTA/lib/python3.6/site-packages/TEsorter/database
2022-04-01 06:25:29,168 -INFO- db file: REXdb_protein_database_viridiplantae_v3.0_plus_metazoa_v3.hmm
2022-04-01 06:25:29,168 -INFO- REXdb_protein_database_viridiplantae_v3.0_plus_metazoa_v3.hmm	OK
2022-04-01 06:25:29,168 -INFO- Start classifying pipeline
2022-04-01 06:25:29,198 -INFO- total 2198 sequences
2022-04-01 06:25:29,198 -INFO- translating `Chandler_NewNames.fasta.mod.RM.consensi.fa` in six frames
/mnt/home/teresisc/anaconda3/envs/EDTA/lib/python3.6/site-packages/Bio/Seq.py:2338: BiopythonWarning: Partial codon, len(sequence) not a multiple of three. Explicitly trim the sequence or add trailing N before translation. This may become an error in future.
  BiopythonWarning,
2022-04-01 06:25:32,970 -INFO- HMM scanning against `/mnt/ufs18/home-115/teresisc/anaconda3/envs/EDTA/lib/python3.6/site-packages/TEsorter/database/REXdb_protein_database_viridiplantae_v3.0_plus_metazoa_v3.hmm`
2022-04-01 06:25:33,113 -INFO- Creating server instance (pp-1.6.4.4)
2022-04-01 06:25:33,113 -INFO- Running on Python 3.6.12 linux
2022-04-01 06:25:34,755 -INFO- pp local server started with 24 workers
2022-04-01 06:25:34,775 -INFO- Task 0 started
2022-04-01 06:25:34,775 -INFO- Task 1 started
2022-04-01 06:25:34,776 -INFO- Task 2 started
2022-04-01 06:25:34,776 -INFO- Task 3 started
2022-04-01 06:25:34,776 -INFO- Task 4 started
2022-04-01 06:25:34,776 -INFO- Task 5 started
2022-04-01 06:25:34,777 -INFO- Task 6 started
2022-04-01 06:25:34,777 -INFO- Task 7 started
2022-04-01 06:25:34,777 -INFO- Task 8 started
2022-04-01 06:25:34,777 -INFO- Task 9 started
2022-04-01 06:25:34,778 -INFO- Task 10 started
2022-04-01 06:25:34,778 -INFO- Task 11 started
2022-04-01 06:25:34,778 -INFO- Task 12 started
2022-04-01 06:25:34,778 -INFO- Task 13 started
2022-04-01 06:25:34,779 -INFO- Task 14 started
2022-04-01 06:25:34,779 -INFO- Task 15 started
2022-04-01 06:25:34,779 -INFO- Task 16 started
2022-04-01 06:25:34,779 -INFO- Task 17 started
2022-04-01 06:25:34,779 -INFO- Task 18 started
2022-04-01 06:25:34,780 -INFO- Task 19 started
2022-04-01 06:25:34,780 -INFO- Task 20 started
2022-04-01 06:25:34,780 -INFO- Task 21 started
2022-04-01 06:25:34,780 -INFO- Task 22 started
2022-04-01 06:25:34,780 -INFO- Task 23 started
2022-04-01 06:27:01,783 -INFO- generating gene anntations
2022-04-01 06:27:01,913 -INFO- 78 sequences classified by HMM
2022-04-01 06:27:01,913 -INFO- see protein domain sequences in `Chandler_NewNames.fasta.mod.RM.consensi.fa.rexdb.dom.faa` and annotation gff3 file in `Chandler_NewNames.fasta.mod.RM.consensi.fa.rexdb.dom.gff3`
2022-04-01 06:27:01,913 -INFO- classifying the unclassified sequences by searching against the classified ones
2022-04-01 06:27:01,993 -INFO- using the 80-80-80 rule
2022-04-01 06:27:01,993 -INFO- run CMD: `makeblastdb -in ./tmp/pass1_classified.fa -dbtype nucl`
2022-04-01 06:27:02,171 -INFO- run CMD: `blastn -query ./tmp/pass1_unclassified.fa -db ./tmp/pass1_classified.fa -out ./tmp/pass1_unclassified.fa.blastout -outfmt '6 qseqid sseqid pident length mismatch gapopen qstart qend sstart send evalue bitscore qlen slen qcovs qcovhsp sstrand' -num_threads 24`
2022-04-01 06:27:02,817 -INFO- 0 sequences classified in pass 2
2022-04-01 06:27:02,817 -INFO- total 78 sequences classified.
2022-04-01 06:27:02,818 -INFO- see classified sequences in `Chandler_NewNames.fasta.mod.RM.consensi.fa.rexdb.cls.tsv`
2022-04-01 06:27:02,818 -INFO- writing library for RepeatMasker in `Chandler_NewNames.fasta.mod.RM.consensi.fa.rexdb.cls.lib`
2022-04-01 06:27:02,873 -INFO- writing classified protein domains in `Chandler_NewNames.fasta.mod.RM.consensi.fa.rexdb.cls.pep`
2022-04-01 06:27:02,877 -INFO- Summary of classifications:
Order           Superfamily      # of Sequences# of Clade Sequences    # of Clades# of full Domains
LTR             Copia                         2              2              2              0
LTR             Gypsy                         9              8              5              0
pararetrovirus  unknown                       3              0              0              0
LINE            unknown                      39              0              0              0
TIR             EnSpm_CACTA                   4              0              0              0
TIR             MuDR_Mutator                  8              0              0              0
TIR             PIF_Harbinger                 5              0              0              0
TIR             hAT                           2              0              0              0
Helitron        unknown                       3              0              0              0
Maverick        unknown                       2              0              0              0
mixture         mixture                       1              0              0              0
2022-04-01 06:27:02,878 -INFO- Pipeline done.
2022-04-01 06:27:02,878 -INFO- cleaning the temporary directory ./tmp
Fri Apr  1 06:46:01 EDT 2022	Clean up TE-related sequences in the CDS file with TEsorter:

2022-04-01 06:46:04,826 -WARNING- Grid computing is not available because DRMAA not configured properly: Could not find drmaa library.  Please specify its full path using the environment variable DRMAA_LIBRARY_PATH
2022-04-01 06:46:04,835 -INFO- VARS: {'sequence': 'Chandler_CDS_NewNames.fasta.code', 'hmm_database': 'rexdb', 'seq_type': 'nucl', 'prefix': 'Chandler_CDS_NewNames.fasta.code.rexdb', 'force_write_hmmscan': False, 'processors': 24, 'tmp_dir': './tmp', 'min_coverage': 20, 'max_evalue': 0.001, 'disable_pass2': False, 'pass2_rule': '80-80-80', 'no_library': False, 'no_reverse': False, 'no_cleanup': False, 'p2_identity': 80.0, 'p2_coverage': 80.0, 'p2_length': 80.0}
2022-04-01 06:46:04,835 -INFO- checking dependencies:
2022-04-01 06:46:04,850 -INFO- hmmer	3.3.1	OK
2022-04-01 06:46:04,906 -INFO- blastn	2.10.0+	OK
2022-04-01 06:46:04,913 -INFO- check database rexdb
2022-04-01 06:46:04,914 -INFO- db path: /mnt/ufs18/home-115/teresisc/anaconda3/envs/EDTA/lib/python3.6/site-packages/TEsorter/database
2022-04-01 06:46:04,914 -INFO- db file: REXdb_protein_database_viridiplantae_v3.0_plus_metazoa_v3.hmm
2022-04-01 06:46:04,916 -INFO- REXdb_protein_database_viridiplantae_v3.0_plus_metazoa_v3.hmm	OK
2022-04-01 06:46:04,916 -INFO- Start classifying pipeline
2022-04-01 06:46:05,608 -INFO- total 104100 sequences
2022-04-01 06:46:05,608 -INFO- translating `Chandler_CDS_NewNames.fasta.code` in six frames
/mnt/home/teresisc/anaconda3/envs/EDTA/lib/python3.6/site-packages/Bio/Seq.py:2338: BiopythonWarning: Partial codon, len(sequence) not a multiple of three. Explicitly trim the sequence or add trailing N before translation. This may become an error in future.
  BiopythonWarning,
2022-04-01 06:48:06,885 -INFO- HMM scanning against `/mnt/ufs18/home-115/teresisc/anaconda3/envs/EDTA/lib/python3.6/site-packages/TEsorter/database/REXdb_protein_database_viridiplantae_v3.0_plus_metazoa_v3.hmm`
2022-04-01 06:48:12,130 -INFO- Creating server instance (pp-1.6.4.4)
2022-04-01 06:48:12,130 -INFO- Running on Python 3.6.12 linux
2022-04-01 06:48:13,976 -INFO- pp local server started with 24 workers
2022-04-01 06:48:13,995 -INFO- Task 0 started
2022-04-01 06:48:13,996 -INFO- Task 1 started
2022-04-01 06:48:13,996 -INFO- Task 2 started
2022-04-01 06:48:13,996 -INFO- Task 3 started
2022-04-01 06:48:13,996 -INFO- Task 4 started
2022-04-01 06:48:13,997 -INFO- Task 5 started
2022-04-01 06:48:13,997 -INFO- Task 6 started
2022-04-01 06:48:13,997 -INFO- Task 7 started
2022-04-01 06:48:13,997 -INFO- Task 8 started
2022-04-01 06:48:13,998 -INFO- Task 9 started
2022-04-01 06:48:13,998 -INFO- Task 10 started
2022-04-01 06:48:13,998 -INFO- Task 11 started
2022-04-01 06:48:13,998 -INFO- Task 12 started
2022-04-01 06:48:13,999 -INFO- Task 13 started
2022-04-01 06:48:13,999 -INFO- Task 14 started
2022-04-01 06:48:13,999 -INFO- Task 15 started
2022-04-01 06:48:14,000 -INFO- Task 16 started
2022-04-01 06:48:14,000 -INFO- Task 17 started
2022-04-01 06:48:14,000 -INFO- Task 18 started
2022-04-01 06:48:14,001 -INFO- Task 19 started
2022-04-01 06:48:14,001 -INFO- Task 20 started
2022-04-01 06:48:14,001 -INFO- Task 21 started
2022-04-01 06:48:14,002 -INFO- Task 22 started
2022-04-01 06:48:14,002 -INFO- Task 23 started
2022-04-01 07:58:28,572 -INFO- generating gene anntations
2022-04-01 07:58:34,575 -INFO- 1033 sequences classified by HMM
2022-04-01 07:58:34,575 -INFO- see protein domain sequences in `Chandler_CDS_NewNames.fasta.code.rexdb.dom.faa` and annotation gff3 file in `Chandler_CDS_NewNames.fasta.code.rexdb.dom.gff3`
2022-04-01 07:58:34,575 -INFO- classifying the unclassified sequences by searching against the classified ones
2022-04-01 07:58:37,402 -INFO- using the 80-80-80 rule
2022-04-01 07:58:37,403 -INFO- run CMD: `makeblastdb -in ./tmp/pass1_classified.fa -dbtype nucl`
2022-04-01 07:58:37,591 -INFO- run CMD: `blastn -query ./tmp/pass1_unclassified.fa -db ./tmp/pass1_classified.fa -out ./tmp/pass1_unclassified.fa.blastout -outfmt '6 qseqid sseqid pident length mismatch gapopen qstart qend sstart send evalue bitscore qlen slen qcovs qcovhsp sstrand' -num_threads 24`
2022-04-01 07:58:58,535 -INFO- 772 sequences classified in pass 2
2022-04-01 07:58:58,537 -INFO- total 1805 sequences classified.
2022-04-01 07:58:58,537 -INFO- see classified sequences in `Chandler_CDS_NewNames.fasta.code.rexdb.cls.tsv`
2022-04-01 07:58:58,537 -INFO- writing library for RepeatMasker in `Chandler_CDS_NewNames.fasta.code.rexdb.cls.lib`
2022-04-01 07:59:00,667 -INFO- writing classified protein domains in `Chandler_CDS_NewNames.fasta.code.rexdb.cls.pep`
2022-04-01 07:59:00,693 -INFO- Summary of classifications:
Order           Superfamily      # of Sequences# of Clade Sequences    # of Clades# of full Domains
LTR             Bel-Pao                      13              0              0              0
LTR             Copia                       270            120             16              0
LTR             Gypsy                       334            146             15              0
LTR             Retrovirus                    9              0              0              0
LTR             mixture                       6              0              0              0
LINE            unknown                     165              0              0              0
TIR             EnSpm_CACTA                   1              0              0              0
TIR             MuDR_Mutator                161              0              0              0
TIR             PIF_Harbinger               161              0              0              0
TIR             Tc1_Mariner                   3              0              0              0
TIR             hAT                          69              0              0              0
Helitron        unknown                      85              0              0              0
Maverick        unknown                     527              0              0              0
mixture         mixture                       1              0              0              0
2022-04-01 07:59:00,694 -INFO- Pipeline done.
2022-04-01 07:59:00,695 -INFO- cleaning the temporary directory ./tmp
				Remove CDS-related sequences in the EDTA library:

pararetrovirus/NA not found in the TE_SO database, it will not be used to rename sequences in the final annotation.
pararetrovirus/NA not found in the TE_SO database, it will not be used to rename sequences in the final annotation.
polinton/NA not found in the TE_SO database, it will not be used to rename sequences in the final annotation.
polinton/NA not found in the TE_SO database, it will not be used to rename sequences in the final annotation.
polinton/NA not found in the TE_SO database, it will not be used to rename sequences in the final annotation.
Fri Apr  1 09:15:51 EDT 2022	EDTA final stage finished! You may check out:
				The final EDTA TE library: Chandler_NewNames.fasta.mod.EDTA.TElib.fa
Copying the library file and tar gz-ing the annotation folder
tar: Removing leading `/' from member names
Time taken: 334246
