amr-108
My Task ID: 20
Stanley
Declaring output paths and running EDTA

########################################################
##### Extensive de-novo TE Annotator (EDTA) v2.0.0  ####
##### Shujun Ou (shujun.ou.1@gmail.com)             ####
########################################################



Wed Apr  6 05:53:21 EDT 2022	Dependency checking:
				All passed!

	A CDS file /mnt/research/edgerpat_lab/Scotty/Blueberry_Pangenome_TE_Analysis/results/Blueberry/Stanley/Stanley_CDS_NewNames.fasta is provided via --cds. Please make sure this is the DNA sequence of coding regions only.

Wed Apr  6 05:54:16 EDT 2022	Obtain raw TE libraries using various structure-based programs: 
Wed Apr  6 05:54:17 EDT 2022	EDTA_raw: Check dependencies, prepare working directories.

Wed Apr  6 05:54:33 EDT 2022	Start to find LTR candidates.

Wed Apr  6 05:54:33 EDT 2022	Identify LTR retrotransposon candidates from scratch.

Wed Apr  6 06:55:28 EDT 2022	Finish finding LTR candidates.

Wed Apr  6 06:55:28 EDT 2022	Start to find TIR candidates.

Wed Apr  6 06:55:28 EDT 2022	Identify TIR candidates from scratch.

Species: others
Wed Apr  6 20:07:33 EDT 2022	Finish finding TIR candidates.

Wed Apr  6 20:07:33 EDT 2022	Start to find Helitron candidates.

Wed Apr  6 20:07:33 EDT 2022	Identify Helitron candidates from scratch.

Thu Apr  7 08:02:39 EDT 2022	Finish finding Helitron candidates.

Thu Apr  7 08:02:39 EDT 2022	Execution of EDTA_raw.pl is finished!

Thu Apr  7 08:02:40 EDT 2022	Obtain raw TE libraries finished.
				All intact TEs found by EDTA: 
					Stanley_NewNames.fasta.mod.EDTA.intact.fa
					Stanley_NewNames.fasta.mod.EDTA.intact.gff3

Thu Apr  7 08:02:40 EDT 2022	Perform EDTA advance filtering for raw TE candidates and generate the stage 1 library: 

Thu Apr  7 09:44:13 EDT 2022	EDTA advance filtering finished.

Thu Apr  7 09:44:13 EDT 2022	Perform EDTA final steps to generate a non-redundant comprehensive TE library:

				Use RepeatModeler to identify any remaining TEs that are missed by structure-based methods.

2022-04-09 22:45:07,714 -WARNING- Grid computing is not available because DRMAA not configured properly: Could not find drmaa library.  Please specify its full path using the environment variable DRMAA_LIBRARY_PATH
2022-04-09 22:45:07,752 -INFO- VARS: {'sequence': 'Stanley_NewNames.fasta.mod.RM.consensi.fa', 'hmm_database': 'rexdb', 'seq_type': 'nucl', 'prefix': 'Stanley_NewNames.fasta.mod.RM.consensi.fa.rexdb', 'force_write_hmmscan': False, 'processors': 24, 'tmp_dir': './tmp', 'min_coverage': 20, 'max_evalue': 0.001, 'disable_pass2': False, 'pass2_rule': '80-80-80', 'no_library': False, 'no_reverse': False, 'no_cleanup': False, 'p2_identity': 80.0, 'p2_coverage': 80.0, 'p2_length': 80.0}
2022-04-09 22:45:07,752 -INFO- checking dependencies:
2022-04-09 22:45:07,796 -INFO- hmmer	3.3.1	OK
2022-04-09 22:45:07,852 -INFO- blastn	2.10.0+	OK
2022-04-09 22:45:07,854 -INFO- check database rexdb
2022-04-09 22:45:07,854 -INFO- db path: /mnt/ufs18/home-115/teresisc/anaconda3/envs/EDTA/lib/python3.6/site-packages/TEsorter/database
2022-04-09 22:45:07,854 -INFO- db file: REXdb_protein_database_viridiplantae_v3.0_plus_metazoa_v3.hmm
2022-04-09 22:45:07,855 -INFO- REXdb_protein_database_viridiplantae_v3.0_plus_metazoa_v3.hmm	OK
2022-04-09 22:45:07,855 -INFO- Start classifying pipeline
2022-04-09 22:45:07,893 -INFO- total 2094 sequences
2022-04-09 22:45:07,894 -INFO- translating `Stanley_NewNames.fasta.mod.RM.consensi.fa` in six frames
/mnt/home/teresisc/anaconda3/envs/EDTA/lib/python3.6/site-packages/Bio/Seq.py:2338: BiopythonWarning: Partial codon, len(sequence) not a multiple of three. Explicitly trim the sequence or add trailing N before translation. This may become an error in future.
  BiopythonWarning,
2022-04-09 22:45:11,289 -INFO- HMM scanning against `/mnt/ufs18/home-115/teresisc/anaconda3/envs/EDTA/lib/python3.6/site-packages/TEsorter/database/REXdb_protein_database_viridiplantae_v3.0_plus_metazoa_v3.hmm`
2022-04-09 22:45:11,423 -INFO- Creating server instance (pp-1.6.4.4)
2022-04-09 22:45:11,423 -INFO- Running on Python 3.6.12 linux
2022-04-09 22:45:13,013 -INFO- pp local server started with 24 workers
2022-04-09 22:45:13,035 -INFO- Task 0 started
2022-04-09 22:45:13,036 -INFO- Task 1 started
2022-04-09 22:45:13,036 -INFO- Task 2 started
2022-04-09 22:45:13,037 -INFO- Task 3 started
2022-04-09 22:45:13,037 -INFO- Task 4 started
2022-04-09 22:45:13,037 -INFO- Task 5 started
2022-04-09 22:45:13,038 -INFO- Task 6 started
2022-04-09 22:45:13,038 -INFO- Task 7 started
2022-04-09 22:45:13,038 -INFO- Task 8 started
2022-04-09 22:45:13,039 -INFO- Task 9 started
2022-04-09 22:45:13,039 -INFO- Task 10 started
2022-04-09 22:45:13,039 -INFO- Task 11 started
2022-04-09 22:45:13,039 -INFO- Task 12 started
2022-04-09 22:45:13,040 -INFO- Task 13 started
2022-04-09 22:45:13,040 -INFO- Task 14 started
2022-04-09 22:45:13,040 -INFO- Task 15 started
2022-04-09 22:45:13,040 -INFO- Task 16 started
2022-04-09 22:45:13,041 -INFO- Task 17 started
2022-04-09 22:45:13,041 -INFO- Task 18 started
2022-04-09 22:45:13,041 -INFO- Task 19 started
2022-04-09 22:45:13,041 -INFO- Task 20 started
2022-04-09 22:45:13,042 -INFO- Task 21 started
2022-04-09 22:45:13,042 -INFO- Task 22 started
2022-04-09 22:45:13,042 -INFO- Task 23 started
2022-04-09 22:46:26,822 -INFO- generating gene anntations
2022-04-09 22:46:26,979 -INFO- 86 sequences classified by HMM
2022-04-09 22:46:26,979 -INFO- see protein domain sequences in `Stanley_NewNames.fasta.mod.RM.consensi.fa.rexdb.dom.faa` and annotation gff3 file in `Stanley_NewNames.fasta.mod.RM.consensi.fa.rexdb.dom.gff3`
2022-04-09 22:46:26,979 -INFO- classifying the unclassified sequences by searching against the classified ones
2022-04-09 22:46:27,058 -INFO- using the 80-80-80 rule
2022-04-09 22:46:27,059 -INFO- run CMD: `makeblastdb -in ./tmp/pass1_classified.fa -dbtype nucl`
2022-04-09 22:46:27,216 -INFO- run CMD: `blastn -query ./tmp/pass1_unclassified.fa -db ./tmp/pass1_classified.fa -out ./tmp/pass1_unclassified.fa.blastout -outfmt '6 qseqid sseqid pident length mismatch gapopen qstart qend sstart send evalue bitscore qlen slen qcovs qcovhsp sstrand' -num_threads 24`
2022-04-09 22:46:27,861 -INFO- 1 sequences classified in pass 2
2022-04-09 22:46:27,861 -INFO- total 87 sequences classified.
2022-04-09 22:46:27,862 -INFO- see classified sequences in `Stanley_NewNames.fasta.mod.RM.consensi.fa.rexdb.cls.tsv`
2022-04-09 22:46:27,862 -INFO- writing library for RepeatMasker in `Stanley_NewNames.fasta.mod.RM.consensi.fa.rexdb.cls.lib`
2022-04-09 22:46:27,918 -INFO- writing classified protein domains in `Stanley_NewNames.fasta.mod.RM.consensi.fa.rexdb.cls.pep`
2022-04-09 22:46:27,921 -INFO- Summary of classifications:
Order           Superfamily      # of Sequences# of Clade Sequences    # of Clades# of full Domains
LTR             Gypsy                        11             11              5              0
pararetrovirus  unknown                       5              0              0              0
LINE            unknown                      45              0              0              0
TIR             EnSpm_CACTA                   1              0              0              0
TIR             MuDR_Mutator                 10              0              0              0
TIR             PIF_Harbinger                 8              0              0              0
TIR             hAT                           3              0              0              0
Helitron        unknown                       2              0              0              0
Maverick        unknown                       2              0              0              0
2022-04-09 22:46:27,922 -INFO- Pipeline done.
2022-04-09 22:46:27,922 -INFO- cleaning the temporary directory ./tmp
Sat Apr  9 23:07:03 EDT 2022	Clean up TE-related sequences in the CDS file with TEsorter:

2022-04-09 23:07:06,207 -WARNING- Grid computing is not available because DRMAA not configured properly: Could not find drmaa library.  Please specify its full path using the environment variable DRMAA_LIBRARY_PATH
2022-04-09 23:07:06,245 -INFO- VARS: {'sequence': 'Stanley_CDS_NewNames.fasta.code', 'hmm_database': 'rexdb', 'seq_type': 'nucl', 'prefix': 'Stanley_CDS_NewNames.fasta.code.rexdb', 'force_write_hmmscan': False, 'processors': 24, 'tmp_dir': './tmp', 'min_coverage': 20, 'max_evalue': 0.001, 'disable_pass2': False, 'pass2_rule': '80-80-80', 'no_library': False, 'no_reverse': False, 'no_cleanup': False, 'p2_identity': 80.0, 'p2_coverage': 80.0, 'p2_length': 80.0}
2022-04-09 23:07:06,246 -INFO- checking dependencies:
2022-04-09 23:07:06,263 -INFO- hmmer	3.3.1	OK
2022-04-09 23:07:06,321 -INFO- blastn	2.10.0+	OK
2022-04-09 23:07:06,325 -INFO- check database rexdb
2022-04-09 23:07:06,325 -INFO- db path: /mnt/ufs18/home-115/teresisc/anaconda3/envs/EDTA/lib/python3.6/site-packages/TEsorter/database
2022-04-09 23:07:06,325 -INFO- db file: REXdb_protein_database_viridiplantae_v3.0_plus_metazoa_v3.hmm
2022-04-09 23:07:06,326 -INFO- REXdb_protein_database_viridiplantae_v3.0_plus_metazoa_v3.hmm	OK
2022-04-09 23:07:06,326 -INFO- Start classifying pipeline
2022-04-09 23:07:07,032 -INFO- total 105947 sequences
2022-04-09 23:07:07,033 -INFO- translating `Stanley_CDS_NewNames.fasta.code` in six frames
/mnt/home/teresisc/anaconda3/envs/EDTA/lib/python3.6/site-packages/Bio/Seq.py:2338: BiopythonWarning: Partial codon, len(sequence) not a multiple of three. Explicitly trim the sequence or add trailing N before translation. This may become an error in future.
  BiopythonWarning,
2022-04-09 23:09:02,146 -INFO- HMM scanning against `/mnt/ufs18/home-115/teresisc/anaconda3/envs/EDTA/lib/python3.6/site-packages/TEsorter/database/REXdb_protein_database_viridiplantae_v3.0_plus_metazoa_v3.hmm`
2022-04-09 23:09:07,387 -INFO- Creating server instance (pp-1.6.4.4)
2022-04-09 23:09:07,387 -INFO- Running on Python 3.6.12 linux
2022-04-09 23:09:08,986 -INFO- pp local server started with 24 workers
2022-04-09 23:09:09,008 -INFO- Task 0 started
2022-04-09 23:09:09,009 -INFO- Task 1 started
2022-04-09 23:09:09,009 -INFO- Task 2 started
2022-04-09 23:09:09,010 -INFO- Task 8 started
2022-04-09 23:09:09,009 -INFO- Task 4 started
2022-04-09 23:09:09,010 -INFO- Task 5 started
2022-04-09 23:09:09,010 -INFO- Task 6 started
2022-04-09 23:09:09,010 -INFO- Task 7 started
2022-04-09 23:09:09,010 -INFO- Task 9 started
2022-04-09 23:09:09,009 -INFO- Task 3 started
2022-04-09 23:09:09,011 -INFO- Task 10 started
2022-04-09 23:09:09,012 -INFO- Task 11 started
2022-04-09 23:09:09,012 -INFO- Task 12 started
2022-04-09 23:09:09,012 -INFO- Task 13 started
2022-04-09 23:09:09,012 -INFO- Task 14 started
2022-04-09 23:09:09,012 -INFO- Task 15 started
2022-04-09 23:09:09,013 -INFO- Task 16 started
2022-04-09 23:09:09,013 -INFO- Task 17 started
2022-04-09 23:09:09,013 -INFO- Task 18 started
2022-04-09 23:09:09,013 -INFO- Task 19 started
2022-04-09 23:09:09,014 -INFO- Task 20 started
2022-04-09 23:09:09,014 -INFO- Task 21 started
2022-04-09 23:09:09,014 -INFO- Task 22 started
2022-04-09 23:09:09,014 -INFO- Task 23 started
2022-04-10 00:13:07,856 -INFO- generating gene anntations
2022-04-10 00:13:13,924 -INFO- 1109 sequences classified by HMM
2022-04-10 00:13:13,925 -INFO- see protein domain sequences in `Stanley_CDS_NewNames.fasta.code.rexdb.dom.faa` and annotation gff3 file in `Stanley_CDS_NewNames.fasta.code.rexdb.dom.gff3`
2022-04-10 00:13:13,925 -INFO- classifying the unclassified sequences by searching against the classified ones
2022-04-10 00:13:16,849 -INFO- using the 80-80-80 rule
2022-04-10 00:13:16,849 -INFO- run CMD: `makeblastdb -in ./tmp/pass1_classified.fa -dbtype nucl`
2022-04-10 00:13:17,059 -INFO- run CMD: `blastn -query ./tmp/pass1_unclassified.fa -db ./tmp/pass1_classified.fa -out ./tmp/pass1_unclassified.fa.blastout -outfmt '6 qseqid sseqid pident length mismatch gapopen qstart qend sstart send evalue bitscore qlen slen qcovs qcovhsp sstrand' -num_threads 24`
2022-04-10 00:13:38,208 -INFO- 922 sequences classified in pass 2
2022-04-10 00:13:38,210 -INFO- total 2031 sequences classified.
2022-04-10 00:13:38,210 -INFO- see classified sequences in `Stanley_CDS_NewNames.fasta.code.rexdb.cls.tsv`
2022-04-10 00:13:38,210 -INFO- writing library for RepeatMasker in `Stanley_CDS_NewNames.fasta.code.rexdb.cls.lib`
2022-04-10 00:13:40,397 -INFO- writing classified protein domains in `Stanley_CDS_NewNames.fasta.code.rexdb.cls.pep`
2022-04-10 00:13:40,426 -INFO- Summary of classifications:
Order           Superfamily      # of Sequences# of Clade Sequences    # of Clades# of full Domains
LTR             Bel-Pao                       9              0              0              0
LTR             Copia                       330            125             15              1
LTR             Gypsy                       378            154             16              0
LTR             Retrovirus                    7              0              0              0
LTR             mixture                       2              0              0              0
pararetrovirus  unknown                       4              0              0              0
LINE            unknown                     198              0              0              0
TIR             EnSpm_CACTA                   2              0              0              0
TIR             Merlin                        2              0              0              0
TIR             MuDR_Mutator                210              0              0              0
TIR             PIF_Harbinger               156              0              0              0
TIR             hAT                          83              0              0              0
Helitron        unknown                      70              0              0              0
Maverick        unknown                     579              0              0              0
mixture         mixture                       1              0              0              0
2022-04-10 00:13:40,427 -INFO- Pipeline done.
2022-04-10 00:13:40,427 -INFO- cleaning the temporary directory ./tmp
				Remove CDS-related sequences in the EDTA library:

pararetrovirus/NA not found in the TE_SO database, it will not be used to rename sequences in the final annotation.
Sun Apr 10 01:43:23 EDT 2022	EDTA final stage finished! You may check out:
				The final EDTA TE library: Stanley_NewNames.fasta.mod.EDTA.TElib.fa
Copying the library file and tar gz-ing the annotation folder
tar: Removing leading `/' from member names
Time taken: 333826
