amr-109
My Task ID: 21
Weymouth
Declaring output paths and running EDTA

########################################################
##### Extensive de-novo TE Annotator (EDTA) v2.0.0  ####
##### Shujun Ou (shujun.ou.1@gmail.com)             ####
########################################################



Wed Apr  6 13:54:17 EDT 2022	Dependency checking:
				All passed!

	A CDS file /mnt/research/edgerpat_lab/Scotty/Blueberry_Pangenome_TE_Analysis/results/Blueberry/Weymouth/Weymouth_CDS_NewNames.fasta is provided via --cds. Please make sure this is the DNA sequence of coding regions only.

Wed Apr  6 13:55:13 EDT 2022	Obtain raw TE libraries using various structure-based programs: 
Wed Apr  6 13:55:13 EDT 2022	EDTA_raw: Check dependencies, prepare working directories.

Wed Apr  6 13:55:29 EDT 2022	Start to find LTR candidates.

Wed Apr  6 13:55:29 EDT 2022	Identify LTR retrotransposon candidates from scratch.

Wed Apr  6 14:51:13 EDT 2022	Finish finding LTR candidates.

Wed Apr  6 14:51:13 EDT 2022	Start to find TIR candidates.

Wed Apr  6 14:51:13 EDT 2022	Identify TIR candidates from scratch.

Species: others
Thu Apr  7 03:30:24 EDT 2022	Finish finding TIR candidates.

Thu Apr  7 03:30:24 EDT 2022	Start to find Helitron candidates.

Thu Apr  7 03:30:24 EDT 2022	Identify Helitron candidates from scratch.

Thu Apr  7 15:14:02 EDT 2022	Finish finding Helitron candidates.

Thu Apr  7 15:14:02 EDT 2022	Execution of EDTA_raw.pl is finished!

Thu Apr  7 15:14:03 EDT 2022	Obtain raw TE libraries finished.
				All intact TEs found by EDTA: 
					Weymouth_NewNames.fasta.mod.EDTA.intact.fa
					Weymouth_NewNames.fasta.mod.EDTA.intact.gff3

Thu Apr  7 15:14:03 EDT 2022	Perform EDTA advance filtering for raw TE candidates and generate the stage 1 library: 

Thu Apr  7 16:46:15 EDT 2022	EDTA advance filtering finished.

Thu Apr  7 16:46:15 EDT 2022	Perform EDTA final steps to generate a non-redundant comprehensive TE library:

				Use RepeatModeler to identify any remaining TEs that are missed by structure-based methods.

2022-04-10 06:46:37,150 -WARNING- Grid computing is not available because DRMAA not configured properly: Could not find drmaa library.  Please specify its full path using the environment variable DRMAA_LIBRARY_PATH
2022-04-10 06:46:37,266 -INFO- VARS: {'sequence': 'Weymouth_NewNames.fasta.mod.RM.consensi.fa', 'hmm_database': 'rexdb', 'seq_type': 'nucl', 'prefix': 'Weymouth_NewNames.fasta.mod.RM.consensi.fa.rexdb', 'force_write_hmmscan': False, 'processors': 24, 'tmp_dir': './tmp', 'min_coverage': 20, 'max_evalue': 0.001, 'disable_pass2': False, 'pass2_rule': '80-80-80', 'no_library': False, 'no_reverse': False, 'no_cleanup': False, 'p2_identity': 80.0, 'p2_coverage': 80.0, 'p2_length': 80.0}
2022-04-10 06:46:37,267 -INFO- checking dependencies:
2022-04-10 06:46:37,336 -INFO- hmmer	3.3.1	OK
2022-04-10 06:46:37,395 -INFO- blastn	2.10.0+	OK
2022-04-10 06:46:37,397 -INFO- check database rexdb
2022-04-10 06:46:37,397 -INFO- db path: /mnt/ufs18/home-115/teresisc/anaconda3/envs/EDTA/lib/python3.6/site-packages/TEsorter/database
2022-04-10 06:46:37,398 -INFO- db file: REXdb_protein_database_viridiplantae_v3.0_plus_metazoa_v3.hmm
2022-04-10 06:46:37,398 -INFO- REXdb_protein_database_viridiplantae_v3.0_plus_metazoa_v3.hmm	OK
2022-04-10 06:46:37,399 -INFO- Start classifying pipeline
2022-04-10 06:46:37,631 -INFO- total 2201 sequences
2022-04-10 06:46:37,631 -INFO- translating `Weymouth_NewNames.fasta.mod.RM.consensi.fa` in six frames
/mnt/home/teresisc/anaconda3/envs/EDTA/lib/python3.6/site-packages/Bio/Seq.py:2338: BiopythonWarning: Partial codon, len(sequence) not a multiple of three. Explicitly trim the sequence or add trailing N before translation. This may become an error in future.
  BiopythonWarning,
2022-04-10 06:46:41,039 -INFO- HMM scanning against `/mnt/ufs18/home-115/teresisc/anaconda3/envs/EDTA/lib/python3.6/site-packages/TEsorter/database/REXdb_protein_database_viridiplantae_v3.0_plus_metazoa_v3.hmm`
2022-04-10 06:46:41,173 -INFO- Creating server instance (pp-1.6.4.4)
2022-04-10 06:46:41,173 -INFO- Running on Python 3.6.12 linux
2022-04-10 06:46:42,711 -INFO- pp local server started with 24 workers
2022-04-10 06:46:42,807 -INFO- Task 0 started
2022-04-10 06:46:42,808 -INFO- Task 1 started
2022-04-10 06:46:42,808 -INFO- Task 2 started
2022-04-10 06:46:42,809 -INFO- Task 3 started
2022-04-10 06:46:42,809 -INFO- Task 4 started
2022-04-10 06:46:42,809 -INFO- Task 5 started
2022-04-10 06:46:42,809 -INFO- Task 6 started
2022-04-10 06:46:42,810 -INFO- Task 7 started
2022-04-10 06:46:42,810 -INFO- Task 8 started
2022-04-10 06:46:42,810 -INFO- Task 9 started
2022-04-10 06:46:42,810 -INFO- Task 10 started
2022-04-10 06:46:42,811 -INFO- Task 11 started
2022-04-10 06:46:42,811 -INFO- Task 12 started
2022-04-10 06:46:42,812 -INFO- Task 13 started
2022-04-10 06:46:42,812 -INFO- Task 14 started
2022-04-10 06:46:42,812 -INFO- Task 15 started
2022-04-10 06:46:42,812 -INFO- Task 16 started
2022-04-10 06:46:42,813 -INFO- Task 17 started
2022-04-10 06:46:42,813 -INFO- Task 18 started
2022-04-10 06:46:42,813 -INFO- Task 19 started
2022-04-10 06:46:42,813 -INFO- Task 20 started
2022-04-10 06:46:42,814 -INFO- Task 21 started
2022-04-10 06:46:42,814 -INFO- Task 22 started
2022-04-10 06:46:42,814 -INFO- Task 23 started
2022-04-10 06:48:10,185 -INFO- generating gene anntations
2022-04-10 06:48:10,312 -INFO- 90 sequences classified by HMM
2022-04-10 06:48:10,312 -INFO- see protein domain sequences in `Weymouth_NewNames.fasta.mod.RM.consensi.fa.rexdb.dom.faa` and annotation gff3 file in `Weymouth_NewNames.fasta.mod.RM.consensi.fa.rexdb.dom.gff3`
2022-04-10 06:48:10,312 -INFO- classifying the unclassified sequences by searching against the classified ones
2022-04-10 06:48:10,390 -INFO- using the 80-80-80 rule
2022-04-10 06:48:10,390 -INFO- run CMD: `makeblastdb -in ./tmp/pass1_classified.fa -dbtype nucl`
2022-04-10 06:48:10,551 -INFO- run CMD: `blastn -query ./tmp/pass1_unclassified.fa -db ./tmp/pass1_classified.fa -out ./tmp/pass1_unclassified.fa.blastout -outfmt '6 qseqid sseqid pident length mismatch gapopen qstart qend sstart send evalue bitscore qlen slen qcovs qcovhsp sstrand' -num_threads 24`
2022-04-10 06:48:11,193 -INFO- 0 sequences classified in pass 2
2022-04-10 06:48:11,193 -INFO- total 90 sequences classified.
2022-04-10 06:48:11,193 -INFO- see classified sequences in `Weymouth_NewNames.fasta.mod.RM.consensi.fa.rexdb.cls.tsv`
2022-04-10 06:48:11,193 -INFO- writing library for RepeatMasker in `Weymouth_NewNames.fasta.mod.RM.consensi.fa.rexdb.cls.lib`
2022-04-10 06:48:11,248 -INFO- writing classified protein domains in `Weymouth_NewNames.fasta.mod.RM.consensi.fa.rexdb.cls.pep`
2022-04-10 06:48:11,252 -INFO- Summary of classifications:
Order           Superfamily      # of Sequences# of Clade Sequences    # of Clades# of full Domains
LTR             Copia                         4              3              2              0
LTR             Gypsy                        12             11              4              0
LTR             mixture                       1              0              0              0
pararetrovirus  unknown                       3              0              0              0
LINE            unknown                      40              0              0              0
TIR             EnSpm_CACTA                   2              0              0              0
TIR             MuDR_Mutator                  7              0              0              0
TIR             PIF_Harbinger                10              0              0              0
TIR             hAT                           6              0              0              0
Helitron        unknown                       4              0              0              0
Maverick        unknown                       1              0              0              0
2022-04-10 06:48:11,252 -INFO- Pipeline done.
2022-04-10 06:48:11,252 -INFO- cleaning the temporary directory ./tmp
Sun Apr 10 07:06:53 EDT 2022	Clean up TE-related sequences in the CDS file with TEsorter:

2022-04-10 07:06:56,209 -WARNING- Grid computing is not available because DRMAA not configured properly: Could not find drmaa library.  Please specify its full path using the environment variable DRMAA_LIBRARY_PATH
2022-04-10 07:06:56,216 -INFO- VARS: {'sequence': 'Weymouth_CDS_NewNames.fasta.code', 'hmm_database': 'rexdb', 'seq_type': 'nucl', 'prefix': 'Weymouth_CDS_NewNames.fasta.code.rexdb', 'force_write_hmmscan': False, 'processors': 24, 'tmp_dir': './tmp', 'min_coverage': 20, 'max_evalue': 0.001, 'disable_pass2': False, 'pass2_rule': '80-80-80', 'no_library': False, 'no_reverse': False, 'no_cleanup': False, 'p2_identity': 80.0, 'p2_coverage': 80.0, 'p2_length': 80.0}
2022-04-10 07:06:56,216 -INFO- checking dependencies:
2022-04-10 07:06:56,230 -INFO- hmmer	3.3.1	OK
2022-04-10 07:06:56,287 -INFO- blastn	2.10.0+	OK
2022-04-10 07:06:56,288 -INFO- check database rexdb
2022-04-10 07:06:56,288 -INFO- db path: /mnt/ufs18/home-115/teresisc/anaconda3/envs/EDTA/lib/python3.6/site-packages/TEsorter/database
2022-04-10 07:06:56,288 -INFO- db file: REXdb_protein_database_viridiplantae_v3.0_plus_metazoa_v3.hmm
2022-04-10 07:06:56,289 -INFO- REXdb_protein_database_viridiplantae_v3.0_plus_metazoa_v3.hmm	OK
2022-04-10 07:06:56,289 -INFO- Start classifying pipeline
2022-04-10 07:06:56,999 -INFO- total 105498 sequences
2022-04-10 07:06:57,000 -INFO- translating `Weymouth_CDS_NewNames.fasta.code` in six frames
/mnt/home/teresisc/anaconda3/envs/EDTA/lib/python3.6/site-packages/Bio/Seq.py:2338: BiopythonWarning: Partial codon, len(sequence) not a multiple of three. Explicitly trim the sequence or add trailing N before translation. This may become an error in future.
  BiopythonWarning,
2022-04-10 07:08:53,760 -INFO- HMM scanning against `/mnt/ufs18/home-115/teresisc/anaconda3/envs/EDTA/lib/python3.6/site-packages/TEsorter/database/REXdb_protein_database_viridiplantae_v3.0_plus_metazoa_v3.hmm`
2022-04-10 07:08:58,902 -INFO- Creating server instance (pp-1.6.4.4)
2022-04-10 07:08:58,903 -INFO- Running on Python 3.6.12 linux
2022-04-10 07:09:00,493 -INFO- pp local server started with 24 workers
2022-04-10 07:09:00,514 -INFO- Task 0 started
2022-04-10 07:09:00,514 -INFO- Task 1 started
2022-04-10 07:09:00,514 -INFO- Task 2 started
2022-04-10 07:09:00,515 -INFO- Task 3 started
2022-04-10 07:09:00,515 -INFO- Task 4 started
2022-04-10 07:09:00,515 -INFO- Task 5 started
2022-04-10 07:09:00,516 -INFO- Task 6 started
2022-04-10 07:09:00,518 -INFO- Task 7 started
2022-04-10 07:09:00,518 -INFO- Task 8 started
2022-04-10 07:09:00,518 -INFO- Task 9 started
2022-04-10 07:09:00,518 -INFO- Task 10 started
2022-04-10 07:09:00,519 -INFO- Task 11 started
2022-04-10 07:09:00,519 -INFO- Task 12 started
2022-04-10 07:09:00,520 -INFO- Task 13 started
2022-04-10 07:09:00,520 -INFO- Task 14 started
2022-04-10 07:09:00,521 -INFO- Task 15 started
2022-04-10 07:09:00,521 -INFO- Task 16 started
2022-04-10 07:09:00,521 -INFO- Task 17 started
2022-04-10 07:09:00,522 -INFO- Task 18 started
2022-04-10 07:09:00,522 -INFO- Task 19 started
2022-04-10 07:09:00,522 -INFO- Task 20 started
2022-04-10 07:09:00,523 -INFO- Task 21 started
2022-04-10 07:09:00,523 -INFO- Task 22 started
2022-04-10 07:09:00,523 -INFO- Task 23 started
2022-04-10 08:17:21,057 -INFO- generating gene anntations
2022-04-10 08:17:27,124 -INFO- 1089 sequences classified by HMM
2022-04-10 08:17:27,124 -INFO- see protein domain sequences in `Weymouth_CDS_NewNames.fasta.code.rexdb.dom.faa` and annotation gff3 file in `Weymouth_CDS_NewNames.fasta.code.rexdb.dom.gff3`
2022-04-10 08:17:27,124 -INFO- classifying the unclassified sequences by searching against the classified ones
2022-04-10 08:17:30,072 -INFO- using the 80-80-80 rule
2022-04-10 08:17:30,072 -INFO- run CMD: `makeblastdb -in ./tmp/pass1_classified.fa -dbtype nucl`
2022-04-10 08:17:30,276 -INFO- run CMD: `blastn -query ./tmp/pass1_unclassified.fa -db ./tmp/pass1_classified.fa -out ./tmp/pass1_unclassified.fa.blastout -outfmt '6 qseqid sseqid pident length mismatch gapopen qstart qend sstart send evalue bitscore qlen slen qcovs qcovhsp sstrand' -num_threads 24`
2022-04-10 08:17:51,199 -INFO- 939 sequences classified in pass 2
2022-04-10 08:17:51,202 -INFO- total 2028 sequences classified.
2022-04-10 08:17:51,202 -INFO- see classified sequences in `Weymouth_CDS_NewNames.fasta.code.rexdb.cls.tsv`
2022-04-10 08:17:51,202 -INFO- writing library for RepeatMasker in `Weymouth_CDS_NewNames.fasta.code.rexdb.cls.lib`
2022-04-10 08:17:53,453 -INFO- writing classified protein domains in `Weymouth_CDS_NewNames.fasta.code.rexdb.cls.pep`
2022-04-10 08:17:53,480 -INFO- Summary of classifications:
Order           Superfamily      # of Sequences# of Clade Sequences    # of Clades# of full Domains
LTR             Bel-Pao                      17              0              0              0
LTR             Copia                       313            122             15              0
LTR             Gypsy                       392            156             16              0
LTR             Retrovirus                   11              0              0              0
LTR             mixture                       1              0              0              0
pararetrovirus  unknown                      17              0              0              0
LINE            unknown                     197              0              0              0
TIR             MuDR_Mutator                238              0              0              0
TIR             PIF_Harbinger               167              0              0              0
TIR             hAT                          67              0              0              0
Helitron        unknown                      68              0              0              0
Maverick        unknown                     533              0              0              0
mixture         mixture                       7              0              0              0
2022-04-10 08:17:53,482 -INFO- Pipeline done.
2022-04-10 08:17:53,482 -INFO- cleaning the temporary directory ./tmp
				Remove CDS-related sequences in the EDTA library:

pararetrovirus/NA not found in the TE_SO database, it will not be used to rename sequences in the final annotation.
pararetrovirus/NA not found in the TE_SO database, it will not be used to rename sequences in the final annotation.
Sun Apr 10 09:40:19 EDT 2022	EDTA final stage finished! You may check out:
				The final EDTA TE library: Weymouth_NewNames.fasta.mod.EDTA.TElib.fa
Copying the library file and tar gz-ing the annotation folder
tar: Removing leading `/' from member names
Time taken: 333574
