amr-108
My Task ID: 10
Legacy
Declaring output paths and running EDTA

########################################################
##### Extensive de-novo TE Annotator (EDTA) v2.0.0  ####
##### Shujun Ou (shujun.ou.1@gmail.com)             ####
########################################################



Fri Apr  1 11:39:22 EDT 2022	Dependency checking:
				All passed!

	A CDS file /mnt/research/edgerpat_lab/Scotty/Blueberry_Pangenome_TE_Analysis/results/Blueberry/Legacy/Legacy_CDS_NewNames.fasta is provided via --cds. Please make sure this is the DNA sequence of coding regions only.

Fri Apr  1 11:40:18 EDT 2022	Obtain raw TE libraries using various structure-based programs: 
Fri Apr  1 11:40:19 EDT 2022	EDTA_raw: Check dependencies, prepare working directories.

Fri Apr  1 11:40:36 EDT 2022	Start to find LTR candidates.

Fri Apr  1 11:40:36 EDT 2022	Identify LTR retrotransposon candidates from scratch.

Fri Apr  1 12:39:25 EDT 2022	Finish finding LTR candidates.

Fri Apr  1 12:39:25 EDT 2022	Start to find TIR candidates.

Fri Apr  1 12:39:25 EDT 2022	Identify TIR candidates from scratch.

Species: others
Sat Apr  2 01:06:24 EDT 2022	Finish finding TIR candidates.

Sat Apr  2 01:06:24 EDT 2022	Start to find Helitron candidates.

Sat Apr  2 01:06:24 EDT 2022	Identify Helitron candidates from scratch.

Sat Apr  2 11:55:38 EDT 2022	Finish finding Helitron candidates.

Sat Apr  2 11:55:38 EDT 2022	Execution of EDTA_raw.pl is finished!

Sat Apr  2 11:55:39 EDT 2022	Obtain raw TE libraries finished.
				All intact TEs found by EDTA: 
					Legacy_NewNames.fasta.mod.EDTA.intact.fa
					Legacy_NewNames.fasta.mod.EDTA.intact.gff3

Sat Apr  2 11:55:39 EDT 2022	Perform EDTA advance filtering for raw TE candidates and generate the stage 1 library: 

Sat Apr  2 13:39:24 EDT 2022	EDTA advance filtering finished.

Sat Apr  2 13:39:24 EDT 2022	Perform EDTA final steps to generate a non-redundant comprehensive TE library:

				Use RepeatModeler to identify any remaining TEs that are missed by structure-based methods.

2022-04-05 05:12:51,913 -WARNING- Grid computing is not available because DRMAA not configured properly: Could not find drmaa library.  Please specify its full path using the environment variable DRMAA_LIBRARY_PATH
2022-04-05 05:12:52,025 -INFO- VARS: {'sequence': 'Legacy_NewNames.fasta.mod.RM.consensi.fa', 'hmm_database': 'rexdb', 'seq_type': 'nucl', 'prefix': 'Legacy_NewNames.fasta.mod.RM.consensi.fa.rexdb', 'force_write_hmmscan': False, 'processors': 24, 'tmp_dir': './tmp', 'min_coverage': 20, 'max_evalue': 0.001, 'disable_pass2': False, 'pass2_rule': '80-80-80', 'no_library': False, 'no_reverse': False, 'no_cleanup': False, 'p2_identity': 80.0, 'p2_coverage': 80.0, 'p2_length': 80.0}
2022-04-05 05:12:52,025 -INFO- checking dependencies:
2022-04-05 05:12:52,084 -INFO- hmmer	3.3.1	OK
2022-04-05 05:12:52,157 -INFO- blastn	2.10.0+	OK
2022-04-05 05:12:52,159 -INFO- check database rexdb
2022-04-05 05:12:52,160 -INFO- db path: /mnt/ufs18/home-115/teresisc/anaconda3/envs/EDTA/lib/python3.6/site-packages/TEsorter/database
2022-04-05 05:12:52,161 -INFO- db file: REXdb_protein_database_viridiplantae_v3.0_plus_metazoa_v3.hmm
2022-04-05 05:12:52,161 -INFO- REXdb_protein_database_viridiplantae_v3.0_plus_metazoa_v3.hmm	OK
2022-04-05 05:12:52,162 -INFO- Start classifying pipeline
2022-04-05 05:12:52,318 -INFO- total 2167 sequences
2022-04-05 05:12:52,319 -INFO- translating `Legacy_NewNames.fasta.mod.RM.consensi.fa` in six frames
/mnt/home/teresisc/anaconda3/envs/EDTA/lib/python3.6/site-packages/Bio/Seq.py:2338: BiopythonWarning: Partial codon, len(sequence) not a multiple of three. Explicitly trim the sequence or add trailing N before translation. This may become an error in future.
  BiopythonWarning,
2022-04-05 05:12:55,844 -INFO- HMM scanning against `/mnt/ufs18/home-115/teresisc/anaconda3/envs/EDTA/lib/python3.6/site-packages/TEsorter/database/REXdb_protein_database_viridiplantae_v3.0_plus_metazoa_v3.hmm`
2022-04-05 05:12:55,991 -INFO- Creating server instance (pp-1.6.4.4)
2022-04-05 05:12:55,991 -INFO- Running on Python 3.6.12 linux
2022-04-05 05:12:57,693 -INFO- pp local server started with 24 workers
2022-04-05 05:12:57,763 -INFO- Task 0 started
2022-04-05 05:12:57,764 -INFO- Task 1 started
2022-04-05 05:12:57,765 -INFO- Task 2 started
2022-04-05 05:12:57,766 -INFO- Task 3 started
2022-04-05 05:12:57,766 -INFO- Task 4 started
2022-04-05 05:12:57,767 -INFO- Task 5 started
2022-04-05 05:12:57,767 -INFO- Task 6 started
2022-04-05 05:12:57,768 -INFO- Task 7 started
2022-04-05 05:12:57,768 -INFO- Task 8 started
2022-04-05 05:12:57,769 -INFO- Task 9 started
2022-04-05 05:12:57,770 -INFO- Task 10 started
2022-04-05 05:12:57,771 -INFO- Task 11 started
2022-04-05 05:12:57,771 -INFO- Task 12 started
2022-04-05 05:12:57,772 -INFO- Task 13 started
2022-04-05 05:12:57,772 -INFO- Task 14 started
2022-04-05 05:12:57,773 -INFO- Task 15 started
2022-04-05 05:12:57,775 -INFO- Task 16 started
2022-04-05 05:12:57,775 -INFO- Task 17 started
2022-04-05 05:12:57,775 -INFO- Task 18 started
2022-04-05 05:12:57,776 -INFO- Task 19 started
2022-04-05 05:12:57,776 -INFO- Task 20 started
2022-04-05 05:12:57,776 -INFO- Task 21 started
2022-04-05 05:12:57,777 -INFO- Task 22 started
2022-04-05 05:12:57,777 -INFO- Task 23 started
2022-04-05 05:14:30,464 -INFO- generating gene anntations
2022-04-05 05:14:30,595 -INFO- 86 sequences classified by HMM
2022-04-05 05:14:30,596 -INFO- see protein domain sequences in `Legacy_NewNames.fasta.mod.RM.consensi.fa.rexdb.dom.faa` and annotation gff3 file in `Legacy_NewNames.fasta.mod.RM.consensi.fa.rexdb.dom.gff3`
2022-04-05 05:14:30,596 -INFO- classifying the unclassified sequences by searching against the classified ones
2022-04-05 05:14:30,676 -INFO- using the 80-80-80 rule
2022-04-05 05:14:30,676 -INFO- run CMD: `makeblastdb -in ./tmp/pass1_classified.fa -dbtype nucl`
2022-04-05 05:14:30,863 -INFO- run CMD: `blastn -query ./tmp/pass1_unclassified.fa -db ./tmp/pass1_classified.fa -out ./tmp/pass1_unclassified.fa.blastout -outfmt '6 qseqid sseqid pident length mismatch gapopen qstart qend sstart send evalue bitscore qlen slen qcovs qcovhsp sstrand' -num_threads 24`
2022-04-05 05:14:31,549 -INFO- 0 sequences classified in pass 2
2022-04-05 05:14:31,550 -INFO- total 86 sequences classified.
2022-04-05 05:14:31,550 -INFO- see classified sequences in `Legacy_NewNames.fasta.mod.RM.consensi.fa.rexdb.cls.tsv`
2022-04-05 05:14:31,551 -INFO- writing library for RepeatMasker in `Legacy_NewNames.fasta.mod.RM.consensi.fa.rexdb.cls.lib`
2022-04-05 05:14:31,608 -INFO- writing classified protein domains in `Legacy_NewNames.fasta.mod.RM.consensi.fa.rexdb.cls.pep`
2022-04-05 05:14:31,615 -INFO- Summary of classifications:
Order           Superfamily      # of Sequences# of Clade Sequences    # of Clades# of full Domains
LTR             Copia                         2              2              1              0
LTR             Gypsy                        10              8              3              0
pararetrovirus  unknown                       7              0              0              0
LINE            unknown                      37              0              0              0
TIR             EnSpm_CACTA                   4              0              0              0
TIR             MuDR_Mutator                 10              0              0              0
TIR             PIF_Harbinger                 7              0              0              0
TIR             hAT                           4              0              0              0
Helitron        unknown                       2              0              0              0
Maverick        unknown                       3              0              0              0
2022-04-05 05:14:31,615 -INFO- Pipeline done.
2022-04-05 05:14:31,615 -INFO- cleaning the temporary directory ./tmp
Tue Apr  5 05:36:58 EDT 2022	Clean up TE-related sequences in the CDS file with TEsorter:

2022-04-05 05:37:06,051 -WARNING- Grid computing is not available because DRMAA not configured properly: Could not find drmaa library.  Please specify its full path using the environment variable DRMAA_LIBRARY_PATH
2022-04-05 05:37:06,125 -INFO- VARS: {'sequence': 'Legacy_CDS_NewNames.fasta.code', 'hmm_database': 'rexdb', 'seq_type': 'nucl', 'prefix': 'Legacy_CDS_NewNames.fasta.code.rexdb', 'force_write_hmmscan': False, 'processors': 24, 'tmp_dir': './tmp', 'min_coverage': 20, 'max_evalue': 0.001, 'disable_pass2': False, 'pass2_rule': '80-80-80', 'no_library': False, 'no_reverse': False, 'no_cleanup': False, 'p2_identity': 80.0, 'p2_coverage': 80.0, 'p2_length': 80.0}
2022-04-05 05:37:06,126 -INFO- checking dependencies:
2022-04-05 05:37:06,196 -INFO- hmmer	3.3.1	OK
2022-04-05 05:37:06,262 -INFO- blastn	2.10.0+	OK
2022-04-05 05:37:06,264 -INFO- check database rexdb
2022-04-05 05:37:06,264 -INFO- db path: /mnt/ufs18/home-115/teresisc/anaconda3/envs/EDTA/lib/python3.6/site-packages/TEsorter/database
2022-04-05 05:37:06,265 -INFO- db file: REXdb_protein_database_viridiplantae_v3.0_plus_metazoa_v3.hmm
2022-04-05 05:37:06,265 -INFO- REXdb_protein_database_viridiplantae_v3.0_plus_metazoa_v3.hmm	OK
2022-04-05 05:37:06,265 -INFO- Start classifying pipeline
2022-04-05 05:37:07,111 -INFO- total 105755 sequences
2022-04-05 05:37:07,112 -INFO- translating `Legacy_CDS_NewNames.fasta.code` in six frames
/mnt/home/teresisc/anaconda3/envs/EDTA/lib/python3.6/site-packages/Bio/Seq.py:2338: BiopythonWarning: Partial codon, len(sequence) not a multiple of three. Explicitly trim the sequence or add trailing N before translation. This may become an error in future.
  BiopythonWarning,
2022-04-05 05:39:08,015 -INFO- HMM scanning against `/mnt/ufs18/home-115/teresisc/anaconda3/envs/EDTA/lib/python3.6/site-packages/TEsorter/database/REXdb_protein_database_viridiplantae_v3.0_plus_metazoa_v3.hmm`
2022-04-05 05:39:13,244 -INFO- Creating server instance (pp-1.6.4.4)
2022-04-05 05:39:13,245 -INFO- Running on Python 3.6.12 linux
2022-04-05 05:39:14,876 -INFO- pp local server started with 24 workers
2022-04-05 05:39:14,959 -INFO- Task 0 started
2022-04-05 05:39:14,959 -INFO- Task 1 started
2022-04-05 05:39:14,960 -INFO- Task 2 started
2022-04-05 05:39:14,960 -INFO- Task 3 started
2022-04-05 05:39:14,960 -INFO- Task 4 started
2022-04-05 05:39:14,961 -INFO- Task 5 started
2022-04-05 05:39:14,961 -INFO- Task 6 started
2022-04-05 05:39:14,961 -INFO- Task 7 started
2022-04-05 05:39:14,961 -INFO- Task 8 started
2022-04-05 05:39:14,961 -INFO- Task 9 started
2022-04-05 05:39:14,962 -INFO- Task 10 started
2022-04-05 05:39:14,962 -INFO- Task 11 started
2022-04-05 05:39:14,962 -INFO- Task 12 started
2022-04-05 05:39:14,962 -INFO- Task 13 started
2022-04-05 05:39:14,963 -INFO- Task 14 started
2022-04-05 05:39:14,963 -INFO- Task 15 started
2022-04-05 05:39:14,963 -INFO- Task 16 started
2022-04-05 05:39:14,964 -INFO- Task 17 started
2022-04-05 05:39:14,964 -INFO- Task 18 started
2022-04-05 05:39:14,965 -INFO- Task 19 started
2022-04-05 05:39:14,966 -INFO- Task 20 started
2022-04-05 05:39:14,966 -INFO- Task 21 started
2022-04-05 05:39:14,966 -INFO- Task 22 started
2022-04-05 05:39:14,966 -INFO- Task 23 started
2022-04-05 06:54:10,283 -INFO- generating gene anntations
2022-04-05 06:54:16,404 -INFO- 1072 sequences classified by HMM
2022-04-05 06:54:16,405 -INFO- see protein domain sequences in `Legacy_CDS_NewNames.fasta.code.rexdb.dom.faa` and annotation gff3 file in `Legacy_CDS_NewNames.fasta.code.rexdb.dom.gff3`
2022-04-05 06:54:16,405 -INFO- classifying the unclassified sequences by searching against the classified ones
2022-04-05 06:54:19,384 -INFO- using the 80-80-80 rule
2022-04-05 06:54:19,385 -INFO- run CMD: `makeblastdb -in ./tmp/pass1_classified.fa -dbtype nucl`
2022-04-05 06:54:19,573 -INFO- run CMD: `blastn -query ./tmp/pass1_unclassified.fa -db ./tmp/pass1_classified.fa -out ./tmp/pass1_unclassified.fa.blastout -outfmt '6 qseqid sseqid pident length mismatch gapopen qstart qend sstart send evalue bitscore qlen slen qcovs qcovhsp sstrand' -num_threads 24`
2022-04-05 06:54:41,252 -INFO- 1000 sequences classified in pass 2
2022-04-05 06:54:41,254 -INFO- total 2072 sequences classified.
2022-04-05 06:54:41,255 -INFO- see classified sequences in `Legacy_CDS_NewNames.fasta.code.rexdb.cls.tsv`
2022-04-05 06:54:41,255 -INFO- writing library for RepeatMasker in `Legacy_CDS_NewNames.fasta.code.rexdb.cls.lib`
2022-04-05 06:54:43,513 -INFO- writing classified protein domains in `Legacy_CDS_NewNames.fasta.code.rexdb.cls.pep`
2022-04-05 06:54:43,540 -INFO- Summary of classifications:
Order           Superfamily      # of Sequences# of Clade Sequences    # of Clades# of full Domains
LTR             Bel-Pao                      13              0              0              0
LTR             Copia                       295            122             16              0
LTR             Gypsy                       415            172             16              0
LTR             Retrovirus                   28              0              0              0
LTR             mixture                       4              0              0              0
pararetrovirus  unknown                       3              0              0              0
LINE            unknown                     184              0              0              0
TIR             EnSpm_CACTA                   1              0              0              0
TIR             Merlin                        1              0              0              0
TIR             MuDR_Mutator                222              0              0              0
TIR             PIF_Harbinger               143              0              0              0
TIR             Tc1_Mariner                  12              0              0              0
TIR             hAT                          74              0              0              0
Helitron        unknown                      67              0              0              0
Maverick        unknown                     603              0              0              0
mixture         mixture                       7              0              0              0
2022-04-05 06:54:43,541 -INFO- Pipeline done.
2022-04-05 06:54:43,542 -INFO- cleaning the temporary directory ./tmp
				Remove CDS-related sequences in the EDTA library:

Tue Apr  5 08:15:36 EDT 2022	EDTA final stage finished! You may check out:
				The final EDTA TE library: Legacy_NewNames.fasta.mod.EDTA.TElib.fa
Copying the library file and tar gz-ing the annotation folder
tar: Removing leading `/' from member names
Time taken: 336666
