amr-109
My Task ID: 12
Misty
Declaring output paths and running EDTA

########################################################
##### Extensive de-novo TE Annotator (EDTA) v2.0.0  ####
##### Shujun Ou (shujun.ou.1@gmail.com)             ####
########################################################



Fri Apr  1 17:02:48 EDT 2022	Dependency checking:
				All passed!

	A CDS file /mnt/research/edgerpat_lab/Scotty/Blueberry_Pangenome_TE_Analysis/results/Blueberry/Misty/Misty_CDS_NewNames.fasta is provided via --cds. Please make sure this is the DNA sequence of coding regions only.

Fri Apr  1 17:03:44 EDT 2022	Obtain raw TE libraries using various structure-based programs: 
Fri Apr  1 17:03:45 EDT 2022	EDTA_raw: Check dependencies, prepare working directories.

Fri Apr  1 17:04:02 EDT 2022	Start to find LTR candidates.

Fri Apr  1 17:04:03 EDT 2022	Identify LTR retrotransposon candidates from scratch.

Fri Apr  1 23:31:33 EDT 2022	Finish finding LTR candidates.

Fri Apr  1 23:31:33 EDT 2022	Start to find TIR candidates.

Fri Apr  1 23:31:33 EDT 2022	Identify TIR candidates from scratch.

Species: others
Sat Apr  2 15:54:02 EDT 2022	Finish finding TIR candidates.

Sat Apr  2 15:54:02 EDT 2022	Start to find Helitron candidates.

Sat Apr  2 15:54:02 EDT 2022	Identify Helitron candidates from scratch.

Sun Apr  3 03:53:18 EDT 2022	Finish finding Helitron candidates.

Sun Apr  3 03:53:18 EDT 2022	Execution of EDTA_raw.pl is finished!

Sun Apr  3 03:53:19 EDT 2022	Obtain raw TE libraries finished.
				All intact TEs found by EDTA: 
					Misty_NewNames.fasta.mod.EDTA.intact.fa
					Misty_NewNames.fasta.mod.EDTA.intact.gff3

Sun Apr  3 03:53:19 EDT 2022	Perform EDTA advance filtering for raw TE candidates and generate the stage 1 library: 

Sun Apr  3 05:40:29 EDT 2022	EDTA advance filtering finished.

Sun Apr  3 05:40:29 EDT 2022	Perform EDTA final steps to generate a non-redundant comprehensive TE library:

				Use RepeatModeler to identify any remaining TEs that are missed by structure-based methods.

2022-04-06 09:01:50,766 -WARNING- Grid computing is not available because DRMAA not configured properly: Could not find drmaa library.  Please specify its full path using the environment variable DRMAA_LIBRARY_PATH
2022-04-06 09:01:50,845 -INFO- VARS: {'sequence': 'Misty_NewNames.fasta.mod.RM.consensi.fa', 'hmm_database': 'rexdb', 'seq_type': 'nucl', 'prefix': 'Misty_NewNames.fasta.mod.RM.consensi.fa.rexdb', 'force_write_hmmscan': False, 'processors': 24, 'tmp_dir': './tmp', 'min_coverage': 20, 'max_evalue': 0.001, 'disable_pass2': False, 'pass2_rule': '80-80-80', 'no_library': False, 'no_reverse': False, 'no_cleanup': False, 'p2_identity': 80.0, 'p2_coverage': 80.0, 'p2_length': 80.0}
2022-04-06 09:01:50,846 -INFO- checking dependencies:
2022-04-06 09:01:50,939 -INFO- hmmer	3.3.1	OK
2022-04-06 09:01:51,007 -INFO- blastn	2.10.0+	OK
2022-04-06 09:01:51,010 -INFO- check database rexdb
2022-04-06 09:01:51,010 -INFO- db path: /mnt/ufs18/home-115/teresisc/anaconda3/envs/EDTA/lib/python3.6/site-packages/TEsorter/database
2022-04-06 09:01:51,010 -INFO- db file: REXdb_protein_database_viridiplantae_v3.0_plus_metazoa_v3.hmm
2022-04-06 09:01:51,011 -INFO- REXdb_protein_database_viridiplantae_v3.0_plus_metazoa_v3.hmm	OK
2022-04-06 09:01:51,011 -INFO- Start classifying pipeline
2022-04-06 09:01:51,262 -INFO- total 1976 sequences
2022-04-06 09:01:51,262 -INFO- translating `Misty_NewNames.fasta.mod.RM.consensi.fa` in six frames
/mnt/home/teresisc/anaconda3/envs/EDTA/lib/python3.6/site-packages/Bio/Seq.py:2338: BiopythonWarning: Partial codon, len(sequence) not a multiple of three. Explicitly trim the sequence or add trailing N before translation. This may become an error in future.
  BiopythonWarning,
2022-04-06 09:01:54,810 -INFO- HMM scanning against `/mnt/ufs18/home-115/teresisc/anaconda3/envs/EDTA/lib/python3.6/site-packages/TEsorter/database/REXdb_protein_database_viridiplantae_v3.0_plus_metazoa_v3.hmm`
2022-04-06 09:01:54,931 -INFO- Creating server instance (pp-1.6.4.4)
2022-04-06 09:01:54,931 -INFO- Running on Python 3.6.12 linux
2022-04-06 09:01:56,585 -INFO- pp local server started with 24 workers
2022-04-06 09:01:56,670 -INFO- Task 0 started
2022-04-06 09:01:56,671 -INFO- Task 1 started
2022-04-06 09:01:56,671 -INFO- Task 2 started
2022-04-06 09:01:56,671 -INFO- Task 3 started
2022-04-06 09:01:56,671 -INFO- Task 4 started
2022-04-06 09:01:56,671 -INFO- Task 5 started
2022-04-06 09:01:56,672 -INFO- Task 6 started
2022-04-06 09:01:56,672 -INFO- Task 7 started
2022-04-06 09:01:56,672 -INFO- Task 8 started
2022-04-06 09:01:56,672 -INFO- Task 9 started
2022-04-06 09:01:56,673 -INFO- Task 10 started
2022-04-06 09:01:56,673 -INFO- Task 11 started
2022-04-06 09:01:56,673 -INFO- Task 12 started
2022-04-06 09:01:56,674 -INFO- Task 13 started
2022-04-06 09:01:56,674 -INFO- Task 14 started
2022-04-06 09:01:56,674 -INFO- Task 15 started
2022-04-06 09:01:56,674 -INFO- Task 16 started
2022-04-06 09:01:56,675 -INFO- Task 17 started
2022-04-06 09:01:56,675 -INFO- Task 18 started
2022-04-06 09:01:56,675 -INFO- Task 19 started
2022-04-06 09:01:56,675 -INFO- Task 20 started
2022-04-06 09:01:56,676 -INFO- Task 21 started
2022-04-06 09:01:56,676 -INFO- Task 22 started
2022-04-06 09:01:56,676 -INFO- Task 23 started
2022-04-06 09:03:08,300 -INFO- generating gene anntations
2022-04-06 09:03:08,422 -INFO- 79 sequences classified by HMM
2022-04-06 09:03:08,422 -INFO- see protein domain sequences in `Misty_NewNames.fasta.mod.RM.consensi.fa.rexdb.dom.faa` and annotation gff3 file in `Misty_NewNames.fasta.mod.RM.consensi.fa.rexdb.dom.gff3`
2022-04-06 09:03:08,422 -INFO- classifying the unclassified sequences by searching against the classified ones
2022-04-06 09:03:08,495 -INFO- using the 80-80-80 rule
2022-04-06 09:03:08,495 -INFO- run CMD: `makeblastdb -in ./tmp/pass1_classified.fa -dbtype nucl`
2022-04-06 09:03:08,720 -INFO- run CMD: `blastn -query ./tmp/pass1_unclassified.fa -db ./tmp/pass1_classified.fa -out ./tmp/pass1_unclassified.fa.blastout -outfmt '6 qseqid sseqid pident length mismatch gapopen qstart qend sstart send evalue bitscore qlen slen qcovs qcovhsp sstrand' -num_threads 24`
2022-04-06 09:03:09,367 -INFO- 2 sequences classified in pass 2
2022-04-06 09:03:09,367 -INFO- total 81 sequences classified.
2022-04-06 09:03:09,367 -INFO- see classified sequences in `Misty_NewNames.fasta.mod.RM.consensi.fa.rexdb.cls.tsv`
2022-04-06 09:03:09,367 -INFO- writing library for RepeatMasker in `Misty_NewNames.fasta.mod.RM.consensi.fa.rexdb.cls.lib`
2022-04-06 09:03:09,420 -INFO- writing classified protein domains in `Misty_NewNames.fasta.mod.RM.consensi.fa.rexdb.cls.pep`
2022-04-06 09:03:09,423 -INFO- Summary of classifications:
Order           Superfamily      # of Sequences# of Clade Sequences    # of Clades# of full Domains
LTR             Copia                         3              3              2              0
LTR             Gypsy                         3              3              2              0
pararetrovirus  unknown                       3              0              0              0
LINE            unknown                      39              0              0              0
TIR             EnSpm_CACTA                   2              0              0              0
TIR             MuDR_Mutator                 18              0              0              0
TIR             PIF_Harbinger                 6              0              0              0
TIR             hAT                           3              0              0              0
Helitron        unknown                       4              0              0              0
2022-04-06 09:03:09,423 -INFO- Pipeline done.
2022-04-06 09:03:09,423 -INFO- cleaning the temporary directory ./tmp
Wed Apr  6 09:27:42 EDT 2022	Clean up TE-related sequences in the CDS file with TEsorter:

2022-04-06 09:27:49,312 -WARNING- Grid computing is not available because DRMAA not configured properly: Could not find drmaa library.  Please specify its full path using the environment variable DRMAA_LIBRARY_PATH
2022-04-06 09:27:49,357 -INFO- VARS: {'sequence': 'Misty_CDS_NewNames.fasta.code', 'hmm_database': 'rexdb', 'seq_type': 'nucl', 'prefix': 'Misty_CDS_NewNames.fasta.code.rexdb', 'force_write_hmmscan': False, 'processors': 24, 'tmp_dir': './tmp', 'min_coverage': 20, 'max_evalue': 0.001, 'disable_pass2': False, 'pass2_rule': '80-80-80', 'no_library': False, 'no_reverse': False, 'no_cleanup': False, 'p2_identity': 80.0, 'p2_coverage': 80.0, 'p2_length': 80.0}
2022-04-06 09:27:49,357 -INFO- checking dependencies:
2022-04-06 09:27:49,408 -INFO- hmmer	3.3.1	OK
2022-04-06 09:27:49,465 -INFO- blastn	2.10.0+	OK
2022-04-06 09:27:49,467 -INFO- check database rexdb
2022-04-06 09:27:49,467 -INFO- db path: /mnt/ufs18/home-115/teresisc/anaconda3/envs/EDTA/lib/python3.6/site-packages/TEsorter/database
2022-04-06 09:27:49,467 -INFO- db file: REXdb_protein_database_viridiplantae_v3.0_plus_metazoa_v3.hmm
2022-04-06 09:27:49,468 -INFO- REXdb_protein_database_viridiplantae_v3.0_plus_metazoa_v3.hmm	OK
2022-04-06 09:27:49,468 -INFO- Start classifying pipeline
2022-04-06 09:27:50,311 -INFO- total 107806 sequences
2022-04-06 09:27:50,311 -INFO- translating `Misty_CDS_NewNames.fasta.code` in six frames
/mnt/home/teresisc/anaconda3/envs/EDTA/lib/python3.6/site-packages/Bio/Seq.py:2338: BiopythonWarning: Partial codon, len(sequence) not a multiple of three. Explicitly trim the sequence or add trailing N before translation. This may become an error in future.
  BiopythonWarning,
2022-04-06 09:29:55,718 -INFO- HMM scanning against `/mnt/ufs18/home-115/teresisc/anaconda3/envs/EDTA/lib/python3.6/site-packages/TEsorter/database/REXdb_protein_database_viridiplantae_v3.0_plus_metazoa_v3.hmm`
2022-04-06 09:30:01,133 -INFO- Creating server instance (pp-1.6.4.4)
2022-04-06 09:30:01,133 -INFO- Running on Python 3.6.12 linux
2022-04-06 09:30:02,701 -INFO- pp local server started with 24 workers
2022-04-06 09:30:02,791 -INFO- Task 0 started
2022-04-06 09:30:02,792 -INFO- Task 1 started
2022-04-06 09:30:02,792 -INFO- Task 2 started
2022-04-06 09:30:02,792 -INFO- Task 3 started
2022-04-06 09:30:02,793 -INFO- Task 4 started
2022-04-06 09:30:02,793 -INFO- Task 5 started
2022-04-06 09:30:02,793 -INFO- Task 6 started
2022-04-06 09:30:02,793 -INFO- Task 7 started
2022-04-06 09:30:02,794 -INFO- Task 8 started
2022-04-06 09:30:02,794 -INFO- Task 9 started
2022-04-06 09:30:02,795 -INFO- Task 10 started
2022-04-06 09:30:02,795 -INFO- Task 11 started
2022-04-06 09:30:02,796 -INFO- Task 12 started
2022-04-06 09:30:02,796 -INFO- Task 13 started
2022-04-06 09:30:02,796 -INFO- Task 14 started
2022-04-06 09:30:02,796 -INFO- Task 15 started
2022-04-06 09:30:02,797 -INFO- Task 16 started
2022-04-06 09:30:02,797 -INFO- Task 17 started
2022-04-06 09:30:02,797 -INFO- Task 18 started
2022-04-06 09:30:02,797 -INFO- Task 19 started
2022-04-06 09:30:02,798 -INFO- Task 20 started
2022-04-06 09:30:02,798 -INFO- Task 21 started
2022-04-06 09:30:02,798 -INFO- Task 22 started
2022-04-06 09:30:02,799 -INFO- Task 23 started
2022-04-06 10:38:33,349 -INFO- generating gene anntations
2022-04-06 10:38:39,541 -INFO- 1143 sequences classified by HMM
2022-04-06 10:38:39,541 -INFO- see protein domain sequences in `Misty_CDS_NewNames.fasta.code.rexdb.dom.faa` and annotation gff3 file in `Misty_CDS_NewNames.fasta.code.rexdb.dom.gff3`
2022-04-06 10:38:39,542 -INFO- classifying the unclassified sequences by searching against the classified ones
2022-04-06 10:38:42,631 -INFO- using the 80-80-80 rule
2022-04-06 10:38:42,632 -INFO- run CMD: `makeblastdb -in ./tmp/pass1_classified.fa -dbtype nucl`
2022-04-06 10:38:42,857 -INFO- run CMD: `blastn -query ./tmp/pass1_unclassified.fa -db ./tmp/pass1_classified.fa -out ./tmp/pass1_unclassified.fa.blastout -outfmt '6 qseqid sseqid pident length mismatch gapopen qstart qend sstart send evalue bitscore qlen slen qcovs qcovhsp sstrand' -num_threads 24`
2022-04-06 10:39:05,419 -INFO- 950 sequences classified in pass 2
2022-04-06 10:39:05,421 -INFO- total 2093 sequences classified.
2022-04-06 10:39:05,421 -INFO- see classified sequences in `Misty_CDS_NewNames.fasta.code.rexdb.cls.tsv`
2022-04-06 10:39:05,421 -INFO- writing library for RepeatMasker in `Misty_CDS_NewNames.fasta.code.rexdb.cls.lib`
2022-04-06 10:39:07,733 -INFO- writing classified protein domains in `Misty_CDS_NewNames.fasta.code.rexdb.cls.pep`
2022-04-06 10:39:07,776 -INFO- Summary of classifications:
Order           Superfamily      # of Sequences# of Clade Sequences    # of Clades# of full Domains
LTR             Bel-Pao                      29              0              0              0
LTR             Copia                       292            112             15              0
LTR             Gypsy                       406            177             15              0
LTR             Retrovirus                   32              0              0              0
LTR             mixture                       3              0              0              0
pararetrovirus  unknown                      14              0              0              0
Penelope        unknown                       1              0              0              0
LINE            unknown                     230              0              0              0
TIR             EnSpm_CACTA                   4              0              0              0
TIR             MuDR_Mutator                173              0              0              0
TIR             Novosib                       1              0              0              0
TIR             PIF_Harbinger               176              0              0              0
TIR             Sola2                        43              0              0              0
TIR             hAT                          63              0              0              0
Helitron        unknown                      64              0              0              0
Maverick        unknown                     543              0              0              0
mixture         mixture                      19              0              0              0
2022-04-06 10:39:07,778 -INFO- Pipeline done.
2022-04-06 10:39:07,778 -INFO- cleaning the temporary directory ./tmp
				Remove CDS-related sequences in the EDTA library:

pararetrovirus/NA not found in the TE_SO database, it will not be used to rename sequences in the final annotation.
Wed Apr  6 12:59:36 EDT 2022	EDTA final stage finished! You may check out:
				The final EDTA TE library: Misty_NewNames.fasta.mod.EDTA.TElib.fa
Copying the library file and tar gz-ing the annotation folder
tar: Removing leading `/' from member names
Time taken: 420691
