amr-198
My Task ID: 7
Farthing
Declaring output paths and running EDTA

########################################################
##### Extensive de-novo TE Annotator (EDTA) v2.0.0  ####
##### Shujun Ou (shujun.ou.1@gmail.com)             ####
########################################################



Tue Mar 29 09:13:59 EDT 2022	Dependency checking:
				All passed!

	A CDS file /mnt/research/edgerpat_lab/Scotty/Blueberry_Pangenome_TE_Analysis/results/Blueberry/Farthing/Farthing_CDS_NewNames.fasta is provided via --cds. Please make sure this is the DNA sequence of coding regions only.

Tue Mar 29 09:15:00 EDT 2022	Obtain raw TE libraries using various structure-based programs: 
Tue Mar 29 09:15:00 EDT 2022	EDTA_raw: Check dependencies, prepare working directories.

Tue Mar 29 09:15:18 EDT 2022	Start to find LTR candidates.

Tue Mar 29 09:15:18 EDT 2022	Identify LTR retrotransposon candidates from scratch.

Tue Mar 29 15:12:36 EDT 2022	Finish finding LTR candidates.

Tue Mar 29 15:12:36 EDT 2022	Start to find TIR candidates.

Tue Mar 29 15:12:36 EDT 2022	Identify TIR candidates from scratch.

Species: others
Wed Mar 30 08:10:02 EDT 2022	Finish finding TIR candidates.

Wed Mar 30 08:10:02 EDT 2022	Start to find Helitron candidates.

Wed Mar 30 08:10:02 EDT 2022	Identify Helitron candidates from scratch.

Wed Mar 30 20:29:57 EDT 2022	Finish finding Helitron candidates.

Wed Mar 30 20:29:57 EDT 2022	Execution of EDTA_raw.pl is finished!

Wed Mar 30 20:29:58 EDT 2022	Obtain raw TE libraries finished.
				All intact TEs found by EDTA: 
					Farthing_NewNames.fasta.mod.EDTA.intact.fa
					Farthing_NewNames.fasta.mod.EDTA.intact.gff3

Wed Mar 30 20:29:58 EDT 2022	Perform EDTA advance filtering for raw TE candidates and generate the stage 1 library: 

Wed Mar 30 22:32:09 EDT 2022	EDTA advance filtering finished.

Wed Mar 30 22:32:09 EDT 2022	Perform EDTA final steps to generate a non-redundant comprehensive TE library:

				Use RepeatModeler to identify any remaining TEs that are missed by structure-based methods.

2022-04-02 21:50:32,063 -WARNING- Grid computing is not available because DRMAA not configured properly: Could not find drmaa library.  Please specify its full path using the environment variable DRMAA_LIBRARY_PATH
2022-04-02 21:50:32,133 -INFO- VARS: {'sequence': 'Farthing_NewNames.fasta.mod.RM.consensi.fa', 'hmm_database': 'rexdb', 'seq_type': 'nucl', 'prefix': 'Farthing_NewNames.fasta.mod.RM.consensi.fa.rexdb', 'force_write_hmmscan': False, 'processors': 24, 'tmp_dir': './tmp', 'min_coverage': 20, 'max_evalue': 0.001, 'disable_pass2': False, 'pass2_rule': '80-80-80', 'no_library': False, 'no_reverse': False, 'no_cleanup': False, 'p2_identity': 80.0, 'p2_coverage': 80.0, 'p2_length': 80.0}
2022-04-02 21:50:32,133 -INFO- checking dependencies:
2022-04-02 21:50:32,193 -INFO- hmmer	3.3.1	OK
2022-04-02 21:50:32,256 -INFO- blastn	2.10.0+	OK
2022-04-02 21:50:32,259 -INFO- check database rexdb
2022-04-02 21:50:32,259 -INFO- db path: /mnt/ufs18/home-115/teresisc/anaconda3/envs/EDTA/lib/python3.6/site-packages/TEsorter/database
2022-04-02 21:50:32,260 -INFO- db file: REXdb_protein_database_viridiplantae_v3.0_plus_metazoa_v3.hmm
2022-04-02 21:50:32,260 -INFO- REXdb_protein_database_viridiplantae_v3.0_plus_metazoa_v3.hmm	OK
2022-04-02 21:50:32,260 -INFO- Start classifying pipeline
2022-04-02 21:50:32,477 -INFO- total 1998 sequences
2022-04-02 21:50:32,477 -INFO- translating `Farthing_NewNames.fasta.mod.RM.consensi.fa` in six frames
/mnt/home/teresisc/anaconda3/envs/EDTA/lib/python3.6/site-packages/Bio/Seq.py:2338: BiopythonWarning: Partial codon, len(sequence) not a multiple of three. Explicitly trim the sequence or add trailing N before translation. This may become an error in future.
  BiopythonWarning,
2022-04-02 21:50:36,166 -INFO- HMM scanning against `/mnt/ufs18/home-115/teresisc/anaconda3/envs/EDTA/lib/python3.6/site-packages/TEsorter/database/REXdb_protein_database_viridiplantae_v3.0_plus_metazoa_v3.hmm`
2022-04-02 21:50:36,292 -INFO- Creating server instance (pp-1.6.4.4)
2022-04-02 21:50:36,292 -INFO- Running on Python 3.6.12 linux
2022-04-02 21:50:37,955 -INFO- pp local server started with 24 workers
2022-04-02 21:50:38,031 -INFO- Task 0 started
2022-04-02 21:50:38,032 -INFO- Task 1 started
2022-04-02 21:50:38,032 -INFO- Task 2 started
2022-04-02 21:50:38,032 -INFO- Task 3 started
2022-04-02 21:50:38,032 -INFO- Task 4 started
2022-04-02 21:50:38,033 -INFO- Task 5 started
2022-04-02 21:50:38,033 -INFO- Task 6 started
2022-04-02 21:50:38,033 -INFO- Task 7 started
2022-04-02 21:50:38,033 -INFO- Task 8 started
2022-04-02 21:50:38,033 -INFO- Task 9 started
2022-04-02 21:50:38,034 -INFO- Task 10 started
2022-04-02 21:50:38,034 -INFO- Task 11 started
2022-04-02 21:50:38,034 -INFO- Task 12 started
2022-04-02 21:50:38,034 -INFO- Task 13 started
2022-04-02 21:50:38,034 -INFO- Task 14 started
2022-04-02 21:50:38,034 -INFO- Task 15 started
2022-04-02 21:50:38,035 -INFO- Task 16 started
2022-04-02 21:50:38,035 -INFO- Task 17 started
2022-04-02 21:50:38,035 -INFO- Task 18 started
2022-04-02 21:50:38,035 -INFO- Task 19 started
2022-04-02 21:50:38,036 -INFO- Task 20 started
2022-04-02 21:50:38,036 -INFO- Task 21 started
2022-04-02 21:50:38,036 -INFO- Task 22 started
2022-04-02 21:50:38,036 -INFO- Task 23 started
2022-04-02 21:51:51,768 -INFO- generating gene anntations
2022-04-02 21:51:51,903 -INFO- 67 sequences classified by HMM
2022-04-02 21:51:51,903 -INFO- see protein domain sequences in `Farthing_NewNames.fasta.mod.RM.consensi.fa.rexdb.dom.faa` and annotation gff3 file in `Farthing_NewNames.fasta.mod.RM.consensi.fa.rexdb.dom.gff3`
2022-04-02 21:51:51,903 -INFO- classifying the unclassified sequences by searching against the classified ones
2022-04-02 21:51:51,977 -INFO- using the 80-80-80 rule
2022-04-02 21:51:51,977 -INFO- run CMD: `makeblastdb -in ./tmp/pass1_classified.fa -dbtype nucl`
2022-04-02 21:51:52,173 -INFO- run CMD: `blastn -query ./tmp/pass1_unclassified.fa -db ./tmp/pass1_classified.fa -out ./tmp/pass1_unclassified.fa.blastout -outfmt '6 qseqid sseqid pident length mismatch gapopen qstart qend sstart send evalue bitscore qlen slen qcovs qcovhsp sstrand' -num_threads 24`
2022-04-02 21:51:52,822 -INFO- 0 sequences classified in pass 2
2022-04-02 21:51:52,822 -INFO- total 67 sequences classified.
2022-04-02 21:51:52,822 -INFO- see classified sequences in `Farthing_NewNames.fasta.mod.RM.consensi.fa.rexdb.cls.tsv`
2022-04-02 21:51:52,822 -INFO- writing library for RepeatMasker in `Farthing_NewNames.fasta.mod.RM.consensi.fa.rexdb.cls.lib`
2022-04-02 21:51:52,878 -INFO- writing classified protein domains in `Farthing_NewNames.fasta.mod.RM.consensi.fa.rexdb.cls.pep`
2022-04-02 21:51:52,881 -INFO- Summary of classifications:
Order           Superfamily      # of Sequences# of Clade Sequences    # of Clades# of full Domains
LTR             Copia                         2              2              2              0
LTR             Gypsy                         5              5              2              0
pararetrovirus  unknown                       5              0              0              0
LINE            unknown                      36              0              0              0
TIR             EnSpm_CACTA                   2              0              0              0
TIR             MuDR_Mutator                  5              0              0              0
TIR             PIF_Harbinger                 7              0              0              0
TIR             hAT                           2              0              0              0
Helitron        unknown                       3              0              0              0
2022-04-02 21:51:52,881 -INFO- Pipeline done.
2022-04-02 21:51:52,882 -INFO- cleaning the temporary directory ./tmp
Sat Apr  2 22:17:04 EDT 2022	Clean up TE-related sequences in the CDS file with TEsorter:

2022-04-02 22:17:07,703 -WARNING- Grid computing is not available because DRMAA not configured properly: Could not find drmaa library.  Please specify its full path using the environment variable DRMAA_LIBRARY_PATH
2022-04-02 22:17:07,708 -INFO- VARS: {'sequence': 'Farthing_CDS_NewNames.fasta.code', 'hmm_database': 'rexdb', 'seq_type': 'nucl', 'prefix': 'Farthing_CDS_NewNames.fasta.code.rexdb', 'force_write_hmmscan': False, 'processors': 24, 'tmp_dir': './tmp', 'min_coverage': 20, 'max_evalue': 0.001, 'disable_pass2': False, 'pass2_rule': '80-80-80', 'no_library': False, 'no_reverse': False, 'no_cleanup': False, 'p2_identity': 80.0, 'p2_coverage': 80.0, 'p2_length': 80.0}
2022-04-02 22:17:07,709 -INFO- checking dependencies:
2022-04-02 22:17:07,723 -INFO- hmmer	3.3.1	OK
2022-04-02 22:17:07,776 -INFO- blastn	2.10.0+	OK
2022-04-02 22:17:07,779 -INFO- check database rexdb
2022-04-02 22:17:07,779 -INFO- db path: /mnt/ufs18/home-115/teresisc/anaconda3/envs/EDTA/lib/python3.6/site-packages/TEsorter/database
2022-04-02 22:17:07,779 -INFO- db file: REXdb_protein_database_viridiplantae_v3.0_plus_metazoa_v3.hmm
2022-04-02 22:17:07,779 -INFO- REXdb_protein_database_viridiplantae_v3.0_plus_metazoa_v3.hmm	OK
2022-04-02 22:17:07,780 -INFO- Start classifying pipeline
2022-04-02 22:17:08,510 -INFO- total 111143 sequences
2022-04-02 22:17:08,510 -INFO- translating `Farthing_CDS_NewNames.fasta.code` in six frames
/mnt/home/teresisc/anaconda3/envs/EDTA/lib/python3.6/site-packages/Bio/Seq.py:2338: BiopythonWarning: Partial codon, len(sequence) not a multiple of three. Explicitly trim the sequence or add trailing N before translation. This may become an error in future.
  BiopythonWarning,
2022-04-02 22:19:18,764 -INFO- HMM scanning against `/mnt/ufs18/home-115/teresisc/anaconda3/envs/EDTA/lib/python3.6/site-packages/TEsorter/database/REXdb_protein_database_viridiplantae_v3.0_plus_metazoa_v3.hmm`
2022-04-02 22:19:24,209 -INFO- Creating server instance (pp-1.6.4.4)
2022-04-02 22:19:24,210 -INFO- Running on Python 3.6.12 linux
2022-04-02 22:19:25,723 -INFO- pp local server started with 24 workers
2022-04-02 22:19:25,742 -INFO- Task 0 started
2022-04-02 22:19:25,742 -INFO- Task 1 started
2022-04-02 22:19:25,743 -INFO- Task 2 started
2022-04-02 22:19:25,743 -INFO- Task 3 started
2022-04-02 22:19:25,743 -INFO- Task 4 started
2022-04-02 22:19:25,743 -INFO- Task 5 started
2022-04-02 22:19:25,743 -INFO- Task 6 started
2022-04-02 22:19:25,743 -INFO- Task 7 started
2022-04-02 22:19:25,744 -INFO- Task 8 started
2022-04-02 22:19:25,744 -INFO- Task 9 started
2022-04-02 22:19:25,744 -INFO- Task 10 started
2022-04-02 22:19:25,744 -INFO- Task 11 started
2022-04-02 22:19:25,745 -INFO- Task 12 started
2022-04-02 22:19:25,745 -INFO- Task 13 started
2022-04-02 22:19:25,745 -INFO- Task 14 started
2022-04-02 22:19:25,745 -INFO- Task 15 started
2022-04-02 22:19:25,745 -INFO- Task 16 started
2022-04-02 22:19:25,746 -INFO- Task 17 started
2022-04-02 22:19:25,746 -INFO- Task 18 started
2022-04-02 22:19:25,747 -INFO- Task 19 started
2022-04-02 22:19:25,747 -INFO- Task 20 started
2022-04-02 22:19:25,748 -INFO- Task 21 started
2022-04-02 22:19:25,748 -INFO- Task 22 started
2022-04-02 22:19:25,748 -INFO- Task 23 started
2022-04-02 23:27:11,290 -INFO- generating gene anntations
2022-04-02 23:27:18,028 -INFO- 1088 sequences classified by HMM
2022-04-02 23:27:18,028 -INFO- see protein domain sequences in `Farthing_CDS_NewNames.fasta.code.rexdb.dom.faa` and annotation gff3 file in `Farthing_CDS_NewNames.fasta.code.rexdb.dom.gff3`
2022-04-02 23:27:18,028 -INFO- classifying the unclassified sequences by searching against the classified ones
2022-04-02 23:27:21,043 -INFO- using the 80-80-80 rule
2022-04-02 23:27:21,044 -INFO- run CMD: `makeblastdb -in ./tmp/pass1_classified.fa -dbtype nucl`
2022-04-02 23:27:21,250 -INFO- run CMD: `blastn -query ./tmp/pass1_unclassified.fa -db ./tmp/pass1_classified.fa -out ./tmp/pass1_unclassified.fa.blastout -outfmt '6 qseqid sseqid pident length mismatch gapopen qstart qend sstart send evalue bitscore qlen slen qcovs qcovhsp sstrand' -num_threads 24`
2022-04-02 23:27:43,445 -INFO- 900 sequences classified in pass 2
2022-04-02 23:27:43,447 -INFO- total 1988 sequences classified.
2022-04-02 23:27:43,447 -INFO- see classified sequences in `Farthing_CDS_NewNames.fasta.code.rexdb.cls.tsv`
2022-04-02 23:27:43,448 -INFO- writing library for RepeatMasker in `Farthing_CDS_NewNames.fasta.code.rexdb.cls.lib`
2022-04-02 23:27:45,767 -INFO- writing classified protein domains in `Farthing_CDS_NewNames.fasta.code.rexdb.cls.pep`
2022-04-02 23:27:45,794 -INFO- Summary of classifications:
Order           Superfamily      # of Sequences# of Clade Sequences    # of Clades# of full Domains
LTR             Bel-Pao                      26              0              0              0
LTR             Copia                       272            109             15              0
LTR             Gypsy                       324            153             17              0
LTR             Retrovirus                   33              0              0              0
LTR             mixture                       5              0              0              0
pararetrovirus  unknown                       8              0              0              0
LINE            unknown                     181              0              0              0
TIR             EnSpm_CACTA                   4              0              0              0
TIR             MuDR_Mutator                214              0              0              0
TIR             PIF_Harbinger               169              0              0              0
TIR             Sola2                        50              0              0              0
TIR             hAT                          74              0              0              0
Helitron        unknown                      66              0              0              0
Maverick        unknown                     550              0              0              0
mixture         mixture                      12              0              0              0
2022-04-02 23:27:45,796 -INFO- Pipeline done.
2022-04-02 23:27:45,796 -INFO- cleaning the temporary directory ./tmp
				Remove CDS-related sequences in the EDTA library:

pararetrovirus/NA not found in the TE_SO database, it will not be used to rename sequences in the final annotation.
pararetrovirus/NA not found in the TE_SO database, it will not be used to rename sequences in the final annotation.
Sun Apr  3 02:12:23 EDT 2022	EDTA final stage finished! You may check out:
				The final EDTA TE library: Farthing_NewNames.fasta.mod.EDTA.TElib.fa
Copying the library file and tar gz-ing the annotation folder
tar: Removing leading `/' from member names
Time taken: 410243
